#
# A fatal error has been detected by the Java Runtime Environment:
#
#  SIGILL (0x4) at pc=0xb6de4e10, pid=3954, tid=3065645888
#
# JRE version: Java(TM) SE Runtime Environment (7.0_40-b43) (build 1.7.0_40-b43)
# Java VM: Java HotSpot(TM) Client VM (24.0-b56 mixed mode linux-x86 )
# Problematic frame:
# V  [libjvm.so+0x200e10]  Events::log_exception(Thread*, char const*, ...)+0x20
#
# Failed to write core dump. Core dumps have been disabled. To enable core dumping, try "ulimit -c unlimited" before starting Java again
#
# If you would like to submit a bug report, please visit:
#   http://bugreport.sun.com/bugreport/crash.jsp
#

---------------  T H R E A D  ---------------

Current thread (0xb6a07400):  JavaThread "main" [_thread_in_vm, id=3956, stack(0xb6b50000,0xb6ba1000)]

siginfo:si_signo=SIGILL: si_errno=0, si_code=2 (ILL_ILLOPN), si_addr=0xb6de4e10

Registers:
EAX=0x00000000, EBX=0xb7178868, ECX=0xb6a02960, EDX=0x00000000
ESP=0xb6b9eee0, EBP=0xb6b9ef08, ESI=0xb6a02960, EDI=0xb6a02c08
EIP=0xb6de4e10, EFLAGS=0x00010282, CR2=0x00000000

Top of Stack: (sp=0xb6b9eee0)
0xb6b9eee0:   b6a07400 00000000 dfeb8d82 3fec19f5
0xb6b9eef0:   a07d0f58 b6a02960 b713c474 b7178868
0xb6b9ef00:   00000000 b095b600 b6b9f208 b6f0e80b
0xb6b9ef10:   b6a07400 b7129507 a0d5c6b0 b713c474
0xb6b9ef20:   000004dc b6b9f14c b6a07b94 b6a07b94
0xb6b9ef30:   52db3e82 b6b9ef58 b6a07400 b6a07b88
0xb6b9ef40:   00000000 00000000 b6a07b8c b7622ea5
0xb6b9ef50:   000d6600 b6a09b38 b6b9f26c b49d139a 

Instructions: (pc=0xb6de4e10)
0xb6de4df0:   55 89 e5 57 56 53 83 ec 1c e8 00 00 00 00 5b 81
0xb6de4e00:   c3 6a 3a 39 00 8b 83 10 f2 ff ff 80 38 00 75 08
0xb6de4e10:   8d 65 f4 5b 5e 5f 5d c3 8b 83 d4 fa ff ff 8d 7d
0xb6de4e20:   10 8b 30 8b 83 3c ea ff ff 8b 00 85 c0 75 e1 e8 

Register to memory mapping:

EAX=0x00000000 is an unknown value
EBX=0xb7178868: <offset 0x594868> in /usr/local/java/jdk1.7.0_40/jre/lib/i386/client/libjvm.so at 0xb6be4000
ECX=0xb6a02960 is an unknown value
EDX=0x00000000 is an unknown value
ESP=0xb6b9eee0 is pointing into the stack for thread: 0xb6a07400
EBP=0xb6b9ef08 is pointing into the stack for thread: 0xb6a07400
ESI=0xb6a02960 is an unknown value
EDI=0xb6a02c08 is an unknown value


Stack: [0xb6b50000,0xb6ba1000],  sp=0xb6b9eee0,  free space=315k
Native frames: (J=compiled Java code, j=interpreted, Vv=VM code, C=native code)
V  [libjvm.so+0x200e10]  Events::log_exception(Thread*, char const*, ...)+0x20
V  [libjvm.so+0x32a80b]  JVM_DoPrivileged+0x4eb
C  [libjava.so+0x9a4a]  Java_java_security_AccessController_doPrivileged__Ljava_security_PrivilegedExceptionAction_2Ljava_security_AccessControlContext_2+0x3a
j  java.security.AccessController.doPrivileged(Ljava/security/PrivilegedExceptionAction;Ljava/security/AccessControlContext;)Ljava/lang/Object;+0
j  java.net.URLClassLoader.findClass(Ljava/lang/String;)Ljava/lang/Class;+13
J  java.lang.ClassLoader.loadClass(Ljava/lang/String;Z)Ljava/lang/Class;
j  java.lang.ClassLoader.loadClass(Ljava/lang/String;)Ljava/lang/Class;+3
j  org.codehaus.classworlds.DefaultClassRealm.loadClass(Ljava/lang/String;)Ljava/lang/Class;+30
j  org.codehaus.plexus.component.composition.FieldComponentComposer.findMatchingField(Ljava/lang/Object;Lorg/codehaus/plexus/component/repository/ComponentDescriptor;Lorg/codehaus/plexus/component/repository/ComponentRequirement;Lorg/codehaus/plexus/PlexusContainer;)Ljava/lang/reflect/Field;+46
j  org.codehaus.plexus.component.composition.FieldComponentComposer.assembleComponent(Ljava/lang/Object;Lorg/codehaus/plexus/component/repository/ComponentDescriptor;Lorg/codehaus/plexus/PlexusContainer;)Ljava/util/List;+52
j  org.codehaus.plexus.component.composition.DefaultComponentComposerManager.assembleComponent(Ljava/lang/Object;Lorg/codehaus/plexus/component/repository/ComponentDescriptor;Lorg/codehaus/plexus/PlexusContainer;)V+54
j  org.codehaus.plexus.DefaultPlexusContainer.composeComponent(Ljava/lang/Object;Lorg/codehaus/plexus/component/repository/ComponentDescriptor;)V+7
j  org.codehaus.plexus.personality.plexus.lifecycle.phase.CompositionPhase.execute(Ljava/lang/Object;Lorg/codehaus/plexus/component/manager/ComponentManager;)V+19
j  org.codehaus.plexus.lifecycle.AbstractLifecycleHandler.start(Ljava/lang/Object;Lorg/codehaus/plexus/component/manager/ComponentManager;)V+46
j  org.codehaus.plexus.component.manager.AbstractComponentManager.startComponentLifecycle(Ljava/lang/Object;)V+6
j  org.codehaus.plexus.component.manager.AbstractComponentManager.createComponentInstance()Ljava/lang/Object;+16
j  org.codehaus.plexus.component.manager.ClassicSingletonComponentManager.getComponent()Ljava/lang/Object;+16
j  org.codehaus.plexus.DefaultPlexusContainer.lookup(Ljava/lang/String;)Ljava/lang/Object;+136
j  org.codehaus.plexus.component.composition.FieldComponentComposer.assignRequirementToField(Ljava/lang/Object;Ljava/lang/reflect/Field;Lorg/codehaus/plexus/PlexusContainer;Lorg/codehaus/plexus/component/repository/ComponentRequirement;)Ljava/util/List;+274
j  org.codehaus.plexus.component.composition.FieldComponentComposer.assembleComponent(Ljava/lang/Object;Lorg/codehaus/plexus/component/repository/ComponentDescriptor;Lorg/codehaus/plexus/PlexusContainer;)Ljava/util/List;+78
j  org.codehaus.plexus.component.composition.DefaultComponentComposerManager.assembleComponent(Ljava/lang/Object;Lorg/codehaus/plexus/component/repository/ComponentDescriptor;Lorg/codehaus/plexus/PlexusContainer;)V+54
j  org.codehaus.plexus.DefaultPlexusContainer.composeComponent(Ljava/lang/Object;Lorg/codehaus/plexus/component/repository/ComponentDescriptor;)V+7
j  org.codehaus.plexus.personality.plexus.lifecycle.phase.CompositionPhase.execute(Ljava/lang/Object;Lorg/codehaus/plexus/component/manager/ComponentManager;)V+19
j  org.codehaus.plexus.lifecycle.AbstractLifecycleHandler.start(Ljava/lang/Object;Lorg/codehaus/plexus/component/manager/ComponentManager;)V+46
j  org.codehaus.plexus.component.manager.AbstractComponentManager.startComponentLifecycle(Ljava/lang/Object;)V+6
j  org.codehaus.plexus.component.manager.AbstractComponentManager.createComponentInstance()Ljava/lang/Object;+16
j  org.codehaus.plexus.component.manager.ClassicSingletonComponentManager.getComponent()Ljava/lang/Object;+16
j  org.codehaus.plexus.DefaultPlexusContainer.lookup(Ljava/lang/String;)Ljava/lang/Object;+136
j  org.codehaus.plexus.embed.Embedder.lookup(Ljava/lang/String;)Ljava/lang/Object;+5
j  org.apache.maven.cli.MavenCli.createMavenInstance(ZLorg/codehaus/plexus/logging/Logger;)Lorg/apache/maven/Maven;+61
j  org.apache.maven.cli.MavenCli.main([Ljava/lang/String;Lorg/codehaus/classworlds/ClassWorld;)I+896
j  org.apache.maven.cli.compat.CompatibleMain.main([Ljava/lang/String;Lorg/codehaus/classworlds/ClassWorld;)I+81
v  ~StubRoutines::call_stub
V  [libjvm.so+0x2a7875]  JavaCalls::call_helper(JavaValue*, methodHandle*, JavaCallArguments*, Thread*)+0x315
V  [libjvm.so+0x3fa1e9]  os::os_exception_wrapper(void (*)(JavaValue*, methodHandle*, JavaCallArguments*, Thread*), JavaValue*, methodHandle*, JavaCallArguments*, Thread*)+0x19
V  [libjvm.so+0x2a64ef]  JavaCalls::call(JavaValue*, methodHandle, JavaCallArguments*, Thread*)+0x2f
V  [libjvm.so+0x43f97e]  Reflection::invoke(instanceKlassHandle, methodHandle, Handle, bool, objArrayHandle, BasicType, objArrayHandle, bool, Thread*)+0x3fe
V  [libjvm.so+0x44043a]  Reflection::invoke_method(oopDesc*, Handle, objArrayHandle, Thread*)+0x15a
V  [libjvm.so+0x328c19]  JVM_InvokeMethod+0x209
C  [libjava.so+0x15232]  Java_sun_reflect_NativeMethodAccessorImpl_invoke0+0x32
j  sun.reflect.NativeMethodAccessorImpl.invoke0(Ljava/lang/reflect/Method;Ljava/lang/Object;[Ljava/lang/Object;)Ljava/lang/Object;+0
j  sun.reflect.NativeMethodAccessorImpl.invoke(Ljava/lang/Object;[Ljava/lang/Object;)Ljava/lang/Object;+87
j  sun.reflect.DelegatingMethodAccessorImpl.invoke(Ljava/lang/Object;[Ljava/lang/Object;)Ljava/lang/Object;+6
j  java.lang.reflect.Method.invoke(Ljava/lang/Object;[Ljava/lang/Object;)Ljava/lang/Object;+57
j  org.codehaus.classworlds.Launcher.launchEnhanced([Ljava/lang/String;)V+50
j  org.codehaus.classworlds.Launcher.launch([Ljava/lang/String;)V+2
j  org.codehaus.classworlds.Launcher.mainWithExitCode([Ljava/lang/String;)I+99
j  org.codehaus.classworlds.Launcher.main([Ljava/lang/String;)V+1
v  ~StubRoutines::call_stub
V  [libjvm.so+0x2a7875]  JavaCalls::call_helper(JavaValue*, methodHandle*, JavaCallArguments*, Thread*)+0x315
V  [libjvm.so+0x3fa1e9]  os::os_exception_wrapper(void (*)(JavaValue*, methodHandle*, JavaCallArguments*, Thread*), JavaValue*, methodHandle*, JavaCallArguments*, Thread*)+0x19
V  [libjvm.so+0x2a64ef]  JavaCalls::call(JavaValue*, methodHandle, JavaCallArguments*, Thread*)+0x2f
V  [libjvm.so+0x2e28b2]  jni_invoke_static(JNIEnv_*, JavaValue*, _jobject*, JNICallType, _jmethodID*, JNI_ArgumentPusher*, Thread*)+0x242
V  [libjvm.so+0x2f8ada]  jni_CallStaticVoidMethod+0xca
C  [libjli.so+0x2e8d]  JavaMain+0x8bd
C  [libpthread.so.0+0x6d78]  start_thread+0xd8

Java frames: (J=compiled Java code, j=interpreted, Vv=VM code)
j  java.security.AccessController.doPrivileged(Ljava/security/PrivilegedExceptionAction;Ljava/security/AccessControlContext;)Ljava/lang/Object;+0
j  java.net.URLClassLoader.findClass(Ljava/lang/String;)Ljava/lang/Class;+13
J  java.lang.ClassLoader.loadClass(Ljava/lang/String;Z)Ljava/lang/Class;
J  java.lang.ClassLoader.loadClass(Ljava/lang/String;Z)Ljava/lang/Class;
j  sun.misc.Launcher$AppClassLoader.loadClass(Ljava/lang/String;Z)Ljava/lang/Class;+36
j  java.lang.ClassLoader.loadClass(Ljava/lang/String;)Ljava/lang/Class;+3
j  org.codehaus.classworlds.DefaultClassRealm.loadClass(Ljava/lang/String;)Ljava/lang/Class;+30
j  org.codehaus.plexus.component.composition.FieldComponentComposer.findMatchingField(Ljava/lang/Object;Lorg/codehaus/plexus/component/repository/ComponentDescriptor;Lorg/codehaus/plexus/component/repository/ComponentRequirement;Lorg/codehaus/plexus/PlexusContainer;)Ljava/lang/reflect/Field;+46
j  org.codehaus.plexus.component.composition.FieldComponentComposer.assembleComponent(Ljava/lang/Object;Lorg/codehaus/plexus/component/repository/ComponentDescriptor;Lorg/codehaus/plexus/PlexusContainer;)Ljava/util/List;+52
j  org.codehaus.plexus.component.composition.DefaultComponentComposerManager.assembleComponent(Ljava/lang/Object;Lorg/codehaus/plexus/component/repository/ComponentDescriptor;Lorg/codehaus/plexus/PlexusContainer;)V+54
j  org.codehaus.plexus.DefaultPlexusContainer.composeComponent(Ljava/lang/Object;Lorg/codehaus/plexus/component/repository/ComponentDescriptor;)V+7
j  org.codehaus.plexus.personality.plexus.lifecycle.phase.CompositionPhase.execute(Ljava/lang/Object;Lorg/codehaus/plexus/component/manager/ComponentManager;)V+19
j  org.codehaus.plexus.lifecycle.AbstractLifecycleHandler.start(Ljava/lang/Object;Lorg/codehaus/plexus/component/manager/ComponentManager;)V+46
j  org.codehaus.plexus.component.manager.AbstractComponentManager.startComponentLifecycle(Ljava/lang/Object;)V+6
j  org.codehaus.plexus.component.manager.AbstractComponentManager.createComponentInstance()Ljava/lang/Object;+16
j  org.codehaus.plexus.component.manager.ClassicSingletonComponentManager.getComponent()Ljava/lang/Object;+16
j  org.codehaus.plexus.DefaultPlexusContainer.lookup(Ljava/lang/String;)Ljava/lang/Object;+136
j  org.codehaus.plexus.component.composition.FieldComponentComposer.assignRequirementToField(Ljava/lang/Object;Ljava/lang/reflect/Field;Lorg/codehaus/plexus/PlexusContainer;Lorg/codehaus/plexus/component/repository/ComponentRequirement;)Ljava/util/List;+274
j  org.codehaus.plexus.component.composition.FieldComponentComposer.assembleComponent(Ljava/lang/Object;Lorg/codehaus/plexus/component/repository/ComponentDescriptor;Lorg/codehaus/plexus/PlexusContainer;)Ljava/util/List;+78
j  org.codehaus.plexus.component.composition.DefaultComponentComposerManager.assembleComponent(Ljava/lang/Object;Lorg/codehaus/plexus/component/repository/ComponentDescriptor;Lorg/codehaus/plexus/PlexusContainer;)V+54
j  org.codehaus.plexus.DefaultPlexusContainer.composeComponent(Ljava/lang/Object;Lorg/codehaus/plexus/component/repository/ComponentDescriptor;)V+7
j  org.codehaus.plexus.personality.plexus.lifecycle.phase.CompositionPhase.execute(Ljava/lang/Object;Lorg/codehaus/plexus/component/manager/ComponentManager;)V+19
j  org.codehaus.plexus.lifecycle.AbstractLifecycleHandler.start(Ljava/lang/Object;Lorg/codehaus/plexus/component/manager/ComponentManager;)V+46
j  org.codehaus.plexus.component.manager.AbstractComponentManager.startComponentLifecycle(Ljava/lang/Object;)V+6
j  org.codehaus.plexus.component.manager.AbstractComponentManager.createComponentInstance()Ljava/lang/Object;+16
j  org.codehaus.plexus.component.manager.ClassicSingletonComponentManager.getComponent()Ljava/lang/Object;+16
j  org.codehaus.plexus.DefaultPlexusContainer.lookup(Ljava/lang/String;)Ljava/lang/Object;+136
j  org.codehaus.plexus.embed.Embedder.lookup(Ljava/lang/String;)Ljava/lang/Object;+5
j  org.apache.maven.cli.MavenCli.createMavenInstance(ZLorg/codehaus/plexus/logging/Logger;)Lorg/apache/maven/Maven;+61
j  org.apache.maven.cli.MavenCli.main([Ljava/lang/String;Lorg/codehaus/classworlds/ClassWorld;)I+896
j  org.apache.maven.cli.compat.CompatibleMain.main([Ljava/lang/String;Lorg/codehaus/classworlds/ClassWorld;)I+81
v  ~StubRoutines::call_stub
j  sun.reflect.NativeMethodAccessorImpl.invoke0(Ljava/lang/reflect/Method;Ljava/lang/Object;[Ljava/lang/Object;)Ljava/lang/Object;+0
j  sun.reflect.NativeMethodAccessorImpl.invoke(Ljava/lang/Object;[Ljava/lang/Object;)Ljava/lang/Object;+87
j  sun.reflect.DelegatingMethodAccessorImpl.invoke(Ljava/lang/Object;[Ljava/lang/Object;)Ljava/lang/Object;+6
j  java.lang.reflect.Method.invoke(Ljava/lang/Object;[Ljava/lang/Object;)Ljava/lang/Object;+57
j  org.codehaus.classworlds.Launcher.launchEnhanced([Ljava/lang/String;)V+50
j  org.codehaus.classworlds.Launcher.launch([Ljava/lang/String;)V+2
j  org.codehaus.classworlds.Launcher.mainWithExitCode([Ljava/lang/String;)I+99
j  org.codehaus.classworlds.Launcher.main([Ljava/lang/String;)V+1
v  ~StubRoutines::call_stub

---------------  P R O C E S S  ---------------

Java Threads: ( => current thread )
  0x9fd1ec00 JavaThread "process reaper" daemon [_thread_blocked, id=3965, stack(0x9fe81000,0x9fe98000)]
  0xb6a6f400 JavaThread "Service Thread" daemon [_thread_blocked, id=3962, stack(0x9ff2e000,0x9ff7f000)]
  0xb6a6d400 JavaThread "C1 CompilerThread0" daemon [_thread_blocked, id=3961, stack(0x9ff7f000,0xa0000000)]
  0xb6a6b800 JavaThread "Signal Dispatcher" daemon [_thread_blocked, id=3960, stack(0xa030d000,0xa035e000)]
  0xb6a5b400 JavaThread "Finalizer" daemon [_thread_blocked, id=3959, stack(0xa035e000,0xa03af000)]
  0xb6a58c00 JavaThread "Reference Handler" daemon [_thread_blocked, id=3958, stack(0xa03af000,0xa0400000)]
=>0xb6a07400 JavaThread "main" [_thread_in_vm, id=3956, stack(0xb6b50000,0xb6ba1000)]

Other Threads:
  0xb6a57400 VMThread [stack: 0xa0544000,0xa05c5000] [id=3957]
  0xb6a79800 WatcherThread [stack: 0x9fead000,0x9ff2e000] [id=3963]

VM state:not at safepoint (normal execution)

VM Mutex/Monitor currently owned by a thread: None

Heap
 def new generation   total 4928K, used 4774K [0xa0940000, 0xa0e90000, 0xa5e90000)
  eden space 4416K,  96% used [0xa0940000, 0xa0d69a60, 0xa0d90000)
  from space 512K, 100% used [0xa0d90000, 0xa0e10000, 0xa0e10000)
  to   space 512K,   0% used [0xa0e10000, 0xa0e10000, 0xa0e90000)
 tenured generation   total 10944K, used 1615K [0xa5e90000, 0xa6940000, 0xb0940000)
   the space 10944K,  14% used [0xa5e90000, 0xa6023ce0, 0xa6023e00, 0xa6940000)
 compacting perm gen  total 12288K, used 3804K [0xb0940000, 0xb1540000, 0xb4940000)
   the space 12288K,  30% used [0xb0940000, 0xb0cf7190, 0xb0cf7200, 0xb1540000)
No shared spaces configured.

Card table byte_map: [0xa089f000,0xa0940000] byte_map_base: 0xa039a600

Polling page: 0xb77a5000

Code Cache  [0xb49ce000, 0xb4abe000, 0xb69ce000)
 total_blobs=317 nmethods=173 adapters=81 free_code_cache=31815Kb largest_free_block=32579008

Compilation events (10 events):
Event: 0,848 Thread 0xb6a6d400  169             java.nio.charset.CharsetEncoder::maxBytesPerChar (5 bytes)
Event: 0,848 Thread 0xb6a6d400 nmethod 169 0xb4abb5c8 code [0xb4abb6c0, 0xb4abb740]
Event: 0,867 Thread 0xb6a6d400  170             java.net.URL::getAuthority (5 bytes)
Event: 0,868 Thread 0xb6a6d400 nmethod 170 0xb4abb788 code [0xb4abb880, 0xb4abb900]
Event: 0,868 Thread 0xb6a6d400  171             java.lang.Character::toUpperCase (6 bytes)
Event: 0,868 Thread 0xb6a6d400 nmethod 171 0xb4abb948 code [0xb4abba50, 0xb4abbaf8]
Event: 0,868 Thread 0xb6a6d400  172             java.lang.Character::toUpperCase (9 bytes)
Event: 0,868 Thread 0xb6a6d400 nmethod 172 0xb4abbb88 code [0xb4abbc90, 0xb4abbd38]
Event: 0,876 Thread 0xb6a6d400  173             java.net.URL::getRef (5 bytes)
Event: 0,876 Thread 0xb6a6d400 nmethod 173 0xb4abbdc8 code [0xb4abbec0, 0xb4abbf40]

GC Heap History (4 events):
Event: 0,442 GC heap before
{Heap before GC invocations=0 (full 0):
 def new generation   total 4928K, used 4416K [0xa0940000, 0xa0e90000, 0xa5e90000)
  eden space 4416K, 100% used [0xa0940000, 0xa0d90000, 0xa0d90000)
  from space 512K,   0% used [0xa0d90000, 0xa0d90000, 0xa0e10000)
  to   space 512K,   0% used [0xa0e10000, 0xa0e10000, 0xa0e90000)
 tenured generation   total 10944K, used 0K [0xa5e90000, 0xa6940000, 0xb0940000)
   the space 10944K,   0% used [0xa5e90000, 0xa5e90000, 0xa5e90200, 0xa6940000)
 compacting perm gen  total 12288K, used 2833K [0xb0940000, 0xb1540000, 0xb4940000)
   the space 12288K,  23% used [0xb0940000, 0xb0c045a0, 0xb0c04600, 0xb1540000)
No shared spaces configured.
Event: 0,452 GC heap after
Heap after GC invocations=1 (full 0):
 def new generation   total 4928K, used 512K [0xa0940000, 0xa0e90000, 0xa5e90000)
  eden space 4416K,   0% used [0xa0940000, 0xa0940000, 0xa0d90000)
  from space 512K, 100% used [0xa0e10000, 0xa0e90000, 0xa0e90000)
  to   space 512K,   0% used [0xa0d90000, 0xa0d90000, 0xa0e10000)
 tenured generation   total 10944K, used 811K [0xa5e90000, 0xa6940000, 0xb0940000)
   the space 10944K,   7% used [0xa5e90000, 0xa5f5ac48, 0xa5f5ae00, 0xa6940000)
 compacting perm gen  total 12288K, used 2833K [0xb0940000, 0xb1540000, 0xb4940000)
   the space 12288K,  23% used [0xb0940000, 0xb0c045a0, 0xb0c04600, 0xb1540000)
No shared spaces configured.
}
Event: 0,621 GC heap before
{Heap before GC invocations=1 (full 0):
 def new generation   total 4928K, used 4928K [0xa0940000, 0xa0e90000, 0xa5e90000)
  eden space 4416K, 100% used [0xa0940000, 0xa0d90000, 0xa0d90000)
  from space 512K, 100% used [0xa0e10000, 0xa0e90000, 0xa0e90000)
  to   space 512K,   0% used [0xa0d90000, 0xa0d90000, 0xa0e10000)
 tenured generation   total 10944K, used 811K [0xa5e90000, 0xa6940000, 0xb0940000)
   the space 10944K,   7% used [0xa5e90000, 0xa5f5ac48, 0xa5f5ae00, 0xa6940000)
 compacting perm gen  total 12288K, used 3002K [0xb0940000, 0xb1540000, 0xb4940000)
   the space 12288K,  24% used [0xb0940000, 0xb0c2e9d8, 0xb0c2ea00, 0xb1540000)
No shared spaces configured.
Event: 0,632 GC heap after
Heap after GC invocations=2 (full 0):
 def new generation   total 4928K, used 512K [0xa0940000, 0xa0e90000, 0xa5e90000)
  eden space 4416K,   0% used [0xa0940000, 0xa0940000, 0xa0d90000)
  from space 512K, 100% used [0xa0d90000, 0xa0e10000, 0xa0e10000)
  to   space 512K,   0% used [0xa0e10000, 0xa0e10000, 0xa0e90000)
 tenured generation   total 10944K, used 1615K [0xa5e90000, 0xa6940000, 0xb0940000)
   the space 10944K,  14% used [0xa5e90000, 0xa6023ce0, 0xa6023e00, 0xa6940000)
 compacting perm gen  total 12288K, used 3002K [0xb0940000, 0xb1540000, 0xb4940000)
   the space 12288K,  24% used [0xb0940000, 0xb0c2e9d8, 0xb0c2ea00, 0xb1540000)
No shared spaces configured.
}

Deoptimization events (0 events):
No events

Internal exceptions (10 events):
Event: 0,873 Thread 0xb6a07400 Threw 0xa0d49218 at /HUDSON/workspace/jdk7u40-2-build-linux-i586-product/jdk7u40/hotspot/src/share/vm/prims/jvm.cpp:1244
Event: 0,874 Thread 0xb6a07400 Threw 0xa0d4b3a8 at /HUDSON/workspace/jdk7u40-2-build-linux-i586-product/jdk7u40/hotspot/src/share/vm/prims/jvm.cpp:1244
Event: 0,874 Thread 0xb6a07400 Threw 0xa0d4ba88 at /HUDSON/workspace/jdk7u40-2-build-linux-i586-product/jdk7u40/hotspot/src/share/vm/prims/jvm.cpp:1244
Event: 0,874 Thread 0xb6a07400 Threw 0xa0d4e6c0 at /HUDSON/workspace/jdk7u40-2-build-linux-i586-product/jdk7u40/hotspot/src/share/vm/prims/jvm.cpp:1244
Event: 0,874 Thread 0xb6a07400 Threw 0xa0d54898 at /HUDSON/workspace/jdk7u40-2-build-linux-i586-product/jdk7u40/hotspot/src/share/vm/prims/jvm.cpp:1244
Event: 0,875 Thread 0xb6a07400 Threw 0xa0d56bc8 at /HUDSON/workspace/jdk7u40-2-build-linux-i586-product/jdk7u40/hotspot/src/share/vm/prims/jvm.cpp:1244
Event: 0,875 Thread 0xb6a07400 Threw 0xa0d572b8 at /HUDSON/workspace/jdk7u40-2-build-linux-i586-product/jdk7u40/hotspot/src/share/vm/prims/jvm.cpp:1244
Event: 0,875 Thread 0xb6a07400 Threw 0xa0d59660 at /HUDSON/workspace/jdk7u40-2-build-linux-i586-product/jdk7u40/hotspot/src/share/vm/prims/jvm.cpp:1244
Event: 0,875 Thread 0xb6a07400 Threw 0xa0d59cf0 at /HUDSON/workspace/jdk7u40-2-build-linux-i586-product/jdk7u40/hotspot/src/share/vm/prims/jvm.cpp:1244
Event: 0,878 Thread 0xb6a07400 Threw 0xa0d5c6b0 at /HUDSON/workspace/jdk7u40-2-build-linux-i586-product/jdk7u40/hotspot/src/share/vm/prims/jvm.cpp:1244

Events (10 events):
Event: 0,875 loading class 0x9fd8a7b0
Event: 0,875 loading class 0x9fd8a7b0 done
Event: 0,875 loading class 0x9fd8a7b0
Event: 0,875 loading class 0x9fd8a7b0 done
Event: 0,875 loading class 0x9fd34fc0
Event: 0,875 loading class 0x9fd34fc0 done
Event: 0,875 loading class 0x9fd34fc0
Event: 0,875 loading class 0x9fd34fc0 done
Event: 0,878 loading class 0x9fd64db0
Event: 0,878 loading class 0x9fd64db0 done


Dynamic libraries:
08048000-08049000 r-xp 00000000 08:04 1717000    /usr/local/java/jdk1.7.0_40/bin/java
08049000-0804a000 rw-p 00000000 08:04 1717000    /usr/local/java/jdk1.7.0_40/bin/java
086f8000-08719000 rw-p 00000000 00:00 0          [heap]
9fb00000-9fb21000 rw-p 00000000 00:00 0 
9fb21000-9fc00000 ---p 00000000 00:00 0 
9fc18000-9fd00000 rw-p 00000000 00:00 0 
9fd00000-9fdf0000 rw-p 00000000 00:00 0 
9fdf0000-9fe00000 ---p 00000000 00:00 0 
9fe81000-9fe84000 ---p 00000000 00:00 0 
9fe84000-9fe98000 rw-p 00000000 00:00 0          [stack:3965]
9fe98000-9feac000 r-xp 00000000 08:04 1717553    /usr/local/java/jdk1.7.0_40/jre/lib/i386/libnet.so
9feac000-9fead000 rw-p 00014000 08:04 1717553    /usr/local/java/jdk1.7.0_40/jre/lib/i386/libnet.so
9fead000-9feae000 ---p 00000000 00:00 0 
9feae000-9ff2e000 rw-p 00000000 00:00 0          [stack:3963]
9ff2e000-9ff31000 ---p 00000000 00:00 0 
9ff31000-9ff7f000 rw-p 00000000 00:00 0          [stack:3962]
9ff7f000-9ff82000 ---p 00000000 00:00 0 
9ff82000-a0000000 rw-p 00000000 00:00 0          [stack:3961]
a0000000-a0200000 r--p 00000000 08:04 1449933    /usr/lib/locale/locale-archive
a0200000-a0221000 rw-p 00000000 00:00 0 
a0221000-a0300000 ---p 00000000 00:00 0 
a030d000-a0310000 ---p 00000000 00:00 0 
a0310000-a035e000 rw-p 00000000 00:00 0          [stack:3960]
a035e000-a0361000 ---p 00000000 00:00 0 
a0361000-a03af000 rw-p 00000000 00:00 0          [stack:3959]
a03af000-a03b2000 ---p 00000000 00:00 0 
a03b2000-a0400000 rw-p 00000000 00:00 0          [stack:3958]
a0400000-a0500000 rw-p 00000000 00:00 0 
a050d000-a051b000 r-xp 00000000 08:04 1717562    /usr/local/java/jdk1.7.0_40/jre/lib/i386/libnio.so
a051b000-a051c000 rw-p 0000e000 08:04 1717562    /usr/local/java/jdk1.7.0_40/jre/lib/i386/libnio.so
a051c000-a0544000 r--s 001f4000 08:04 1573851    /usr/share/maven2/lib/maven-debian-uber.jar
a0544000-a0545000 ---p 00000000 00:00 0 
a0545000-a0610000 rw-p 00000000 00:00 0          [stack:3957]
a0610000-a07cd000 r--s 039d3000 08:04 1717013    /usr/local/java/jdk1.7.0_40/jre/lib/rt.jar
a07cd000-a082f000 rw-p 00000000 00:00 0 
a082f000-a0849000 rw-p 00000000 00:00 0 
a0849000-a084f000 rw-p 00000000 00:00 0 
a084f000-a089f000 rw-p 00000000 00:00 0 
a089f000-a08a2000 rw-p 00000000 00:00 0 
a08a2000-a08c9000 rw-p 00000000 00:00 0 
a08c9000-a08cf000 rw-p 00000000 00:00 0 
a08cf000-a091f000 rw-p 00000000 00:00 0 
a091f000-a0925000 rw-p 00000000 00:00 0 
a0925000-a093f000 rw-p 00000000 00:00 0 
a093f000-a0e90000 rw-p 00000000 00:00 0 
a0e90000-a5e90000 rw-p 00000000 00:00 0 
a5e90000-a6940000 rw-p 00000000 00:00 0 
a6940000-b0940000 rw-p 00000000 00:00 0 
b0940000-b1540000 rw-p 00000000 00:00 0 
b1540000-b4940000 rw-p 00000000 00:00 0 
b494e000-b4952000 rw-p 00000000 00:00 0 
b4952000-b49ce000 rw-p 00000000 00:00 0 
b49ce000-b4abe000 rwxp 00000000 00:00 0 
b4abe000-b69ce000 rw-p 00000000 00:00 0 
b69ce000-b69d9000 r-xp 00000000 08:04 2496922    /lib/i386-linux-gnu/libnss_files-2.17.so
b69d9000-b69da000 r--p 0000a000 08:04 2496922    /lib/i386-linux-gnu/libnss_files-2.17.so
b69da000-b69db000 rw-p 0000b000 08:04 2496922    /lib/i386-linux-gnu/libnss_files-2.17.so
b69db000-b69e5000 r-xp 00000000 08:04 2496918    /lib/i386-linux-gnu/libnss_nis-2.17.so
b69e5000-b69e6000 r--p 00009000 08:04 2496918    /lib/i386-linux-gnu/libnss_nis-2.17.so
b69e6000-b69e7000 rw-p 0000a000 08:04 2496918    /lib/i386-linux-gnu/libnss_nis-2.17.so
b69e7000-b69fc000 r-xp 00000000 08:04 2495691    /lib/i386-linux-gnu/libnsl-2.17.so
b69fc000-b69fd000 r--p 00014000 08:04 2495691    /lib/i386-linux-gnu/libnsl-2.17.so
b69fd000-b69fe000 rw-p 00015000 08:04 2495691    /lib/i386-linux-gnu/libnsl-2.17.so
b69fe000-b6a00000 rw-p 00000000 00:00 0 
b6a00000-b6aff000 rw-p 00000000 00:00 0 
b6aff000-b6b00000 ---p 00000000 00:00 0 
b6b02000-b6b03000 rw-p 00000000 00:00 0 
b6b03000-b6b1a000 r-xp 00000000 08:04 1717575    /usr/local/java/jdk1.7.0_40/jre/lib/i386/libzip.so
b6b1a000-b6b1b000 rw-p 00017000 08:04 1717575    /usr/local/java/jdk1.7.0_40/jre/lib/i386/libzip.so
b6b1b000-b6b23000 rw-s 00000000 08:04 5769818    /tmp/hsperfdata_guilherme/3954
b6b23000-b6b46000 r-xp 00000000 08:04 1717538    /usr/local/java/jdk1.7.0_40/jre/lib/i386/libjava.so
b6b46000-b6b47000 rw-p 00022000 08:04 1717538    /usr/local/java/jdk1.7.0_40/jre/lib/i386/libjava.so
b6b47000-b6b4e000 r-xp 00000000 08:04 2491415    /lib/i386-linux-gnu/librt-2.17.so
b6b4e000-b6b4f000 r--p 00006000 08:04 2491415    /lib/i386-linux-gnu/librt-2.17.so
b6b4f000-b6b50000 rw-p 00007000 08:04 2491415    /lib/i386-linux-gnu/librt-2.17.so
b6b50000-b6b53000 ---p 00000000 00:00 0 
b6b53000-b6ba1000 rw-p 00000000 00:00 0          [stack:3956]
b6ba1000-b6be2000 r-xp 00000000 08:04 2496916    /lib/i386-linux-gnu/libm-2.17.so
b6be2000-b6be3000 r--p 00040000 08:04 2496916    /lib/i386-linux-gnu/libm-2.17.so
b6be3000-b6be4000 rw-p 00041000 08:04 2496916    /lib/i386-linux-gnu/libm-2.17.so
b6be4000-b716a000 r-xp 00000000 08:04 1717533    /usr/local/java/jdk1.7.0_40/jre/lib/i386/client/libjvm.so
b716a000-b718b000 rw-p 00586000 08:04 1717533    /usr/local/java/jdk1.7.0_40/jre/lib/i386/client/libjvm.so
b718b000-b75ac000 rw-p 00000000 00:00 0 
b75ac000-b775a000 r-xp 00000000 08:04 2495698    /lib/i386-linux-gnu/libc-2.17.so
b775a000-b775c000 r--p 001ae000 08:04 2495698    /lib/i386-linux-gnu/libc-2.17.so
b775c000-b775d000 rw-p 001b0000 08:04 2495698    /lib/i386-linux-gnu/libc-2.17.so
b775d000-b7760000 rw-p 00000000 00:00 0 
b7760000-b7763000 r-xp 00000000 08:04 2495699    /lib/i386-linux-gnu/libdl-2.17.so
b7763000-b7764000 r--p 00002000 08:04 2495699    /lib/i386-linux-gnu/libdl-2.17.so
b7764000-b7765000 rw-p 00003000 08:04 2495699    /lib/i386-linux-gnu/libdl-2.17.so
b7765000-b7766000 rw-p 00000000 00:00 0 
b7766000-b7779000 r-xp 00000000 08:04 1717542    /usr/local/java/jdk1.7.0_40/jre/lib/i386/jli/libjli.so
b7779000-b777a000 rw-p 00012000 08:04 1717542    /usr/local/java/jdk1.7.0_40/jre/lib/i386/jli/libjli.so
b777a000-b7791000 r-xp 00000000 08:04 2496915    /lib/i386-linux-gnu/libpthread-2.17.so
b7791000-b7792000 r--p 00016000 08:04 2496915    /lib/i386-linux-gnu/libpthread-2.17.so
b7792000-b7793000 rw-p 00017000 08:04 2496915    /lib/i386-linux-gnu/libpthread-2.17.so
b7793000-b7796000 rw-p 00000000 00:00 0 
b7796000-b7797000 rw-p 00000000 00:00 0 
b7797000-b7798000 r--p 00000000 00:00 0 
b7798000-b779a000 r--s 00008000 08:04 1850180    /usr/share/java/classworlds-1.1.jar
b779a000-b779b000 r--p 005e0000 08:04 1449933    /usr/lib/locale/locale-archive
b779b000-b77a2000 r-xp 00000000 08:04 2495701    /lib/i386-linux-gnu/libnss_compat-2.17.so
b77a2000-b77a3000 r--p 00006000 08:04 2495701    /lib/i386-linux-gnu/libnss_compat-2.17.so
b77a3000-b77a4000 rw-p 00007000 08:04 2495701    /lib/i386-linux-gnu/libnss_compat-2.17.so
b77a4000-b77a5000 rw-p 00000000 00:00 0 
b77a5000-b77a6000 r--p 00000000 00:00 0 
b77a6000-b77b1000 r-xp 00000000 08:04 1717520    /usr/local/java/jdk1.7.0_40/jre/lib/i386/libverify.so
b77b1000-b77b2000 rw-p 0000b000 08:04 1717520    /usr/local/java/jdk1.7.0_40/jre/lib/i386/libverify.so
b77b2000-b77b4000 rw-p 00000000 00:00 0 
b77b4000-b77b5000 r-xp 00000000 00:00 0          [vdso]
b77b5000-b77d5000 r-xp 00000000 08:04 2495694    /lib/i386-linux-gnu/ld-2.17.so
b77d5000-b77d6000 r--p 0001f000 08:04 2495694    /lib/i386-linux-gnu/ld-2.17.so
b77d6000-b77d7000 rw-p 00020000 08:04 2495694    /lib/i386-linux-gnu/ld-2.17.so
bfa5f000-bfa81000 rw-p 00000000 00:00 0          [stack]

VM Arguments:
jvm_args: -Dclassworlds.conf=/usr/share/maven2/bin/m2.conf -Dmaven.home=/usr/share/maven2 
java_command: org.codehaus.classworlds.Launcher "package"
Launcher Type: SUN_STANDARD

Environment Variables:
JAVA_HOME=/usr/local/java/jdk1.7.0_40
JRE_HOME=/usr/local/java/jre1.7.0_40
PATH=/opt/SenchaSDKTools-2.0.0-beta3:/home/guilherme/bin/Sencha/Cmd/4.0.0.203:/usr/local/heroku/bin:/opt/SenchaSDKTools-2.0.0-beta3:/home/guilherme/bin/Sencha/Cmd/4.0.0.203:/home/guilherme/bin:/usr/lib/lightdm/lightdm:/usr/local/sbin:/usr/local/bin:/usr/sbin:/usr/bin:/sbin:/bin:/usr/games:/usr/local/games:/home/guilherme/bin:/usr/local/java/jdk1.7.0_40/bin:/home/guilherme/bin:/usr/local/java/jre1.7.0_40/bin
SHELL=/bin/bash
DISPLAY=:0

Signal Handlers:
SIGSEGV: [libjvm.so+0x503d90], sa_mask[0]=0x7ffbfeff, sa_flags=0x10000004
SIGBUS: [libjvm.so+0x503d90], sa_mask[0]=0x7ffbfeff, sa_flags=0x10000004
SIGFPE: [libjvm.so+0x3fbe80], sa_mask[0]=0x7ffbfeff, sa_flags=0x10000004
SIGPIPE: [libjvm.so+0x3fbe80], sa_mask[0]=0x7ffbfeff, sa_flags=0x10000004
SIGXFSZ: [libjvm.so+0x3fbe80], sa_mask[0]=0x7ffbfeff, sa_flags=0x10000004
SIGILL: [libjvm.so+0x3fbe80], sa_mask[0]=0x7ffbfeff, sa_flags=0x10000004
SIGUSR1: SIG_DFL, sa_mask[0]=0x00000000, sa_flags=0x00000000
SIGUSR2: [libjvm.so+0x3fd370], sa_mask[0]=0x00000000, sa_flags=0x10000004
SIGHUP: [libjvm.so+0x3fe4c0], sa_mask[0]=0x7ffbfeff, sa_flags=0x10000004
SIGINT: [libjvm.so+0x3fe4c0], sa_mask[0]=0x7ffbfeff, sa_flags=0x10000004
SIGTERM: [libjvm.so+0x3fe4c0], sa_mask[0]=0x7ffbfeff, sa_flags=0x10000004
SIGQUIT: [libjvm.so+0x3fe4c0], sa_mask[0]=0x7ffbfeff, sa_flags=0x10000004


---------------  S Y S T E M  ---------------

OS:wheezy/sid

uname:Linux 3.11.0-15-generic #23-Ubuntu SMP Mon Dec 9 18:16:27 UTC 2013 i686
libc:glibc 2.17 NPTL 2.17 
rlimit: STACK 8192k, CORE 0k, NPROC 24094, NOFILE 4096, AS infinity
load average:1,24 1,17 1,14

/proc/meminfo:
MemTotal:        3101640 kB
MemFree:         1767704 kB
Buffers:           41660 kB
Cached:           554396 kB
SwapCached:            0 kB
Active:           979300 kB
Inactive:         255720 kB
Active(anon):     639280 kB
Inactive(anon):    30912 kB
Active(file):     340020 kB
Inactive(file):   224808 kB
Unevictable:          48 kB
Mlocked:              48 kB
HighTotal:       2231176 kB
HighFree:        1010396 kB
LowTotal:         870464 kB
LowFree:          757308 kB
SwapTotal:       1999868 kB
SwapFree:        1999868 kB
Dirty:              3292 kB
Writeback:             0 kB
AnonPages:        639300 kB
Mapped:           201660 kB
Shmem:             31136 kB
Slab:              39484 kB
SReclaimable:      19792 kB
SUnreclaim:        19692 kB
KernelStack:        4128 kB
PageTables:        13392 kB
NFS_Unstable:          0 kB
Bounce:                0 kB
WritebackTmp:          0 kB
CommitLimit:     3550688 kB
Committed_AS:    3950156 kB
VmallocTotal:     122880 kB
VmallocUsed:       47844 kB
VmallocChunk:      69396 kB
HardwareCorrupted:     0 kB
AnonHugePages:         0 kB
HugePages_Total:       0
HugePages_Free:        0
HugePages_Rsvd:        0
HugePages_Surp:        0
Hugepagesize:       2048 kB
DirectMap4k:       65528 kB
DirectMap2M:      847872 kB


CPU:total 2 (2 cores per cpu, 1 threads per core) family 15 model 6 stepping 5, cmov, cx8, fxsr, mmx, sse, sse2, sse3, tsc

/proc/cpuinfo:
processor	: 0
vendor_id	: GenuineIntel
cpu family	: 15
model		: 6
model name	: Intel(R) Pentium(R) D CPU 3.20GHz
stepping	: 5
microcode	: 0xb
cpu MHz		: 3200.000
cache size	: 2048 KB
physical id	: 0
siblings	: 2
core id		: 0
cpu cores	: 2
apicid		: 0
initial apicid	: 0
fdiv_bug	: no
f00f_bug	: no
coma_bug	: no
fpu		: yes
fpu_exception	: yes
cpuid level	: 6
wp		: yes
flags		: fpu vme de pse tsc msr pae mce cx8 apic sep mtrr pge mca cmov pat pse36 clflush dts acpi mmx fxsr sse sse2 ss ht tm pbe nx lm constant_tsc pebs bts pni dtes64 monitor ds_cpl est cid cx16 xtpr pdcm lahf_lm
bogomips	: 6399.59
clflush size	: 64
cache_alignment	: 128
address sizes	: 36 bits physical, 48 bits virtual
power management:

processor	: 1
vendor_id	: GenuineIntel
cpu family	: 15
model		: 6
model name	: Intel(R) Pentium(R) D CPU 3.20GHz
stepping	: 5
microcode	: 0xb
cpu MHz		: 3200.000
cache size	: 2048 KB
physical id	: 0
siblings	: 2
core id		: 1
cpu cores	: 2
apicid		: 1
initial apicid	: 1
fdiv_bug	: no
f00f_bug	: no
coma_bug	: no
fpu		: yes
fpu_exception	: yes
cpuid level	: 6
wp		: yes
flags		: fpu vme de pse tsc msr pae mce cx8 apic sep mtrr pge mca cmov pat pse36 clflush dts acpi mmx fxsr sse sse2 ss ht tm pbe nx lm constant_tsc pebs bts pni dtes64 monitor ds_cpl est cid cx16 xtpr pdcm lahf_lm
bogomips	: 6399.59
clflush size	: 64
cache_alignment	: 128
address sizes	: 36 bits physical, 48 bits virtual
power management:



Memory: 4k page, physical 3101640k(1767704k free), swap 1999868k(1999868k free)

vm_info: Java HotSpot(TM) Client VM (24.0-b56) for linux-x86 JRE (1.7.0_40-b43), built on Aug 26 2013 22:05:59 by "java_re" with gcc 4.3.0 20080428 (Red Hat 4.3.0-8)

time: Sun Jan 19 00:54:58 2014
elapsed time: 0 seconds

