#
# A fatal error has been detected by the Java Runtime Environment:
#
#  SIGILL (0x4) at pc=0xb6d2de10, pid=5783, tid=3064896320
#
# JRE version: Java(TM) SE Runtime Environment (7.0_40-b43) (build 1.7.0_40-b43)
# Java VM: Java HotSpot(TM) Client VM (24.0-b56 mixed mode linux-x86 )
# Problematic frame:
# V  [libjvm.so+0x200e10]  Events::log_exception(Thread*, char const*, ...)+0x20
#
# Failed to write core dump. Core dumps have been disabled. To enable core dumping, try "ulimit -c unlimited" before starting Java again
#
# If you would like to submit a bug report, please visit:
#   http://bugreport.sun.com/bugreport/crash.jsp
#

---------------  T H R E A D  ---------------

Current thread (0xb6907400):  JavaThread "main" [_thread_in_vm, id=5785, stack(0xb6a99000,0xb6aea000)]

siginfo:si_signo=SIGILL: si_errno=0, si_code=2 (ILL_ILLOPN), si_addr=0xb6d2de10

Registers:
EAX=0x00000000, EBX=0xb70c1868, ECX=0xb6902960, EDX=0x00000000
ESP=0xb6ae7800, EBP=0xb6ae7828, ESI=0xb6902960, EDI=0xb6902e28
EIP=0xb6d2de10, EFLAGS=0x00010286, CR2=0x00000000

Top of Stack: (sp=0xb6ae7800)
0xb6ae7800:   b6907400 b49f2828 f6f08cc5 4007c420
0xb6ae7810:   a0710f58 b6902960 b7085474 b70c1868
0xb6ae7820:   00000000 b089b600 b6ae7b28 b6e5780b
0xb6ae7830:   b6907400 b7072507 a0e13748 b7085474
0xb6ae7840:   000004dc b6ae7a6c b6907b94 b6907b94
0xb6ae7850:   002d5451 b6ae7878 b6907400 b6907b88
0xb6ae7860:   52db51a3 00010610 b6907b8c b70c1868
0xb6ae7870:   00000000 00000000 b6ae7b80 b49f2720 

Instructions: (pc=0xb6d2de10)
0xb6d2ddf0:   55 89 e5 57 56 53 83 ec 1c e8 00 00 00 00 5b 81
0xb6d2de00:   c3 6a 3a 39 00 8b 83 10 f2 ff ff 80 38 00 75 08
0xb6d2de10:   8d 65 f4 5b 5e 5f 5d c3 8b 83 d4 fa ff ff 8d 7d
0xb6d2de20:   10 8b 30 8b 83 3c ea ff ff 8b 00 85 c0 75 e1 e8 

Register to memory mapping:

EAX=0x00000000 is an unknown value
EBX=0xb70c1868: <offset 0x594868> in /usr/local/java/jdk1.7.0_40/jre/lib/i386/client/libjvm.so at 0xb6b2d000
ECX=0xb6902960 is an unknown value
EDX=0x00000000 is an unknown value
ESP=0xb6ae7800 is pointing into the stack for thread: 0xb6907400
EBP=0xb6ae7828 is pointing into the stack for thread: 0xb6907400
ESI=0xb6902960 is an unknown value
EDI=0xb6902e28 is an unknown value


Stack: [0xb6a99000,0xb6aea000],  sp=0xb6ae7800,  free space=314k
Native frames: (J=compiled Java code, j=interpreted, Vv=VM code, C=native code)
V  [libjvm.so+0x200e10]  Events::log_exception(Thread*, char const*, ...)+0x20
V  [libjvm.so+0x32a80b]  JVM_DoPrivileged+0x4eb
C  [libjava.so+0x9a4a]  Java_java_security_AccessController_doPrivileged__Ljava_security_PrivilegedExceptionAction_2Ljava_security_AccessControlContext_2+0x3a
J  java.security.AccessController.doPrivileged(Ljava/security/PrivilegedExceptionAction;Ljava/security/AccessControlContext;)Ljava/lang/Object;
J  java.net.URLClassLoader.findClass(Ljava/lang/String;)Ljava/lang/Class;
j  org.codehaus.plexus.DefaultPlexusContainer.createComponentInstance(Lorg/codehaus/plexus/component/repository/ComponentDescriptor;)Ljava/lang/Object;+45
J  org.codehaus.plexus.component.manager.ClassicSingletonComponentManager.getComponent()Ljava/lang/Object;
j  org.apache.maven.profiles.DefaultProfileManager.isActive(Lorg/apache/maven/model/Profile;)Z+47
j  org.apache.maven.profiles.DefaultProfileManager.getActiveProfiles()Ljava/util/List;+101
j  org.apache.maven.project.DefaultMavenProjectBuilder.injectActiveProfiles(Lorg/apache/maven/profiles/ProfileManager;Lorg/apache/maven/model/Model;)Ljava/util/List;+5
j  org.apache.maven.project.DefaultMavenProjectBuilder.assembleLineage(Lorg/apache/maven/model/Model;Ljava/util/LinkedList;Lorg/apache/maven/project/ProjectBuilderConfiguration;Ljava/io/File;Ljava/util/List;Ljava/util/Set;Z)Lorg/apache/maven/project/MavenProject;+129
j  org.apache.maven.project.DefaultMavenProjectBuilder.assembleLineage(Lorg/apache/maven/model/Model;Ljava/util/LinkedList;Lorg/apache/maven/project/ProjectBuilderConfiguration;Ljava/io/File;Ljava/util/List;Ljava/util/Set;Z)Lorg/apache/maven/project/MavenProject;+1429
j  org.apache.maven.project.DefaultMavenProjectBuilder.buildInternal(Ljava/lang/String;Lorg/apache/maven/model/Model;Lorg/apache/maven/project/ProjectBuilderConfiguration;Ljava/util/List;Ljava/io/File;Z)Lorg/apache/maven/project/MavenProject;+323
j  org.apache.maven.project.DefaultMavenProjectBuilder.buildFromRepository(Lorg/apache/maven/artifact/Artifact;Ljava/util/List;Lorg/apache/maven/artifact/repository/ArtifactRepository;Z)Lorg/apache/maven/project/MavenProject;+103
j  org.apache.maven.project.artifact.MavenMetadataSource.retrieveRelocatedProject(Lorg/apache/maven/artifact/Artifact;Lorg/apache/maven/artifact/repository/ArtifactRepository;Ljava/util/List;)Lorg/apache/maven/project/artifact/MavenMetadataSource$ProjectRelocation;+70
j  org.apache.maven.project.artifact.MavenMetadataSource.retrieveRelocatedArtifact(Lorg/apache/maven/artifact/Artifact;Lorg/apache/maven/artifact/repository/ArtifactRepository;Ljava/util/List;)Lorg/apache/maven/artifact/Artifact;+13
j  org.apache.maven.artifact.resolver.DefaultArtifactCollector.recurse(Lorg/apache/maven/artifact/Artifact;Lorg/apache/maven/artifact/resolver/ResolutionNode;Ljava/util/Map;Lorg/apache/maven/artifact/versioning/ManagedVersionMap;Lorg/apache/maven/artifact/repository/ArtifactRepository;Ljava/util/List;Lorg/apache/maven/artifact/metadata/ArtifactMetadataSource;Lorg/apache/maven/artifact/resolver/filter/ArtifactFilter;Ljava/util/List;)V+1041
j  org.apache.maven.artifact.resolver.DefaultArtifactCollector.recurse(Lorg/apache/maven/artifact/Artifact;Lorg/apache/maven/artifact/resolver/ResolutionNode;Ljava/util/Map;Lorg/apache/maven/artifact/versioning/ManagedVersionMap;Lorg/apache/maven/artifact/repository/ArtifactRepository;Ljava/util/List;Lorg/apache/maven/artifact/metadata/ArtifactMetadataSource;Lorg/apache/maven/artifact/resolver/filter/ArtifactFilter;Ljava/util/List;)V+1275
j  org.apache.maven.artifact.resolver.DefaultArtifactCollector.recurse(Lorg/apache/maven/artifact/Artifact;Lorg/apache/maven/artifact/resolver/ResolutionNode;Ljava/util/Map;Lorg/apache/maven/artifact/versioning/ManagedVersionMap;Lorg/apache/maven/artifact/repository/ArtifactRepository;Ljava/util/List;Lorg/apache/maven/artifact/metadata/ArtifactMetadataSource;Lorg/apache/maven/artifact/resolver/filter/ArtifactFilter;Ljava/util/List;)V+1275
j  org.apache.maven.artifact.resolver.DefaultArtifactCollector.collect(Ljava/util/Set;Lorg/apache/maven/artifact/Artifact;Ljava/util/Map;Lorg/apache/maven/artifact/repository/ArtifactRepository;Ljava/util/List;Lorg/apache/maven/artifact/metadata/ArtifactMetadataSource;Lorg/apache/maven/artifact/resolver/filter/ArtifactFilter;Ljava/util/List;)Lorg/apache/maven/artifact/resolver/ArtifactResolutionResult;+57
j  org.apache.maven.artifact.resolver.DefaultArtifactResolver.resolveTransitively(Ljava/util/Set;Lorg/apache/maven/artifact/Artifact;Ljava/util/Map;Lorg/apache/maven/artifact/repository/ArtifactRepository;Ljava/util/List;Lorg/apache/maven/artifact/metadata/ArtifactMetadataSource;Lorg/apache/maven/artifact/resolver/filter/ArtifactFilter;Ljava/util/List;)Lorg/apache/maven/artifact/resolver/ArtifactResolutionResult;+17
j  org.apache.maven.artifact.resolver.DefaultArtifactResolver.resolveTransitively(Ljava/util/Set;Lorg/apache/maven/artifact/Artifact;Ljava/util/Map;Lorg/apache/maven/artifact/repository/ArtifactRepository;Ljava/util/List;Lorg/apache/maven/artifact/metadata/ArtifactMetadataSource;Lorg/apache/maven/artifact/resolver/filter/ArtifactFilter;)Lorg/apache/maven/artifact/resolver/ArtifactResolutionResult;+73
j  org.apache.maven.plugin.DefaultPluginManager.resolveTransitiveDependencies(Lorg/apache/maven/execution/MavenSession;Lorg/apache/maven/artifact/resolver/ArtifactResolver;Ljava/lang/String;Lorg/apache/maven/artifact/factory/ArtifactFactory;Lorg/apache/maven/project/MavenProject;Z)V+97
j  org.apache.maven.plugin.DefaultPluginManager.executeMojo(Lorg/apache/maven/project/MavenProject;Lorg/apache/maven/plugin/MojoExecution;Lorg/apache/maven/execution/MavenSession;)V+195
j  org.apache.maven.lifecycle.DefaultLifecycleExecutor.executeGoals(Ljava/util/List;Ljava/util/Stack;Lorg/apache/maven/execution/MavenSession;Lorg/apache/maven/project/MavenProject;)V+513
j  org.apache.maven.lifecycle.DefaultLifecycleExecutor.executeGoalWithLifecycle(Ljava/lang/String;Ljava/util/Stack;Lorg/apache/maven/execution/MavenSession;Ljava/util/Map;Lorg/apache/maven/project/MavenProject;Lorg/apache/maven/lifecycle/Lifecycle;)V+28
j  org.apache.maven.lifecycle.DefaultLifecycleExecutor.executeGoal(Ljava/lang/String;Lorg/apache/maven/execution/MavenSession;Lorg/apache/maven/project/MavenProject;)V+50
j  org.apache.maven.lifecycle.DefaultLifecycleExecutor.executeGoalAndHandleFailures(Ljava/lang/String;Lorg/apache/maven/execution/MavenSession;Lorg/apache/maven/project/MavenProject;Lorg/apache/maven/monitor/event/EventDispatcher;Ljava/lang/String;Lorg/apache/maven/execution/ReactorManager;JLjava/lang/String;)V+4
j  org.apache.maven.lifecycle.DefaultLifecycleExecutor.executeTaskSegments(Ljava/util/List;Lorg/apache/maven/execution/ReactorManager;Lorg/apache/maven/execution/MavenSession;Lorg/apache/maven/project/MavenProject;Lorg/apache/maven/monitor/event/EventDispatcher;)V+584
j  org.apache.maven.lifecycle.DefaultLifecycleExecutor.execute(Lorg/apache/maven/execution/MavenSession;Lorg/apache/maven/execution/ReactorManager;Lorg/apache/maven/monitor/event/EventDispatcher;)V+241
j  org.apache.maven.DefaultMaven.doExecute(Lorg/apache/maven/execution/MavenExecutionRequest;Lorg/apache/maven/monitor/event/EventDispatcher;)Lorg/apache/maven/execution/ReactorManager;+365
j  org.apache.maven.DefaultMaven.execute(Lorg/apache/maven/execution/MavenExecutionRequest;)V+26
j  org.apache.maven.cli.MavenCli.main([Ljava/lang/String;Lorg/codehaus/classworlds/ClassWorld;)I+1022
j  org.apache.maven.cli.compat.CompatibleMain.main([Ljava/lang/String;Lorg/codehaus/classworlds/ClassWorld;)I+81
v  ~StubRoutines::call_stub
V  [libjvm.so+0x2a7875]  JavaCalls::call_helper(JavaValue*, methodHandle*, JavaCallArguments*, Thread*)+0x315
V  [libjvm.so+0x3fa1e9]  os::os_exception_wrapper(void (*)(JavaValue*, methodHandle*, JavaCallArguments*, Thread*), JavaValue*, methodHandle*, JavaCallArguments*, Thread*)+0x19
V  [libjvm.so+0x2a64ef]  JavaCalls::call(JavaValue*, methodHandle, JavaCallArguments*, Thread*)+0x2f
V  [libjvm.so+0x43f97e]  Reflection::invoke(instanceKlassHandle, methodHandle, Handle, bool, objArrayHandle, BasicType, objArrayHandle, bool, Thread*)+0x3fe
V  [libjvm.so+0x44043a]  Reflection::invoke_method(oopDesc*, Handle, objArrayHandle, Thread*)+0x15a
V  [libjvm.so+0x328c19]  JVM_InvokeMethod+0x209
C  [libjava.so+0x15232]  Java_sun_reflect_NativeMethodAccessorImpl_invoke0+0x32
j  sun.reflect.NativeMethodAccessorImpl.invoke0(Ljava/lang/reflect/Method;Ljava/lang/Object;[Ljava/lang/Object;)Ljava/lang/Object;+0
j  sun.reflect.NativeMethodAccessorImpl.invoke(Ljava/lang/Object;[Ljava/lang/Object;)Ljava/lang/Object;+87
j  sun.reflect.DelegatingMethodAccessorImpl.invoke(Ljava/lang/Object;[Ljava/lang/Object;)Ljava/lang/Object;+6
j  java.lang.reflect.Method.invoke(Ljava/lang/Object;[Ljava/lang/Object;)Ljava/lang/Object;+57
j  org.codehaus.classworlds.Launcher.launchEnhanced([Ljava/lang/String;)V+50
j  org.codehaus.classworlds.Launcher.launch([Ljava/lang/String;)V+2
j  org.codehaus.classworlds.Launcher.mainWithExitCode([Ljava/lang/String;)I+99
j  org.codehaus.classworlds.Launcher.main([Ljava/lang/String;)V+1
v  ~StubRoutines::call_stub
V  [libjvm.so+0x2a7875]  JavaCalls::call_helper(JavaValue*, methodHandle*, JavaCallArguments*, Thread*)+0x315
V  [libjvm.so+0x3fa1e9]  os::os_exception_wrapper(void (*)(JavaValue*, methodHandle*, JavaCallArguments*, Thread*), JavaValue*, methodHandle*, JavaCallArguments*, Thread*)+0x19
V  [libjvm.so+0x2a64ef]  JavaCalls::call(JavaValue*, methodHandle, JavaCallArguments*, Thread*)+0x2f
V  [libjvm.so+0x2e28b2]  jni_invoke_static(JNIEnv_*, JavaValue*, _jobject*, JNICallType, _jmethodID*, JNI_ArgumentPusher*, Thread*)+0x242
V  [libjvm.so+0x2f8ada]  jni_CallStaticVoidMethod+0xca
C  [libjli.so+0x2e8d]  JavaMain+0x8bd
C  [libpthread.so.0+0x6d78]  start_thread+0xd8

Java frames: (J=compiled Java code, j=interpreted, Vv=VM code)
J  java.security.AccessController.doPrivileged(Ljava/security/PrivilegedExceptionAction;Ljava/security/AccessControlContext;)Ljava/lang/Object;
J  java.net.URLClassLoader.findClass(Ljava/lang/String;)Ljava/lang/Class;
J  java.lang.ClassLoader.loadClass(Ljava/lang/String;Z)Ljava/lang/Class;
J  java.lang.ClassLoader.loadClass(Ljava/lang/String;Z)Ljava/lang/Class;
J  sun.misc.Launcher$AppClassLoader.loadClass(Ljava/lang/String;Z)Ljava/lang/Class;
J  java.lang.ClassLoader.loadClass(Ljava/lang/String;)Ljava/lang/Class;
J  org.codehaus.classworlds.DefaultClassRealm.loadClass(Ljava/lang/String;)Ljava/lang/Class;
j  org.codehaus.plexus.component.factory.java.JavaComponentFactory.newInstance(Lorg/codehaus/plexus/component/repository/ComponentDescriptor;Lorg/codehaus/classworlds/ClassRealm;Lorg/codehaus/plexus/PlexusContainer;)Ljava/lang/Object;+12
j  org.codehaus.plexus.DefaultPlexusContainer.createComponentInstance(Lorg/codehaus/plexus/component/repository/ComponentDescriptor;)Ljava/lang/Object;+45
J  org.codehaus.plexus.component.manager.ClassicSingletonComponentManager.getComponent()Ljava/lang/Object;
J  org.codehaus.plexus.DefaultPlexusContainer.lookup(Ljava/lang/String;)Ljava/lang/Object;
J  org.codehaus.plexus.DefaultPlexusContainer.lookup(Ljava/lang/String;Ljava/lang/String;)Ljava/lang/Object;
j  org.codehaus.plexus.DefaultPlexusContainer.lookupList(Ljava/lang/String;)Ljava/util/List;+64
j  org.apache.maven.profiles.DefaultProfileManager.isActive(Lorg/apache/maven/model/Profile;)Z+47
j  org.apache.maven.profiles.DefaultProfileManager.getActiveProfiles()Ljava/util/List;+101
j  org.apache.maven.project.DefaultMavenProjectBuilder.injectActiveProfiles(Lorg/apache/maven/profiles/ProfileManager;Lorg/apache/maven/model/Model;)Ljava/util/List;+5
j  org.apache.maven.project.DefaultMavenProjectBuilder.assembleLineage(Lorg/apache/maven/model/Model;Ljava/util/LinkedList;Lorg/apache/maven/project/ProjectBuilderConfiguration;Ljava/io/File;Ljava/util/List;Ljava/util/Set;Z)Lorg/apache/maven/project/MavenProject;+129
j  org.apache.maven.project.DefaultMavenProjectBuilder.assembleLineage(Lorg/apache/maven/model/Model;Ljava/util/LinkedList;Lorg/apache/maven/project/ProjectBuilderConfiguration;Ljava/io/File;Ljava/util/List;Ljava/util/Set;Z)Lorg/apache/maven/project/MavenProject;+1429
j  org.apache.maven.project.DefaultMavenProjectBuilder.buildInternal(Ljava/lang/String;Lorg/apache/maven/model/Model;Lorg/apache/maven/project/ProjectBuilderConfiguration;Ljava/util/List;Ljava/io/File;Z)Lorg/apache/maven/project/MavenProject;+323
j  org.apache.maven.project.DefaultMavenProjectBuilder.buildFromRepository(Lorg/apache/maven/artifact/Artifact;Ljava/util/List;Lorg/apache/maven/artifact/repository/ArtifactRepository;Z)Lorg/apache/maven/project/MavenProject;+103
j  org.apache.maven.project.artifact.MavenMetadataSource.retrieveRelocatedProject(Lorg/apache/maven/artifact/Artifact;Lorg/apache/maven/artifact/repository/ArtifactRepository;Ljava/util/List;)Lorg/apache/maven/project/artifact/MavenMetadataSource$ProjectRelocation;+70
j  org.apache.maven.project.artifact.MavenMetadataSource.retrieveRelocatedArtifact(Lorg/apache/maven/artifact/Artifact;Lorg/apache/maven/artifact/repository/ArtifactRepository;Ljava/util/List;)Lorg/apache/maven/artifact/Artifact;+13
j  org.apache.maven.artifact.resolver.DefaultArtifactCollector.recurse(Lorg/apache/maven/artifact/Artifact;Lorg/apache/maven/artifact/resolver/ResolutionNode;Ljava/util/Map;Lorg/apache/maven/artifact/versioning/ManagedVersionMap;Lorg/apache/maven/artifact/repository/ArtifactRepository;Ljava/util/List;Lorg/apache/maven/artifact/metadata/ArtifactMetadataSource;Lorg/apache/maven/artifact/resolver/filter/ArtifactFilter;Ljava/util/List;)V+1041
j  org.apache.maven.artifact.resolver.DefaultArtifactCollector.recurse(Lorg/apache/maven/artifact/Artifact;Lorg/apache/maven/artifact/resolver/ResolutionNode;Ljava/util/Map;Lorg/apache/maven/artifact/versioning/ManagedVersionMap;Lorg/apache/maven/artifact/repository/ArtifactRepository;Ljava/util/List;Lorg/apache/maven/artifact/metadata/ArtifactMetadataSource;Lorg/apache/maven/artifact/resolver/filter/ArtifactFilter;Ljava/util/List;)V+1275
j  org.apache.maven.artifact.resolver.DefaultArtifactCollector.recurse(Lorg/apache/maven/artifact/Artifact;Lorg/apache/maven/artifact/resolver/ResolutionNode;Ljava/util/Map;Lorg/apache/maven/artifact/versioning/ManagedVersionMap;Lorg/apache/maven/artifact/repository/ArtifactRepository;Ljava/util/List;Lorg/apache/maven/artifact/metadata/ArtifactMetadataSource;Lorg/apache/maven/artifact/resolver/filter/ArtifactFilter;Ljava/util/List;)V+1275
j  org.apache.maven.artifact.resolver.DefaultArtifactCollector.collect(Ljava/util/Set;Lorg/apache/maven/artifact/Artifact;Ljava/util/Map;Lorg/apache/maven/artifact/repository/ArtifactRepository;Ljava/util/List;Lorg/apache/maven/artifact/metadata/ArtifactMetadataSource;Lorg/apache/maven/artifact/resolver/filter/ArtifactFilter;Ljava/util/List;)Lorg/apache/maven/artifact/resolver/ArtifactResolutionResult;+57
j  org.apache.maven.artifact.resolver.DefaultArtifactResolver.resolveTransitively(Ljava/util/Set;Lorg/apache/maven/artifact/Artifact;Ljava/util/Map;Lorg/apache/maven/artifact/repository/ArtifactRepository;Ljava/util/List;Lorg/apache/maven/artifact/metadata/ArtifactMetadataSource;Lorg/apache/maven/artifact/resolver/filter/ArtifactFilter;Ljava/util/List;)Lorg/apache/maven/artifact/resolver/ArtifactResolutionResult;+17
j  org.apache.maven.artifact.resolver.DefaultArtifactResolver.resolveTransitively(Ljava/util/Set;Lorg/apache/maven/artifact/Artifact;Ljava/util/Map;Lorg/apache/maven/artifact/repository/ArtifactRepository;Ljava/util/List;Lorg/apache/maven/artifact/metadata/ArtifactMetadataSource;Lorg/apache/maven/artifact/resolver/filter/ArtifactFilter;)Lorg/apache/maven/artifact/resolver/ArtifactResolutionResult;+73
j  org.apache.maven.plugin.DefaultPluginManager.resolveTransitiveDependencies(Lorg/apache/maven/execution/MavenSession;Lorg/apache/maven/artifact/resolver/ArtifactResolver;Ljava/lang/String;Lorg/apache/maven/artifact/factory/ArtifactFactory;Lorg/apache/maven/project/MavenProject;Z)V+97
j  org.apache.maven.plugin.DefaultPluginManager.executeMojo(Lorg/apache/maven/project/MavenProject;Lorg/apache/maven/plugin/MojoExecution;Lorg/apache/maven/execution/MavenSession;)V+195
j  org.apache.maven.lifecycle.DefaultLifecycleExecutor.executeGoals(Ljava/util/List;Ljava/util/Stack;Lorg/apache/maven/execution/MavenSession;Lorg/apache/maven/project/MavenProject;)V+513
j  org.apache.maven.lifecycle.DefaultLifecycleExecutor.executeGoalWithLifecycle(Ljava/lang/String;Ljava/util/Stack;Lorg/apache/maven/execution/MavenSession;Ljava/util/Map;Lorg/apache/maven/project/MavenProject;Lorg/apache/maven/lifecycle/Lifecycle;)V+28
j  org.apache.maven.lifecycle.DefaultLifecycleExecutor.executeGoal(Ljava/lang/String;Lorg/apache/maven/execution/MavenSession;Lorg/apache/maven/project/MavenProject;)V+50
j  org.apache.maven.lifecycle.DefaultLifecycleExecutor.executeGoalAndHandleFailures(Ljava/lang/String;Lorg/apache/maven/execution/MavenSession;Lorg/apache/maven/project/MavenProject;Lorg/apache/maven/monitor/event/EventDispatcher;Ljava/lang/String;Lorg/apache/maven/execution/ReactorManager;JLjava/lang/String;)V+4
j  org.apache.maven.lifecycle.DefaultLifecycleExecutor.executeTaskSegments(Ljava/util/List;Lorg/apache/maven/execution/ReactorManager;Lorg/apache/maven/execution/MavenSession;Lorg/apache/maven/project/MavenProject;Lorg/apache/maven/monitor/event/EventDispatcher;)V+584
j  org.apache.maven.lifecycle.DefaultLifecycleExecutor.execute(Lorg/apache/maven/execution/MavenSession;Lorg/apache/maven/execution/ReactorManager;Lorg/apache/maven/monitor/event/EventDispatcher;)V+241
j  org.apache.maven.DefaultMaven.doExecute(Lorg/apache/maven/execution/MavenExecutionRequest;Lorg/apache/maven/monitor/event/EventDispatcher;)Lorg/apache/maven/execution/ReactorManager;+365
j  org.apache.maven.DefaultMaven.execute(Lorg/apache/maven/execution/MavenExecutionRequest;)V+26
j  org.apache.maven.cli.MavenCli.main([Ljava/lang/String;Lorg/codehaus/classworlds/ClassWorld;)I+1022
j  org.apache.maven.cli.compat.CompatibleMain.main([Ljava/lang/String;Lorg/codehaus/classworlds/ClassWorld;)I+81
v  ~StubRoutines::call_stub
j  sun.reflect.NativeMethodAccessorImpl.invoke0(Ljava/lang/reflect/Method;Ljava/lang/Object;[Ljava/lang/Object;)Ljava/lang/Object;+0
j  sun.reflect.NativeMethodAccessorImpl.invoke(Ljava/lang/Object;[Ljava/lang/Object;)Ljava/lang/Object;+87
j  sun.reflect.DelegatingMethodAccessorImpl.invoke(Ljava/lang/Object;[Ljava/lang/Object;)Ljava/lang/Object;+6
j  java.lang.reflect.Method.invoke(Ljava/lang/Object;[Ljava/lang/Object;)Ljava/lang/Object;+57
j  org.codehaus.classworlds.Launcher.launchEnhanced([Ljava/lang/String;)V+50
j  org.codehaus.classworlds.Launcher.launch([Ljava/lang/String;)V+2
j  org.codehaus.classworlds.Launcher.mainWithExitCode([Ljava/lang/String;)I+99
j  org.codehaus.classworlds.Launcher.main([Ljava/lang/String;)V+1
v  ~StubRoutines::call_stub

---------------  P R O C E S S  ---------------

Java Threads: ( => current thread )
  0x9faf1c00 JavaThread "pool-1-thread-3" [_thread_blocked, id=5798, stack(0x9fbaf000,0x9fc00000)]
  0x9fc63800 JavaThread "pool-1-thread-2" [_thread_blocked, id=5797, stack(0x9fd30000,0x9fd81000)]
  0x9fca1000 JavaThread "pool-1-thread-1" [_thread_blocked, id=5796, stack(0x9fd81000,0x9fdd2000)]
  0x9fc19800 JavaThread "process reaper" daemon [_thread_blocked, id=5794, stack(0x9fdd2000,0x9fde9000)]
  0xb696f400 JavaThread "Service Thread" daemon [_thread_blocked, id=5791, stack(0xa020d000,0xa025e000)]
  0xb696d400 JavaThread "C1 CompilerThread0" daemon [_thread_blocked, id=5790, stack(0x9fe7f000,0x9ff00000)]
  0xb696b800 JavaThread "Signal Dispatcher" daemon [_thread_blocked, id=5789, stack(0xa025e000,0xa02af000)]
  0xb695b400 JavaThread "Finalizer" daemon [_thread_blocked, id=5788, stack(0xa02af000,0xa0300000)]
  0xb6958c00 JavaThread "Reference Handler" daemon [_thread_blocked, id=5787, stack(0xa0433000,0xa0484000)]
=>0xb6907400 JavaThread "main" [_thread_in_vm, id=5785, stack(0xb6a99000,0xb6aea000)]

Other Threads:
  0xb6957400 VMThread [stack: 0xa0484000,0xa0505000] [id=5786]
  0xb6971800 WatcherThread [stack: 0x9fdfe000,0x9fe7f000] [id=5792]

VM state:not at safepoint (normal execution)

VM Mutex/Monitor currently owned by a thread: None

Heap
 def new generation   total 7296K, used 6412K [0xa0880000, 0xa1060000, 0xa5dd0000)
  eden space 6528K,  87% used [0xa0880000, 0xa0e18b88, 0xa0ee0000)
  from space 768K,  88% used [0xa0ee0000, 0xa0f8a7a8, 0xa0fa0000)
  to   space 768K,   0% used [0xa0fa0000, 0xa0fa0000, 0xa1060000)
 tenured generation   total 16016K, used 10312K [0xa5dd0000, 0xa6d74000, 0xb0880000)
   the space 16016K,  64% used [0xa5dd0000, 0xa67e2218, 0xa67e2400, 0xa6d74000)
 compacting perm gen  total 12288K, used 4745K [0xb0880000, 0xb1480000, 0xb4880000)
   the space 12288K,  38% used [0xb0880000, 0xb0d227b0, 0xb0d22800, 0xb1480000)
No shared spaces configured.

Card table byte_map: [0xa07df000,0xa0880000] byte_map_base: 0xa02dac00

Polling page: 0xb76ee000

Code Cache  [0xb4900000, 0xb4aa8000, 0xb6900000)
 total_blobs=841 nmethods=694 adapters=83 free_code_cache=31095Kb largest_free_block=31841216

Compilation events (10 events):
Event: 2,958 Thread 0xb696d400  690             java.util.regex.Pattern$Begin::match (62 bytes)
Event: 2,959 Thread 0xb696d400 nmethod 690 0xb4aa0048 code [0xb4aa0150, 0xb4aa029c]
Event: 2,962 Thread 0xb696d400  691  s          java.util.Vector::indexOf (67 bytes)
Event: 2,962 Thread 0xb696d400 nmethod 691 0xb4aa03c8 code [0xb4aa0500, 0xb4aa081c]
Event: 2,964 Thread 0xb696d400  692             java.net.URL::getQuery (5 bytes)
Event: 2,965 Thread 0xb696d400 nmethod 692 0xb4aa0a08 code [0xb4aa0b00, 0xb4aa0b80]
Event: 2,965 Thread 0xb696d400  693             org.apache.maven.model.io.xpp3.MavenXpp3Reader::parsePluginManagement (218 bytes)
Event: 2,967 Thread 0xb696d400 nmethod 693 0xb4aa0bc8 code [0xb4aa0eb0, 0xb4aa1818]
Event: 2,969 Thread 0xb696d400  694             java.nio.Buffer::remaining (10 bytes)
Event: 2,969 Thread 0xb696d400 nmethod 694 0xb4aa2288 code [0xb4aa2380, 0xb4aa2400]

GC Heap History (10 events):
Event: 2,478 GC heap before
{Heap before GC invocations=21 (full 0):
 def new generation   total 4928K, used 4796K [0xa0880000, 0xa0dd0000, 0xa5dd0000)
  eden space 4416K, 100% used [0xa0880000, 0xa0cd0000, 0xa0cd0000)
  from space 512K,  74% used [0xa0d50000, 0xa0daf200, 0xa0dd0000)
  to   space 512K,   0% used [0xa0cd0000, 0xa0cd0000, 0xa0d50000)
 tenured generation   total 10944K, used 10725K [0xa5dd0000, 0xa6880000, 0xb0880000)
   the space 10944K,  98% used [0xa5dd0000, 0xa6849768, 0xa6849800, 0xa6880000)
 compacting perm gen  total 12288K, used 4628K [0xb0880000, 0xb1480000, 0xb4880000)
   the space 12288K,  37% used [0xb0880000, 0xb0d051b8, 0xb0d05200, 0xb1480000)
No shared spaces configured.
Event: 2,558 GC heap after
Heap after GC invocations=22 (full 1):
 def new generation   total 7296K, used 0K [0xa0880000, 0xa1060000, 0xa5dd0000)
  eden space 6528K,   0% used [0xa0880000, 0xa0880000, 0xa0ee0000)
  from space 768K,   0% used [0xa0ee0000, 0xa0ee0000, 0xa0fa0000)
  to   space 768K,   0% used [0xa0fa0000, 0xa0fa0000, 0xa1060000)
 tenured generation   total 16016K, used 9609K [0xa5dd0000, 0xa6d74000, 0xb0880000)
   the space 16016K,  59% used [0xa5dd0000, 0xa6732408, 0xa6732600, 0xa6d74000)
 compacting perm gen  total 12288K, used 4628K [0xb0880000, 0xb1480000, 0xb4880000)
   the space 12288K,  37% used [0xb0880000, 0xb0d051b8, 0xb0d05200, 0xb1480000)
No shared spaces configured.
}
Event: 2,649 GC heap before
{Heap before GC invocations=22 (full 1):
 def new generation   total 7296K, used 6528K [0xa0880000, 0xa1060000, 0xa5dd0000)
  eden space 6528K, 100% used [0xa0880000, 0xa0ee0000, 0xa0ee0000)
  from space 768K,   0% used [0xa0ee0000, 0xa0ee0000, 0xa0fa0000)
  to   space 768K,   0% used [0xa0fa0000, 0xa0fa0000, 0xa1060000)
 tenured generation   total 16016K, used 9609K [0xa5dd0000, 0xa6d74000, 0xb0880000)
   the space 16016K,  59% used [0xa5dd0000, 0xa6732408, 0xa6732600, 0xa6d74000)
 compacting perm gen  total 12288K, used 4640K [0xb0880000, 0xb1480000, 0xb4880000)
   the space 12288K,  37% used [0xb0880000, 0xb0d08188, 0xb0d08200, 0xb1480000)
No shared spaces configured.
Event: 2,654 GC heap after
Heap after GC invocations=23 (full 1):
 def new generation   total 7296K, used 671K [0xa0880000, 0xa1060000, 0xa5dd0000)
  eden space 6528K,   0% used [0xa0880000, 0xa0880000, 0xa0ee0000)
  from space 768K,  87% used [0xa0fa0000, 0xa1047f78, 0xa1060000)
  to   space 768K,   0% used [0xa0ee0000, 0xa0ee0000, 0xa0fa0000)
 tenured generation   total 16016K, used 9609K [0xa5dd0000, 0xa6d74000, 0xb0880000)
   the space 16016K,  59% used [0xa5dd0000, 0xa6732408, 0xa6732600, 0xa6d74000)
 compacting perm gen  total 12288K, used 4640K [0xb0880000, 0xb1480000, 0xb4880000)
   the space 12288K,  37% used [0xb0880000, 0xb0d08188, 0xb0d08200, 0xb1480000)
No shared spaces configured.
}
Event: 2,712 GC heap before
{Heap before GC invocations=23 (full 1):
 def new generation   total 7296K, used 7199K [0xa0880000, 0xa1060000, 0xa5dd0000)
  eden space 6528K, 100% used [0xa0880000, 0xa0ee0000, 0xa0ee0000)
  from space 768K,  87% used [0xa0fa0000, 0xa1047f78, 0xa1060000)
  to   space 768K,   0% used [0xa0ee0000, 0xa0ee0000, 0xa0fa0000)
 tenured generation   total 16016K, used 9609K [0xa5dd0000, 0xa6d74000, 0xb0880000)
   the space 16016K,  59% used [0xa5dd0000, 0xa6732408, 0xa6732600, 0xa6d74000)
 compacting perm gen  total 12288K, used 4640K [0xb0880000, 0xb1480000, 0xb4880000)
   the space 12288K,  37% used [0xb0880000, 0xb0d08188, 0xb0d08200, 0xb1480000)
No shared spaces configured.
Event: 2,716 GC heap after
Heap after GC invocations=24 (full 1):
 def new generation   total 7296K, used 352K [0xa0880000, 0xa1060000, 0xa5dd0000)
  eden space 6528K,   0% used [0xa0880000, 0xa0880000, 0xa0ee0000)
  from space 768K,  45% used [0xa0ee0000, 0xa0f382d0, 0xa0fa0000)
  to   space 768K,   0% used [0xa0fa0000, 0xa0fa0000, 0xa1060000)
 tenured generation   total 16016K, used 10165K [0xa5dd0000, 0xa6d74000, 0xb0880000)
   the space 16016K,  63% used [0xa5dd0000, 0xa67bd538, 0xa67bd600, 0xa6d74000)
 compacting perm gen  total 12288K, used 4640K [0xb0880000, 0xb1480000, 0xb4880000)
   the space 12288K,  37% used [0xb0880000, 0xb0d08188, 0xb0d08200, 0xb1480000)
No shared spaces configured.
}
Event: 2,805 GC heap before
{Heap before GC invocations=24 (full 1):
 def new generation   total 7296K, used 6865K [0xa0880000, 0xa1060000, 0xa5dd0000)
  eden space 6528K,  99% used [0xa0880000, 0xa0edc1e8, 0xa0ee0000)
  from space 768K,  45% used [0xa0ee0000, 0xa0f382d0, 0xa0fa0000)
  to   space 768K,   0% used [0xa0fa0000, 0xa0fa0000, 0xa1060000)
 tenured generation   total 16016K, used 10165K [0xa5dd0000, 0xa6d74000, 0xb0880000)
   the space 16016K,  63% used [0xa5dd0000, 0xa67bd538, 0xa67bd600, 0xa6d74000)
 compacting perm gen  total 12288K, used 4745K [0xb0880000, 0xb1480000, 0xb4880000)
   the space 12288K,  38% used [0xb0880000, 0xb0d227b0, 0xb0d22800, 0xb1480000)
No shared spaces configured.
Event: 2,808 GC heap after
Heap after GC invocations=25 (full 1):
 def new generation   total 7296K, used 520K [0xa0880000, 0xa1060000, 0xa5dd0000)
  eden space 6528K,   0% used [0xa0880000, 0xa0880000, 0xa0ee0000)
  from space 768K,  67% used [0xa0fa0000, 0xa1022148, 0xa1060000)
  to   space 768K,   0% used [0xa0ee0000, 0xa0ee0000, 0xa0fa0000)
 tenured generation   total 16016K, used 10165K [0xa5dd0000, 0xa6d74000, 0xb0880000)
   the space 16016K,  63% used [0xa5dd0000, 0xa67bd538, 0xa67bd600, 0xa6d74000)
 compacting perm gen  total 12288K, used 4745K [0xb0880000, 0xb1480000, 0xb4880000)
   the space 12288K,  38% used [0xb0880000, 0xb0d227b0, 0xb0d22800, 0xb1480000)
No shared spaces configured.
}
Event: 2,888 GC heap before
{Heap before GC invocations=25 (full 1):
 def new generation   total 7296K, used 7044K [0xa0880000, 0xa1060000, 0xa5dd0000)
  eden space 6528K,  99% used [0xa0880000, 0xa0edf098, 0xa0ee0000)
  from space 768K,  67% used [0xa0fa0000, 0xa1022148, 0xa1060000)
  to   space 768K,   0% used [0xa0ee0000, 0xa0ee0000, 0xa0fa0000)
 tenured generation   total 16016K, used 10165K [0xa5dd0000, 0xa6d74000, 0xb0880000)
   the space 16016K,  63% used [0xa5dd0000, 0xa67bd538, 0xa67bd600, 0xa6d74000)
 compacting perm gen  total 12288K, used 4745K [0xb0880000, 0xb1480000, 0xb4880000)
   the space 12288K,  38% used [0xb0880000, 0xb0d227b0, 0xb0d22800, 0xb1480000)
No shared spaces configured.
Event: 2,893 GC heap after
Heap after GC invocations=26 (full 1):
 def new generation   total 7296K, used 681K [0xa0880000, 0xa1060000, 0xa5dd0000)
  eden space 6528K,   0% used [0xa0880000, 0xa0880000, 0xa0ee0000)
  from space 768K,  88% used [0xa0ee0000, 0xa0f8a7a8, 0xa0fa0000)
  to   space 768K,   0% used [0xa0fa0000, 0xa0fa0000, 0xa1060000)
 tenured generation   total 16016K, used 10312K [0xa5dd0000, 0xa6d74000, 0xb0880000)
   the space 16016K,  64% used [0xa5dd0000, 0xa67e2218, 0xa67e2400, 0xa6d74000)
 compacting perm gen  total 12288K, used 4745K [0xb0880000, 0xb1480000, 0xb4880000)
   the space 12288K,  38% used [0xb0880000, 0xb0d227b0, 0xb0d22800, 0xb1480000)
No shared spaces configured.
}

Deoptimization events (0 events):
No events

Internal exceptions (10 events):
Event: 2,968 Thread 0xb6907400 Threw 0xa0dc4d68 at /HUDSON/workspace/jdk7u40-2-build-linux-i586-product/jdk7u40/hotspot/src/share/vm/prims/jvm.cpp:1244
Event: 2,968 Thread 0xb6907400 Threw 0xa0dc5a78 at /HUDSON/workspace/jdk7u40-2-build-linux-i586-product/jdk7u40/hotspot/src/share/vm/prims/jvm.cpp:1244
Event: 2,968 Thread 0xb6907400 Threw 0xa0dc6198 at /HUDSON/workspace/jdk7u40-2-build-linux-i586-product/jdk7u40/hotspot/src/share/vm/prims/jvm.cpp:1244
Event: 2,968 Thread 0xb6907400 Threw 0xa0dc7438 at /HUDSON/workspace/jdk7u40-2-build-linux-i586-product/jdk7u40/hotspot/src/share/vm/prims/jvm.cpp:1244
Event: 2,968 Thread 0xb6907400 Threw 0xa0dc7b78 at /HUDSON/workspace/jdk7u40-2-build-linux-i586-product/jdk7u40/hotspot/src/share/vm/prims/jvm.cpp:1244
Event: 2,968 Thread 0xb6907400 Threw 0xa0dc88b0 at /HUDSON/workspace/jdk7u40-2-build-linux-i586-product/jdk7u40/hotspot/src/share/vm/prims/jvm.cpp:1244
Event: 2,968 Thread 0xb6907400 Threw 0xa0dc9028 at /HUDSON/workspace/jdk7u40-2-build-linux-i586-product/jdk7u40/hotspot/src/share/vm/prims/jvm.cpp:1244
Event: 2,968 Thread 0xb6907400 Threw 0xa0dc9d30 at /HUDSON/workspace/jdk7u40-2-build-linux-i586-product/jdk7u40/hotspot/src/share/vm/prims/jvm.cpp:1244
Event: 2,968 Thread 0xb6907400 Threw 0xa0dca470 at /HUDSON/workspace/jdk7u40-2-build-linux-i586-product/jdk7u40/hotspot/src/share/vm/prims/jvm.cpp:1244
Event: 2,971 Thread 0xb6907400 Threw 0xa0e13748 at /HUDSON/workspace/jdk7u40-2-build-linux-i586-product/jdk7u40/hotspot/src/share/vm/prims/jvm.cpp:1244

Events (10 events):
Event: 2,968 loading class 0x9fc7b958
Event: 2,968 loading class 0x9fc7b958 done
Event: 2,968 loading class 0x9fc7c0f8
Event: 2,968 loading class 0x9fc7c0f8 done
Event: 2,968 loading class 0x9fc865d8
Event: 2,968 loading class 0x9fc865d8 done
Event: 2,968 loading class 0x9fc7bfa8
Event: 2,968 loading class 0x9fc7bfa8 done
Event: 2,971 loading class 0x9fc70f00
Event: 2,971 loading class 0x9fc70f00 done


Dynamic libraries:
08048000-08049000 r-xp 00000000 08:04 1717000    /usr/local/java/jdk1.7.0_40/bin/java
08049000-0804a000 rw-p 00000000 08:04 1717000    /usr/local/java/jdk1.7.0_40/bin/java
09fc5000-09fe6000 rw-p 00000000 00:00 0          [heap]
9f818000-9f900000 rw-p 00000000 00:00 0 
9f900000-9f982000 rw-p 00000000 00:00 0 
9f982000-9fa00000 ---p 00000000 00:00 0 
9fa00000-9faf9000 rw-p 00000000 00:00 0 
9faf9000-9fb00000 ---p 00000000 00:00 0 
9fbaf000-9fbb2000 ---p 00000000 00:00 0 
9fbb2000-9fc00000 rw-p 00000000 00:00 0          [stack:5798]
9fc00000-9fce3000 rw-p 00000000 00:00 0 
9fce3000-9fd00000 ---p 00000000 00:00 0 
9fd30000-9fd33000 ---p 00000000 00:00 0 
9fd33000-9fd81000 rw-p 00000000 00:00 0          [stack:5797]
9fd81000-9fd84000 ---p 00000000 00:00 0 
9fd84000-9fdd2000 rw-p 00000000 00:00 0          [stack:5796]
9fdd2000-9fdd5000 ---p 00000000 00:00 0 
9fdd5000-9fde9000 rw-p 00000000 00:00 0          [stack:5794]
9fde9000-9fdfd000 r-xp 00000000 08:04 1717553    /usr/local/java/jdk1.7.0_40/jre/lib/i386/libnet.so
9fdfd000-9fdfe000 rw-p 00014000 08:04 1717553    /usr/local/java/jdk1.7.0_40/jre/lib/i386/libnet.so
9fdfe000-9fdff000 ---p 00000000 00:00 0 
9fdff000-9fe7f000 rw-p 00000000 00:00 0          [stack:5792]
9fe7f000-9fe82000 ---p 00000000 00:00 0 
9fe82000-9ff00000 rw-p 00000000 00:00 0          [stack:5790]
9ff00000-a0100000 r--p 00000000 08:04 1449933    /usr/lib/locale/locale-archive
a0100000-a0121000 rw-p 00000000 00:00 0 
a0121000-a0200000 ---p 00000000 00:00 0 
a0207000-a0208000 rw-p 00000000 00:00 0 
a0208000-a020d000 r--s 00039000 08:04 4854508    /home/guilherme/.m2/repository/org/codehaus/plexus/plexus-utils/1.5.6/plexus-utils-1.5.6.jar
a020d000-a0210000 ---p 00000000 00:00 0 
a0210000-a025e000 rw-p 00000000 00:00 0          [stack:5791]
a025e000-a0261000 ---p 00000000 00:00 0 
a0261000-a02af000 rw-p 00000000 00:00 0          [stack:5789]
a02af000-a02b2000 ---p 00000000 00:00 0 
a02b2000-a0300000 rw-p 00000000 00:00 0          [stack:5788]
a0300000-a0400000 rw-p 00000000 00:00 0 
a0400000-a0402000 r--s 0000b000 08:04 5376409    /home/guilherme/.m2/repository/org/codehaus/plexus/plexus-interpolation/1.6/plexus-interpolation-1.6.jar
a0402000-a0404000 r--s 00007000 08:04 4854509    /home/guilherme/.m2/repository/org/apache/maven/shared/maven-filtering/1.0-beta-2/maven-filtering-1.0-beta-2.jar
a0404000-a0408000 r--s 0002f000 08:04 4338695    /home/guilherme/.m2/repository/org/apache/maven/plugins/maven-assembly-plugin/2.2-beta-4/maven-assembly-plugin-2.2-beta-4.jar
a0408000-a040b000 r--s 0001e000 08:04 4196895    /home/guilherme/.m2/repository/org/apache/maven/plugins/maven-dependency-plugin/2.4/maven-dependency-plugin-2.4.jar
a040b000-a0433000 r--s 001f4000 08:04 1573851    /usr/share/maven2/lib/maven-debian-uber.jar
a0433000-a0436000 ---p 00000000 00:00 0 
a0436000-a0484000 rw-p 00000000 00:00 0          [stack:5787]
a0484000-a0485000 ---p 00000000 00:00 0 
a0485000-a0550000 rw-p 00000000 00:00 0          [stack:5786]
a0550000-a070d000 r--s 039d3000 08:04 1717013    /usr/local/java/jdk1.7.0_40/jre/lib/rt.jar
a070d000-a076f000 rw-p 00000000 00:00 0 
a076f000-a0789000 rw-p 00000000 00:00 0 
a0789000-a0791000 rw-p 00000000 00:00 0 
a0791000-a07df000 rw-p 00000000 00:00 0 
a07df000-a07e3000 rw-p 00000000 00:00 0 
a07e3000-a0809000 rw-p 00000000 00:00 0 
a0809000-a0812000 rw-p 00000000 00:00 0 
a0812000-a085f000 rw-p 00000000 00:00 0 
a085f000-a0865000 rw-p 00000000 00:00 0 
a0865000-a087f000 rw-p 00000000 00:00 0 
a087f000-a1060000 rw-p 00000000 00:00 0 
a1060000-a5dd0000 rw-p 00000000 00:00 0 
a5dd0000-a6d74000 rw-p 00000000 00:00 0 
a6d74000-b0880000 rw-p 00000000 00:00 0 
b0880000-b1480000 rw-p 00000000 00:00 0 
b1480000-b4880000 rw-p 00000000 00:00 0 
b4880000-b4887000 rw-p 00000000 00:00 0 
b4887000-b4900000 rw-p 00000000 00:00 0 
b4900000-b4aa8000 rwxp 00000000 00:00 0 
b4aa8000-b69fc000 rw-p 00000000 00:00 0 
b69fc000-b6a00000 ---p 00000000 00:00 0 
b6a00000-b6a01000 rw-p 00000000 00:00 0 
b6a01000-b6a03000 r--s 00007000 08:04 4335231    /home/guilherme/.m2/repository/org/apache/maven/plugins/maven-jar-plugin/2.4/maven-jar-plugin-2.4.jar
b6a03000-b6a05000 r--s 00006000 08:04 4203254    /home/guilherme/.m2/repository/org/apache/maven/plugins/maven-surefire-plugin/2.10/maven-surefire-plugin-2.10.jar
b6a05000-b6a1c000 r-xp 00000000 08:04 1717575    /usr/local/java/jdk1.7.0_40/jre/lib/i386/libzip.so
b6a1c000-b6a1d000 rw-p 00017000 08:04 1717575    /usr/local/java/jdk1.7.0_40/jre/lib/i386/libzip.so
b6a1d000-b6a28000 r-xp 00000000 08:04 2496922    /lib/i386-linux-gnu/libnss_files-2.17.so
b6a28000-b6a29000 r--p 0000a000 08:04 2496922    /lib/i386-linux-gnu/libnss_files-2.17.so
b6a29000-b6a2a000 rw-p 0000b000 08:04 2496922    /lib/i386-linux-gnu/libnss_files-2.17.so
b6a2a000-b6a34000 r-xp 00000000 08:04 2496918    /lib/i386-linux-gnu/libnss_nis-2.17.so
b6a34000-b6a35000 r--p 00009000 08:04 2496918    /lib/i386-linux-gnu/libnss_nis-2.17.so
b6a35000-b6a36000 rw-p 0000a000 08:04 2496918    /lib/i386-linux-gnu/libnss_nis-2.17.so
b6a36000-b6a4b000 r-xp 00000000 08:04 2495691    /lib/i386-linux-gnu/libnsl-2.17.so
b6a4b000-b6a4c000 r--p 00014000 08:04 2495691    /lib/i386-linux-gnu/libnsl-2.17.so
b6a4c000-b6a4d000 rw-p 00015000 08:04 2495691    /lib/i386-linux-gnu/libnsl-2.17.so
b6a4d000-b6a50000 rw-p 00000000 00:00 0 
b6a50000-b6a51000 r--s 00004000 08:04 4203245    /home/guilherme/.m2/repository/org/apache/maven/plugins/maven-compiler-plugin/2.0.2/maven-compiler-plugin-2.0.2.jar
b6a51000-b6a55000 r--s 0008a000 08:04 1717584    /usr/local/java/jdk1.7.0_40/jre/lib/jsse.jar
b6a55000-b6a63000 r-xp 00000000 08:04 1717562    /usr/local/java/jdk1.7.0_40/jre/lib/i386/libnio.so
b6a63000-b6a64000 rw-p 0000e000 08:04 1717562    /usr/local/java/jdk1.7.0_40/jre/lib/i386/libnio.so
b6a64000-b6a6c000 rw-s 00000000 08:04 5769823    /tmp/hsperfdata_guilherme/5783
b6a6c000-b6a8f000 r-xp 00000000 08:04 1717538    /usr/local/java/jdk1.7.0_40/jre/lib/i386/libjava.so
b6a8f000-b6a90000 rw-p 00022000 08:04 1717538    /usr/local/java/jdk1.7.0_40/jre/lib/i386/libjava.so
b6a90000-b6a97000 r-xp 00000000 08:04 2491415    /lib/i386-linux-gnu/librt-2.17.so
b6a97000-b6a98000 r--p 00006000 08:04 2491415    /lib/i386-linux-gnu/librt-2.17.so
b6a98000-b6a99000 rw-p 00007000 08:04 2491415    /lib/i386-linux-gnu/librt-2.17.so
b6a99000-b6a9c000 ---p 00000000 00:00 0 
b6a9c000-b6aea000 rw-p 00000000 00:00 0          [stack:5785]
b6aea000-b6b2b000 r-xp 00000000 08:04 2496916    /lib/i386-linux-gnu/libm-2.17.so
b6b2b000-b6b2c000 r--p 00040000 08:04 2496916    /lib/i386-linux-gnu/libm-2.17.so
b6b2c000-b6b2d000 rw-p 00041000 08:04 2496916    /lib/i386-linux-gnu/libm-2.17.so
b6b2d000-b70b3000 r-xp 00000000 08:04 1717533    /usr/local/java/jdk1.7.0_40/jre/lib/i386/client/libjvm.so
b70b3000-b70d4000 rw-p 00586000 08:04 1717533    /usr/local/java/jdk1.7.0_40/jre/lib/i386/client/libjvm.so
b70d4000-b74f5000 rw-p 00000000 00:00 0 
b74f5000-b76a3000 r-xp 00000000 08:04 2495698    /lib/i386-linux-gnu/libc-2.17.so
b76a3000-b76a5000 r--p 001ae000 08:04 2495698    /lib/i386-linux-gnu/libc-2.17.so
b76a5000-b76a6000 rw-p 001b0000 08:04 2495698    /lib/i386-linux-gnu/libc-2.17.so
b76a6000-b76a9000 rw-p 00000000 00:00 0 
b76a9000-b76ac000 r-xp 00000000 08:04 2495699    /lib/i386-linux-gnu/libdl-2.17.so
b76ac000-b76ad000 r--p 00002000 08:04 2495699    /lib/i386-linux-gnu/libdl-2.17.so
b76ad000-b76ae000 rw-p 00003000 08:04 2495699    /lib/i386-linux-gnu/libdl-2.17.so
b76ae000-b76af000 rw-p 00000000 00:00 0 
b76af000-b76c2000 r-xp 00000000 08:04 1717542    /usr/local/java/jdk1.7.0_40/jre/lib/i386/jli/libjli.so
b76c2000-b76c3000 rw-p 00012000 08:04 1717542    /usr/local/java/jdk1.7.0_40/jre/lib/i386/jli/libjli.so
b76c3000-b76da000 r-xp 00000000 08:04 2496915    /lib/i386-linux-gnu/libpthread-2.17.so
b76da000-b76db000 r--p 00016000 08:04 2496915    /lib/i386-linux-gnu/libpthread-2.17.so
b76db000-b76dc000 rw-p 00017000 08:04 2496915    /lib/i386-linux-gnu/libpthread-2.17.so
b76dc000-b76de000 rw-p 00000000 00:00 0 
b76de000-b76e0000 r--s 00004000 08:04 4202766    /home/guilherme/.m2/repository/org/apache/maven/plugins/maven-resources-plugin/2.3/maven-resources-plugin-2.3.jar
b76e0000-b76e1000 r--p 00000000 00:00 0 
b76e1000-b76e3000 r--s 00008000 08:04 1850180    /usr/share/java/classworlds-1.1.jar
b76e3000-b76e4000 r--p 005e0000 08:04 1449933    /usr/lib/locale/locale-archive
b76e4000-b76eb000 r-xp 00000000 08:04 2495701    /lib/i386-linux-gnu/libnss_compat-2.17.so
b76eb000-b76ec000 r--p 00006000 08:04 2495701    /lib/i386-linux-gnu/libnss_compat-2.17.so
b76ec000-b76ed000 rw-p 00007000 08:04 2495701    /lib/i386-linux-gnu/libnss_compat-2.17.so
b76ed000-b76ee000 rw-p 00000000 00:00 0 
b76ee000-b76ef000 r--p 00000000 00:00 0 
b76ef000-b76fa000 r-xp 00000000 08:04 1717520    /usr/local/java/jdk1.7.0_40/jre/lib/i386/libverify.so
b76fa000-b76fb000 rw-p 0000b000 08:04 1717520    /usr/local/java/jdk1.7.0_40/jre/lib/i386/libverify.so
b76fb000-b76fd000 rw-p 00000000 00:00 0 
b76fd000-b76fe000 r-xp 00000000 00:00 0          [vdso]
b76fe000-b771e000 r-xp 00000000 08:04 2495694    /lib/i386-linux-gnu/ld-2.17.so
b771e000-b771f000 r--p 0001f000 08:04 2495694    /lib/i386-linux-gnu/ld-2.17.so
b771f000-b7720000 rw-p 00020000 08:04 2495694    /lib/i386-linux-gnu/ld-2.17.so
bfcb6000-bfcd8000 rw-p 00000000 00:00 0          [stack]

VM Arguments:
jvm_args: -Dclassworlds.conf=/usr/share/maven2/bin/m2.conf -Dmaven.home=/usr/share/maven2 
java_command: org.codehaus.classworlds.Launcher "package"
Launcher Type: SUN_STANDARD

Environment Variables:
JAVA_HOME=/usr/local/java/jdk1.7.0_40
JRE_HOME=/usr/local/java/jre1.7.0_40
PATH=/opt/SenchaSDKTools-2.0.0-beta3:/home/guilherme/bin/Sencha/Cmd/4.0.0.203:/usr/local/heroku/bin:/opt/SenchaSDKTools-2.0.0-beta3:/home/guilherme/bin/Sencha/Cmd/4.0.0.203:/home/guilherme/bin:/usr/lib/lightdm/lightdm:/usr/local/sbin:/usr/local/bin:/usr/sbin:/usr/bin:/sbin:/bin:/usr/games:/usr/local/games:/home/guilherme/bin:/usr/local/java/jdk1.7.0_40/bin:/home/guilherme/bin:/usr/local/java/jre1.7.0_40/bin
SHELL=/bin/bash
DISPLAY=:0

Signal Handlers:
SIGSEGV: [libjvm.so+0x503d90], sa_mask[0]=0x7ffbfeff, sa_flags=0x10000004
SIGBUS: [libjvm.so+0x503d90], sa_mask[0]=0x7ffbfeff, sa_flags=0x10000004
SIGFPE: [libjvm.so+0x3fbe80], sa_mask[0]=0x7ffbfeff, sa_flags=0x10000004
SIGPIPE: [libjvm.so+0x3fbe80], sa_mask[0]=0x7ffbfeff, sa_flags=0x10000004
SIGXFSZ: [libjvm.so+0x3fbe80], sa_mask[0]=0x7ffbfeff, sa_flags=0x10000004
SIGILL: [libjvm.so+0x3fbe80], sa_mask[0]=0x7ffbfeff, sa_flags=0x10000004
SIGUSR1: SIG_DFL, sa_mask[0]=0x00000000, sa_flags=0x00000000
SIGUSR2: [libjvm.so+0x3fd370], sa_mask[0]=0x00000000, sa_flags=0x10000004
SIGHUP: [libjvm.so+0x3fe4c0], sa_mask[0]=0x7ffbfeff, sa_flags=0x10000004
SIGINT: [libjvm.so+0x3fe4c0], sa_mask[0]=0x7ffbfeff, sa_flags=0x10000004
SIGTERM: [libjvm.so+0x3fe4c0], sa_mask[0]=0x7ffbfeff, sa_flags=0x10000004
SIGQUIT: [libjvm.so+0x3fe4c0], sa_mask[0]=0x7ffbfeff, sa_flags=0x10000004


---------------  S Y S T E M  ---------------

OS:wheezy/sid

uname:Linux 3.11.0-15-generic #23-Ubuntu SMP Mon Dec 9 18:16:27 UTC 2013 i686
libc:glibc 2.17 NPTL 2.17 
rlimit: STACK 8192k, CORE 0k, NPROC 24094, NOFILE 4096, AS infinity
load average:3,64 2,61 2,24

/proc/meminfo:
MemTotal:        3101640 kB
MemFree:         1597864 kB
Buffers:           54784 kB
Cached:           391004 kB
SwapCached:            0 kB
Active:          1092008 kB
Inactive:         312300 kB
Active(anon):     958872 kB
Inactive(anon):    42300 kB
Active(file):     133136 kB
Inactive(file):   270000 kB
Unevictable:          48 kB
Mlocked:              48 kB
HighTotal:       2231176 kB
HighFree:         852792 kB
LowTotal:         870464 kB
LowFree:          745072 kB
SwapTotal:       1999868 kB
SwapFree:        1999868 kB
Dirty:               144 kB
Writeback:             0 kB
AnonPages:        958576 kB
Mapped:           215952 kB
Shmem:             42656 kB
Slab:              38172 kB
SReclaimable:      17656 kB
SUnreclaim:        20516 kB
KernelStack:        4248 kB
PageTables:        14520 kB
NFS_Unstable:          0 kB
Bounce:                0 kB
WritebackTmp:          0 kB
CommitLimit:     3550688 kB
Committed_AS:    4474288 kB
VmallocTotal:     122880 kB
VmallocUsed:       47844 kB
VmallocChunk:      69396 kB
HardwareCorrupted:     0 kB
AnonHugePages:         0 kB
HugePages_Total:       0
HugePages_Free:        0
HugePages_Rsvd:        0
HugePages_Surp:        0
Hugepagesize:       2048 kB
DirectMap4k:       65528 kB
DirectMap2M:      847872 kB


CPU:total 2 (2 cores per cpu, 1 threads per core) family 15 model 6 stepping 5, cmov, cx8, fxsr, mmx, sse, sse2, sse3, tsc

/proc/cpuinfo:
processor	: 0
vendor_id	: GenuineIntel
cpu family	: 15
model		: 6
model name	: Intel(R) Pentium(R) D CPU 3.20GHz
stepping	: 5
microcode	: 0xb
cpu MHz		: 3200.000
cache size	: 2048 KB
physical id	: 0
siblings	: 2
core id		: 0
cpu cores	: 2
apicid		: 0
initial apicid	: 0
fdiv_bug	: no
f00f_bug	: no
coma_bug	: no
fpu		: yes
fpu_exception	: yes
cpuid level	: 6
wp		: yes
flags		: fpu vme de pse tsc msr pae mce cx8 apic sep mtrr pge mca cmov pat pse36 clflush dts acpi mmx fxsr sse sse2 ss ht tm pbe nx lm constant_tsc pebs bts pni dtes64 monitor ds_cpl est cid cx16 xtpr pdcm lahf_lm
bogomips	: 6399.59
clflush size	: 64
cache_alignment	: 128
address sizes	: 36 bits physical, 48 bits virtual
power management:

processor	: 1
vendor_id	: GenuineIntel
cpu family	: 15
model		: 6
model name	: Intel(R) Pentium(R) D CPU 3.20GHz
stepping	: 5
microcode	: 0xb
cpu MHz		: 3200.000
cache size	: 2048 KB
physical id	: 0
siblings	: 2
core id		: 1
cpu cores	: 2
apicid		: 1
initial apicid	: 1
fdiv_bug	: no
f00f_bug	: no
coma_bug	: no
fpu		: yes
fpu_exception	: yes
cpuid level	: 6
wp		: yes
flags		: fpu vme de pse tsc msr pae mce cx8 apic sep mtrr pge mca cmov pat pse36 clflush dts acpi mmx fxsr sse sse2 ss ht tm pbe nx lm constant_tsc pebs bts pni dtes64 monitor ds_cpl est cid cx16 xtpr pdcm lahf_lm
bogomips	: 6399.59
clflush size	: 64
cache_alignment	: 128
address sizes	: 36 bits physical, 48 bits virtual
power management:



Memory: 4k page, physical 3101640k(1597864k free), swap 1999868k(1999868k free)

vm_info: Java HotSpot(TM) Client VM (24.0-b56) for linux-x86 JRE (1.7.0_40-b43), built on Aug 26 2013 22:05:59 by "java_re" with gcc 4.3.0 20080428 (Red Hat 4.3.0-8)

time: Sun Jan 19 02:16:35 2014
elapsed time: 2 seconds

