#
# A fatal error has been detected by the Java Runtime Environment:
#
#  SIGILL (0x4) at pc=0xb6d82e10, pid=5845, tid=3065244480
#
# JRE version: Java(TM) SE Runtime Environment (7.0_40-b43) (build 1.7.0_40-b43)
# Java VM: Java HotSpot(TM) Client VM (24.0-b56 mixed mode linux-x86 )
# Problematic frame:
# V  [libjvm.so+0x200e10]  Events::log_exception(Thread*, char const*, ...)+0x20
#
# Failed to write core dump. Core dumps have been disabled. To enable core dumping, try "ulimit -c unlimited" before starting Java again
#
# If you would like to submit a bug report, please visit:
#   http://bugreport.sun.com/bugreport/crash.jsp
#

---------------  T H R E A D  ---------------

Current thread (0xb6909400):  JavaThread "main" [_thread_in_vm, id=5846, stack(0xb6aee000,0xb6b3f000)]

siginfo:si_signo=SIGILL: si_errno=0, si_code=2 (ILL_ILLOPN), si_addr=0xb6d82e10

Registers:
EAX=0x00000000, EBX=0xb7116868, ECX=0xb69048a8, EDX=0x00000000
ESP=0xb6b3d2d0, EBP=0xb6b3d2f8, ESI=0xb69048a8, EDI=0xb69050a0
EIP=0xb6d82e10, EFLAGS=0x00010282, CR2=0x00000000

Top of Stack: (sp=0xb6b3d2d0)
0xb6b3d2d0:   b6909400 00000000 355cd91f 3ff511cf
0xb6b3d2e0:   a0766f58 b69048a8 b70da474 b7116868
0xb6b3d2f0:   00000000 b089a738 b6b3d5f8 b6eac80b
0xb6b3d300:   b6909400 b70c7507 a0aba798 b70da474
0xb6b3d310:   000004dc b6b3d53c b6909af8 b6909af8
0xb6b3d320:   52db51c0 b6b3d348 b6909400 b6909aec
0xb6b3d330:   00000000 00000000 b6909af0 b75c0ea5
0xb6b3d340:   00141700 b690ba80 b6b3d65c b490339a 

Instructions: (pc=0xb6d82e10)
0xb6d82df0:   55 89 e5 57 56 53 83 ec 1c e8 00 00 00 00 5b 81
0xb6d82e00:   c3 6a 3a 39 00 8b 83 10 f2 ff ff 80 38 00 75 08
0xb6d82e10:   8d 65 f4 5b 5e 5f 5d c3 8b 83 d4 fa ff ff 8d 7d
0xb6d82e20:   10 8b 30 8b 83 3c ea ff ff 8b 00 85 c0 75 e1 e8 

Register to memory mapping:

EAX=0x00000000 is an unknown value
EBX=0xb7116868: <offset 0x594868> in /usr/local/java/jre1.7.0_40/lib/i386/client/libjvm.so at 0xb6b82000
ECX=0xb69048a8 is an unknown value
EDX=0x00000000 is an unknown value
ESP=0xb6b3d2d0 is pointing into the stack for thread: 0xb6909400
EBP=0xb6b3d2f8 is pointing into the stack for thread: 0xb6909400
ESI=0xb69048a8 is an unknown value
EDI=0xb69050a0 is an unknown value


Stack: [0xb6aee000,0xb6b3f000],  sp=0xb6b3d2d0,  free space=316k
Native frames: (J=compiled Java code, j=interpreted, Vv=VM code, C=native code)
V  [libjvm.so+0x200e10]  Events::log_exception(Thread*, char const*, ...)+0x20
V  [libjvm.so+0x32a80b]  JVM_DoPrivileged+0x4eb
C  [libjava.so+0x9a4a]  Java_java_security_AccessController_doPrivileged__Ljava_security_PrivilegedExceptionAction_2Ljava_security_AccessControlContext_2+0x3a
j  java.security.AccessController.doPrivileged(Ljava/security/PrivilegedExceptionAction;Ljava/security/AccessControlContext;)Ljava/lang/Object;+0
j  java.net.URLClassLoader.findClass(Ljava/lang/String;)Ljava/lang/Class;+13
J  java.lang.ClassLoader.loadClass(Ljava/lang/String;Z)Ljava/lang/Class;
j  java.lang.ClassLoader.loadClass(Ljava/lang/String;)Ljava/lang/Class;+3
v  ~StubRoutines::call_stub
V  [libjvm.so+0x2a7875]  JavaCalls::call_helper(JavaValue*, methodHandle*, JavaCallArguments*, Thread*)+0x315
V  [libjvm.so+0x3fa1e9]  os::os_exception_wrapper(void (*)(JavaValue*, methodHandle*, JavaCallArguments*, Thread*), JavaValue*, methodHandle*, JavaCallArguments*, Thread*)+0x19
V  [libjvm.so+0x2a64ef]  JavaCalls::call(JavaValue*, methodHandle, JavaCallArguments*, Thread*)+0x2f
V  [libjvm.so+0x2a672a]  JavaCalls::call_virtual(JavaValue*, KlassHandle, Symbol*, Symbol*, JavaCallArguments*, Thread*)+0x10a
V  [libjvm.so+0x2a67f5]  JavaCalls::call_virtual(JavaValue*, Handle, KlassHandle, Symbol*, Symbol*, Handle, Thread*)+0x55
V  [libjvm.so+0x49e559]  SystemDictionary::load_instance_class(Symbol*, Handle, Thread*)+0x489
V  [libjvm.so+0x49cc52]  SystemDictionary::resolve_instance_class_or_null(Symbol*, Handle, Handle, Thread*)+0x742
V  [libjvm.so+0x49d0b9]  SystemDictionary::resolve_or_null(Symbol*, Handle, Handle, Thread*)+0x49
V  [libjvm.so+0x49e5d0]  SystemDictionary::resolve_or_fail(Symbol*, Handle, Handle, bool, Thread*)+0x30
V  [libjvm.so+0x1d5cfb]  constantPoolOopDesc::klass_at_impl(constantPoolHandle, int, Thread*)+0x1cb
V  [libjvm.so+0x29fdb7]  InterpreterRuntime::_new(JavaThread*, constantPoolOopDesc*, int)+0x67
j  org.glassfish.jersey.grizzly2.GrizzlyHttpServerFactory._createHttpServer(Ljava/net/URI;Lorg/glassfish/grizzly/http/server/HttpHandler;)Lorg/glassfish/grizzly/http/server/HttpServer;+44
j  org.glassfish.jersey.grizzly2.GrizzlyHttpServerFactory.createHttpServer(Ljava/net/URI;Lorg/glassfish/jersey/server/Application;)Lorg/glassfish/grizzly/http/server/HttpServer;+11
j  br.org.base.server.BarServer.main([Ljava/lang/String;)V+94
v  ~StubRoutines::call_stub
V  [libjvm.so+0x2a7875]  JavaCalls::call_helper(JavaValue*, methodHandle*, JavaCallArguments*, Thread*)+0x315
V  [libjvm.so+0x3fa1e9]  os::os_exception_wrapper(void (*)(JavaValue*, methodHandle*, JavaCallArguments*, Thread*), JavaValue*, methodHandle*, JavaCallArguments*, Thread*)+0x19
V  [libjvm.so+0x2a64ef]  JavaCalls::call(JavaValue*, methodHandle, JavaCallArguments*, Thread*)+0x2f
V  [libjvm.so+0x2e28b2]  jni_invoke_static(JNIEnv_*, JavaValue*, _jobject*, JNICallType, _jmethodID*, JNI_ArgumentPusher*, Thread*)+0x242
V  [libjvm.so+0x2f8ada]  jni_CallStaticVoidMethod+0xca
C  [libjli.so+0x2e8d]  JavaMain+0x8bd
C  [libpthread.so.0+0x6d78]  start_thread+0xd8

Java frames: (J=compiled Java code, j=interpreted, Vv=VM code)
j  java.security.AccessController.doPrivileged(Ljava/security/PrivilegedExceptionAction;Ljava/security/AccessControlContext;)Ljava/lang/Object;+0
j  java.net.URLClassLoader.findClass(Ljava/lang/String;)Ljava/lang/Class;+13
J  java.lang.ClassLoader.loadClass(Ljava/lang/String;Z)Ljava/lang/Class;
J  java.lang.ClassLoader.loadClass(Ljava/lang/String;Z)Ljava/lang/Class;
j  sun.misc.Launcher$AppClassLoader.loadClass(Ljava/lang/String;Z)Ljava/lang/Class;+36
j  java.lang.ClassLoader.loadClass(Ljava/lang/String;)Ljava/lang/Class;+3
v  ~StubRoutines::call_stub
j  org.glassfish.jersey.grizzly2.GrizzlyHttpServerFactory._createHttpServer(Ljava/net/URI;Lorg/glassfish/grizzly/http/server/HttpHandler;)Lorg/glassfish/grizzly/http/server/HttpServer;+44
j  org.glassfish.jersey.grizzly2.GrizzlyHttpServerFactory.createHttpServer(Ljava/net/URI;Lorg/glassfish/jersey/server/Application;)Lorg/glassfish/grizzly/http/server/HttpServer;+11
j  br.org.base.server.BarServer.main([Ljava/lang/String;)V+94
v  ~StubRoutines::call_stub

---------------  P R O C E S S  ---------------

Java Threads: ( => current thread )
  0xb6970000 JavaThread "Service Thread" daemon [_thread_blocked, id=5852, stack(0x9feaf000,0x9ff00000)]
  0xb696e400 JavaThread "C1 CompilerThread0" daemon [_thread_blocked, id=5851, stack(0xa022e000,0xa02af000)]
  0xb696c800 JavaThread "Signal Dispatcher" daemon [_thread_blocked, id=5850, stack(0xa02af000,0xa0300000)]
  0xb695c400 JavaThread "Finalizer" daemon [_thread_blocked, id=5849, stack(0xa0438000,0xa0489000)]
  0xb695ac00 JavaThread "Reference Handler" daemon [_thread_blocked, id=5848, stack(0xa0489000,0xa04da000)]
=>0xb6909400 JavaThread "main" [_thread_in_vm, id=5846, stack(0xb6aee000,0xb6b3f000)]

Other Threads:
  0xb6959400 VMThread [stack: 0xa04da000,0xa055b000] [id=5847]
  0xb6972800 WatcherThread [stack: 0x9fe2e000,0x9feaf000] [id=5853]

VM state:not at safepoint (normal execution)

VM Mutex/Monitor currently owned by a thread: None

Heap
 def new generation   total 4928K, used 2805K [0xa0880000, 0xa0dd0000, 0xa5dd0000)
  eden space 4416K,  51% used [0xa0880000, 0xa0abd4f8, 0xa0cd0000)
  from space 512K,  99% used [0xa0d50000, 0xa0dcff90, 0xa0dd0000)
  to   space 512K,   0% used [0xa0cd0000, 0xa0cd0000, 0xa0d50000)
 tenured generation   total 10944K, used 2510K [0xa5dd0000, 0xa6880000, 0xb0880000)
   the space 10944K,  22% used [0xa5dd0000, 0xa6043b58, 0xa6043c00, 0xa6880000)
 compacting perm gen  total 12288K, used 4430K [0xb0880000, 0xb1480000, 0xb4880000)
   the space 12288K,  36% used [0xb0880000, 0xb0cd3a78, 0xb0cd3c00, 0xb1480000)
No shared spaces configured.

Card table byte_map: [0xa07df000,0xa0880000] byte_map_base: 0xa02dac00

Polling page: 0xb7743000

Code Cache  [0xb4900000, 0xb4a08000, 0xb6900000)
 total_blobs=475 nmethods=339 adapters=73 free_code_cache=31732Kb largest_free_block=32493632

Compilation events (10 events):
Event: 1,277 Thread 0xb696e400 nmethod 336 0xb49faf08 code [0xb49fb000, 0xb49fb080]
Event: 1,286 Thread 0xb696e400  337             sun.misc.URLClassPath$JarLoader::access$500 (5 bytes)
Event: 1,286 Thread 0xb696e400 nmethod 337 0xb49fb0c8 code [0xb49fb1c0, 0xb49fb230]
Event: 1,295 Thread 0xb696e400  338             sun.misc.ASCIICaseInsensitiveComparator::toLower (16 bytes)
Event: 1,296 Thread 0xb696e400 nmethod 338 0xb49fb288 code [0xb49fb380, 0xb49fb410]
Event: 1,296 Thread 0xb696e400  339             sun.misc.ASCIICaseInsensitiveComparator::isUpper (18 bytes)
Event: 1,296 Thread 0xb696e400 nmethod 339 0xb49fb448 code [0xb49fb540, 0xb49fb5d0]
Event: 1,305 Thread 0xb696e400  340             sun.net.www.protocol.file.Handler::parseURL (18 bytes)
Event: 1,306 Thread 0xb696e400 nmethod 340 0xb49fb608 code [0xb49fb710, 0xb49fb7e8]
Event: 1,306 Thread 0xb696e400  341             java.net.URLStreamHandler::parseURL (1158 bytes)

GC Heap History (10 events):
Event: 0,590 GC heap before
{Heap before GC invocations=2 (full 0):
 def new generation   total 4928K, used 4864K [0xa0880000, 0xa0dd0000, 0xa5dd0000)
  eden space 4416K, 100% used [0xa0880000, 0xa0cd0000, 0xa0cd0000)
  from space 512K,  87% used [0xa0cd0000, 0xa0d40050, 0xa0d50000)
  to   space 512K,   0% used [0xa0d50000, 0xa0d50000, 0xa0dd0000)
 tenured generation   total 10944K, used 1046K [0xa5dd0000, 0xa6880000, 0xb0880000)
   the space 10944K,   9% used [0xa5dd0000, 0xa5ed5858, 0xa5ed5a00, 0xa6880000)
 compacting perm gen  total 12288K, used 2879K [0xb0880000, 0xb1480000, 0xb4880000)
   the space 12288K,  23% used [0xb0880000, 0xb0b4ff10, 0xb0b50000, 0xb1480000)
No shared spaces configured.
Event: 0,595 GC heap after
Heap after GC invocations=3 (full 0):
 def new generation   total 4928K, used 511K [0xa0880000, 0xa0dd0000, 0xa5dd0000)
  eden space 4416K,   0% used [0xa0880000, 0xa0880000, 0xa0cd0000)
  from space 512K,  99% used [0xa0d50000, 0xa0dcfff8, 0xa0dd0000)
  to   space 512K,   0% used [0xa0cd0000, 0xa0cd0000, 0xa0d50000)
 tenured generation   total 10944K, used 1178K [0xa5dd0000, 0xa6880000, 0xb0880000)
   the space 10944K,  10% used [0xa5dd0000, 0xa5ef6a20, 0xa5ef6c00, 0xa6880000)
 compacting perm gen  total 12288K, used 2879K [0xb0880000, 0xb1480000, 0xb4880000)
   the space 12288K,  23% used [0xb0880000, 0xb0b4ff10, 0xb0b50000, 0xb1480000)
No shared spaces configured.
}
Event: 0,707 GC heap before
{Heap before GC invocations=3 (full 0):
 def new generation   total 4928K, used 4927K [0xa0880000, 0xa0dd0000, 0xa5dd0000)
  eden space 4416K, 100% used [0xa0880000, 0xa0cd0000, 0xa0cd0000)
  from space 512K,  99% used [0xa0d50000, 0xa0dcfff8, 0xa0dd0000)
  to   space 512K,   0% used [0xa0cd0000, 0xa0cd0000, 0xa0d50000)
 tenured generation   total 10944K, used 1178K [0xa5dd0000, 0xa6880000, 0xb0880000)
   the space 10944K,  10% used [0xa5dd0000, 0xa5ef6a20, 0xa5ef6c00, 0xa6880000)
 compacting perm gen  total 12288K, used 3251K [0xb0880000, 0xb1480000, 0xb4880000)
   the space 12288K,  26% used [0xb0880000, 0xb0bacfc8, 0xb0bad000, 0xb1480000)
No shared spaces configured.
Event: 0,711 GC heap after
Heap after GC invocations=4 (full 0):
 def new generation   total 4928K, used 512K [0xa0880000, 0xa0dd0000, 0xa5dd0000)
  eden space 4416K,   0% used [0xa0880000, 0xa0880000, 0xa0cd0000)
  from space 512K, 100% used [0xa0cd0000, 0xa0d50000, 0xa0d50000)
  to   space 512K,   0% used [0xa0d50000, 0xa0d50000, 0xa0dd0000)
 tenured generation   total 10944K, used 1329K [0xa5dd0000, 0xa6880000, 0xb0880000)
   the space 10944K,  12% used [0xa5dd0000, 0xa5f1c620, 0xa5f1c800, 0xa6880000)
 compacting perm gen  total 12288K, used 3251K [0xb0880000, 0xb1480000, 0xb4880000)
   the space 12288K,  26% used [0xb0880000, 0xb0bacfc8, 0xb0bad000, 0xb1480000)
No shared spaces configured.
}
Event: 0,916 GC heap before
{Heap before GC invocations=4 (full 0):
 def new generation   total 4928K, used 4928K [0xa0880000, 0xa0dd0000, 0xa5dd0000)
  eden space 4416K, 100% used [0xa0880000, 0xa0cd0000, 0xa0cd0000)
  from space 512K, 100% used [0xa0cd0000, 0xa0d50000, 0xa0d50000)
  to   space 512K,   0% used [0xa0d50000, 0xa0d50000, 0xa0dd0000)
 tenured generation   total 10944K, used 1329K [0xa5dd0000, 0xa6880000, 0xb0880000)
   the space 10944K,  12% used [0xa5dd0000, 0xa5f1c620, 0xa5f1c800, 0xa6880000)
 compacting perm gen  total 12288K, used 3641K [0xb0880000, 0xb1480000, 0xb4880000)
   the space 12288K,  29% used [0xb0880000, 0xb0c0e4a0, 0xb0c0e600, 0xb1480000)
No shared spaces configured.
Event: 0,922 GC heap after
Heap after GC invocations=5 (full 0):
 def new generation   total 4928K, used 512K [0xa0880000, 0xa0dd0000, 0xa5dd0000)
  eden space 4416K,   0% used [0xa0880000, 0xa0880000, 0xa0cd0000)
  from space 512K, 100% used [0xa0d50000, 0xa0dd0000, 0xa0dd0000)
  to   space 512K,   0% used [0xa0cd0000, 0xa0cd0000, 0xa0d50000)
 tenured generation   total 10944K, used 1622K [0xa5dd0000, 0xa6880000, 0xb0880000)
   the space 10944K,  14% used [0xa5dd0000, 0xa5f65898, 0xa5f65a00, 0xa6880000)
 compacting perm gen  total 12288K, used 3641K [0xb0880000, 0xb1480000, 0xb4880000)
   the space 12288K,  29% used [0xb0880000, 0xb0c0e4a0, 0xb0c0e600, 0xb1480000)
No shared spaces configured.
}
Event: 1,113 GC heap before
{Heap before GC invocations=5 (full 0):
 def new generation   total 4928K, used 4928K [0xa0880000, 0xa0dd0000, 0xa5dd0000)
  eden space 4416K, 100% used [0xa0880000, 0xa0cd0000, 0xa0cd0000)
  from space 512K, 100% used [0xa0d50000, 0xa0dd0000, 0xa0dd0000)
  to   space 512K,   0% used [0xa0cd0000, 0xa0cd0000, 0xa0d50000)
 tenured generation   total 10944K, used 1622K [0xa5dd0000, 0xa6880000, 0xb0880000)
   the space 10944K,  14% used [0xa5dd0000, 0xa5f65898, 0xa5f65a00, 0xa6880000)
 compacting perm gen  total 12288K, used 3989K [0xb0880000, 0xb1480000, 0xb4880000)
   the space 12288K,  32% used [0xb0880000, 0xb0c654e0, 0xb0c65600, 0xb1480000)
No shared spaces configured.
Event: 1,120 GC heap after
Heap after GC invocations=6 (full 0):
 def new generation   total 4928K, used 512K [0xa0880000, 0xa0dd0000, 0xa5dd0000)
  eden space 4416K,   0% used [0xa0880000, 0xa0880000, 0xa0cd0000)
  from space 512K, 100% used [0xa0cd0000, 0xa0d50000, 0xa0d50000)
  to   space 512K,   0% used [0xa0d50000, 0xa0d50000, 0xa0dd0000)
 tenured generation   total 10944K, used 2136K [0xa5dd0000, 0xa6880000, 0xb0880000)
   the space 10944K,  19% used [0xa5dd0000, 0xa5fe6100, 0xa5fe6200, 0xa6880000)
 compacting perm gen  total 12288K, used 3989K [0xb0880000, 0xb1480000, 0xb4880000)
   the space 12288K,  32% used [0xb0880000, 0xb0c654e0, 0xb0c65600, 0xb1480000)
No shared spaces configured.
}
Event: 1,238 GC heap before
{Heap before GC invocations=6 (full 0):
 def new generation   total 4928K, used 4928K [0xa0880000, 0xa0dd0000, 0xa5dd0000)
  eden space 4416K, 100% used [0xa0880000, 0xa0cd0000, 0xa0cd0000)
  from space 512K, 100% used [0xa0cd0000, 0xa0d50000, 0xa0d50000)
  to   space 512K,   0% used [0xa0d50000, 0xa0d50000, 0xa0dd0000)
 tenured generation   total 10944K, used 2136K [0xa5dd0000, 0xa6880000, 0xb0880000)
   the space 10944K,  19% used [0xa5dd0000, 0xa5fe6100, 0xa5fe6200, 0xa6880000)
 compacting perm gen  total 12288K, used 4255K [0xb0880000, 0xb1480000, 0xb4880000)
   the space 12288K,  34% used [0xb0880000, 0xb0ca7c78, 0xb0ca7e00, 0xb1480000)
No shared spaces configured.
Event: 1,244 GC heap after
Heap after GC invocations=7 (full 0):
 def new generation   total 4928K, used 511K [0xa0880000, 0xa0dd0000, 0xa5dd0000)
  eden space 4416K,   0% used [0xa0880000, 0xa0880000, 0xa0cd0000)
  from space 512K,  99% used [0xa0d50000, 0xa0dcff90, 0xa0dd0000)
  to   space 512K,   0% used [0xa0cd0000, 0xa0cd0000, 0xa0d50000)
 tenured generation   total 10944K, used 2510K [0xa5dd0000, 0xa6880000, 0xb0880000)
   the space 10944K,  22% used [0xa5dd0000, 0xa6043b58, 0xa6043c00, 0xa6880000)
 compacting perm gen  total 12288K, used 4255K [0xb0880000, 0xb1480000, 0xb4880000)
   the space 12288K,  34% used [0xb0880000, 0xb0ca7c78, 0xb0ca7e00, 0xb1480000)
No shared spaces configured.
}

Deoptimization events (0 events):
No events

Internal exceptions (10 events):
Event: 1,295 Thread 0xb6909400 Threw 0xa0a6e250 at /HUDSON/workspace/jdk7u40-2-build-linux-i586-product/jdk7u40/hotspot/src/share/vm/prims/jvm.cpp:1244
Event: 1,297 Thread 0xb6909400 Threw 0xa0a730b0 at /HUDSON/workspace/jdk7u40-2-build-linux-i586-product/jdk7u40/hotspot/src/share/vm/prims/jvm.cpp:1244
Event: 1,299 Thread 0xb6909400 Threw 0xa0a837a8 at /HUDSON/workspace/jdk7u40-2-build-linux-i586-product/jdk7u40/hotspot/src/share/vm/prims/jvm.cpp:1244
Event: 1,299 Thread 0xb6909400 Threw 0xa0a8de68 at /HUDSON/workspace/jdk7u40-2-build-linux-i586-product/jdk7u40/hotspot/src/share/vm/prims/jvm.cpp:1244
Event: 1,299 Thread 0xb6909400 Threw 0xa0a91140 at /HUDSON/workspace/jdk7u40-2-build-linux-i586-product/jdk7u40/hotspot/src/share/vm/prims/jvm.cpp:1244
Event: 1,300 Thread 0xb6909400 Threw 0xa0a94bf8 at /HUDSON/workspace/jdk7u40-2-build-linux-i586-product/jdk7u40/hotspot/src/share/vm/prims/jvm.cpp:1244
Event: 1,302 Thread 0xb6909400 Threw 0xa0a99bb0 at /HUDSON/workspace/jdk7u40-2-build-linux-i586-product/jdk7u40/hotspot/src/share/vm/prims/jvm.cpp:1244
Event: 1,303 Thread 0xb6909400 Threw 0xa0aacbc8 at /HUDSON/workspace/jdk7u40-2-build-linux-i586-product/jdk7u40/hotspot/src/share/vm/prims/jvm.cpp:1244
Event: 1,305 Thread 0xb6909400 Threw 0xa0ab5e50 at /HUDSON/workspace/jdk7u40-2-build-linux-i586-product/jdk7u40/hotspot/src/share/vm/prims/jvm.cpp:1244
Event: 1,317 Thread 0xb6909400 Threw 0xa0aba798 at /HUDSON/workspace/jdk7u40-2-build-linux-i586-product/jdk7u40/hotspot/src/share/vm/prims/jvm.cpp:1244

Events (10 events):
Event: 1,301 loading class 0x9f9c0210
Event: 1,301 loading class 0x9f9c0210 done
Event: 1,302 loading class 0x9f9c0278
Event: 1,302 loading class 0x9f9c0278 done
Event: 1,303 loading class 0x9f9bccc8
Event: 1,303 loading class 0x9f9bccc8 done
Event: 1,305 loading class 0x9f9b21f0
Event: 1,305 loading class 0x9f9b21f0 done
Event: 1,317 loading class 0xb69776c8
Event: 1,317 loading class 0xb69776c8 done


Dynamic libraries:
08048000-08049000 r-xp 00000000 08:04 1715931    /usr/local/java/jre1.7.0_40/bin/java
08049000-0804a000 rw-p 00000000 08:04 1715931    /usr/local/java/jre1.7.0_40/bin/java
08146000-08167000 rw-p 00000000 00:00 0          [heap]
9f700000-9f76c000 rw-p 00000000 00:00 0 
9f76c000-9f800000 ---p 00000000 00:00 0 
9f800000-9f839000 rw-p 00000000 00:00 0 
9f839000-9f900000 ---p 00000000 00:00 0 
9f900000-9fa00000 rw-p 00000000 00:00 0 
9fa06000-9faf0000 rw-p 00000000 00:00 0 
9faf0000-9faf4000 r--s 00027000 08:04 3421943    /home/guilherme/projects/grizzlyboilerplate/target/dependency/plexus-archiver-1.0-alpha-10.jar
9faf4000-9fafb000 r--s 0004a000 08:04 3421662    /home/guilherme/projects/grizzlyboilerplate/target/dependency/auto-depends-1.6.32.jar
9fafb000-9fb00000 r--s 00047000 08:04 3421946    /home/guilherme/projects/grizzlyboilerplate/target/dependency/asm-all-repackaged-1.6.32.jar
9fb00000-9fbff000 rw-p 00000000 00:00 0 
9fbff000-9fc00000 ---p 00000000 00:00 0 
9fc00000-9fc01000 rw-p 00000000 00:00 0 
9fc01000-9fc02000 r--s 00004000 08:04 3421756    /home/guilherme/projects/grizzlyboilerplate/target/dependency/jackson-jaxrs-1.9.2.jar
9fc02000-9fc04000 r--s 00005000 08:04 3421875    /home/guilherme/projects/grizzlyboilerplate/target/dependency/maven-common-artifact-filters-1.0.jar
9fc04000-9fc07000 r--s 00014000 08:04 3421885    /home/guilherme/projects/grizzlyboilerplate/target/dependency/mongo-jackson-mapper-1.4.1.jar
9fc07000-9fc09000 r--s 00008000 08:04 3421874    /home/guilherme/projects/grizzlyboilerplate/target/dependency/maven-shared-io-1.1.jar
9fc09000-9fc0d000 r--s 0002b000 08:04 3421883    /home/guilherme/projects/grizzlyboilerplate/target/dependency/maven-assembly-plugin-2.2-beta-2.jar
9fc0d000-9fc2d000 r--s 00173000 08:04 3421932    /home/guilherme/projects/grizzlyboilerplate/target/dependency/guava-11.0.1.jar
9fc2d000-9fc30000 r--s 0001a000 08:04 3421948    /home/guilherme/projects/grizzlyboilerplate/target/dependency/jsch-0.1.23.jar
9fc30000-9fc37000 r--s 00036000 08:04 3421876    /home/guilherme/projects/grizzlyboilerplate/target/dependency/httpclient-4.0-alpha4.jar
9fc37000-9fc38000 r--s 00002000 08:04 3421907    /home/guilherme/projects/grizzlyboilerplate/target/dependency/maven-error-diagnostics-2.0.jar
9fc38000-9fc3c000 r--s 0002f000 08:04 3421947    /home/guilherme/projects/grizzlyboilerplate/target/dependency/jackson-core-2.1.3.jar
9fc3c000-9fc41000 r--s 00025000 08:04 3421880    /home/guilherme/projects/grizzlyboilerplate/target/dependency/httpcore-4.0-beta1.jar
9fc41000-9fc42000 r--s 00001000 08:04 3420187    /home/guilherme/projects/grizzlyboilerplate/target/dependency/wagon-http-lightweight-1.0-alpha-5.jar
9fc42000-9fc44000 r--s 00004000 08:04 3421751    /home/guilherme/projects/grizzlyboilerplate/target/dependency/stax-api-1.0-2.jar
9fc44000-9fc49000 r--s 0003b000 08:04 3421909    /home/guilherme/projects/grizzlyboilerplate/target/dependency/grizzly-http-2.2.4.jar
9fc49000-9fc4b000 r--s 00004000 08:04 3421950    /home/guilherme/projects/grizzlyboilerplate/target/dependency/plexus-active-collections-1.0-beta-2.jar
9fc4b000-9fc4c000 r--s 00004000 08:04 3421644    /home/guilherme/projects/grizzlyboilerplate/target/dependency/maven-repository-metadata-2.0.2.jar
9fc4c000-9fc4d000 r--s 00001000 08:04 3421895    /home/guilherme/projects/grizzlyboilerplate/target/dependency/maven-reporting-api-2.0.jar
9fc4d000-9fc4f000 r--s 00006000 08:04 3421469    /home/guilherme/projects/grizzlyboilerplate/target/dependency/file-management-1.1.jar
9fc4f000-9fc53000 r--s 00034000 08:04 3421891    /home/guilherme/projects/grizzlyboilerplate/target/dependency/jackson-core-asl-1.9.2.jar
9fc53000-9fc59000 r--s 00059000 08:04 3420197    /home/guilherme/projects/grizzlyboilerplate/target/dependency/mail-1.4.jar
9fc59000-9fc5d000 r--s 00020000 08:04 3421913    /home/guilherme/projects/grizzlyboilerplate/target/dependency/jersey-media-json-2.0-m02.jar
9fc5d000-9fc60000 r--s 00018000 08:04 3421829    /home/guilherme/projects/grizzlyboilerplate/target/dependency/maven-project-2.0.4.jar
9fc60000-9fc68000 r--s 0005f000 08:04 3421805    /home/guilherme/projects/grizzlyboilerplate/target/dependency/mongo-java-driver-2.11.3.jar
9fc68000-9fc6a000 r--s 0000a000 08:04 3421926    /home/guilherme/projects/grizzlyboilerplate/target/dependency/json-20090211.jar
9fc6a000-9fc6b000 r--s 00006000 08:04 3421781    /home/guilherme/projects/grizzlyboilerplate/target/dependency/jackson-xc-1.9.2.jar
9fc6b000-9fc6d000 r--s 00001000 08:04 3421933    /home/guilherme/projects/grizzlyboilerplate/target/dependency/slf4j-log4j12-1.7.5.jar
9fc6d000-9fc6e000 r--s 00001000 08:04 3420192    /home/guilherme/projects/grizzlyboilerplate/target/dependency/wagon-file-1.0-alpha-5.jar
9fc6e000-9fc7e000 r--s 000d2000 08:04 3421798    /home/guilherme/projects/grizzlyboilerplate/target/dependency/jackson-databind-2.1.3.jar
9fc7e000-9fc80000 r--s 00001000 08:04 3420214    /home/guilherme/projects/grizzlyboilerplate/target/dependency/maven-plugin-api-2.0.4.jar
9fc80000-9fc84000 r--s 0001e000 08:04 3421779    /home/guilherme/projects/grizzlyboilerplate/target/dependency/maven-core-2.0.jar
9fc84000-9fc86000 r--s 00003000 08:04 3420422    /home/guilherme/projects/grizzlyboilerplate/target/dependency/maven-plugin-parameter-documenter-2.0.jar
9fc86000-9fc88000 r--s 00002000 08:04 3421896    /home/guilherme/projects/grizzlyboilerplate/target/dependency/jersey-container-grizzly2-http-2.0-m02.jar
9fc88000-9fc8a000 r--s 00005000 08:04 3421899    /home/guilherme/projects/grizzlyboilerplate/target/dependency/maven-plugin-registry-2.0.jar
9fc8a000-9fc99000 r--s 0007f000 08:04 3421873    /home/guilherme/projects/grizzlyboilerplate/target/dependency/joda-time-2.3.jar
9fc99000-9fc9b000 r--s 00009000 08:04 3421790    /home/guilherme/projects/grizzlyboilerplate/target/dependency/wagon-provider-api-1.0-alpha-6.jar
9fc9b000-9fca0000 r--s 0002a000 08:04 3421949    /home/guilherme/projects/grizzlyboilerplate/target/dependency/gson-2.2.4.jar
9fca0000-9fca6000 r--s 00033000 08:04 3421868    /home/guilherme/projects/grizzlyboilerplate/target/dependency/snakeyaml-1.6.jar
9fca6000-9fca8000 r--s 00004000 08:04 3421877    /home/guilherme/projects/grizzlyboilerplate/target/dependency/gmbal-api-only-3.0.0-b023.jar
9fca8000-9fcaa000 r--s 00006000 08:04 3421795    /home/guilherme/projects/grizzlyboilerplate/target/dependency/plexus-io-1.0-alpha-2.jar
9fcaa000-9fcac000 r--s 00012000 08:04 3421859    /home/guilherme/projects/grizzlyboilerplate/target/dependency/maven-model-2.0.4.jar
9fcac000-9fcae000 r--s 00000000 08:04 3421938    /home/guilherme/projects/grizzlyboilerplate/target/dependency/doxia-sink-api-1.0-alpha-4.jar
9fcae000-9fcb0000 r--s 00006000 08:04 3421755    /home/guilherme/projects/grizzlyboilerplate/target/dependency/jcommander-1.12.jar
9fcb0000-9fcb2000 r--s 0000e000 08:04 3421888    /home/guilherme/projects/grizzlyboilerplate/target/dependency/activation-1.1.jar
9fcb2000-9fcbb000 r--s 0006f000 08:04 3421884    /home/guilherme/projects/grizzlyboilerplate/target/dependency/log4j-1.2.17.jar
9fcbb000-9fcbd000 r--s 00005000 08:04 3421757    /home/guilherme/projects/grizzlyboilerplate/target/dependency/slf4j-api-1.7.5.jar
9fcbd000-9fccb000 r--s 000ad000 08:04 3421750    /home/guilherme/projects/grizzlyboilerplate/target/dependency/jackson-mapper-asl-1.9.2.jar
9fccb000-9fccd000 r--s 00019000 08:04 3421892    /home/guilherme/projects/grizzlyboilerplate/target/dependency/htmlcleaner-2.2.jar
9fccd000-9fccf000 r--s 00007000 08:04 3421789    /home/guilherme/projects/grizzlyboilerplate/target/dependency/jackson-annotations-2.1.2.jar
9fccf000-9fcd1000 r--s 0000a000 08:04 3421858    /home/guilherme/projects/grizzlyboilerplate/target/dependency/commons-codec-1.3.jar
9fcd1000-9fcd8000 r--s 00029000 08:04 3421780    /home/guilherme/projects/grizzlyboilerplate/target/dependency/plexus-container-default-1.0-alpha-9-stable-1.jar
9fcd8000-9fcdb000 r--s 00023000 08:04 3421771    /home/guilherme/projects/grizzlyboilerplate/target/dependency/jdom-1.1.jar
9fcdb000-9fcde000 r--s 00011000 08:04 3421881    /home/guilherme/projects/grizzlyboilerplate/target/dependency/maven-artifact-2.0.4.jar
9fcde000-9fce0000 r--s 00006000 08:04 3425319    /home/guilherme/projects/grizzlyboilerplate/target/dependency/maven-profile-2.0.4.jar
9fce0000-9fcea000 r--s 00087000 08:04 3421759    /home/guilherme/projects/grizzlyboilerplate/target/dependency/testng-6.1.1.jar
9fcea000-9fcec000 r--s 00008000 08:04 3421928    /home/guilherme/projects/grizzlyboilerplate/target/dependency/classworlds-1.1-alpha-2.jar
9fcec000-9fced000 r--s 00005000 08:04 3421758    /home/guilherme/projects/grizzlyboilerplate/target/dependency/maven-repository-builder-1.0-alpha-2.jar
9fced000-9fd00000 r--s 00128000 08:04 3421887    /home/guilherme/projects/grizzlyboilerplate/target/dependency/ant-1.7.0.jar
9fd00000-9fe00000 rw-p 00000000 00:00 0 
9fe00000-9fe02000 r--s 00006000 08:04 3420198    /home/guilherme/projects/grizzlyboilerplate/target/dependency/hk2-api-1.6.32.jar
9fe02000-9fe04000 r--s 0000a000 08:04 3421650    /home/guilherme/projects/grizzlyboilerplate/target/dependency/jsr311-api-1.1.1.jar
9fe04000-9fe06000 r--s 00002000 08:04 3421931    /home/guilherme/projects/grizzlyboilerplate/target/dependency/plexus-interactivity-api-1.0-alpha-4.jar
9fe06000-9fe09000 r--s 00017000 08:04 3421904    /home/guilherme/projects/grizzlyboilerplate/target/dependency/jaxb-api-2.2.2.jar
9fe09000-9fe0c000 r--s 00014000 08:04 3421861    /home/guilherme/projects/grizzlyboilerplate/target/dependency/barbecue-1.5-beta1.jar
9fe0c000-9fe0f000 r--s 0000b000 08:04 3421761    /home/guilherme/projects/grizzlyboilerplate/target/dependency/persistence-api-1.0.2.jar
9fe0f000-9fe12000 r--s 0000a000 08:04 3421754    /home/guilherme/projects/grizzlyboilerplate/target/dependency/maven-artifact-manager-2.0.2.jar
9fe12000-9fe20000 r--s 000a6000 08:04 3421898    /home/guilherme/projects/grizzlyboilerplate/target/dependency/grizzly-framework-2.2.4.jar
9fe20000-9fe23000 r--s 00018000 08:04 3421860    /home/guilherme/projects/grizzlyboilerplate/target/dependency/mongojack-2.0.0-RC5.jar
9fe23000-9fe2e000 r--s 0006c000 08:04 3420202    /home/guilherme/projects/grizzlyboilerplate/target/dependency/jersey-common-2.0-m02.jar
9fe2e000-9fe2f000 ---p 00000000 00:00 0 
9fe2f000-9feaf000 rw-p 00000000 00:00 0          [stack:5853]
9feaf000-9feb2000 ---p 00000000 00:00 0 
9feb2000-9ff00000 rw-p 00000000 00:00 0          [stack:5852]
9ff00000-a0100000 r--p 00000000 08:04 1449933    /usr/lib/locale/locale-archive
a0100000-a0121000 rw-p 00000000 00:00 0 
a0121000-a0200000 ---p 00000000 00:00 0 
a0200000-a0202000 r--s 00007000 08:04 3421916    /home/guilherme/projects/grizzlyboilerplate/target/dependency/wagon-ssh-1.0-alpha-5.jar
a0202000-a020a000 r--s 00028000 08:04 3420201    /home/guilherme/projects/grizzlyboilerplate/target/dependency/xml-apis-1.3.04.jar
a020a000-a020b000 r--s 00002000 08:04 3421936    /home/guilherme/projects/grizzlyboilerplate/target/dependency/maven-archiver-2.2.jar
a020b000-a020e000 r--s 00012000 08:04 3421788    /home/guilherme/projects/grizzlyboilerplate/target/dependency/javax.ws.rs-api-2.0-m03.jar
a020e000-a0210000 r--s 00009000 08:04 3421935    /home/guilherme/projects/grizzlyboilerplate/target/dependency/management-api-3.0.0-b012.jar
a0210000-a0211000 r--s 00002000 08:04 3421739    /home/guilherme/projects/grizzlyboilerplate/target/dependency/ant-launcher-1.7.0.jar
a0211000-a0215000 r--s 00030000 08:04 3420210    /home/guilherme/projects/grizzlyboilerplate/target/dependency/plexus-utils-1.5.1.jar
a0215000-a0228000 r--s 000c7000 08:04 3421853    /home/guilherme/projects/grizzlyboilerplate/target/dependency/jaxb-impl-2.2.3-1.jar
a0228000-a022a000 r--s 0000d000 08:04 3421879    /home/guilherme/projects/grizzlyboilerplate/target/dependency/commons-logging-1.1.1.jar
a022a000-a022b000 r--s 00001000 08:04 3421940    /home/guilherme/projects/grizzlyboilerplate/target/dependency/maven-monitor-2.0.jar
a022b000-a022c000 r--s 00004000 08:04 3420206    /home/guilherme/projects/grizzlyboilerplate/target/dependency/osgi-resource-locator-1.0.1.jar
a022c000-a022e000 r--s 00006000 08:04 3421872    /home/guilherme/projects/grizzlyboilerplate/target/dependency/commons-cli-1.0.jar
a022e000-a0231000 ---p 00000000 00:00 0 
a0231000-a02af000 rw-p 00000000 00:00 0          [stack:5851]
a02af000-a02b2000 ---p 00000000 00:00 0 
a02b2000-a0300000 rw-p 00000000 00:00 0          [stack:5850]
a0300000-a03fc000 rw-p 00000000 00:00 0 
a03fc000-a0400000 ---p 00000000 00:00 0 
a0400000-a0402000 r--s 0000f000 08:04 3421774    /home/guilherme/projects/grizzlyboilerplate/target/dependency/jettison-1.1.jar
a0402000-a0403000 r--s 00007000 08:04 3421244    /home/guilherme/projects/grizzlyboilerplate/target/dependency/maven-plugin-testing-harness-1.1.jar
a0403000-a0405000 r--s 00007000 08:04 3421889    /home/guilherme/projects/grizzlyboilerplate/target/dependency/maven-plugin-descriptor-2.0.jar
a0405000-a042a000 r--s 002e3000 08:04 3421890    /home/guilherme/projects/grizzlyboilerplate/target/dependency/xalan-2.7.1.jar
a042a000-a042d000 r--s 00041000 08:04 3421905    /home/guilherme/projects/grizzlyboilerplate/target/dependency/serializer-2.7.1.jar
a042d000-a042f000 r--s 0000c000 08:04 3421857    /home/guilherme/projects/grizzlyboilerplate/target/dependency/bson4jackson-1.3.0.jar
a042f000-a0438000 r--s 00042000 08:04 3421902    /home/guilherme/projects/grizzlyboilerplate/target/dependency/jersey-server-2.0-m02.jar
a0438000-a043b000 ---p 00000000 00:00 0 
a043b000-a0489000 rw-p 00000000 00:00 0          [stack:5849]
a0489000-a048c000 ---p 00000000 00:00 0 
a048c000-a04da000 rw-p 00000000 00:00 0          [stack:5848]
a04da000-a04db000 ---p 00000000 00:00 0 
a04db000-a05a6000 rw-p 00000000 00:00 0          [stack:5847]
a05a6000-a0763000 r--s 031b5000 08:04 1715126    /usr/local/java/jre1.7.0_40/lib/rt.jar
a0763000-a07c5000 rw-p 00000000 00:00 0 
a07c5000-a07df000 rw-p 00000000 00:00 0 
a07df000-a07e2000 rw-p 00000000 00:00 0 
a07e2000-a0809000 rw-p 00000000 00:00 0 
a0809000-a080f000 rw-p 00000000 00:00 0 
a080f000-a085f000 rw-p 00000000 00:00 0 
a085f000-a0865000 rw-p 00000000 00:00 0 
a0865000-a087f000 rw-p 00000000 00:00 0 
a087f000-a0dd0000 rw-p 00000000 00:00 0 
a0dd0000-a5dd0000 rw-p 00000000 00:00 0 
a5dd0000-a6880000 rw-p 00000000 00:00 0 
a6880000-b0880000 rw-p 00000000 00:00 0 
b0880000-b1480000 rw-p 00000000 00:00 0 
b1480000-b4880000 rw-p 00000000 00:00 0 
b4880000-b4885000 rw-p 00000000 00:00 0 
b4885000-b4900000 rw-p 00000000 00:00 0 
b4900000-b4a08000 rwxp 00000000 00:00 0 
b4a08000-b69ff000 rw-p 00000000 00:00 0 
b69ff000-b6a00000 ---p 00000000 00:00 0 
b6a00000-b6a04000 r--s 0002a000 08:04 3421797    /home/guilherme/projects/grizzlyboilerplate/target/dependency/commons-io-2.4.jar
b6a04000-b6a0a000 rw-p 00000000 00:00 0 
b6a0a000-b6a5a000 rw-p 00000000 00:00 0 
b6a5a000-b6a71000 r-xp 00000000 08:04 1715686    /usr/local/java/jre1.7.0_40/lib/i386/libzip.so
b6a71000-b6a72000 rw-p 00017000 08:04 1715686    /usr/local/java/jre1.7.0_40/lib/i386/libzip.so
b6a72000-b6a7d000 r-xp 00000000 08:04 2496922    /lib/i386-linux-gnu/libnss_files-2.17.so
b6a7d000-b6a7e000 r--p 0000a000 08:04 2496922    /lib/i386-linux-gnu/libnss_files-2.17.so
b6a7e000-b6a7f000 rw-p 0000b000 08:04 2496922    /lib/i386-linux-gnu/libnss_files-2.17.so
b6a7f000-b6a89000 r-xp 00000000 08:04 2496918    /lib/i386-linux-gnu/libnss_nis-2.17.so
b6a89000-b6a8a000 r--p 00009000 08:04 2496918    /lib/i386-linux-gnu/libnss_nis-2.17.so
b6a8a000-b6a8b000 rw-p 0000a000 08:04 2496918    /lib/i386-linux-gnu/libnss_nis-2.17.so
b6a8b000-b6aa0000 r-xp 00000000 08:04 2495691    /lib/i386-linux-gnu/libnsl-2.17.so
b6aa0000-b6aa1000 r--p 00014000 08:04 2495691    /lib/i386-linux-gnu/libnsl-2.17.so
b6aa1000-b6aa2000 rw-p 00015000 08:04 2495691    /lib/i386-linux-gnu/libnsl-2.17.so
b6aa2000-b6aa4000 rw-p 00000000 00:00 0 
b6aa4000-b6aa6000 r--s 00003000 08:04 3421882    /home/guilherme/projects/grizzlyboilerplate/target/dependency/tiger-types-1.4.jar
b6aa6000-b6aa7000 r--s 00001000 08:04 3421893    /home/guilherme/projects/grizzlyboilerplate/target/dependency/grizzly-rcm-2.2.4.jar
b6aa7000-b6aa9000 r--s 00009000 08:04 3425670    /home/guilherme/projects/grizzlyboilerplate/target/dependency/maven-settings-2.0.4.jar
b6aa9000-b6aac000 r--s 0001b000 08:04 3421878    /home/guilherme/projects/grizzlyboilerplate/target/dependency/junit-3.8.1.jar
b6aac000-b6aaf000 r--s 00006000 08:04 3421894    /home/guilherme/projects/grizzlyboilerplate/target/dependency/jsr305-1.3.9.jar
b6aaf000-b6ab4000 r--s 00018000 08:04 3421794    /home/guilherme/projects/grizzlyboilerplate/target/dependency/aspectjrt-1.5.3.jar
b6ab4000-b6ab9000 r--s 00040000 08:04 3421791    /home/guilherme/projects/grizzlyboilerplate/target/dependency/bsh-2.0b4.jar
b6ab9000-b6ac1000 rw-s 00000000 08:04 5769823    /tmp/hsperfdata_guilherme/5845
b6ac1000-b6ae4000 r-xp 00000000 08:04 1715650    /usr/local/java/jre1.7.0_40/lib/i386/libjava.so
b6ae4000-b6ae5000 rw-p 00022000 08:04 1715650    /usr/local/java/jre1.7.0_40/lib/i386/libjava.so
b6ae5000-b6aec000 r-xp 00000000 08:04 2491415    /lib/i386-linux-gnu/librt-2.17.so
b6aec000-b6aed000 r--p 00006000 08:04 2491415    /lib/i386-linux-gnu/librt-2.17.so
b6aed000-b6aee000 rw-p 00007000 08:04 2491415    /lib/i386-linux-gnu/librt-2.17.so
b6aee000-b6af1000 ---p 00000000 00:00 0 
b6af1000-b6b3f000 rw-p 00000000 00:00 0          [stack:5846]
b6b3f000-b6b80000 r-xp 00000000 08:04 2496916    /lib/i386-linux-gnu/libm-2.17.so
b6b80000-b6b81000 r--p 00040000 08:04 2496916    /lib/i386-linux-gnu/libm-2.17.so
b6b81000-b6b82000 rw-p 00041000 08:04 2496916    /lib/i386-linux-gnu/libm-2.17.so
b6b82000-b7108000 r-xp 00000000 08:04 1715645    /usr/local/java/jre1.7.0_40/lib/i386/client/libjvm.so
b7108000-b7129000 rw-p 00586000 08:04 1715645    /usr/local/java/jre1.7.0_40/lib/i386/client/libjvm.so
b7129000-b754a000 rw-p 00000000 00:00 0 
b754a000-b76f8000 r-xp 00000000 08:04 2495698    /lib/i386-linux-gnu/libc-2.17.so
b76f8000-b76fa000 r--p 001ae000 08:04 2495698    /lib/i386-linux-gnu/libc-2.17.so
b76fa000-b76fb000 rw-p 001b0000 08:04 2495698    /lib/i386-linux-gnu/libc-2.17.so
b76fb000-b76fe000 rw-p 00000000 00:00 0 
b76fe000-b7701000 r-xp 00000000 08:04 2495699    /lib/i386-linux-gnu/libdl-2.17.so
b7701000-b7702000 r--p 00002000 08:04 2495699    /lib/i386-linux-gnu/libdl-2.17.so
b7702000-b7703000 rw-p 00003000 08:04 2495699    /lib/i386-linux-gnu/libdl-2.17.so
b7703000-b7704000 rw-p 00000000 00:00 0 
b7704000-b7717000 r-xp 00000000 08:04 1715654    /usr/local/java/jre1.7.0_40/lib/i386/jli/libjli.so
b7717000-b7718000 rw-p 00012000 08:04 1715654    /usr/local/java/jre1.7.0_40/lib/i386/jli/libjli.so
b7718000-b772f000 r-xp 00000000 08:04 2496915    /lib/i386-linux-gnu/libpthread-2.17.so
b772f000-b7730000 r--p 00016000 08:04 2496915    /lib/i386-linux-gnu/libpthread-2.17.so
b7730000-b7731000 rw-p 00017000 08:04 2496915    /lib/i386-linux-gnu/libpthread-2.17.so
b7731000-b7733000 rw-p 00000000 00:00 0 
b7733000-b7734000 r--s 00001000 08:04 3425618    /home/guilherme/projects/grizzlyboilerplate/target/dependency/javax.inject-1.6.32.jar
b7734000-b7738000 r--s 00030000 08:04 3421900    /home/guilherme/projects/grizzlyboilerplate/target/dependency/grizzly-http-server-2.2.4.jar
b7738000-b7739000 r--p 005e0000 08:04 1449933    /usr/lib/locale/locale-archive
b7739000-b7740000 r-xp 00000000 08:04 2495701    /lib/i386-linux-gnu/libnss_compat-2.17.so
b7740000-b7741000 r--p 00006000 08:04 2495701    /lib/i386-linux-gnu/libnss_compat-2.17.so
b7741000-b7742000 rw-p 00007000 08:04 2495701    /lib/i386-linux-gnu/libnss_compat-2.17.so
b7742000-b7743000 rw-p 00000000 00:00 0 
b7743000-b7744000 r--p 00000000 00:00 0 
b7744000-b774f000 r-xp 00000000 08:04 1715632    /usr/local/java/jre1.7.0_40/lib/i386/libverify.so
b774f000-b7750000 rw-p 0000b000 08:04 1715632    /usr/local/java/jre1.7.0_40/lib/i386/libverify.so
b7750000-b7752000 rw-p 00000000 00:00 0 
b7752000-b7753000 r-xp 00000000 00:00 0          [vdso]
b7753000-b7773000 r-xp 00000000 08:04 2495694    /lib/i386-linux-gnu/ld-2.17.so
b7773000-b7774000 r--p 0001f000 08:04 2495694    /lib/i386-linux-gnu/ld-2.17.so
b7774000-b7775000 rw-p 00020000 08:04 2495694    /lib/i386-linux-gnu/ld-2.17.so
bfbaf000-bfbd0000 rw-p 00000000 00:00 0          [stack]

VM Arguments:
java_command: br.org.base.server.BarServer
Launcher Type: SUN_STANDARD

Environment Variables:
JAVA_HOME=/usr/local/java/jdk1.7.0_40
JRE_HOME=/usr/local/java/jre1.7.0_40
PATH=/opt/SenchaSDKTools-2.0.0-beta3:/home/guilherme/bin/Sencha/Cmd/4.0.0.203:/usr/local/heroku/bin:/opt/SenchaSDKTools-2.0.0-beta3:/home/guilherme/bin/Sencha/Cmd/4.0.0.203:/home/guilherme/bin:/usr/lib/lightdm/lightdm:/usr/local/sbin:/usr/local/bin:/usr/sbin:/usr/bin:/sbin:/bin:/usr/games:/usr/local/games:/home/guilherme/bin:/usr/local/java/jdk1.7.0_40/bin:/home/guilherme/bin:/usr/local/java/jre1.7.0_40/bin
SHELL=/bin/bash
DISPLAY=:0

Signal Handlers:
SIGSEGV: [libjvm.so+0x503d90], sa_mask[0]=0x7ffbfeff, sa_flags=0x10000004
SIGBUS: [libjvm.so+0x503d90], sa_mask[0]=0x7ffbfeff, sa_flags=0x10000004
SIGFPE: [libjvm.so+0x3fbe80], sa_mask[0]=0x7ffbfeff, sa_flags=0x10000004
SIGPIPE: [libjvm.so+0x3fbe80], sa_mask[0]=0x7ffbfeff, sa_flags=0x10000004
SIGXFSZ: [libjvm.so+0x3fbe80], sa_mask[0]=0x7ffbfeff, sa_flags=0x10000004
SIGILL: [libjvm.so+0x3fbe80], sa_mask[0]=0x7ffbfeff, sa_flags=0x10000004
SIGUSR1: SIG_DFL, sa_mask[0]=0x00000000, sa_flags=0x00000000
SIGUSR2: [libjvm.so+0x3fd370], sa_mask[0]=0x00000000, sa_flags=0x10000004
SIGHUP: [libjvm.so+0x3fe4c0], sa_mask[0]=0x7ffbfeff, sa_flags=0x10000004
SIGINT: [libjvm.so+0x3fe4c0], sa_mask[0]=0x7ffbfeff, sa_flags=0x10000004
SIGTERM: [libjvm.so+0x3fe4c0], sa_mask[0]=0x7ffbfeff, sa_flags=0x10000004
SIGQUIT: [libjvm.so+0x3fe4c0], sa_mask[0]=0x7ffbfeff, sa_flags=0x10000004


---------------  S Y S T E M  ---------------

OS:wheezy/sid

uname:Linux 3.11.0-15-generic #23-Ubuntu SMP Mon Dec 9 18:16:27 UTC 2013 i686
libc:glibc 2.17 NPTL 2.17 
rlimit: STACK 8192k, CORE 0k, NPROC 24094, NOFILE 4096, AS infinity
load average:3,13 2,57 2,24

/proc/meminfo:
MemTotal:        3101640 kB
MemFree:         1610676 kB
Buffers:           54828 kB
Cached:           391072 kB
SwapCached:            0 kB
Active:          1079400 kB
Inactive:         312292 kB
Active(anon):     946148 kB
Inactive(anon):    42292 kB
Active(file):     133252 kB
Inactive(file):   270000 kB
Unevictable:          48 kB
Mlocked:              48 kB
HighTotal:       2231176 kB
HighFree:         865564 kB
LowTotal:         870464 kB
LowFree:          745112 kB
SwapTotal:       1999868 kB
SwapFree:        1999868 kB
Dirty:               200 kB
Writeback:             0 kB
AnonPages:        945916 kB
Mapped:           217480 kB
Shmem:             42652 kB
Slab:              38160 kB
SReclaimable:      17620 kB
SUnreclaim:        20540 kB
KernelStack:        4240 kB
PageTables:        14500 kB
NFS_Unstable:          0 kB
Bounce:                0 kB
WritebackTmp:          0 kB
CommitLimit:     3550688 kB
Committed_AS:    4465016 kB
VmallocTotal:     122880 kB
VmallocUsed:       47844 kB
VmallocChunk:      69396 kB
HardwareCorrupted:     0 kB
AnonHugePages:         0 kB
HugePages_Total:       0
HugePages_Free:        0
HugePages_Rsvd:        0
HugePages_Surp:        0
Hugepagesize:       2048 kB
DirectMap4k:       65528 kB
DirectMap2M:      847872 kB


CPU:total 2 (2 cores per cpu, 1 threads per core) family 15 model 6 stepping 5, cmov, cx8, fxsr, mmx, sse, sse2, sse3, tsc

/proc/cpuinfo:
processor	: 0
vendor_id	: GenuineIntel
cpu family	: 15
model		: 6
model name	: Intel(R) Pentium(R) D CPU 3.20GHz
stepping	: 5
microcode	: 0xb
cpu MHz		: 3200.000
cache size	: 2048 KB
physical id	: 0
siblings	: 2
core id		: 0
cpu cores	: 2
apicid		: 0
initial apicid	: 0
fdiv_bug	: no
f00f_bug	: no
coma_bug	: no
fpu		: yes
fpu_exception	: yes
cpuid level	: 6
wp		: yes
flags		: fpu vme de pse tsc msr pae mce cx8 apic sep mtrr pge mca cmov pat pse36 clflush dts acpi mmx fxsr sse sse2 ss ht tm pbe nx lm constant_tsc pebs bts pni dtes64 monitor ds_cpl est cid cx16 xtpr pdcm lahf_lm
bogomips	: 6399.59
clflush size	: 64
cache_alignment	: 128
address sizes	: 36 bits physical, 48 bits virtual
power management:

processor	: 1
vendor_id	: GenuineIntel
cpu family	: 15
model		: 6
model name	: Intel(R) Pentium(R) D CPU 3.20GHz
stepping	: 5
microcode	: 0xb
cpu MHz		: 3200.000
cache size	: 2048 KB
physical id	: 0
siblings	: 2
core id		: 1
cpu cores	: 2
apicid		: 1
initial apicid	: 1
fdiv_bug	: no
f00f_bug	: no
coma_bug	: no
fpu		: yes
fpu_exception	: yes
cpuid level	: 6
wp		: yes
flags		: fpu vme de pse tsc msr pae mce cx8 apic sep mtrr pge mca cmov pat pse36 clflush dts acpi mmx fxsr sse sse2 ss ht tm pbe nx lm constant_tsc pebs bts pni dtes64 monitor ds_cpl est cid cx16 xtpr pdcm lahf_lm
bogomips	: 6399.59
clflush size	: 64
cache_alignment	: 128
address sizes	: 36 bits physical, 48 bits virtual
power management:



Memory: 4k page, physical 3101640k(1610676k free), swap 1999868k(1999868k free)

vm_info: Java HotSpot(TM) Client VM (24.0-b56) for linux-x86 JRE (1.7.0_40-b43), built on Aug 26 2013 22:05:59 by "java_re" with gcc 4.3.0 20080428 (Red Hat 4.3.0-8)

time: Sun Jan 19 02:17:04 2014
elapsed time: 1 seconds

