#
# A fatal error has been detected by the Java Runtime Environment:
#
#  SIGILL (0x4) at pc=0xb6dd4e10, pid=5855, tid=3065580352
#
# JRE version: Java(TM) SE Runtime Environment (7.0_40-b43) (build 1.7.0_40-b43)
# Java VM: Java HotSpot(TM) Client VM (24.0-b56 mixed mode linux-x86 )
# Problematic frame:
# V  [libjvm.so+0x200e10]  Events::log_exception(Thread*, char const*, ...)+0x20
#
# Failed to write core dump. Core dumps have been disabled. To enable core dumping, try "ulimit -c unlimited" before starting Java again
#
# If you would like to submit a bug report, please visit:
#   http://bugreport.sun.com/bugreport/crash.jsp
#

---------------  T H R E A D  ---------------

Current thread (0xb6a09400):  JavaThread "main" [_thread_in_vm, id=5856, stack(0xb6b40000,0xb6b91000)]

siginfo:si_signo=SIGILL: si_errno=0, si_code=2 (ILL_ILLOPN), si_addr=0xb6dd4e10

Registers:
EAX=0x00000000, EBX=0xb7168868, ECX=0xb6a048a8, EDX=0x00000000
ESP=0xb6b8f3d0, EBP=0xb6b8f3f8, ESI=0xb6a048a8, EDI=0xb6a04a40
EIP=0xb6dd4e10, EFLAGS=0x00010282, CR2=0x00000000

Top of Stack: (sp=0xb6b8f3d0)
0xb6b8f3d0:   b6a09400 00000000 b2af1455 3fce29b6
0xb6b8f3e0:   a07b0f58 b6a048a8 b712c474 b7168868
0xb6b8f3f0:   00000000 b093a738 b6b8f6f8 b6efe80b
0xb6b8f400:   b6a09400 b7119507 a0b37998 b712c474
0xb6b8f410:   000004dc b6b8f63c b6a09af0 b6a09af0
0xb6b8f420:   b6b8f4b0 b6b8f448 b6a09400 b6a09ae4
0xb6b8f430:   b6b8f4b0 00000001 b6a09ae8 b6f85a5e
0xb6b8f440:   b7168868 07000000 b6b8f758 b49a839a 

Instructions: (pc=0xb6dd4e10)
0xb6dd4df0:   55 89 e5 57 56 53 83 ec 1c e8 00 00 00 00 5b 81
0xb6dd4e00:   c3 6a 3a 39 00 8b 83 10 f2 ff ff 80 38 00 75 08
0xb6dd4e10:   8d 65 f4 5b 5e 5f 5d c3 8b 83 d4 fa ff ff 8d 7d
0xb6dd4e20:   10 8b 30 8b 83 3c ea ff ff 8b 00 85 c0 75 e1 e8 

Register to memory mapping:

EAX=0x00000000 is an unknown value
EBX=0xb7168868: <offset 0x594868> in /usr/local/java/jre1.7.0_40/lib/i386/client/libjvm.so at 0xb6bd4000
ECX=0xb6a048a8 is an unknown value
EDX=0x00000000 is an unknown value
ESP=0xb6b8f3d0 is pointing into the stack for thread: 0xb6a09400
EBP=0xb6b8f3f8 is pointing into the stack for thread: 0xb6a09400
ESI=0xb6a048a8 is an unknown value
EDI=0xb6a04a40 is an unknown value


Stack: [0xb6b40000,0xb6b91000],  sp=0xb6b8f3d0,  free space=316k
Native frames: (J=compiled Java code, j=interpreted, Vv=VM code, C=native code)
V  [libjvm.so+0x200e10]  Events::log_exception(Thread*, char const*, ...)+0x20
V  [libjvm.so+0x32a80b]  JVM_DoPrivileged+0x4eb
C  [libjava.so+0x9a4a]  Java_java_security_AccessController_doPrivileged__Ljava_security_PrivilegedExceptionAction_2Ljava_security_AccessControlContext_2+0x3a
j  java.security.AccessController.doPrivileged(Ljava/security/PrivilegedExceptionAction;Ljava/security/AccessControlContext;)Ljava/lang/Object;+0
j  java.net.URLClassLoader.findClass(Ljava/lang/String;)Ljava/lang/Class;+13
j  java.lang.ClassLoader.loadClass(Ljava/lang/String;Z)Ljava/lang/Class;+70
j  java.lang.ClassLoader.loadClass(Ljava/lang/String;Z)Ljava/lang/Class;+38
j  sun.misc.Launcher$AppClassLoader.loadClass(Ljava/lang/String;Z)Ljava/lang/Class;+36
j  java.lang.ClassLoader.loadClass(Ljava/lang/String;)Ljava/lang/Class;+3
v  ~StubRoutines::call_stub
V  [libjvm.so+0x2a7875]  JavaCalls::call_helper(JavaValue*, methodHandle*, JavaCallArguments*, Thread*)+0x315
V  [libjvm.so+0x3fa1e9]  os::os_exception_wrapper(void (*)(JavaValue*, methodHandle*, JavaCallArguments*, Thread*), JavaValue*, methodHandle*, JavaCallArguments*, Thread*)+0x19
V  [libjvm.so+0x2a64ef]  JavaCalls::call(JavaValue*, methodHandle, JavaCallArguments*, Thread*)+0x2f
V  [libjvm.so+0x2a672a]  JavaCalls::call_virtual(JavaValue*, KlassHandle, Symbol*, Symbol*, JavaCallArguments*, Thread*)+0x10a
V  [libjvm.so+0x2a67f5]  JavaCalls::call_virtual(JavaValue*, Handle, KlassHandle, Symbol*, Symbol*, Handle, Thread*)+0x55
V  [libjvm.so+0x49e559]  SystemDictionary::load_instance_class(Symbol*, Handle, Thread*)+0x489
V  [libjvm.so+0x49cc52]  SystemDictionary::resolve_instance_class_or_null(Symbol*, Handle, Handle, Thread*)+0x742
V  [libjvm.so+0x49d0b9]  SystemDictionary::resolve_or_null(Symbol*, Handle, Handle, Thread*)+0x49
V  [libjvm.so+0x49e5d0]  SystemDictionary::resolve_or_fail(Symbol*, Handle, Handle, bool, Thread*)+0x30
V  [libjvm.so+0x31e40c]  find_class_from_class_loader(JNIEnv_*, Symbol*, unsigned char, Handle, Handle, unsigned char, Thread*)+0x3c
V  [libjvm.so+0x329f8d]  JVM_FindClassFromClassLoader+0x1bd
C  [libjava.so+0xa45e]  Java_java_lang_Class_forName0+0x14e
j  java.lang.Class.forName0(Ljava/lang/String;ZLjava/lang/ClassLoader;)Ljava/lang/Class;+0
j  java.lang.Class.forName(Ljava/lang/String;ZLjava/lang/ClassLoader;)Ljava/lang/Class;+35
j  javax.ws.rs.ext.FactoryFinder.newInstance(Ljava/lang/String;Ljava/lang/ClassLoader;)Ljava/lang/Object;+15
j  javax.ws.rs.ext.FactoryFinder.find(Ljava/lang/String;Ljava/lang/String;)Ljava/lang/Object;+387
j  javax.ws.rs.ext.RuntimeDelegate.findDelegate()Ljavax/ws/rs/ext/RuntimeDelegate;+4
j  javax.ws.rs.ext.RuntimeDelegate.getInstance()Ljavax/ws/rs/ext/RuntimeDelegate;+22
j  javax.ws.rs.core.UriBuilder.newInstance()Ljavax/ws/rs/core/UriBuilder;+0
j  javax.ws.rs.core.UriBuilder.fromUri(Ljava/net/URI;)Ljavax/ws/rs/core/UriBuilder;+0
j  javax.ws.rs.core.UriBuilder.fromUri(Ljava/lang/String;)Ljavax/ws/rs/core/UriBuilder;+23
j  br.org.base.server.BarServer.main([Ljava/lang/String;)V+28
v  ~StubRoutines::call_stub
V  [libjvm.so+0x2a7875]  JavaCalls::call_helper(JavaValue*, methodHandle*, JavaCallArguments*, Thread*)+0x315
V  [libjvm.so+0x3fa1e9]  os::os_exception_wrapper(void (*)(JavaValue*, methodHandle*, JavaCallArguments*, Thread*), JavaValue*, methodHandle*, JavaCallArguments*, Thread*)+0x19
V  [libjvm.so+0x2a64ef]  JavaCalls::call(JavaValue*, methodHandle, JavaCallArguments*, Thread*)+0x2f
V  [libjvm.so+0x2e28b2]  jni_invoke_static(JNIEnv_*, JavaValue*, _jobject*, JNICallType, _jmethodID*, JNI_ArgumentPusher*, Thread*)+0x242
V  [libjvm.so+0x2f8ada]  jni_CallStaticVoidMethod+0xca
C  [libjli.so+0x2e8d]  JavaMain+0x8bd
C  [libpthread.so.0+0x6d78]  start_thread+0xd8

Java frames: (J=compiled Java code, j=interpreted, Vv=VM code)
j  java.security.AccessController.doPrivileged(Ljava/security/PrivilegedExceptionAction;Ljava/security/AccessControlContext;)Ljava/lang/Object;+0
j  java.net.URLClassLoader.findClass(Ljava/lang/String;)Ljava/lang/Class;+13
j  java.lang.ClassLoader.loadClass(Ljava/lang/String;Z)Ljava/lang/Class;+70
j  java.lang.ClassLoader.loadClass(Ljava/lang/String;Z)Ljava/lang/Class;+38
j  sun.misc.Launcher$AppClassLoader.loadClass(Ljava/lang/String;Z)Ljava/lang/Class;+36
j  java.lang.ClassLoader.loadClass(Ljava/lang/String;)Ljava/lang/Class;+3
v  ~StubRoutines::call_stub
j  java.lang.Class.forName0(Ljava/lang/String;ZLjava/lang/ClassLoader;)Ljava/lang/Class;+0
j  java.lang.Class.forName(Ljava/lang/String;ZLjava/lang/ClassLoader;)Ljava/lang/Class;+35
j  javax.ws.rs.ext.FactoryFinder.newInstance(Ljava/lang/String;Ljava/lang/ClassLoader;)Ljava/lang/Object;+15
j  javax.ws.rs.ext.FactoryFinder.find(Ljava/lang/String;Ljava/lang/String;)Ljava/lang/Object;+387
j  javax.ws.rs.ext.RuntimeDelegate.findDelegate()Ljavax/ws/rs/ext/RuntimeDelegate;+4
j  javax.ws.rs.ext.RuntimeDelegate.getInstance()Ljavax/ws/rs/ext/RuntimeDelegate;+22
j  javax.ws.rs.core.UriBuilder.newInstance()Ljavax/ws/rs/core/UriBuilder;+0
j  javax.ws.rs.core.UriBuilder.fromUri(Ljava/net/URI;)Ljavax/ws/rs/core/UriBuilder;+0
j  javax.ws.rs.core.UriBuilder.fromUri(Ljava/lang/String;)Ljavax/ws/rs/core/UriBuilder;+23
j  br.org.base.server.BarServer.main([Ljava/lang/String;)V+28
v  ~StubRoutines::call_stub

---------------  P R O C E S S  ---------------

Java Threads: ( => current thread )
  0xb6a70000 JavaThread "Service Thread" daemon [_thread_blocked, id=5862, stack(0x9ff2e000,0x9ff7f000)]
  0xb6a6e400 JavaThread "C1 CompilerThread0" daemon [_thread_blocked, id=5861, stack(0x9ff7f000,0xa0000000)]
  0xb6a6c800 JavaThread "Signal Dispatcher" daemon [_thread_blocked, id=5860, stack(0xa030d000,0xa035e000)]
  0xb6a5c400 JavaThread "Finalizer" daemon [_thread_blocked, id=5859, stack(0xa035e000,0xa03af000)]
  0xb6a5ac00 JavaThread "Reference Handler" daemon [_thread_blocked, id=5858, stack(0xa03af000,0xa0400000)]
=>0xb6a09400 JavaThread "main" [_thread_in_vm, id=5856, stack(0xb6b40000,0xb6b91000)]

Other Threads:
  0xb6a59400 VMThread [stack: 0xa0524000,0xa05a5000] [id=5857]
  0xb6a72800 WatcherThread [stack: 0x9fead000,0x9ff2e000] [id=5863]

VM state:not at safepoint (normal execution)

VM Mutex/Monitor currently owned by a thread: None

Heap
 def new generation   total 4928K, used 2205K [0xa0920000, 0xa0e70000, 0xa5e70000)
  eden space 4416K,  49% used [0xa0920000, 0xa0b47520, 0xa0d70000)
  from space 512K,   0% used [0xa0d70000, 0xa0d70000, 0xa0df0000)
  to   space 512K,   0% used [0xa0df0000, 0xa0df0000, 0xa0e70000)
 tenured generation   total 10944K, used 0K [0xa5e70000, 0xa6920000, 0xb0920000)
   the space 10944K,   0% used [0xa5e70000, 0xa5e70000, 0xa5e70200, 0xa6920000)
 compacting perm gen  total 12288K, used 1858K [0xb0920000, 0xb1520000, 0xb4920000)
   the space 12288K,  15% used [0xb0920000, 0xb0af0938, 0xb0af0a00, 0xb1520000)
No shared spaces configured.

Card table byte_map: [0xa087f000,0xa0920000] byte_map_base: 0xa037a700

Polling page: 0xb7795000

Code Cache  [0xb49a5000, 0xb4a4d000, 0xb69a5000)
 total_blobs=166 nmethods=35 adapters=69 free_code_cache=32098Kb largest_free_block=32868800

Compilation events (10 events):
Event: 0,220 Thread 0xb6a6e400   31             java.lang.String::toLowerCase (472 bytes)
Event: 0,222 Thread 0xb6a6e400 nmethod 31 0xb4a49a48 code [0xb4a49c80, 0xb4a4a4fc]
Event: 0,226 Thread 0xb6a6e400   32             java.lang.AbstractStringBuilder::append (48 bytes)
Event: 0,226 Thread 0xb6a6e400 nmethod 32 0xb4a4afc8 code [0xb4a4b0e0, 0xb4a4b208]
Event: 0,226 Thread 0xb6a6e400   33             java.lang.String::getChars (62 bytes)
Event: 0,227 Thread 0xb6a6e400 nmethod 33 0xb4a4b348 code [0xb4a4b4a0, 0xb4a4b740]
Event: 0,229 Thread 0xb6a6e400   34             java.lang.String::<init> (67 bytes)
Event: 0,229 Thread 0xb6a6e400 nmethod 34 0xb4a4b908 code [0xb4a4ba60, 0xb4a4bca0]
Event: 0,229 Thread 0xb6a6e400   35             java.util.Arrays::copyOfRange (63 bytes)
Event: 0,230 Thread 0xb6a6e400 nmethod 35 0xb4a4be88 code [0xb4a4c000, 0xb4a4c3a8]

GC Heap History (0 events):
No events

Deoptimization events (0 events):
No events

Internal exceptions (10 events):
Event: 0,171 Thread 0xb6a09400 Threw 0xa0a6b990 at /HUDSON/workspace/jdk7u40-2-build-linux-i586-product/jdk7u40/hotspot/src/share/vm/prims/jvm.cpp:1244
Event: 0,173 Thread 0xb6a09400 Threw 0xa0a73750 at /HUDSON/workspace/jdk7u40-2-build-linux-i586-product/jdk7u40/hotspot/src/share/vm/prims/jvm.cpp:1244
Event: 0,189 Thread 0xb6a09400 Threw 0xa0a88fd8 at /HUDSON/workspace/jdk7u40-2-build-linux-i586-product/jdk7u40/hotspot/src/share/vm/prims/jvm.cpp:1244
Event: 0,200 Thread 0xb6a09400 Threw 0xa0a9e3c0 at /HUDSON/workspace/jdk7u40-2-build-linux-i586-product/jdk7u40/hotspot/src/share/vm/prims/jvm.cpp:1244
Event: 0,200 Thread 0xb6a09400 Threw 0xa0a9e4d8 at /HUDSON/workspace/jdk7u40-2-build-linux-i586-product/jdk7u40/hotspot/src/share/vm/prims/jvm.cpp:1244
Event: 0,200 Thread 0xb6a09400 Threw 0xa0aa0420 at /HUDSON/workspace/jdk7u40-2-build-linux-i586-product/jdk7u40/hotspot/src/share/vm/prims/jvm.cpp:1244
Event: 0,200 Thread 0xb6a09400 Threw 0xa0aa0538 at /HUDSON/workspace/jdk7u40-2-build-linux-i586-product/jdk7u40/hotspot/src/share/vm/prims/jvm.cpp:1244
Event: 0,225 Thread 0xb6a09400 Threw 0xa0b0f230 at /HUDSON/workspace/jdk7u40-2-build-linux-i586-product/jdk7u40/hotspot/src/share/vm/prims/jvm.cpp:1244
Event: 0,225 Thread 0xb6a09400 Threw 0xa0b0f348 at /HUDSON/workspace/jdk7u40-2-build-linux-i586-product/jdk7u40/hotspot/src/share/vm/prims/jvm.cpp:1244
Event: 0,236 Thread 0xb6a09400 Threw 0xa0b37998 at /HUDSON/workspace/jdk7u40-2-build-linux-i586-product/jdk7u40/hotspot/src/share/vm/prims/jvm.cpp:1244

Events (10 events):
Event: 0,189 loading class 0x9fd0d660
Event: 0,189 loading class 0x9fd0d660 done
Event: 0,190 loading class 0xa07e5d10
Event: 0,190 loading class 0xa07e5d10 done
Event: 0,190 loading class 0xa045c9e8
Event: 0,190 loading class 0xa045c9e8 done
Event: 0,200 loading class 0xa07e67a0
Event: 0,201 loading class 0xa07e67a0 done
Event: 0,236 loading class 0x9fb81e30
Event: 0,236 loading class 0x9fb81e30 done


Dynamic libraries:
08048000-08049000 r-xp 00000000 08:04 1715931    /usr/local/java/jre1.7.0_40/bin/java
08049000-0804a000 rw-p 00000000 08:04 1715931    /usr/local/java/jre1.7.0_40/bin/java
09a76000-09a97000 rw-p 00000000 00:00 0          [heap]
9f9b6000-9fb00000 rw-p 00000000 00:00 0 
9fb00000-9fb93000 rw-p 00000000 00:00 0 
9fb93000-9fc00000 ---p 00000000 00:00 0 
9fc40000-9fc43000 rw-p 00000000 00:00 0 
9fc43000-9fc47000 r--s 00027000 08:04 3421943    /home/guilherme/projects/grizzlyboilerplate/target/dependency/plexus-archiver-1.0-alpha-10.jar
9fc47000-9fc48000 r--s 00004000 08:04 3421756    /home/guilherme/projects/grizzlyboilerplate/target/dependency/jackson-jaxrs-1.9.2.jar
9fc48000-9fc4f000 r--s 0004a000 08:04 3421662    /home/guilherme/projects/grizzlyboilerplate/target/dependency/auto-depends-1.6.32.jar
9fc4f000-9fc51000 r--s 00005000 08:04 3421875    /home/guilherme/projects/grizzlyboilerplate/target/dependency/maven-common-artifact-filters-1.0.jar
9fc51000-9fc56000 r--s 00047000 08:04 3421946    /home/guilherme/projects/grizzlyboilerplate/target/dependency/asm-all-repackaged-1.6.32.jar
9fc56000-9fc59000 r--s 00014000 08:04 3421885    /home/guilherme/projects/grizzlyboilerplate/target/dependency/mongo-jackson-mapper-1.4.1.jar
9fc59000-9fc5b000 r--s 00008000 08:04 3421874    /home/guilherme/projects/grizzlyboilerplate/target/dependency/maven-shared-io-1.1.jar
9fc5b000-9fc5f000 r--s 0002b000 08:04 3421883    /home/guilherme/projects/grizzlyboilerplate/target/dependency/maven-assembly-plugin-2.2-beta-2.jar
9fc5f000-9fc7f000 r--s 00173000 08:04 3421932    /home/guilherme/projects/grizzlyboilerplate/target/dependency/guava-11.0.1.jar
9fc7f000-9fc82000 r--s 0001a000 08:04 3421948    /home/guilherme/projects/grizzlyboilerplate/target/dependency/jsch-0.1.23.jar
9fc82000-9fc89000 r--s 00036000 08:04 3421876    /home/guilherme/projects/grizzlyboilerplate/target/dependency/httpclient-4.0-alpha4.jar
9fc89000-9fc8a000 r--s 00002000 08:04 3421907    /home/guilherme/projects/grizzlyboilerplate/target/dependency/maven-error-diagnostics-2.0.jar
9fc8a000-9fc8e000 r--s 0002f000 08:04 3421947    /home/guilherme/projects/grizzlyboilerplate/target/dependency/jackson-core-2.1.3.jar
9fc8e000-9fc93000 r--s 00025000 08:04 3421880    /home/guilherme/projects/grizzlyboilerplate/target/dependency/httpcore-4.0-beta1.jar
9fc93000-9fc94000 r--s 00001000 08:04 3420187    /home/guilherme/projects/grizzlyboilerplate/target/dependency/wagon-http-lightweight-1.0-alpha-5.jar
9fc94000-9fc96000 r--s 00004000 08:04 3421751    /home/guilherme/projects/grizzlyboilerplate/target/dependency/stax-api-1.0-2.jar
9fc96000-9fc9b000 r--s 0003b000 08:04 3421909    /home/guilherme/projects/grizzlyboilerplate/target/dependency/grizzly-http-2.2.4.jar
9fc9b000-9fc9d000 r--s 00004000 08:04 3421950    /home/guilherme/projects/grizzlyboilerplate/target/dependency/plexus-active-collections-1.0-beta-2.jar
9fc9d000-9fc9e000 r--s 00004000 08:04 3421644    /home/guilherme/projects/grizzlyboilerplate/target/dependency/maven-repository-metadata-2.0.2.jar
9fc9e000-9fc9f000 r--s 00001000 08:04 3421895    /home/guilherme/projects/grizzlyboilerplate/target/dependency/maven-reporting-api-2.0.jar
9fc9f000-9fca1000 r--s 00006000 08:04 3421469    /home/guilherme/projects/grizzlyboilerplate/target/dependency/file-management-1.1.jar
9fca1000-9fca5000 r--s 00034000 08:04 3421891    /home/guilherme/projects/grizzlyboilerplate/target/dependency/jackson-core-asl-1.9.2.jar
9fca5000-9fcab000 r--s 00059000 08:04 3420197    /home/guilherme/projects/grizzlyboilerplate/target/dependency/mail-1.4.jar
9fcab000-9fcaf000 r--s 00020000 08:04 3421913    /home/guilherme/projects/grizzlyboilerplate/target/dependency/jersey-media-json-2.0-m02.jar
9fcaf000-9fcb2000 r--s 00018000 08:04 3421829    /home/guilherme/projects/grizzlyboilerplate/target/dependency/maven-project-2.0.4.jar
9fcb2000-9fcba000 r--s 0005f000 08:04 3421805    /home/guilherme/projects/grizzlyboilerplate/target/dependency/mongo-java-driver-2.11.3.jar
9fcba000-9fcbc000 r--s 0000a000 08:04 3421926    /home/guilherme/projects/grizzlyboilerplate/target/dependency/json-20090211.jar
9fcbc000-9fcbd000 r--s 00006000 08:04 3421781    /home/guilherme/projects/grizzlyboilerplate/target/dependency/jackson-xc-1.9.2.jar
9fcbd000-9fcbf000 r--s 00001000 08:04 3421933    /home/guilherme/projects/grizzlyboilerplate/target/dependency/slf4j-log4j12-1.7.5.jar
9fcbf000-9fcc0000 r--s 00001000 08:04 3420192    /home/guilherme/projects/grizzlyboilerplate/target/dependency/wagon-file-1.0-alpha-5.jar
9fcc0000-9fcd0000 r--s 000d2000 08:04 3421798    /home/guilherme/projects/grizzlyboilerplate/target/dependency/jackson-databind-2.1.3.jar
9fcd0000-9fcd2000 r--s 00001000 08:04 3420214    /home/guilherme/projects/grizzlyboilerplate/target/dependency/maven-plugin-api-2.0.4.jar
9fcd2000-9fcd6000 r--s 0001e000 08:04 3421779    /home/guilherme/projects/grizzlyboilerplate/target/dependency/maven-core-2.0.jar
9fcd6000-9fcd8000 r--s 00003000 08:04 3420422    /home/guilherme/projects/grizzlyboilerplate/target/dependency/maven-plugin-parameter-documenter-2.0.jar
9fcd8000-9fcda000 r--s 00002000 08:04 3421896    /home/guilherme/projects/grizzlyboilerplate/target/dependency/jersey-container-grizzly2-http-2.0-m02.jar
9fcda000-9fcdc000 r--s 00005000 08:04 3421899    /home/guilherme/projects/grizzlyboilerplate/target/dependency/maven-plugin-registry-2.0.jar
9fcdc000-9fceb000 r--s 0007f000 08:04 3421873    /home/guilherme/projects/grizzlyboilerplate/target/dependency/joda-time-2.3.jar
9fceb000-9fced000 r--s 00009000 08:04 3421790    /home/guilherme/projects/grizzlyboilerplate/target/dependency/wagon-provider-api-1.0-alpha-6.jar
9fced000-9fcf2000 r--s 0002a000 08:04 3421949    /home/guilherme/projects/grizzlyboilerplate/target/dependency/gson-2.2.4.jar
9fcf2000-9fcf8000 r--s 00033000 08:04 3421868    /home/guilherme/projects/grizzlyboilerplate/target/dependency/snakeyaml-1.6.jar
9fcf8000-9fcfa000 r--s 00004000 08:04 3421877    /home/guilherme/projects/grizzlyboilerplate/target/dependency/gmbal-api-only-3.0.0-b023.jar
9fcfa000-9fcfc000 r--s 00006000 08:04 3421795    /home/guilherme/projects/grizzlyboilerplate/target/dependency/plexus-io-1.0-alpha-2.jar
9fcfc000-9fcfe000 r--s 00012000 08:04 3421859    /home/guilherme/projects/grizzlyboilerplate/target/dependency/maven-model-2.0.4.jar
9fcfe000-9fd00000 r--s 00000000 08:04 3421938    /home/guilherme/projects/grizzlyboilerplate/target/dependency/doxia-sink-api-1.0-alpha-4.jar
9fd00000-9fe00000 rw-p 00000000 00:00 0 
9fe00000-9fe02000 r--s 00006000 08:04 3421755    /home/guilherme/projects/grizzlyboilerplate/target/dependency/jcommander-1.12.jar
9fe02000-9fe04000 r--s 0000e000 08:04 3421888    /home/guilherme/projects/grizzlyboilerplate/target/dependency/activation-1.1.jar
9fe04000-9fe0d000 r--s 0006f000 08:04 3421884    /home/guilherme/projects/grizzlyboilerplate/target/dependency/log4j-1.2.17.jar
9fe0d000-9fe0f000 r--s 00005000 08:04 3421757    /home/guilherme/projects/grizzlyboilerplate/target/dependency/slf4j-api-1.7.5.jar
9fe0f000-9fe1d000 r--s 000ad000 08:04 3421750    /home/guilherme/projects/grizzlyboilerplate/target/dependency/jackson-mapper-asl-1.9.2.jar
9fe1d000-9fe1f000 r--s 00019000 08:04 3421892    /home/guilherme/projects/grizzlyboilerplate/target/dependency/htmlcleaner-2.2.jar
9fe1f000-9fe21000 r--s 00007000 08:04 3421789    /home/guilherme/projects/grizzlyboilerplate/target/dependency/jackson-annotations-2.1.2.jar
9fe21000-9fe23000 r--s 0000a000 08:04 3421858    /home/guilherme/projects/grizzlyboilerplate/target/dependency/commons-codec-1.3.jar
9fe23000-9fe2a000 r--s 00029000 08:04 3421780    /home/guilherme/projects/grizzlyboilerplate/target/dependency/plexus-container-default-1.0-alpha-9-stable-1.jar
9fe2a000-9fe2d000 r--s 00023000 08:04 3421771    /home/guilherme/projects/grizzlyboilerplate/target/dependency/jdom-1.1.jar
9fe2d000-9fe30000 r--s 00011000 08:04 3421881    /home/guilherme/projects/grizzlyboilerplate/target/dependency/maven-artifact-2.0.4.jar
9fe30000-9fe32000 r--s 00006000 08:04 3425319    /home/guilherme/projects/grizzlyboilerplate/target/dependency/maven-profile-2.0.4.jar
9fe32000-9fe3c000 r--s 00087000 08:04 3421759    /home/guilherme/projects/grizzlyboilerplate/target/dependency/testng-6.1.1.jar
9fe3c000-9fe3e000 r--s 00008000 08:04 3421928    /home/guilherme/projects/grizzlyboilerplate/target/dependency/classworlds-1.1-alpha-2.jar
9fe3e000-9fe3f000 r--s 00005000 08:04 3421758    /home/guilherme/projects/grizzlyboilerplate/target/dependency/maven-repository-builder-1.0-alpha-2.jar
9fe3f000-9fe41000 r--s 00006000 08:04 3420198    /home/guilherme/projects/grizzlyboilerplate/target/dependency/hk2-api-1.6.32.jar
9fe41000-9fe43000 r--s 0000a000 08:04 3421650    /home/guilherme/projects/grizzlyboilerplate/target/dependency/jsr311-api-1.1.1.jar
9fe43000-9fe56000 r--s 00128000 08:04 3421887    /home/guilherme/projects/grizzlyboilerplate/target/dependency/ant-1.7.0.jar
9fe56000-9fe58000 r--s 00002000 08:04 3421931    /home/guilherme/projects/grizzlyboilerplate/target/dependency/plexus-interactivity-api-1.0-alpha-4.jar
9fe58000-9fe5b000 r--s 00017000 08:04 3421904    /home/guilherme/projects/grizzlyboilerplate/target/dependency/jaxb-api-2.2.2.jar
9fe5b000-9fe5e000 r--s 00014000 08:04 3421861    /home/guilherme/projects/grizzlyboilerplate/target/dependency/barbecue-1.5-beta1.jar
9fe5e000-9fe61000 r--s 0000b000 08:04 3421761    /home/guilherme/projects/grizzlyboilerplate/target/dependency/persistence-api-1.0.2.jar
9fe61000-9fe64000 r--s 0000a000 08:04 3421754    /home/guilherme/projects/grizzlyboilerplate/target/dependency/maven-artifact-manager-2.0.2.jar
9fe64000-9fe72000 r--s 000a6000 08:04 3421898    /home/guilherme/projects/grizzlyboilerplate/target/dependency/grizzly-framework-2.2.4.jar
9fe72000-9fe75000 r--s 00018000 08:04 3421860    /home/guilherme/projects/grizzlyboilerplate/target/dependency/mongojack-2.0.0-RC5.jar
9fe75000-9fe80000 r--s 0006c000 08:04 3420202    /home/guilherme/projects/grizzlyboilerplate/target/dependency/jersey-common-2.0-m02.jar
9fe80000-9fe88000 r--s 00028000 08:04 3420201    /home/guilherme/projects/grizzlyboilerplate/target/dependency/xml-apis-1.3.04.jar
9fe88000-9fead000 r--s 002e3000 08:04 3421890    /home/guilherme/projects/grizzlyboilerplate/target/dependency/xalan-2.7.1.jar
9fead000-9feae000 ---p 00000000 00:00 0 
9feae000-9ff2e000 rw-p 00000000 00:00 0          [stack:5863]
9ff2e000-9ff31000 ---p 00000000 00:00 0 
9ff31000-9ff7f000 rw-p 00000000 00:00 0          [stack:5862]
9ff7f000-9ff82000 ---p 00000000 00:00 0 
9ff82000-a0000000 rw-p 00000000 00:00 0          [stack:5861]
a0000000-a0200000 r--p 00000000 08:04 1449933    /usr/lib/locale/locale-archive
a0200000-a0221000 rw-p 00000000 00:00 0 
a0221000-a0300000 ---p 00000000 00:00 0 
a0300000-a0302000 r--s 00007000 08:04 3421916    /home/guilherme/projects/grizzlyboilerplate/target/dependency/wagon-ssh-1.0-alpha-5.jar
a0302000-a0303000 r--s 00002000 08:04 3421936    /home/guilherme/projects/grizzlyboilerplate/target/dependency/maven-archiver-2.2.jar
a0303000-a0306000 r--s 00012000 08:04 3421788    /home/guilherme/projects/grizzlyboilerplate/target/dependency/javax.ws.rs-api-2.0-m03.jar
a0306000-a0308000 r--s 00009000 08:04 3421935    /home/guilherme/projects/grizzlyboilerplate/target/dependency/management-api-3.0.0-b012.jar
a0308000-a0309000 r--s 00002000 08:04 3421739    /home/guilherme/projects/grizzlyboilerplate/target/dependency/ant-launcher-1.7.0.jar
a0309000-a030d000 r--s 00030000 08:04 3420210    /home/guilherme/projects/grizzlyboilerplate/target/dependency/plexus-utils-1.5.1.jar
a030d000-a0310000 ---p 00000000 00:00 0 
a0310000-a035e000 rw-p 00000000 00:00 0          [stack:5860]
a035e000-a0361000 ---p 00000000 00:00 0 
a0361000-a03af000 rw-p 00000000 00:00 0          [stack:5859]
a03af000-a03b2000 ---p 00000000 00:00 0 
a03b2000-a0400000 rw-p 00000000 00:00 0          [stack:5858]
a0400000-a0498000 rw-p 00000000 00:00 0 
a0498000-a0500000 ---p 00000000 00:00 0 
a0500000-a0513000 r--s 000c7000 08:04 3421853    /home/guilherme/projects/grizzlyboilerplate/target/dependency/jaxb-impl-2.2.3-1.jar
a0513000-a0515000 r--s 0000d000 08:04 3421879    /home/guilherme/projects/grizzlyboilerplate/target/dependency/commons-logging-1.1.1.jar
a0515000-a0516000 r--s 00001000 08:04 3421940    /home/guilherme/projects/grizzlyboilerplate/target/dependency/maven-monitor-2.0.jar
a0516000-a0517000 r--s 00004000 08:04 3420206    /home/guilherme/projects/grizzlyboilerplate/target/dependency/osgi-resource-locator-1.0.1.jar
a0517000-a0519000 r--s 00006000 08:04 3421872    /home/guilherme/projects/grizzlyboilerplate/target/dependency/commons-cli-1.0.jar
a0519000-a051b000 r--s 0000f000 08:04 3421774    /home/guilherme/projects/grizzlyboilerplate/target/dependency/jettison-1.1.jar
a051b000-a051d000 r--s 00007000 08:04 3421889    /home/guilherme/projects/grizzlyboilerplate/target/dependency/maven-plugin-descriptor-2.0.jar
a051d000-a0520000 r--s 00041000 08:04 3421905    /home/guilherme/projects/grizzlyboilerplate/target/dependency/serializer-2.7.1.jar
a0520000-a0522000 r--s 0000c000 08:04 3421857    /home/guilherme/projects/grizzlyboilerplate/target/dependency/bson4jackson-1.3.0.jar
a0522000-a0524000 r--s 00003000 08:04 3421882    /home/guilherme/projects/grizzlyboilerplate/target/dependency/tiger-types-1.4.jar
a0524000-a0525000 ---p 00000000 00:00 0 
a0525000-a05f0000 rw-p 00000000 00:00 0          [stack:5857]
a05f0000-a07ad000 r--s 031b5000 08:04 1715126    /usr/local/java/jre1.7.0_40/lib/rt.jar
a07ad000-a080f000 rw-p 00000000 00:00 0 
a080f000-a0829000 rw-p 00000000 00:00 0 
a0829000-a082f000 rw-p 00000000 00:00 0 
a082f000-a087f000 rw-p 00000000 00:00 0 
a087f000-a0882000 rw-p 00000000 00:00 0 
a0882000-a08a9000 rw-p 00000000 00:00 0 
a08a9000-a08af000 rw-p 00000000 00:00 0 
a08af000-a08ff000 rw-p 00000000 00:00 0 
a08ff000-a0905000 rw-p 00000000 00:00 0 
a0905000-a091f000 rw-p 00000000 00:00 0 
a091f000-a0e70000 rw-p 00000000 00:00 0 
a0e70000-a5e70000 rw-p 00000000 00:00 0 
a5e70000-a6920000 rw-p 00000000 00:00 0 
a6920000-b0920000 rw-p 00000000 00:00 0 
b0920000-b1520000 rw-p 00000000 00:00 0 
b1520000-b4920000 rw-p 00000000 00:00 0 
b4920000-b4921000 r--s 00007000 08:04 3421244    /home/guilherme/projects/grizzlyboilerplate/target/dependency/maven-plugin-testing-harness-1.1.jar
b4921000-b4925000 r--s 0002a000 08:04 3421797    /home/guilherme/projects/grizzlyboilerplate/target/dependency/commons-io-2.4.jar
b4925000-b4928000 rw-p 00000000 00:00 0 
b4928000-b49a5000 rw-p 00000000 00:00 0 
b49a5000-b4a4d000 rwxp 00000000 00:00 0 
b4a4d000-b69a5000 rw-p 00000000 00:00 0 
b69a5000-b69bc000 r-xp 00000000 08:04 1715686    /usr/local/java/jre1.7.0_40/lib/i386/libzip.so
b69bc000-b69bd000 rw-p 00017000 08:04 1715686    /usr/local/java/jre1.7.0_40/lib/i386/libzip.so
b69bd000-b69c8000 r-xp 00000000 08:04 2496922    /lib/i386-linux-gnu/libnss_files-2.17.so
b69c8000-b69c9000 r--p 0000a000 08:04 2496922    /lib/i386-linux-gnu/libnss_files-2.17.so
b69c9000-b69ca000 rw-p 0000b000 08:04 2496922    /lib/i386-linux-gnu/libnss_files-2.17.so
b69ca000-b69df000 r-xp 00000000 08:04 2495691    /lib/i386-linux-gnu/libnsl-2.17.so
b69df000-b69e0000 r--p 00014000 08:04 2495691    /lib/i386-linux-gnu/libnsl-2.17.so
b69e0000-b69e1000 rw-p 00015000 08:04 2495691    /lib/i386-linux-gnu/libnsl-2.17.so
b69e1000-b69e3000 rw-p 00000000 00:00 0 
b69e3000-b69e4000 r--s 00001000 08:04 3421893    /home/guilherme/projects/grizzlyboilerplate/target/dependency/grizzly-rcm-2.2.4.jar
b69e4000-b69e7000 r--s 0001b000 08:04 3421878    /home/guilherme/projects/grizzlyboilerplate/target/dependency/junit-3.8.1.jar
b69e7000-b69f0000 r--s 00042000 08:04 3421902    /home/guilherme/projects/grizzlyboilerplate/target/dependency/jersey-server-2.0-m02.jar
b69f0000-b69f3000 r--s 00006000 08:04 3421894    /home/guilherme/projects/grizzlyboilerplate/target/dependency/jsr305-1.3.9.jar
b69f3000-b69f8000 r--s 00018000 08:04 3421794    /home/guilherme/projects/grizzlyboilerplate/target/dependency/aspectjrt-1.5.3.jar
b69f8000-b6a00000 rw-s 00000000 08:04 5769823    /tmp/hsperfdata_guilherme/5855
b6a00000-b6aff000 rw-p 00000000 00:00 0 
b6aff000-b6b00000 ---p 00000000 00:00 0 
b6b00000-b6b02000 r--s 00009000 08:04 3425670    /home/guilherme/projects/grizzlyboilerplate/target/dependency/maven-settings-2.0.4.jar
b6b02000-b6b07000 r--s 00040000 08:04 3421791    /home/guilherme/projects/grizzlyboilerplate/target/dependency/bsh-2.0b4.jar
b6b07000-b6b11000 r-xp 00000000 08:04 2496918    /lib/i386-linux-gnu/libnss_nis-2.17.so
b6b11000-b6b12000 r--p 00009000 08:04 2496918    /lib/i386-linux-gnu/libnss_nis-2.17.so
b6b12000-b6b13000 rw-p 0000a000 08:04 2496918    /lib/i386-linux-gnu/libnss_nis-2.17.so
b6b13000-b6b36000 r-xp 00000000 08:04 1715650    /usr/local/java/jre1.7.0_40/lib/i386/libjava.so
b6b36000-b6b37000 rw-p 00022000 08:04 1715650    /usr/local/java/jre1.7.0_40/lib/i386/libjava.so
b6b37000-b6b3e000 r-xp 00000000 08:04 2491415    /lib/i386-linux-gnu/librt-2.17.so
b6b3e000-b6b3f000 r--p 00006000 08:04 2491415    /lib/i386-linux-gnu/librt-2.17.so
b6b3f000-b6b40000 rw-p 00007000 08:04 2491415    /lib/i386-linux-gnu/librt-2.17.so
b6b40000-b6b43000 ---p 00000000 00:00 0 
b6b43000-b6b91000 rw-p 00000000 00:00 0          [stack:5856]
b6b91000-b6bd2000 r-xp 00000000 08:04 2496916    /lib/i386-linux-gnu/libm-2.17.so
b6bd2000-b6bd3000 r--p 00040000 08:04 2496916    /lib/i386-linux-gnu/libm-2.17.so
b6bd3000-b6bd4000 rw-p 00041000 08:04 2496916    /lib/i386-linux-gnu/libm-2.17.so
b6bd4000-b715a000 r-xp 00000000 08:04 1715645    /usr/local/java/jre1.7.0_40/lib/i386/client/libjvm.so
b715a000-b717b000 rw-p 00586000 08:04 1715645    /usr/local/java/jre1.7.0_40/lib/i386/client/libjvm.so
b717b000-b759c000 rw-p 00000000 00:00 0 
b759c000-b774a000 r-xp 00000000 08:04 2495698    /lib/i386-linux-gnu/libc-2.17.so
b774a000-b774c000 r--p 001ae000 08:04 2495698    /lib/i386-linux-gnu/libc-2.17.so
b774c000-b774d000 rw-p 001b0000 08:04 2495698    /lib/i386-linux-gnu/libc-2.17.so
b774d000-b7750000 rw-p 00000000 00:00 0 
b7750000-b7753000 r-xp 00000000 08:04 2495699    /lib/i386-linux-gnu/libdl-2.17.so
b7753000-b7754000 r--p 00002000 08:04 2495699    /lib/i386-linux-gnu/libdl-2.17.so
b7754000-b7755000 rw-p 00003000 08:04 2495699    /lib/i386-linux-gnu/libdl-2.17.so
b7755000-b7756000 rw-p 00000000 00:00 0 
b7756000-b7769000 r-xp 00000000 08:04 1715654    /usr/local/java/jre1.7.0_40/lib/i386/jli/libjli.so
b7769000-b776a000 rw-p 00012000 08:04 1715654    /usr/local/java/jre1.7.0_40/lib/i386/jli/libjli.so
b776a000-b7781000 r-xp 00000000 08:04 2496915    /lib/i386-linux-gnu/libpthread-2.17.so
b7781000-b7782000 r--p 00016000 08:04 2496915    /lib/i386-linux-gnu/libpthread-2.17.so
b7782000-b7783000 rw-p 00017000 08:04 2496915    /lib/i386-linux-gnu/libpthread-2.17.so
b7783000-b7785000 rw-p 00000000 00:00 0 
b7785000-b7786000 r--s 00001000 08:04 3425618    /home/guilherme/projects/grizzlyboilerplate/target/dependency/javax.inject-1.6.32.jar
b7786000-b778a000 r--s 00030000 08:04 3421900    /home/guilherme/projects/grizzlyboilerplate/target/dependency/grizzly-http-server-2.2.4.jar
b778a000-b778b000 r--p 005e0000 08:04 1449933    /usr/lib/locale/locale-archive
b778b000-b7792000 r-xp 00000000 08:04 2495701    /lib/i386-linux-gnu/libnss_compat-2.17.so
b7792000-b7793000 r--p 00006000 08:04 2495701    /lib/i386-linux-gnu/libnss_compat-2.17.so
b7793000-b7794000 rw-p 00007000 08:04 2495701    /lib/i386-linux-gnu/libnss_compat-2.17.so
b7794000-b7795000 rw-p 00000000 00:00 0 
b7795000-b7796000 r--p 00000000 00:00 0 
b7796000-b77a1000 r-xp 00000000 08:04 1715632    /usr/local/java/jre1.7.0_40/lib/i386/libverify.so
b77a1000-b77a2000 rw-p 0000b000 08:04 1715632    /usr/local/java/jre1.7.0_40/lib/i386/libverify.so
b77a2000-b77a4000 rw-p 00000000 00:00 0 
b77a4000-b77a5000 r-xp 00000000 00:00 0          [vdso]
b77a5000-b77c5000 r-xp 00000000 08:04 2495694    /lib/i386-linux-gnu/ld-2.17.so
b77c5000-b77c6000 r--p 0001f000 08:04 2495694    /lib/i386-linux-gnu/ld-2.17.so
b77c6000-b77c7000 rw-p 00020000 08:04 2495694    /lib/i386-linux-gnu/ld-2.17.so
bfae2000-bfb03000 rw-p 00000000 00:00 0          [stack]

VM Arguments:
java_command: br.org.base.server.BarServer
Launcher Type: SUN_STANDARD

Environment Variables:
JAVA_HOME=/usr/local/java/jdk1.7.0_40
JRE_HOME=/usr/local/java/jre1.7.0_40
PATH=/opt/SenchaSDKTools-2.0.0-beta3:/home/guilherme/bin/Sencha/Cmd/4.0.0.203:/usr/local/heroku/bin:/opt/SenchaSDKTools-2.0.0-beta3:/home/guilherme/bin/Sencha/Cmd/4.0.0.203:/home/guilherme/bin:/usr/lib/lightdm/lightdm:/usr/local/sbin:/usr/local/bin:/usr/sbin:/usr/bin:/sbin:/bin:/usr/games:/usr/local/games:/home/guilherme/bin:/usr/local/java/jdk1.7.0_40/bin:/home/guilherme/bin:/usr/local/java/jre1.7.0_40/bin
SHELL=/bin/bash
DISPLAY=:0

Signal Handlers:
SIGSEGV: [libjvm.so+0x503d90], sa_mask[0]=0x7ffbfeff, sa_flags=0x10000004
SIGBUS: [libjvm.so+0x503d90], sa_mask[0]=0x7ffbfeff, sa_flags=0x10000004
SIGFPE: [libjvm.so+0x3fbe80], sa_mask[0]=0x7ffbfeff, sa_flags=0x10000004
SIGPIPE: [libjvm.so+0x3fbe80], sa_mask[0]=0x7ffbfeff, sa_flags=0x10000004
SIGXFSZ: [libjvm.so+0x3fbe80], sa_mask[0]=0x7ffbfeff, sa_flags=0x10000004
SIGILL: [libjvm.so+0x3fbe80], sa_mask[0]=0x7ffbfeff, sa_flags=0x10000004
SIGUSR1: SIG_DFL, sa_mask[0]=0x00000000, sa_flags=0x00000000
SIGUSR2: [libjvm.so+0x3fd370], sa_mask[0]=0x00000000, sa_flags=0x10000004
SIGHUP: [libjvm.so+0x3fe4c0], sa_mask[0]=0x7ffbfeff, sa_flags=0x10000004
SIGINT: [libjvm.so+0x3fe4c0], sa_mask[0]=0x7ffbfeff, sa_flags=0x10000004
SIGTERM: [libjvm.so+0x3fe4c0], sa_mask[0]=0x7ffbfeff, sa_flags=0x10000004
SIGQUIT: [libjvm.so+0x3fe4c0], sa_mask[0]=0x7ffbfeff, sa_flags=0x10000004


---------------  S Y S T E M  ---------------

OS:wheezy/sid

uname:Linux 3.11.0-15-generic #23-Ubuntu SMP Mon Dec 9 18:16:27 UTC 2013 i686
libc:glibc 2.17 NPTL 2.17 
rlimit: STACK 8192k, CORE 0k, NPROC 24094, NOFILE 4096, AS infinity
load average:3,13 2,57 2,24

/proc/meminfo:
MemTotal:        3101640 kB
MemFree:         1621672 kB
Buffers:           54848 kB
Cached:           391084 kB
SwapCached:            0 kB
Active:          1068508 kB
Inactive:         312252 kB
Active(anon):     935184 kB
Inactive(anon):    42292 kB
Active(file):     133324 kB
Inactive(file):   269960 kB
Unevictable:          48 kB
Mlocked:              48 kB
HighTotal:       2231176 kB
HighFree:         876600 kB
LowTotal:         870464 kB
LowFree:          745072 kB
SwapTotal:       1999868 kB
SwapFree:        1999868 kB
Dirty:               248 kB
Writeback:             0 kB
AnonPages:        934984 kB
Mapped:           217468 kB
Shmem:             42652 kB
Slab:              38136 kB
SReclaimable:      17620 kB
SUnreclaim:        20516 kB
KernelStack:        4176 kB
PageTables:        14388 kB
NFS_Unstable:          0 kB
Bounce:                0 kB
WritebackTmp:          0 kB
CommitLimit:     3550688 kB
Committed_AS:    4462656 kB
VmallocTotal:     122880 kB
VmallocUsed:       47844 kB
VmallocChunk:      69396 kB
HardwareCorrupted:     0 kB
AnonHugePages:         0 kB
HugePages_Total:       0
HugePages_Free:        0
HugePages_Rsvd:        0
HugePages_Surp:        0
Hugepagesize:       2048 kB
DirectMap4k:       65528 kB
DirectMap2M:      847872 kB


CPU:total 2 (2 cores per cpu, 1 threads per core) family 15 model 6 stepping 5, cmov, cx8, fxsr, mmx, sse, sse2, sse3, tsc

/proc/cpuinfo:
processor	: 0
vendor_id	: GenuineIntel
cpu family	: 15
model		: 6
model name	: Intel(R) Pentium(R) D CPU 3.20GHz
stepping	: 5
microcode	: 0xb
cpu MHz		: 3200.000
cache size	: 2048 KB
physical id	: 0
siblings	: 2
core id		: 0
cpu cores	: 2
apicid		: 0
initial apicid	: 0
fdiv_bug	: no
f00f_bug	: no
coma_bug	: no
fpu		: yes
fpu_exception	: yes
cpuid level	: 6
wp		: yes
flags		: fpu vme de pse tsc msr pae mce cx8 apic sep mtrr pge mca cmov pat pse36 clflush dts acpi mmx fxsr sse sse2 ss ht tm pbe nx lm constant_tsc pebs bts pni dtes64 monitor ds_cpl est cid cx16 xtpr pdcm lahf_lm
bogomips	: 6399.59
clflush size	: 64
cache_alignment	: 128
address sizes	: 36 bits physical, 48 bits virtual
power management:

processor	: 1
vendor_id	: GenuineIntel
cpu family	: 15
model		: 6
model name	: Intel(R) Pentium(R) D CPU 3.20GHz
stepping	: 5
microcode	: 0xb
cpu MHz		: 3200.000
cache size	: 2048 KB
physical id	: 0
siblings	: 2
core id		: 1
cpu cores	: 2
apicid		: 1
initial apicid	: 1
fdiv_bug	: no
f00f_bug	: no
coma_bug	: no
fpu		: yes
fpu_exception	: yes
cpuid level	: 6
wp		: yes
flags		: fpu vme de pse tsc msr pae mce cx8 apic sep mtrr pge mca cmov pat pse36 clflush dts acpi mmx fxsr sse sse2 ss ht tm pbe nx lm constant_tsc pebs bts pni dtes64 monitor ds_cpl est cid cx16 xtpr pdcm lahf_lm
bogomips	: 6399.59
clflush size	: 64
cache_alignment	: 128
address sizes	: 36 bits physical, 48 bits virtual
power management:



Memory: 4k page, physical 3101640k(1621672k free), swap 1999868k(1999868k free)

vm_info: Java HotSpot(TM) Client VM (24.0-b56) for linux-x86 JRE (1.7.0_40-b43), built on Aug 26 2013 22:05:59 by "java_re" with gcc 4.3.0 20080428 (Red Hat 4.3.0-8)

time: Sun Jan 19 02:17:07 2014
elapsed time: 0 seconds

