#
# A fatal error has been detected by the Java Runtime Environment:
#
#  SIGILL (0x4) at pc=0xb6d32e10, pid=3920, tid=3064916800
#
# JRE version: Java(TM) SE Runtime Environment (7.0_40-b43) (build 1.7.0_40-b43)
# Java VM: Java HotSpot(TM) Client VM (24.0-b56 mixed mode linux-x86 )
# Problematic frame:
# V  [libjvm.so+0x200e10]  Events::log_exception(Thread*, char const*, ...)+0x20
#
# Failed to write core dump. Core dumps have been disabled. To enable core dumping, try "ulimit -c unlimited" before starting Java again
#
# If you would like to submit a bug report, please visit:
#   http://bugreport.sun.com/bugreport/crash.jsp
#

---------------  T H R E A D  ---------------

Current thread (0xb6909400):  JavaThread "main" [_thread_in_vm, id=3921, stack(0xb6a9e000,0xb6aef000)]

siginfo:si_signo=SIGILL: si_errno=0, si_code=2 (ILL_ILLOPN), si_addr=0xb6d32e10

Registers:
EAX=0x00000000, EBX=0xb70c6868, ECX=0xb69048a8, EDX=0x00000000
ESP=0xb6aea950, EBP=0xb6aea978, ESI=0xb69048a8, EDI=0xb69050a0
EIP=0xb6d32e10, EFLAGS=0x00010286, CR2=0x00000000

Top of Stack: (sp=0xb6aea950)
0xb6aea950:   b6909400 00000000 d1569f49 3fde9a1f
0xb6aea960:   a0710f58 b69048a8 b708a474 b70c6868
0xb6aea970:   00000000 b089a738 b6aeac78 b6e5c80b
0xb6aea980:   b6909400 b7077507 a099d628 b708a474
0xb6aea990:   000004dc b6aeabbc b6909c04 b6909c04
0xb6aea9a0:   b6aeaa30 b6aea9c8 b6909400 b6909bf8
0xb6aea9b0:   b6aeaa30 00000001 b6909bfc b6ee3a5e
0xb6aea9c0:   b70c6868 07000000 b6aeacd8 b490339a 

Instructions: (pc=0xb6d32e10)
0xb6d32df0:   55 89 e5 57 56 53 83 ec 1c e8 00 00 00 00 5b 81
0xb6d32e00:   c3 6a 3a 39 00 8b 83 10 f2 ff ff 80 38 00 75 08
0xb6d32e10:   8d 65 f4 5b 5e 5f 5d c3 8b 83 d4 fa ff ff 8d 7d
0xb6d32e20:   10 8b 30 8b 83 3c ea ff ff 8b 00 85 c0 75 e1 e8 

Register to memory mapping:

EAX=0x00000000 is an unknown value
EBX=0xb70c6868: <offset 0x594868> in /usr/local/java/jre1.7.0_40/lib/i386/client/libjvm.so at 0xb6b32000
ECX=0xb69048a8 is an unknown value
EDX=0x00000000 is an unknown value
ESP=0xb6aea950 is pointing into the stack for thread: 0xb6909400
EBP=0xb6aea978 is pointing into the stack for thread: 0xb6909400
ESI=0xb69048a8 is an unknown value
EDI=0xb69050a0 is an unknown value


Stack: [0xb6a9e000,0xb6aef000],  sp=0xb6aea950,  free space=306k
Native frames: (J=compiled Java code, j=interpreted, Vv=VM code, C=native code)
V  [libjvm.so+0x200e10]  Events::log_exception(Thread*, char const*, ...)+0x20
V  [libjvm.so+0x32a80b]  JVM_DoPrivileged+0x4eb
C  [libjava.so+0x9a4a]  Java_java_security_AccessController_doPrivileged__Ljava_security_PrivilegedExceptionAction_2Ljava_security_AccessControlContext_2+0x3a
j  java.security.AccessController.doPrivileged(Ljava/security/PrivilegedExceptionAction;Ljava/security/AccessControlContext;)Ljava/lang/Object;+0
j  java.net.URLClassLoader.findClass(Ljava/lang/String;)Ljava/lang/Class;+13
j  java.lang.ClassLoader.loadClass(Ljava/lang/String;Z)Ljava/lang/Class;+70
j  java.lang.ClassLoader.loadClass(Ljava/lang/String;Z)Ljava/lang/Class;+38
j  sun.misc.Launcher$AppClassLoader.loadClass(Ljava/lang/String;Z)Ljava/lang/Class;+36
j  java.lang.ClassLoader.loadClass(Ljava/lang/String;)Ljava/lang/Class;+3
v  ~StubRoutines::call_stub
V  [libjvm.so+0x2a7875]  JavaCalls::call_helper(JavaValue*, methodHandle*, JavaCallArguments*, Thread*)+0x315
V  [libjvm.so+0x3fa1e9]  os::os_exception_wrapper(void (*)(JavaValue*, methodHandle*, JavaCallArguments*, Thread*), JavaValue*, methodHandle*, JavaCallArguments*, Thread*)+0x19
V  [libjvm.so+0x2a64ef]  JavaCalls::call(JavaValue*, methodHandle, JavaCallArguments*, Thread*)+0x2f
V  [libjvm.so+0x2a672a]  JavaCalls::call_virtual(JavaValue*, KlassHandle, Symbol*, Symbol*, JavaCallArguments*, Thread*)+0x10a
V  [libjvm.so+0x2a67f5]  JavaCalls::call_virtual(JavaValue*, Handle, KlassHandle, Symbol*, Symbol*, Handle, Thread*)+0x55
V  [libjvm.so+0x49e559]  SystemDictionary::load_instance_class(Symbol*, Handle, Thread*)+0x489
V  [libjvm.so+0x49cc52]  SystemDictionary::resolve_instance_class_or_null(Symbol*, Handle, Handle, Thread*)+0x742
V  [libjvm.so+0x49d0b9]  SystemDictionary::resolve_or_null(Symbol*, Handle, Handle, Thread*)+0x49
V  [libjvm.so+0x49d488]  SystemDictionary::resolve_super_or_fail(Symbol*, Symbol*, Handle, Handle, bool, Thread*)+0x1a8
V  [libjvm.so+0x179415]  ClassFileParser::parseClassFile(Symbol*, Handle, Handle, KlassHandle, GrowableArray<Handle>*, TempNewSymbol&, bool, Thread*)+0x2525
V  [libjvm.so+0x49bb5a]  SystemDictionary::resolve_from_stream(Symbol*, Handle, Handle, ClassFileStream*, bool, Thread*)+0xda
V  [libjvm.so+0x32ae04]  jvm_define_class_common(JNIEnv_*, char const*, _jobject*, signed char const*, int, _jobject*, char const*, unsigned char, Thread*)+0x2a4
V  [libjvm.so+0x32b06c]  JVM_DefineClassWithSource+0x9c
C  [libjava.so+0xb1bf]  Java_java_lang_ClassLoader_defineClass1+0x2af
j  java.lang.ClassLoader.defineClass1(Ljava/lang/String;[BIILjava/security/ProtectionDomain;Ljava/lang/String;)Ljava/lang/Class;+0
j  java.lang.ClassLoader.defineClass(Ljava/lang/String;[BIILjava/security/ProtectionDomain;)Ljava/lang/Class;+30
j  java.security.SecureClassLoader.defineClass(Ljava/lang/String;[BIILjava/security/CodeSource;)Ljava/lang/Class;+12
j  java.net.URLClassLoader.defineClass(Ljava/lang/String;Lsun/misc/Resource;)Ljava/lang/Class;+220
j  java.net.URLClassLoader.access$100(Ljava/net/URLClassLoader;Ljava/lang/String;Lsun/misc/Resource;)Ljava/lang/Class;+3
j  java.net.URLClassLoader$1.run()Ljava/lang/Class;+43
j  java.net.URLClassLoader$1.run()Ljava/lang/Object;+1
v  ~StubRoutines::call_stub
V  [libjvm.so+0x2a7875]  JavaCalls::call_helper(JavaValue*, methodHandle*, JavaCallArguments*, Thread*)+0x315
V  [libjvm.so+0x3fa1e9]  os::os_exception_wrapper(void (*)(JavaValue*, methodHandle*, JavaCallArguments*, Thread*), JavaValue*, methodHandle*, JavaCallArguments*, Thread*)+0x19
V  [libjvm.so+0x2a64ef]  JavaCalls::call(JavaValue*, methodHandle, JavaCallArguments*, Thread*)+0x2f
V  [libjvm.so+0x32a569]  JVM_DoPrivileged+0x249
C  [libjava.so+0x9a4a]  Java_java_security_AccessController_doPrivileged__Ljava_security_PrivilegedExceptionAction_2Ljava_security_AccessControlContext_2+0x3a
j  java.security.AccessController.doPrivileged(Ljava/security/PrivilegedExceptionAction;Ljava/security/AccessControlContext;)Ljava/lang/Object;+0
j  java.net.URLClassLoader.findClass(Ljava/lang/String;)Ljava/lang/Class;+13
j  java.lang.ClassLoader.loadClass(Ljava/lang/String;Z)Ljava/lang/Class;+70
j  sun.misc.Launcher$AppClassLoader.loadClass(Ljava/lang/String;Z)Ljava/lang/Class;+36
j  java.lang.ClassLoader.loadClass(Ljava/lang/String;)Ljava/lang/Class;+3
v  ~StubRoutines::call_stub
V  [libjvm.so+0x2a7875]  JavaCalls::call_helper(JavaValue*, methodHandle*, JavaCallArguments*, Thread*)+0x315
V  [libjvm.so+0x3fa1e9]  os::os_exception_wrapper(void (*)(JavaValue*, methodHandle*, JavaCallArguments*, Thread*), JavaValue*, methodHandle*, JavaCallArguments*, Thread*)+0x19
V  [libjvm.so+0x2a64ef]  JavaCalls::call(JavaValue*, methodHandle, JavaCallArguments*, Thread*)+0x2f
V  [libjvm.so+0x2a672a]  JavaCalls::call_virtual(JavaValue*, KlassHandle, Symbol*, Symbol*, JavaCallArguments*, Thread*)+0x10a
V  [libjvm.so+0x2a67f5]  JavaCalls::call_virtual(JavaValue*, Handle, KlassHandle, Symbol*, Symbol*, Handle, Thread*)+0x55
V  [libjvm.so+0x49e559]  SystemDictionary::load_instance_class(Symbol*, Handle, Thread*)+0x489
V  [libjvm.so+0x49cc52]  SystemDictionary::resolve_instance_class_or_null(Symbol*, Handle, Handle, Thread*)+0x742
V  [libjvm.so+0x49d0b9]  SystemDictionary::resolve_or_null(Symbol*, Handle, Handle, Thread*)+0x49
V  [libjvm.so+0x49e5d0]  SystemDictionary::resolve_or_fail(Symbol*, Handle, Handle, bool, Thread*)+0x30
V  [libjvm.so+0x31e40c]  find_class_from_class_loader(JNIEnv_*, Symbol*, unsigned char, Handle, Handle, unsigned char, Thread*)+0x3c
V  [libjvm.so+0x31e6ab]  JVM_FindClassFromClass+0x22b
C  [libverify.so+0x2503]  load_class_global+0x43
C  [libverify.so+0x25b9]  object_fullinfo_to_classclass+0x49
C  [libverify.so+0x3652]  merge_fullinfo_types+0x242
C  [libverify.so+0x3ada]  isAssignableTo+0x1a
C  [libverify.so+0x5085]  pop_stack+0xbc5
C  [libverify.so+0x57c5]  run_dataflow+0x1d5
C  [libverify.so+0x76f3]  verify_method+0x933
C  [libverify.so+0x8d8a]  VerifyClassForMajorVersion+0x62a
C  [libjava.so+0x10689]  VerifyClassCodesForMajorVersion+0x39
V  [libjvm.so+0x4e9f0e]  Verifier::inference_verify(instanceKlassHandle, char*, unsigned int, Thread*)+0x14e
V  [libjvm.so+0x4f69c3]  Verifier::verify(instanceKlassHandle, Verifier::Mode, bool, Thread*)+0x513
V  [libjvm.so+0x274a49]  instanceKlass::verify_code(instanceKlassHandle, bool, Thread*)+0x39
V  [libjvm.so+0x27e6c4]  instanceKlass::link_class_impl(instanceKlassHandle, bool, Thread*)+0x4e4
V  [libjvm.so+0x27ea3f]  instanceKlass::initialize_impl(instanceKlassHandle, Thread*)+0x5f
V  [libjvm.so+0x27ef9b]  instanceKlass::initialize(Thread*)+0x5b
V  [libjvm.so+0x39162a]  LinkResolver::resolve_static_call(CallInfo&, KlassHandle&, Symbol*, Symbol*, KlassHandle, bool, bool, Thread*)+0xfa
V  [libjvm.so+0x391774]  LinkResolver::resolve_invokestatic(CallInfo&, constantPoolHandle, int, Thread*)+0xc4
V  [libjvm.so+0x2a1e0a]  InterpreterRuntime::resolve_invoke(JavaThread*, Bytecodes::Code)+0x17a
j  com.google.common.collect.Collections2$TransformedCollection.iterator()Ljava/util/Iterator;+13
j  java.util.AbstractCollection.addAll(Ljava/util/Collection;)Z+3
j  java.util.LinkedHashSet.<init>(Ljava/util/Collection;)V+22
j  com.google.common.collect.Sets.newLinkedHashSet(Ljava/lang/Iterable;)Ljava/util/LinkedHashSet;+15
j  org.glassfish.jersey.internal.inject.Providers.getProviders(Lorg/glassfish/hk2/Services;Ljava/lang/Class;)Ljava/util/Set;+37
j  org.glassfish.jersey.internal.AbstractRuntimeDelegate.<init>(Lorg/glassfish/hk2/Services;)V+9
j  com.sun.ws.rs.ext.RuntimeDelegateImpl.<init>()V+22
v  ~StubRoutines::call_stub
V  [libjvm.so+0x2a7875]  JavaCalls::call_helper(JavaValue*, methodHandle*, JavaCallArguments*, Thread*)+0x315
V  [libjvm.so+0x3fa1e9]  os::os_exception_wrapper(void (*)(JavaValue*, methodHandle*, JavaCallArguments*, Thread*), JavaValue*, methodHandle*, JavaCallArguments*, Thread*)+0x19
V  [libjvm.so+0x2a64ef]  JavaCalls::call(JavaValue*, methodHandle, JavaCallArguments*, Thread*)+0x2f
V  [libjvm.so+0x43f97e]  Reflection::invoke(instanceKlassHandle, methodHandle, Handle, bool, objArrayHandle, BasicType, objArrayHandle, bool, Thread*)+0x3fe
V  [libjvm.so+0x44084e]  Reflection::invoke_constructor(oopDesc*, objArrayHandle, Thread*)+0x2de
V  [libjvm.so+0x31e9db]  JVM_NewInstanceFromConstructor+0xdb
C  [libjava.so+0x151eb]  Java_sun_reflect_NativeConstructorAccessorImpl_newInstance0+0x2b
j  sun.reflect.NativeConstructorAccessorImpl.newInstance0(Ljava/lang/reflect/Constructor;[Ljava/lang/Object;)Ljava/lang/Object;+0
j  sun.reflect.NativeConstructorAccessorImpl.newInstance([Ljava/lang/Object;)Ljava/lang/Object;+72
j  sun.reflect.DelegatingConstructorAccessorImpl.newInstance([Ljava/lang/Object;)Ljava/lang/Object;+5
j  java.lang.reflect.Constructor.newInstance([Ljava/lang/Object;)Ljava/lang/Object;+79
j  java.lang.Class.newInstance()Ljava/lang/Object;+132
j  javax.ws.rs.ext.FactoryFinder.newInstance(Ljava/lang/String;Ljava/lang/ClassLoader;)Ljava/lang/Object;+78
j  javax.ws.rs.ext.FactoryFinder.find(Ljava/lang/String;Ljava/lang/String;)Ljava/lang/Object;+387
j  javax.ws.rs.ext.RuntimeDelegate.findDelegate()Ljavax/ws/rs/ext/RuntimeDelegate;+4
j  javax.ws.rs.ext.RuntimeDelegate.getInstance()Ljavax/ws/rs/ext/RuntimeDelegate;+22
j  javax.ws.rs.core.UriBuilder.newInstance()Ljavax/ws/rs/core/UriBuilder;+0
j  javax.ws.rs.core.UriBuilder.fromUri(Ljava/net/URI;)Ljavax/ws/rs/core/UriBuilder;+0
j  javax.ws.rs.core.UriBuilder.fromUri(Ljava/lang/String;)Ljavax/ws/rs/core/UriBuilder;+23
j  br.org.base.server.BarServer.main([Ljava/lang/String;)V+28
...<more frames>...

Java frames: (J=compiled Java code, j=interpreted, Vv=VM code)
j  java.security.AccessController.doPrivileged(Ljava/security/PrivilegedExceptionAction;Ljava/security/AccessControlContext;)Ljava/lang/Object;+0
j  java.net.URLClassLoader.findClass(Ljava/lang/String;)Ljava/lang/Class;+13
j  java.lang.ClassLoader.loadClass(Ljava/lang/String;Z)Ljava/lang/Class;+70
j  java.lang.ClassLoader.loadClass(Ljava/lang/String;Z)Ljava/lang/Class;+38
j  sun.misc.Launcher$AppClassLoader.loadClass(Ljava/lang/String;Z)Ljava/lang/Class;+36
j  java.lang.ClassLoader.loadClass(Ljava/lang/String;)Ljava/lang/Class;+3
v  ~StubRoutines::call_stub
j  java.lang.ClassLoader.defineClass1(Ljava/lang/String;[BIILjava/security/ProtectionDomain;Ljava/lang/String;)Ljava/lang/Class;+0
j  java.lang.ClassLoader.defineClass(Ljava/lang/String;[BIILjava/security/ProtectionDomain;)Ljava/lang/Class;+30
j  java.security.SecureClassLoader.defineClass(Ljava/lang/String;[BIILjava/security/CodeSource;)Ljava/lang/Class;+12
j  java.net.URLClassLoader.defineClass(Ljava/lang/String;Lsun/misc/Resource;)Ljava/lang/Class;+220
j  java.net.URLClassLoader.access$100(Ljava/net/URLClassLoader;Ljava/lang/String;Lsun/misc/Resource;)Ljava/lang/Class;+3
j  java.net.URLClassLoader$1.run()Ljava/lang/Class;+43
j  java.net.URLClassLoader$1.run()Ljava/lang/Object;+1
v  ~StubRoutines::call_stub
j  java.security.AccessController.doPrivileged(Ljava/security/PrivilegedExceptionAction;Ljava/security/AccessControlContext;)Ljava/lang/Object;+0
j  java.net.URLClassLoader.findClass(Ljava/lang/String;)Ljava/lang/Class;+13
j  java.lang.ClassLoader.loadClass(Ljava/lang/String;Z)Ljava/lang/Class;+70
j  sun.misc.Launcher$AppClassLoader.loadClass(Ljava/lang/String;Z)Ljava/lang/Class;+36
j  java.lang.ClassLoader.loadClass(Ljava/lang/String;)Ljava/lang/Class;+3
v  ~StubRoutines::call_stub
j  com.google.common.collect.Collections2$TransformedCollection.iterator()Ljava/util/Iterator;+13
j  java.util.AbstractCollection.addAll(Ljava/util/Collection;)Z+3
j  java.util.LinkedHashSet.<init>(Ljava/util/Collection;)V+22
j  com.google.common.collect.Sets.newLinkedHashSet(Ljava/lang/Iterable;)Ljava/util/LinkedHashSet;+15
j  org.glassfish.jersey.internal.inject.Providers.getProviders(Lorg/glassfish/hk2/Services;Ljava/lang/Class;)Ljava/util/Set;+37
j  org.glassfish.jersey.internal.AbstractRuntimeDelegate.<init>(Lorg/glassfish/hk2/Services;)V+9
j  com.sun.ws.rs.ext.RuntimeDelegateImpl.<init>()V+22
v  ~StubRoutines::call_stub
j  sun.reflect.NativeConstructorAccessorImpl.newInstance0(Ljava/lang/reflect/Constructor;[Ljava/lang/Object;)Ljava/lang/Object;+0
j  sun.reflect.NativeConstructorAccessorImpl.newInstance([Ljava/lang/Object;)Ljava/lang/Object;+72
j  sun.reflect.DelegatingConstructorAccessorImpl.newInstance([Ljava/lang/Object;)Ljava/lang/Object;+5
j  java.lang.reflect.Constructor.newInstance([Ljava/lang/Object;)Ljava/lang/Object;+79
j  java.lang.Class.newInstance()Ljava/lang/Object;+132
j  javax.ws.rs.ext.FactoryFinder.newInstance(Ljava/lang/String;Ljava/lang/ClassLoader;)Ljava/lang/Object;+78
j  javax.ws.rs.ext.FactoryFinder.find(Ljava/lang/String;Ljava/lang/String;)Ljava/lang/Object;+387
j  javax.ws.rs.ext.RuntimeDelegate.findDelegate()Ljavax/ws/rs/ext/RuntimeDelegate;+4
j  javax.ws.rs.ext.RuntimeDelegate.getInstance()Ljavax/ws/rs/ext/RuntimeDelegate;+22
j  javax.ws.rs.core.UriBuilder.newInstance()Ljavax/ws/rs/core/UriBuilder;+0
j  javax.ws.rs.core.UriBuilder.fromUri(Ljava/net/URI;)Ljavax/ws/rs/core/UriBuilder;+0
j  javax.ws.rs.core.UriBuilder.fromUri(Ljava/lang/String;)Ljavax/ws/rs/core/UriBuilder;+23
j  br.org.base.server.BarServer.main([Ljava/lang/String;)V+28
v  ~StubRoutines::call_stub

---------------  P R O C E S S  ---------------

Java Threads: ( => current thread )
  0xb6970000 JavaThread "Service Thread" daemon [_thread_blocked, id=3927, stack(0xa020d000,0xa025e000)]
  0xb696e400 JavaThread "C1 CompilerThread0" daemon [_thread_blocked, id=3926, stack(0x9fe7f000,0x9ff00000)]
  0xb696c800 JavaThread "Signal Dispatcher" daemon [_thread_blocked, id=3925, stack(0xa025e000,0xa02af000)]
  0xb695c400 JavaThread "Finalizer" daemon [_thread_blocked, id=3924, stack(0xa02af000,0xa0300000)]
  0xb695ac00 JavaThread "Reference Handler" daemon [_thread_blocked, id=3923, stack(0xa0433000,0xa0484000)]
=>0xb6909400 JavaThread "main" [_thread_in_vm, id=3921, stack(0xb6a9e000,0xb6aef000)]

Other Threads:
  0xb6959400 VMThread [stack: 0xa0484000,0xa0505000] [id=3922]
  0xb6972800 WatcherThread [stack: 0x9fdfe000,0x9fe7f000] [id=3928]

VM state:not at safepoint (normal execution)

VM Mutex/Monitor currently owned by a thread: None

Heap
 def new generation   total 4928K, used 1610K [0xa0880000, 0xa0dd0000, 0xa5dd0000)
  eden space 4416K,  26% used [0xa0880000, 0xa09a2b58, 0xa0cd0000)
  from space 512K,  87% used [0xa0cd0000, 0xa0d40050, 0xa0d50000)
  to   space 512K,   0% used [0xa0d50000, 0xa0d50000, 0xa0dd0000)
 tenured generation   total 10944K, used 1046K [0xa5dd0000, 0xa6880000, 0xb0880000)
   the space 10944K,   9% used [0xa5dd0000, 0xa5ed58c8, 0xa5ed5a00, 0xa6880000)
 compacting perm gen  total 12288K, used 2500K [0xb0880000, 0xb1480000, 0xb4880000)
   the space 12288K,  20% used [0xb0880000, 0xb0af10c8, 0xb0af1200, 0xb1480000)
No shared spaces configured.

Card table byte_map: [0xa07df000,0xa0880000] byte_map_base: 0xa02dac00

Polling page: 0xb76f3000

Code Cache  [0xb4900000, 0xb49c0000, 0xb6900000)
 total_blobs=227 nmethods=91 adapters=73 free_code_cache=32023Kb largest_free_block=32792128

Compilation events (10 events):
Event: 0,414 Thread 0xb696e400   86             java.nio.DirectLongBufferU::ix (10 bytes)
Event: 0,414 Thread 0xb696e400 nmethod 86 0xb49b9588 code [0xb49b9680, 0xb49b9710]
Event: 0,424 Thread 0xb696e400   87             java.lang.String::indexOf (25 bytes)
Event: 0,425 Thread 0xb696e400 nmethod 87 0xb49b9748 code [0xb49b9850, 0xb49b991c]
Event: 0,467 Thread 0xb696e400   89             java.net.URL::getPath (5 bytes)
Event: 0,468 Thread 0xb696e400 nmethod 89 0xb49b9c88 code [0xb49b9d80, 0xb49b9e00]
Event: 0,471 Thread 0xb696e400   90             java.net.URL::getAuthority (5 bytes)
Event: 0,471 Thread 0xb696e400 nmethod 90 0xb49b9e48 code [0xb49b9f40, 0xb49b9fc0]
Event: 0,478 Thread 0xb696e400   91             java.util.concurrent.locks.AbstractOwnableSynchronizer::setExclusiveOwnerThread (6 bytes)
Event: 0,478 Thread 0xb696e400 nmethod 91 0xb49ba008 code [0xb49ba100, 0xb49ba190]

GC Heap History (4 events):
Event: 0,323 GC heap before
{Heap before GC invocations=0 (full 0):
 def new generation   total 4928K, used 4416K [0xa0880000, 0xa0dd0000, 0xa5dd0000)
  eden space 4416K, 100% used [0xa0880000, 0xa0cd0000, 0xa0cd0000)
  from space 512K,   0% used [0xa0cd0000, 0xa0cd0000, 0xa0d50000)
  to   space 512K,   0% used [0xa0d50000, 0xa0d50000, 0xa0dd0000)
 tenured generation   total 10944K, used 0K [0xa5dd0000, 0xa6880000, 0xb0880000)
   the space 10944K,   0% used [0xa5dd0000, 0xa5dd0000, 0xa5dd0200, 0xa6880000)
 compacting perm gen  total 12288K, used 2146K [0xb0880000, 0xb1480000, 0xb4880000)
   the space 12288K,  17% used [0xb0880000, 0xb0a98ab8, 0xb0a98c00, 0xb1480000)
No shared spaces configured.
Event: 0,330 GC heap after
Heap after GC invocations=1 (full 0):
 def new generation   total 4928K, used 512K [0xa0880000, 0xa0dd0000, 0xa5dd0000)
  eden space 4416K,   0% used [0xa0880000, 0xa0880000, 0xa0cd0000)
  from space 512K, 100% used [0xa0d50000, 0xa0dd0000, 0xa0dd0000)
  to   space 512K,   0% used [0xa0cd0000, 0xa0cd0000, 0xa0d50000)
 tenured generation   total 10944K, used 537K [0xa5dd0000, 0xa6880000, 0xb0880000)
   the space 10944K,   4% used [0xa5dd0000, 0xa5e567f8, 0xa5e56800, 0xa6880000)
 compacting perm gen  total 12288K, used 2146K [0xb0880000, 0xb1480000, 0xb4880000)
   the space 12288K,  17% used [0xb0880000, 0xb0a98ab8, 0xb0a98c00, 0xb1480000)
No shared spaces configured.
}
Event: 0,430 GC heap before
{Heap before GC invocations=1 (full 0):
 def new generation   total 4928K, used 4928K [0xa0880000, 0xa0dd0000, 0xa5dd0000)
  eden space 4416K, 100% used [0xa0880000, 0xa0cd0000, 0xa0cd0000)
  from space 512K, 100% used [0xa0d50000, 0xa0dd0000, 0xa0dd0000)
  to   space 512K,   0% used [0xa0cd0000, 0xa0cd0000, 0xa0d50000)
 tenured generation   total 10944K, used 537K [0xa5dd0000, 0xa6880000, 0xb0880000)
   the space 10944K,   4% used [0xa5dd0000, 0xa5e567f8, 0xa5e56800, 0xa6880000)
 compacting perm gen  total 12288K, used 2422K [0xb0880000, 0xb1480000, 0xb4880000)
   the space 12288K,  19% used [0xb0880000, 0xb0addb88, 0xb0addc00, 0xb1480000)
No shared spaces configured.
Event: 0,438 GC heap after
Heap after GC invocations=2 (full 0):
 def new generation   total 4928K, used 448K [0xa0880000, 0xa0dd0000, 0xa5dd0000)
  eden space 4416K,   0% used [0xa0880000, 0xa0880000, 0xa0cd0000)
  from space 512K,  87% used [0xa0cd0000, 0xa0d40050, 0xa0d50000)
  to   space 512K,   0% used [0xa0d50000, 0xa0d50000, 0xa0dd0000)
 tenured generation   total 10944K, used 1046K [0xa5dd0000, 0xa6880000, 0xb0880000)
   the space 10944K,   9% used [0xa5dd0000, 0xa5ed58c8, 0xa5ed5a00, 0xa6880000)
 compacting perm gen  total 12288K, used 2422K [0xb0880000, 0xb1480000, 0xb4880000)
   the space 12288K,  19% used [0xb0880000, 0xb0addb88, 0xb0addc00, 0xb1480000)
No shared spaces configured.
}

Deoptimization events (0 events):
No events

Internal exceptions (10 events):
Event: 0,470 Thread 0xb6909400 Threw 0xa092d8b0 at /HUDSON/workspace/jdk7u40-2-build-linux-i586-product/jdk7u40/hotspot/src/share/vm/prims/jvm.cpp:1244
Event: 0,471 Thread 0xb6909400 Threw 0xa093d4d0 at /HUDSON/workspace/jdk7u40-2-build-linux-i586-product/jdk7u40/hotspot/src/share/vm/prims/jvm.cpp:1244
Event: 0,473 Thread 0xb6909400 Threw 0xa0957058 at /HUDSON/workspace/jdk7u40-2-build-linux-i586-product/jdk7u40/hotspot/src/share/vm/prims/jvm.cpp:1244
Event: 0,474 Thread 0xb6909400 Threw 0xa0961b38 at /HUDSON/workspace/jdk7u40-2-build-linux-i586-product/jdk7u40/hotspot/src/share/vm/prims/jvm.cpp:1244
Event: 0,474 Thread 0xb6909400 Threw 0xa096bbd8 at /HUDSON/workspace/jdk7u40-2-build-linux-i586-product/jdk7u40/hotspot/src/share/vm/prims/jvm.cpp:1244
Event: 0,475 Thread 0xb6909400 Threw 0xa0976f10 at /HUDSON/workspace/jdk7u40-2-build-linux-i586-product/jdk7u40/hotspot/src/share/vm/prims/jvm.cpp:1244
Event: 0,476 Thread 0xb6909400 Threw 0xa0980a28 at /HUDSON/workspace/jdk7u40-2-build-linux-i586-product/jdk7u40/hotspot/src/share/vm/prims/jvm.cpp:1244
Event: 0,477 Thread 0xb6909400 Threw 0xa098a1f0 at /HUDSON/workspace/jdk7u40-2-build-linux-i586-product/jdk7u40/hotspot/src/share/vm/prims/jvm.cpp:1244
Event: 0,477 Thread 0xb6909400 Threw 0xa0993c10 at /HUDSON/workspace/jdk7u40-2-build-linux-i586-product/jdk7u40/hotspot/src/share/vm/prims/jvm.cpp:1244
Event: 0,478 Thread 0xb6909400 Threw 0xa099d628 at /HUDSON/workspace/jdk7u40-2-build-linux-i586-product/jdk7u40/hotspot/src/share/vm/prims/jvm.cpp:1244

Events (10 events):
Event: 0,475 loading class 0x9f904280
Event: 0,475 loading class 0x9f904280 done
Event: 0,476 loading class 0x9f904410
Event: 0,476 loading class 0x9f904410 done
Event: 0,477 loading class 0x9f9042c0
Event: 0,477 loading class 0x9f9042c0 done
Event: 0,477 loading class 0x9f904200
Event: 0,477 loading class 0x9f904200 done
Event: 0,478 loading class 0x9f908950
Event: 0,478 loading class 0x9f908950 done


Dynamic libraries:
08048000-08049000 r-xp 00000000 08:04 1715931    /usr/local/java/jre1.7.0_40/bin/java
08049000-0804a000 rw-p 00000000 08:04 1715931    /usr/local/java/jre1.7.0_40/bin/java
08b75000-08b96000 rw-p 00000000 00:00 0          [heap]
9f818000-9f900000 rw-p 00000000 00:00 0 
9f900000-9f982000 rw-p 00000000 00:00 0 
9f982000-9fa00000 ---p 00000000 00:00 0 
9fa00000-9faf6000 rw-p 00000000 00:00 0 
9faf6000-9fb00000 ---p 00000000 00:00 0 
9fb9f000-9fba1000 rw-p 00000000 00:00 0 
9fba1000-9fba5000 r--s 00027000 08:04 3421936    /home/guilherme/projects/grizzlyboilerplate/target/dependency/plexus-archiver-1.0-alpha-10.jar
9fba5000-9fba6000 r--s 00004000 08:04 3421751    /home/guilherme/projects/grizzlyboilerplate/target/dependency/jackson-jaxrs-1.9.2.jar
9fba6000-9fbad000 r--s 0004a000 08:04 3421469    /home/guilherme/projects/grizzlyboilerplate/target/dependency/auto-depends-1.6.32.jar
9fbad000-9fbaf000 r--s 00005000 08:04 3421872    /home/guilherme/projects/grizzlyboilerplate/target/dependency/maven-common-artifact-filters-1.0.jar
9fbaf000-9fbb4000 r--s 00047000 08:04 3421938    /home/guilherme/projects/grizzlyboilerplate/target/dependency/asm-all-repackaged-1.6.32.jar
9fbb4000-9fbb7000 r--s 00014000 08:04 3421882    /home/guilherme/projects/grizzlyboilerplate/target/dependency/mongo-jackson-mapper-1.4.1.jar
9fbb7000-9fbb9000 r--s 00008000 08:04 3421868    /home/guilherme/projects/grizzlyboilerplate/target/dependency/maven-shared-io-1.1.jar
9fbb9000-9fbbd000 r--s 0002b000 08:04 3421880    /home/guilherme/projects/grizzlyboilerplate/target/dependency/maven-assembly-plugin-2.2-beta-2.jar
9fbbd000-9fbdd000 r--s 00173000 08:04 3421926    /home/guilherme/projects/grizzlyboilerplate/target/dependency/guava-11.0.1.jar
9fbdd000-9fbe0000 r--s 0001a000 08:04 3421943    /home/guilherme/projects/grizzlyboilerplate/target/dependency/jsch-0.1.23.jar
9fbe0000-9fbe7000 r--s 00036000 08:04 3421873    /home/guilherme/projects/grizzlyboilerplate/target/dependency/httpclient-4.0-alpha4.jar
9fbe7000-9fbe8000 r--s 00002000 08:04 3421902    /home/guilherme/projects/grizzlyboilerplate/target/dependency/maven-error-diagnostics-2.0.jar
9fbe8000-9fbec000 r--s 0002f000 08:04 3421940    /home/guilherme/projects/grizzlyboilerplate/target/dependency/jackson-core-2.1.3.jar
9fbec000-9fbf1000 r--s 00025000 08:04 3421877    /home/guilherme/projects/grizzlyboilerplate/target/dependency/httpcore-4.0-beta1.jar
9fbf1000-9fbf2000 r--s 00001000 08:04 3420182    /home/guilherme/projects/grizzlyboilerplate/target/dependency/wagon-http-lightweight-1.0-alpha-5.jar
9fbf2000-9fbf4000 r--s 00004000 08:04 3421662    /home/guilherme/projects/grizzlyboilerplate/target/dependency/stax-api-1.0-2.jar
9fbf4000-9fbf9000 r--s 0003b000 08:04 3421904    /home/guilherme/projects/grizzlyboilerplate/target/dependency/grizzly-http-2.2.4.jar
9fbf9000-9fbfb000 r--s 00004000 08:04 3421947    /home/guilherme/projects/grizzlyboilerplate/target/dependency/plexus-active-collections-1.0-beta-2.jar
9fbfb000-9fbfc000 r--s 00004000 08:04 3420422    /home/guilherme/projects/grizzlyboilerplate/target/dependency/maven-repository-metadata-2.0.2.jar
9fbfc000-9fc00000 r--s 00034000 08:04 3421888    /home/guilherme/projects/grizzlyboilerplate/target/dependency/jackson-core-asl-1.9.2.jar
9fc00000-9fcfd000 rw-p 00000000 00:00 0 
9fcfd000-9fd00000 ---p 00000000 00:00 0 
9fd00000-9fd01000 r--s 00001000 08:04 3421892    /home/guilherme/projects/grizzlyboilerplate/target/dependency/maven-reporting-api-2.0.jar
9fd01000-9fd03000 r--s 00006000 08:04 3420214    /home/guilherme/projects/grizzlyboilerplate/target/dependency/file-management-1.1.jar
9fd03000-9fd09000 r--s 00059000 08:04 3420184    /home/guilherme/projects/grizzlyboilerplate/target/dependency/mail-1.4.jar
9fd09000-9fd0d000 r--s 00020000 08:04 3421905    /home/guilherme/projects/grizzlyboilerplate/target/dependency/jersey-media-json-2.0-m02.jar
9fd0d000-9fd10000 r--s 00018000 08:04 3421797    /home/guilherme/projects/grizzlyboilerplate/target/dependency/maven-project-2.0.4.jar
9fd10000-9fd18000 r--s 0005f000 08:04 3421795    /home/guilherme/projects/grizzlyboilerplate/target/dependency/mongo-java-driver-2.11.3.jar
9fd18000-9fd1a000 r--s 0000a000 08:04 3421909    /home/guilherme/projects/grizzlyboilerplate/target/dependency/json-20090211.jar
9fd1a000-9fd1b000 r--s 00006000 08:04 3421774    /home/guilherme/projects/grizzlyboilerplate/target/dependency/jackson-xc-1.9.2.jar
9fd1b000-9fd1d000 r--s 00001000 08:04 3421928    /home/guilherme/projects/grizzlyboilerplate/target/dependency/slf4j-log4j12-1.7.5.jar
9fd1d000-9fd1e000 r--s 00001000 08:04 3420183    /home/guilherme/projects/grizzlyboilerplate/target/dependency/wagon-file-1.0-alpha-5.jar
9fd1e000-9fd2e000 r--s 000d2000 08:04 3421794    /home/guilherme/projects/grizzlyboilerplate/target/dependency/jackson-databind-2.1.3.jar
9fd2e000-9fd30000 r--s 00001000 08:04 3420202    /home/guilherme/projects/grizzlyboilerplate/target/dependency/maven-plugin-api-2.0.4.jar
9fd30000-9fd34000 r--s 0001e000 08:04 3421761    /home/guilherme/projects/grizzlyboilerplate/target/dependency/maven-core-2.0.jar
9fd34000-9fd36000 r--s 00003000 08:04 3420206    /home/guilherme/projects/grizzlyboilerplate/target/dependency/maven-plugin-parameter-documenter-2.0.jar
9fd36000-9fd38000 r--s 00002000 08:04 3421893    /home/guilherme/projects/grizzlyboilerplate/target/dependency/jersey-container-grizzly2-http-2.0-m02.jar
9fd38000-9fd3a000 r--s 00005000 08:04 3421895    /home/guilherme/projects/grizzlyboilerplate/target/dependency/maven-plugin-registry-2.0.jar
9fd3a000-9fd49000 r--s 0007f000 08:04 3421861    /home/guilherme/projects/grizzlyboilerplate/target/dependency/joda-time-2.3.jar
9fd49000-9fd4b000 r--s 00009000 08:04 3421781    /home/guilherme/projects/grizzlyboilerplate/target/dependency/wagon-provider-api-1.0-alpha-6.jar
9fd4b000-9fd50000 r--s 0002a000 08:04 3421946    /home/guilherme/projects/grizzlyboilerplate/target/dependency/gson-2.2.4.jar
9fd50000-9fd56000 r--s 00033000 08:04 3421859    /home/guilherme/projects/grizzlyboilerplate/target/dependency/snakeyaml-1.6.jar
9fd56000-9fd58000 r--s 00004000 08:04 3421874    /home/guilherme/projects/grizzlyboilerplate/target/dependency/gmbal-api-only-3.0.0-b023.jar
9fd58000-9fd5a000 r--s 00006000 08:04 3421790    /home/guilherme/projects/grizzlyboilerplate/target/dependency/plexus-io-1.0-alpha-2.jar
9fd5a000-9fd5c000 r--s 00012000 08:04 3421853    /home/guilherme/projects/grizzlyboilerplate/target/dependency/maven-model-2.0.4.jar
9fd5c000-9fd5e000 r--s 00000000 08:04 3421933    /home/guilherme/projects/grizzlyboilerplate/target/dependency/doxia-sink-api-1.0-alpha-4.jar
9fd5e000-9fd60000 r--s 00006000 08:04 3421750    /home/guilherme/projects/grizzlyboilerplate/target/dependency/jcommander-1.12.jar
9fd60000-9fd62000 r--s 0000e000 08:04 3421884    /home/guilherme/projects/grizzlyboilerplate/target/dependency/activation-1.1.jar
9fd62000-9fd6b000 r--s 0006f000 08:04 3421881    /home/guilherme/projects/grizzlyboilerplate/target/dependency/log4j-1.2.17.jar
9fd6b000-9fd6d000 r--s 00005000 08:04 3421754    /home/guilherme/projects/grizzlyboilerplate/target/dependency/slf4j-api-1.7.5.jar
9fd6d000-9fd7b000 r--s 000ad000 08:04 3421650    /home/guilherme/projects/grizzlyboilerplate/target/dependency/jackson-mapper-asl-1.9.2.jar
9fd7b000-9fd7d000 r--s 00019000 08:04 3421889    /home/guilherme/projects/grizzlyboilerplate/target/dependency/htmlcleaner-2.2.jar
9fd7d000-9fd7f000 r--s 00007000 08:04 3421780    /home/guilherme/projects/grizzlyboilerplate/target/dependency/jackson-annotations-2.1.2.jar
9fd7f000-9fd81000 r--s 0000a000 08:04 3421829    /home/guilherme/projects/grizzlyboilerplate/target/dependency/commons-codec-1.3.jar
9fd81000-9fd88000 r--s 00029000 08:04 3421771    /home/guilherme/projects/grizzlyboilerplate/target/dependency/plexus-container-default-1.0-alpha-9-stable-1.jar
9fd88000-9fd8b000 r--s 00023000 08:04 3421758    /home/guilherme/projects/grizzlyboilerplate/target/dependency/jdom-1.1.jar
9fd8b000-9fd8e000 r--s 00011000 08:04 3421878    /home/guilherme/projects/grizzlyboilerplate/target/dependency/maven-artifact-2.0.4.jar
9fd8e000-9fd90000 r--s 00006000 08:04 3421948    /home/guilherme/projects/grizzlyboilerplate/target/dependency/maven-profile-2.0.4.jar
9fd90000-9fd9a000 r--s 00087000 08:04 3421756    /home/guilherme/projects/grizzlyboilerplate/target/dependency/testng-6.1.1.jar
9fd9a000-9fd9c000 r--s 00008000 08:04 3421913    /home/guilherme/projects/grizzlyboilerplate/target/dependency/classworlds-1.1-alpha-2.jar
9fd9c000-9fd9d000 r--s 00005000 08:04 3421755    /home/guilherme/projects/grizzlyboilerplate/target/dependency/maven-repository-builder-1.0-alpha-2.jar
9fd9d000-9fd9f000 r--s 00006000 08:04 3420187    /home/guilherme/projects/grizzlyboilerplate/target/dependency/hk2-api-1.6.32.jar
9fd9f000-9fda1000 r--s 0000a000 08:04 3421244    /home/guilherme/projects/grizzlyboilerplate/target/dependency/jsr311-api-1.1.1.jar
9fda1000-9fdb4000 r--s 00128000 08:04 3421883    /home/guilherme/projects/grizzlyboilerplate/target/dependency/ant-1.7.0.jar
9fdb4000-9fdb6000 r--s 00002000 08:04 3421916    /home/guilherme/projects/grizzlyboilerplate/target/dependency/plexus-interactivity-api-1.0-alpha-4.jar
9fdb6000-9fdb9000 r--s 00017000 08:04 3421899    /home/guilherme/projects/grizzlyboilerplate/target/dependency/jaxb-api-2.2.2.jar
9fdb9000-9fdbc000 r--s 00014000 08:04 3421858    /home/guilherme/projects/grizzlyboilerplate/target/dependency/barbecue-1.5-beta1.jar
9fdbc000-9fdbe000 r--s 00007000 08:04 3421907    /home/guilherme/projects/grizzlyboilerplate/target/dependency/wagon-ssh-1.0-alpha-5.jar
9fdbe000-9fdc1000 r--s 0000b000 08:04 3421757    /home/guilherme/projects/grizzlyboilerplate/target/dependency/persistence-api-1.0.2.jar
9fdc1000-9fdc4000 r--s 0000a000 08:04 3421739    /home/guilherme/projects/grizzlyboilerplate/target/dependency/maven-artifact-manager-2.0.2.jar
9fdc4000-9fdd2000 r--s 000a6000 08:04 3421894    /home/guilherme/projects/grizzlyboilerplate/target/dependency/grizzly-framework-2.2.4.jar
9fdd2000-9fdd5000 r--s 00018000 08:04 3421857    /home/guilherme/projects/grizzlyboilerplate/target/dependency/mongojack-2.0.0-RC5.jar
9fdd5000-9fde0000 r--s 0006c000 08:04 3420197    /home/guilherme/projects/grizzlyboilerplate/target/dependency/jersey-common-2.0-m02.jar
9fde0000-9fde8000 r--s 00028000 08:04 3420192    /home/guilherme/projects/grizzlyboilerplate/target/dependency/xml-apis-1.3.04.jar
9fde8000-9fdeb000 r--s 00012000 08:04 3421779    /home/guilherme/projects/grizzlyboilerplate/target/dependency/javax.ws.rs-api-2.0-m03.jar
9fdeb000-9fdfe000 r--s 000c7000 08:04 3421798    /home/guilherme/projects/grizzlyboilerplate/target/dependency/jaxb-impl-2.2.3-1.jar
9fdfe000-9fdff000 ---p 00000000 00:00 0 
9fdff000-9fe7f000 rw-p 00000000 00:00 0          [stack:3928]
9fe7f000-9fe82000 ---p 00000000 00:00 0 
9fe82000-9ff00000 rw-p 00000000 00:00 0          [stack:3926]
9ff00000-a0100000 r--p 00000000 08:04 1449933    /usr/lib/locale/locale-archive
a0100000-a0121000 rw-p 00000000 00:00 0 
a0121000-a0200000 ---p 00000000 00:00 0 
a0200000-a0201000 r--s 00002000 08:04 3421932    /home/guilherme/projects/grizzlyboilerplate/target/dependency/maven-archiver-2.2.jar
a0201000-a0203000 r--s 00009000 08:04 3421931    /home/guilherme/projects/grizzlyboilerplate/target/dependency/management-api-3.0.0-b012.jar
a0203000-a0204000 r--s 00002000 08:04 3421644    /home/guilherme/projects/grizzlyboilerplate/target/dependency/ant-launcher-1.7.0.jar
a0204000-a0208000 r--s 00030000 08:04 3420201    /home/guilherme/projects/grizzlyboilerplate/target/dependency/plexus-utils-1.5.1.jar
a0208000-a020a000 r--s 0000d000 08:04 3421876    /home/guilherme/projects/grizzlyboilerplate/target/dependency/commons-logging-1.1.1.jar
a020a000-a020b000 r--s 00001000 08:04 3421935    /home/guilherme/projects/grizzlyboilerplate/target/dependency/maven-monitor-2.0.jar
a020b000-a020d000 r--s 00006000 08:04 3421860    /home/guilherme/projects/grizzlyboilerplate/target/dependency/commons-cli-1.0.jar
a020d000-a0210000 ---p 00000000 00:00 0 
a0210000-a025e000 rw-p 00000000 00:00 0          [stack:3927]
a025e000-a0261000 ---p 00000000 00:00 0 
a0261000-a02af000 rw-p 00000000 00:00 0          [stack:3925]
a02af000-a02b2000 ---p 00000000 00:00 0 
a02b2000-a0300000 rw-p 00000000 00:00 0          [stack:3924]
a0300000-a0389000 rw-p 00000000 00:00 0 
a0389000-a0400000 ---p 00000000 00:00 0 
a0400000-a0401000 r--s 00004000 08:04 3420198    /home/guilherme/projects/grizzlyboilerplate/target/dependency/osgi-resource-locator-1.0.1.jar
a0401000-a0403000 r--s 0000f000 08:04 3421759    /home/guilherme/projects/grizzlyboilerplate/target/dependency/jettison-1.1.jar
a0403000-a0405000 r--s 00007000 08:04 3421885    /home/guilherme/projects/grizzlyboilerplate/target/dependency/maven-plugin-descriptor-2.0.jar
a0405000-a042a000 r--s 002e3000 08:04 3421887    /home/guilherme/projects/grizzlyboilerplate/target/dependency/xalan-2.7.1.jar
a042a000-a042d000 r--s 00041000 08:04 3421900    /home/guilherme/projects/grizzlyboilerplate/target/dependency/serializer-2.7.1.jar
a042d000-a042f000 r--s 0000c000 08:04 3421805    /home/guilherme/projects/grizzlyboilerplate/target/dependency/bson4jackson-1.3.0.jar
a042f000-a0433000 r--s 0002a000 08:04 3421791    /home/guilherme/projects/grizzlyboilerplate/target/dependency/commons-io-2.4.jar
a0433000-a0436000 ---p 00000000 00:00 0 
a0436000-a0484000 rw-p 00000000 00:00 0          [stack:3923]
a0484000-a0485000 ---p 00000000 00:00 0 
a0485000-a0550000 rw-p 00000000 00:00 0          [stack:3922]
a0550000-a070d000 r--s 031b5000 08:04 1715126    /usr/local/java/jre1.7.0_40/lib/rt.jar
a070d000-a076f000 rw-p 00000000 00:00 0 
a076f000-a0789000 rw-p 00000000 00:00 0 
a0789000-a078f000 rw-p 00000000 00:00 0 
a078f000-a07df000 rw-p 00000000 00:00 0 
a07df000-a07e2000 rw-p 00000000 00:00 0 
a07e2000-a0809000 rw-p 00000000 00:00 0 
a0809000-a080f000 rw-p 00000000 00:00 0 
a080f000-a085f000 rw-p 00000000 00:00 0 
a085f000-a0865000 rw-p 00000000 00:00 0 
a0865000-a087f000 rw-p 00000000 00:00 0 
a087f000-a0dd0000 rw-p 00000000 00:00 0 
a0dd0000-a5dd0000 rw-p 00000000 00:00 0 
a5dd0000-a6880000 rw-p 00000000 00:00 0 
a6880000-b0880000 rw-p 00000000 00:00 0 
b0880000-b1480000 rw-p 00000000 00:00 0 
b1480000-b4880000 rw-p 00000000 00:00 0 
b4880000-b4883000 rw-p 00000000 00:00 0 
b4883000-b4900000 rw-p 00000000 00:00 0 
b4900000-b49c0000 rwxp 00000000 00:00 0 
b49c0000-b69fe000 rw-p 00000000 00:00 0 
b69fe000-b6a00000 ---p 00000000 00:00 0 
b6a00000-b6a01000 r--s 00007000 08:04 3420210    /home/guilherme/projects/grizzlyboilerplate/target/dependency/maven-plugin-testing-harness-1.1.jar
b6a01000-b6a0a000 r--s 00042000 08:04 3421898    /home/guilherme/projects/grizzlyboilerplate/target/dependency/jersey-server-2.0-m02.jar
b6a0a000-b6a21000 r-xp 00000000 08:04 1715686    /usr/local/java/jre1.7.0_40/lib/i386/libzip.so
b6a21000-b6a22000 rw-p 00017000 08:04 1715686    /usr/local/java/jre1.7.0_40/lib/i386/libzip.so
b6a22000-b6a2d000 r-xp 00000000 08:04 2496922    /lib/i386-linux-gnu/libnss_files-2.17.so
b6a2d000-b6a2e000 r--p 0000a000 08:04 2496922    /lib/i386-linux-gnu/libnss_files-2.17.so
b6a2e000-b6a2f000 rw-p 0000b000 08:04 2496922    /lib/i386-linux-gnu/libnss_files-2.17.so
b6a2f000-b6a39000 r-xp 00000000 08:04 2496918    /lib/i386-linux-gnu/libnss_nis-2.17.so
b6a39000-b6a3a000 r--p 00009000 08:04 2496918    /lib/i386-linux-gnu/libnss_nis-2.17.so
b6a3a000-b6a3b000 rw-p 0000a000 08:04 2496918    /lib/i386-linux-gnu/libnss_nis-2.17.so
b6a3b000-b6a50000 r-xp 00000000 08:04 2495691    /lib/i386-linux-gnu/libnsl-2.17.so
b6a50000-b6a51000 r--p 00014000 08:04 2495691    /lib/i386-linux-gnu/libnsl-2.17.so
b6a51000-b6a52000 rw-p 00015000 08:04 2495691    /lib/i386-linux-gnu/libnsl-2.17.so
b6a52000-b6a54000 rw-p 00000000 00:00 0 
b6a54000-b6a56000 r--s 00003000 08:04 3421879    /home/guilherme/projects/grizzlyboilerplate/target/dependency/tiger-types-1.4.jar
b6a56000-b6a57000 r--s 00001000 08:04 3421890    /home/guilherme/projects/grizzlyboilerplate/target/dependency/grizzly-rcm-2.2.4.jar
b6a57000-b6a59000 r--s 00009000 08:04 3421950    /home/guilherme/projects/grizzlyboilerplate/target/dependency/maven-settings-2.0.4.jar
b6a59000-b6a5c000 r--s 0001b000 08:04 3421875    /home/guilherme/projects/grizzlyboilerplate/target/dependency/junit-3.8.1.jar
b6a5c000-b6a5f000 r--s 00006000 08:04 3421891    /home/guilherme/projects/grizzlyboilerplate/target/dependency/jsr305-1.3.9.jar
b6a5f000-b6a64000 r--s 00018000 08:04 3421789    /home/guilherme/projects/grizzlyboilerplate/target/dependency/aspectjrt-1.5.3.jar
b6a64000-b6a69000 r--s 00040000 08:04 3421788    /home/guilherme/projects/grizzlyboilerplate/target/dependency/bsh-2.0b4.jar
b6a69000-b6a71000 rw-s 00000000 08:04 5769796    /tmp/hsperfdata_guilherme/3920
b6a71000-b6a94000 r-xp 00000000 08:04 1715650    /usr/local/java/jre1.7.0_40/lib/i386/libjava.so
b6a94000-b6a95000 rw-p 00022000 08:04 1715650    /usr/local/java/jre1.7.0_40/lib/i386/libjava.so
b6a95000-b6a9c000 r-xp 00000000 08:04 2491415    /lib/i386-linux-gnu/librt-2.17.so
b6a9c000-b6a9d000 r--p 00006000 08:04 2491415    /lib/i386-linux-gnu/librt-2.17.so
b6a9d000-b6a9e000 rw-p 00007000 08:04 2491415    /lib/i386-linux-gnu/librt-2.17.so
b6a9e000-b6aa1000 ---p 00000000 00:00 0 
b6aa1000-b6aef000 rw-p 00000000 00:00 0          [stack:3921]
b6aef000-b6b30000 r-xp 00000000 08:04 2496916    /lib/i386-linux-gnu/libm-2.17.so
b6b30000-b6b31000 r--p 00040000 08:04 2496916    /lib/i386-linux-gnu/libm-2.17.so
b6b31000-b6b32000 rw-p 00041000 08:04 2496916    /lib/i386-linux-gnu/libm-2.17.so
b6b32000-b70b8000 r-xp 00000000 08:04 1715645    /usr/local/java/jre1.7.0_40/lib/i386/client/libjvm.so
b70b8000-b70d9000 rw-p 00586000 08:04 1715645    /usr/local/java/jre1.7.0_40/lib/i386/client/libjvm.so
b70d9000-b74fa000 rw-p 00000000 00:00 0 
b74fa000-b76a8000 r-xp 00000000 08:04 2495698    /lib/i386-linux-gnu/libc-2.17.so
b76a8000-b76aa000 r--p 001ae000 08:04 2495698    /lib/i386-linux-gnu/libc-2.17.so
b76aa000-b76ab000 rw-p 001b0000 08:04 2495698    /lib/i386-linux-gnu/libc-2.17.so
b76ab000-b76ae000 rw-p 00000000 00:00 0 
b76ae000-b76b1000 r-xp 00000000 08:04 2495699    /lib/i386-linux-gnu/libdl-2.17.so
b76b1000-b76b2000 r--p 00002000 08:04 2495699    /lib/i386-linux-gnu/libdl-2.17.so
b76b2000-b76b3000 rw-p 00003000 08:04 2495699    /lib/i386-linux-gnu/libdl-2.17.so
b76b3000-b76b4000 rw-p 00000000 00:00 0 
b76b4000-b76c7000 r-xp 00000000 08:04 1715654    /usr/local/java/jre1.7.0_40/lib/i386/jli/libjli.so
b76c7000-b76c8000 rw-p 00012000 08:04 1715654    /usr/local/java/jre1.7.0_40/lib/i386/jli/libjli.so
b76c8000-b76df000 r-xp 00000000 08:04 2496915    /lib/i386-linux-gnu/libpthread-2.17.so
b76df000-b76e0000 r--p 00016000 08:04 2496915    /lib/i386-linux-gnu/libpthread-2.17.so
b76e0000-b76e1000 rw-p 00017000 08:04 2496915    /lib/i386-linux-gnu/libpthread-2.17.so
b76e1000-b76e3000 rw-p 00000000 00:00 0 
b76e3000-b76e4000 r--s 00001000 08:04 3421949    /home/guilherme/projects/grizzlyboilerplate/target/dependency/javax.inject-1.6.32.jar
b76e4000-b76e8000 r--s 00030000 08:04 3421896    /home/guilherme/projects/grizzlyboilerplate/target/dependency/grizzly-http-server-2.2.4.jar
b76e8000-b76e9000 r--p 005e0000 08:04 1449933    /usr/lib/locale/locale-archive
b76e9000-b76f0000 r-xp 00000000 08:04 2495701    /lib/i386-linux-gnu/libnss_compat-2.17.so
b76f0000-b76f1000 r--p 00006000 08:04 2495701    /lib/i386-linux-gnu/libnss_compat-2.17.so
b76f1000-b76f2000 rw-p 00007000 08:04 2495701    /lib/i386-linux-gnu/libnss_compat-2.17.so
b76f2000-b76f3000 rw-p 00000000 00:00 0 
b76f3000-b76f4000 r--p 00000000 00:00 0 
b76f4000-b76ff000 r-xp 00000000 08:04 1715632    /usr/local/java/jre1.7.0_40/lib/i386/libverify.so
b76ff000-b7700000 rw-p 0000b000 08:04 1715632    /usr/local/java/jre1.7.0_40/lib/i386/libverify.so
b7700000-b7702000 rw-p 00000000 00:00 0 
b7702000-b7703000 r-xp 00000000 00:00 0          [vdso]
b7703000-b7723000 r-xp 00000000 08:04 2495694    /lib/i386-linux-gnu/ld-2.17.so
b7723000-b7724000 r--p 0001f000 08:04 2495694    /lib/i386-linux-gnu/ld-2.17.so
b7724000-b7725000 rw-p 00020000 08:04 2495694    /lib/i386-linux-gnu/ld-2.17.so
bfa46000-bfa67000 rw-p 00000000 00:00 0          [stack]

VM Arguments:
java_command: br.org.base.server.BarServer
Launcher Type: SUN_STANDARD

Environment Variables:
JAVA_HOME=/usr/local/java/jdk1.7.0_40
JRE_HOME=/usr/local/java/jre1.7.0_40
PATH=/opt/SenchaSDKTools-2.0.0-beta3:/home/guilherme/bin/Sencha/Cmd/4.0.0.203:/usr/local/heroku/bin:/opt/SenchaSDKTools-2.0.0-beta3:/home/guilherme/bin/Sencha/Cmd/4.0.0.203:/home/guilherme/bin:/usr/lib/lightdm/lightdm:/usr/local/sbin:/usr/local/bin:/usr/sbin:/usr/bin:/sbin:/bin:/usr/games:/usr/local/games:/home/guilherme/bin:/usr/local/java/jdk1.7.0_40/bin:/home/guilherme/bin:/usr/local/java/jre1.7.0_40/bin
SHELL=/bin/bash
DISPLAY=:0

Signal Handlers:
SIGSEGV: [libjvm.so+0x503d90], sa_mask[0]=0x7ffbfeff, sa_flags=0x10000004
SIGBUS: [libjvm.so+0x503d90], sa_mask[0]=0x7ffbfeff, sa_flags=0x10000004
SIGFPE: [libjvm.so+0x3fbe80], sa_mask[0]=0x7ffbfeff, sa_flags=0x10000004
SIGPIPE: [libjvm.so+0x3fbe80], sa_mask[0]=0x7ffbfeff, sa_flags=0x10000004
SIGXFSZ: [libjvm.so+0x3fbe80], sa_mask[0]=0x7ffbfeff, sa_flags=0x10000004
SIGILL: [libjvm.so+0x3fbe80], sa_mask[0]=0x7ffbfeff, sa_flags=0x10000004
SIGUSR1: SIG_DFL, sa_mask[0]=0x00000000, sa_flags=0x00000000
SIGUSR2: [libjvm.so+0x3fd370], sa_mask[0]=0x00000000, sa_flags=0x10000004
SIGHUP: [libjvm.so+0x3fe4c0], sa_mask[0]=0x7ffbfeff, sa_flags=0x10000004
SIGINT: [libjvm.so+0x3fe4c0], sa_mask[0]=0x7ffbfeff, sa_flags=0x10000004
SIGTERM: [libjvm.so+0x3fe4c0], sa_mask[0]=0x7ffbfeff, sa_flags=0x10000004
SIGQUIT: [libjvm.so+0x3fe4c0], sa_mask[0]=0x7ffbfeff, sa_flags=0x10000004


---------------  S Y S T E M  ---------------

OS:wheezy/sid

uname:Linux 3.11.0-15-generic #23-Ubuntu SMP Mon Dec 9 18:16:27 UTC 2013 i686
libc:glibc 2.17 NPTL 2.17 
rlimit: STACK 8192k, CORE 0k, NPROC 24094, NOFILE 4096, AS infinity
load average:1,42 1,19 1,15

/proc/meminfo:
MemTotal:        3101640 kB
MemFree:         1779588 kB
Buffers:           40180 kB
Cached:           548664 kB
SwapCached:            0 kB
Active:           973364 kB
Inactive:         250548 kB
Active(anon):     635044 kB
Inactive(anon):    30512 kB
Active(file):     338320 kB
Inactive(file):   220036 kB
Unevictable:          48 kB
Mlocked:              48 kB
HighTotal:       2231176 kB
HighFree:        1020440 kB
LowTotal:         870464 kB
LowFree:          759148 kB
SwapTotal:       1999868 kB
SwapFree:        1999868 kB
Dirty:              2236 kB
Writeback:             0 kB
AnonPages:        635000 kB
Mapped:           202664 kB
Shmem:             30692 kB
Slab:              39356 kB
SReclaimable:      19648 kB
SUnreclaim:        19708 kB
KernelStack:        4056 kB
PageTables:        13300 kB
NFS_Unstable:          0 kB
Bounce:                0 kB
WritebackTmp:          0 kB
CommitLimit:     3550688 kB
Committed_AS:    3936320 kB
VmallocTotal:     122880 kB
VmallocUsed:       47844 kB
VmallocChunk:      69396 kB
HardwareCorrupted:     0 kB
AnonHugePages:         0 kB
HugePages_Total:       0
HugePages_Free:        0
HugePages_Rsvd:        0
HugePages_Surp:        0
Hugepagesize:       2048 kB
DirectMap4k:       65528 kB
DirectMap2M:      847872 kB


CPU:total 2 (2 cores per cpu, 1 threads per core) family 15 model 6 stepping 5, cmov, cx8, fxsr, mmx, sse, sse2, sse3, tsc

/proc/cpuinfo:
processor	: 0
vendor_id	: GenuineIntel
cpu family	: 15
model		: 6
model name	: Intel(R) Pentium(R) D CPU 3.20GHz
stepping	: 5
microcode	: 0xb
cpu MHz		: 3200.000
cache size	: 2048 KB
physical id	: 0
siblings	: 2
core id		: 0
cpu cores	: 2
apicid		: 0
initial apicid	: 0
fdiv_bug	: no
f00f_bug	: no
coma_bug	: no
fpu		: yes
fpu_exception	: yes
cpuid level	: 6
wp		: yes
flags		: fpu vme de pse tsc msr pae mce cx8 apic sep mtrr pge mca cmov pat pse36 clflush dts acpi mmx fxsr sse sse2 ss ht tm pbe nx lm constant_tsc pebs bts pni dtes64 monitor ds_cpl est cid cx16 xtpr pdcm lahf_lm
bogomips	: 6399.59
clflush size	: 64
cache_alignment	: 128
address sizes	: 36 bits physical, 48 bits virtual
power management:

processor	: 1
vendor_id	: GenuineIntel
cpu family	: 15
model		: 6
model name	: Intel(R) Pentium(R) D CPU 3.20GHz
stepping	: 5
microcode	: 0xb
cpu MHz		: 2400.000
cache size	: 2048 KB
physical id	: 0
siblings	: 2
core id		: 1
cpu cores	: 2
apicid		: 1
initial apicid	: 1
fdiv_bug	: no
f00f_bug	: no
coma_bug	: no
fpu		: yes
fpu_exception	: yes
cpuid level	: 6
wp		: yes
flags		: fpu vme de pse tsc msr pae mce cx8 apic sep mtrr pge mca cmov pat pse36 clflush dts acpi mmx fxsr sse sse2 ss ht tm pbe nx lm constant_tsc pebs bts pni dtes64 monitor ds_cpl est cid cx16 xtpr pdcm lahf_lm
bogomips	: 6399.59
clflush size	: 64
cache_alignment	: 128
address sizes	: 36 bits physical, 48 bits virtual
power management:



Memory: 4k page, physical 3101640k(1779588k free), swap 1999868k(1999868k free)

vm_info: Java HotSpot(TM) Client VM (24.0-b56) for linux-x86 JRE (1.7.0_40-b43), built on Aug 26 2013 22:05:59 by "java_re" with gcc 4.3.0 20080428 (Red Hat 4.3.0-8)

time: Sun Jan 19 00:54:09 2014
elapsed time: 0 seconds

