#
# A fatal error has been detected by the Java Runtime Environment:
#
#  SIGILL (0x4) at pc=0xb6d4de10, pid=5800, tid=3065027392
#
# JRE version: Java(TM) SE Runtime Environment (7.0_40-b43) (build 1.7.0_40-b43)
# Java VM: Java HotSpot(TM) Client VM (24.0-b56 mixed mode linux-x86 )
# Problematic frame:
# V  [libjvm.so+0x200e10]  Events::log_exception(Thread*, char const*, ...)+0x20
#
# Failed to write core dump. Core dumps have been disabled. To enable core dumping, try "ulimit -c unlimited" before starting Java again
#
# If you would like to submit a bug report, please visit:
#   http://bugreport.sun.com/bugreport/crash.jsp
#

---------------  T H R E A D  ---------------

Current thread (0xb6907400):  JavaThread "main" [_thread_in_vm, id=5802, stack(0xb6ab9000,0xb6b0a000)]

siginfo:si_signo=SIGILL: si_errno=0, si_code=2 (ILL_ILLOPN), si_addr=0xb6d4de10

Registers:
EAX=0x00000000, EBX=0xb70e1868, ECX=0xb6902960, EDX=0x00000000
ESP=0xb6b089c0, EBP=0xb6b089e8, ESI=0xb6902960, EDI=0xb6903158
EIP=0xb6d4de10, EFLAGS=0x00010286, CR2=0x00000000

Top of Stack: (sp=0xb6b089c0)
0xb6b089c0:   b6907400 00000000 c5b8dc55 3fc8dcfc
0xb6b089d0:   a0731f58 b6902960 b70a5474 b70e1868
0xb6b089e0:   00000000 b089b600 b6b08ce8 b6e7780b
0xb6b089f0:   b6907400 b7092507 a09c3c90 b70a5474
0xb6b08a00:   000004dc b6b08c2c b6907b74 b6907b74
0xb6b08a10:   b6b08aa0 b6b08a38 b6907400 b6907b68
0xb6b08a20:   b6b08aa0 00000001 b6907b6c b6efea5e
0xb6b08a30:   b70e1868 07000000 b6b08d50 b490339a 

Instructions: (pc=0xb6d4de10)
0xb6d4ddf0:   55 89 e5 57 56 53 83 ec 1c e8 00 00 00 00 5b 81
0xb6d4de00:   c3 6a 3a 39 00 8b 83 10 f2 ff ff 80 38 00 75 08
0xb6d4de10:   8d 65 f4 5b 5e 5f 5d c3 8b 83 d4 fa ff ff 8d 7d
0xb6d4de20:   10 8b 30 8b 83 3c ea ff ff 8b 00 85 c0 75 e1 e8 

Register to memory mapping:

EAX=0x00000000 is an unknown value
EBX=0xb70e1868: <offset 0x594868> in /usr/local/java/jdk1.7.0_40/jre/lib/i386/client/libjvm.so at 0xb6b4d000
ECX=0xb6902960 is an unknown value
EDX=0x00000000 is an unknown value
ESP=0xb6b089c0 is pointing into the stack for thread: 0xb6907400
EBP=0xb6b089e8 is pointing into the stack for thread: 0xb6907400
ESI=0xb6902960 is an unknown value
EDI=0xb6903158 is an unknown value


Stack: [0xb6ab9000,0xb6b0a000],  sp=0xb6b089c0,  free space=318k
Native frames: (J=compiled Java code, j=interpreted, Vv=VM code, C=native code)
V  [libjvm.so+0x200e10]  Events::log_exception(Thread*, char const*, ...)+0x20
V  [libjvm.so+0x32a80b]  JVM_DoPrivileged+0x4eb
C  [libjava.so+0x9a4a]  Java_java_security_AccessController_doPrivileged__Ljava_security_PrivilegedExceptionAction_2Ljava_security_AccessControlContext_2+0x3a
j  java.security.AccessController.doPrivileged(Ljava/security/PrivilegedExceptionAction;Ljava/security/AccessControlContext;)Ljava/lang/Object;+0
j  java.net.URLClassLoader.findClass(Ljava/lang/String;)Ljava/lang/Class;+13
j  java.lang.ClassLoader.loadClass(Ljava/lang/String;Z)Ljava/lang/Class;+70
j  java.lang.ClassLoader.loadClass(Ljava/lang/String;Z)Ljava/lang/Class;+38
j  sun.misc.Launcher$AppClassLoader.loadClass(Ljava/lang/String;Z)Ljava/lang/Class;+36
j  java.lang.ClassLoader.loadClass(Ljava/lang/String;)Ljava/lang/Class;+3
j  org.codehaus.classworlds.DefaultClassRealm.loadClass(Ljava/lang/String;)Ljava/lang/Class;+30
j  org.codehaus.classworlds.Launcher.getMainClass()Ljava/lang/Class;+8
j  org.codehaus.classworlds.Launcher.getEnhancedMainMethod()Ljava/lang/reflect/Method;+1
j  org.codehaus.classworlds.Launcher.launchEnhanced([Ljava/lang/String;)V+11
j  org.codehaus.classworlds.Launcher.launch([Ljava/lang/String;)V+2
j  org.codehaus.classworlds.Launcher.mainWithExitCode([Ljava/lang/String;)I+99
j  org.codehaus.classworlds.Launcher.main([Ljava/lang/String;)V+1
v  ~StubRoutines::call_stub
V  [libjvm.so+0x2a7875]  JavaCalls::call_helper(JavaValue*, methodHandle*, JavaCallArguments*, Thread*)+0x315
V  [libjvm.so+0x3fa1e9]  os::os_exception_wrapper(void (*)(JavaValue*, methodHandle*, JavaCallArguments*, Thread*), JavaValue*, methodHandle*, JavaCallArguments*, Thread*)+0x19
V  [libjvm.so+0x2a64ef]  JavaCalls::call(JavaValue*, methodHandle, JavaCallArguments*, Thread*)+0x2f
V  [libjvm.so+0x2e28b2]  jni_invoke_static(JNIEnv_*, JavaValue*, _jobject*, JNICallType, _jmethodID*, JNI_ArgumentPusher*, Thread*)+0x242
V  [libjvm.so+0x2f8ada]  jni_CallStaticVoidMethod+0xca
C  [libjli.so+0x2e8d]  JavaMain+0x8bd
C  [libpthread.so.0+0x6d78]  start_thread+0xd8

Java frames: (J=compiled Java code, j=interpreted, Vv=VM code)
j  java.security.AccessController.doPrivileged(Ljava/security/PrivilegedExceptionAction;Ljava/security/AccessControlContext;)Ljava/lang/Object;+0
j  java.net.URLClassLoader.findClass(Ljava/lang/String;)Ljava/lang/Class;+13
j  java.lang.ClassLoader.loadClass(Ljava/lang/String;Z)Ljava/lang/Class;+70
j  java.lang.ClassLoader.loadClass(Ljava/lang/String;Z)Ljava/lang/Class;+38
j  sun.misc.Launcher$AppClassLoader.loadClass(Ljava/lang/String;Z)Ljava/lang/Class;+36
j  java.lang.ClassLoader.loadClass(Ljava/lang/String;)Ljava/lang/Class;+3
j  org.codehaus.classworlds.DefaultClassRealm.loadClass(Ljava/lang/String;)Ljava/lang/Class;+30
j  org.codehaus.classworlds.Launcher.getMainClass()Ljava/lang/Class;+8
j  org.codehaus.classworlds.Launcher.getEnhancedMainMethod()Ljava/lang/reflect/Method;+1
j  org.codehaus.classworlds.Launcher.launchEnhanced([Ljava/lang/String;)V+11
j  org.codehaus.classworlds.Launcher.launch([Ljava/lang/String;)V+2
j  org.codehaus.classworlds.Launcher.mainWithExitCode([Ljava/lang/String;)I+99
j  org.codehaus.classworlds.Launcher.main([Ljava/lang/String;)V+1
v  ~StubRoutines::call_stub

---------------  P R O C E S S  ---------------

Java Threads: ( => current thread )
  0xb696f400 JavaThread "Service Thread" daemon [_thread_blocked, id=5808, stack(0x9feaf000,0x9ff00000)]
  0xb696d400 JavaThread "C1 CompilerThread0" daemon [_thread_blocked, id=5807, stack(0xa022e000,0xa02af000)]
  0xb696b800 JavaThread "Signal Dispatcher" daemon [_thread_blocked, id=5806, stack(0xa02af000,0xa0300000)]
  0xb695b400 JavaThread "Finalizer" daemon [_thread_blocked, id=5805, stack(0xa0403000,0xa0454000)]
  0xb6958c00 JavaThread "Reference Handler" daemon [_thread_blocked, id=5804, stack(0xa0454000,0xa04a5000)]
=>0xb6907400 JavaThread "main" [_thread_in_vm, id=5802, stack(0xb6ab9000,0xb6b0a000)]

Other Threads:
  0xb6957400 VMThread [stack: 0xa04a5000,0xa0526000] [id=5803]
  0xb6971800 WatcherThread [stack: 0x9fe2e000,0x9feaf000] [id=5809]

VM state:not at safepoint (normal execution)

VM Mutex/Monitor currently owned by a thread: None

Heap
 def new generation   total 4928K, used 1381K [0xa0880000, 0xa0dd0000, 0xa5dd0000)
  eden space 4416K,  31% used [0xa0880000, 0xa09d9680, 0xa0cd0000)
  from space 512K,   0% used [0xa0cd0000, 0xa0cd0000, 0xa0d50000)
  to   space 512K,   0% used [0xa0d50000, 0xa0d50000, 0xa0dd0000)
 tenured generation   total 10944K, used 0K [0xa5dd0000, 0xa6880000, 0xb0880000)
   the space 10944K,   0% used [0xa5dd0000, 0xa5dd0000, 0xa5dd0200, 0xa6880000)
 compacting perm gen  total 12288K, used 1771K [0xb0880000, 0xb1480000, 0xb4880000)
   the space 12288K,  14% used [0xb0880000, 0xb0a3ac58, 0xb0a3ae00, 0xb1480000)
No shared spaces configured.

Card table byte_map: [0xa07df000,0xa0880000] byte_map_base: 0xa02dac00

Polling page: 0xb770e000

Code Cache  [0xb4900000, 0xb4998000, 0xb6900000)
 total_blobs=146 nmethods=17 adapters=67 free_code_cache=32167Kb largest_free_block=32939648

Compilation events (10 events):
Event: 0,181 Thread 0xb696d400   12             java.lang.Character::toUpperCaseEx (30 bytes)
Event: 0,181 Thread 0xb696d400 nmethod 12 0xb4993f08 code [0xb4994010, 0xb49940b8]
Event: 0,181 Thread 0xb696d400   13             java.lang.CharacterDataLatin1::toUpperCaseEx (71 bytes)
Event: 0,182 Thread 0xb696d400 nmethod 13 0xb4994148 code [0xb4994240, 0xb4994340]
Event: 0,182 Thread 0xb696d400   14             java.lang.String::toUpperCase (439 bytes)
Event: 0,187 Thread 0xb696d400 nmethod 14 0xb4994708 code [0xb4994930, 0xb4995140]
Event: 0,191 Thread 0xb696d400   16             java.lang.String::startsWith (72 bytes)
Event: 0,191 Thread 0xb696d400 nmethod 16 0xb4995bc8 code [0xb4995cd0, 0xb4995e10]
Event: 0,192 Thread 0xb696d400   17             java.lang.Math::min (11 bytes)
Event: 0,193 Thread 0xb696d400 nmethod 17 0xb4995fc8 code [0xb49960c0, 0xb4996130]

GC Heap History (0 events):
No events

Deoptimization events (0 events):
No events

Internal exceptions (10 events):
Event: 0,156 Thread 0xb6907400 Threw 0xa08e97e0 at /HUDSON/workspace/jdk7u40-2-build-linux-i586-product/jdk7u40/hotspot/src/share/vm/prims/jvm.cpp:1244
Event: 0,159 Thread 0xb6907400 Threw 0xa08f9970 at /HUDSON/workspace/jdk7u40-2-build-linux-i586-product/jdk7u40/hotspot/src/share/vm/prims/jvm.cpp:1244
Event: 0,161 Thread 0xb6907400 Threw 0xa0901c58 at /HUDSON/workspace/jdk7u40-2-build-linux-i586-product/jdk7u40/hotspot/src/share/vm/prims/jvm.cpp:1244
Event: 0,162 Thread 0xb6907400 Threw 0xa09039f0 at /HUDSON/workspace/jdk7u40-2-build-linux-i586-product/jdk7u40/hotspot/src/share/vm/prims/jvm.cpp:1244
Event: 0,167 Thread 0xb6907400 Threw 0xa0908108 at /HUDSON/workspace/jdk7u40-2-build-linux-i586-product/jdk7u40/hotspot/src/share/vm/prims/jvm.cpp:1244
Event: 0,171 Thread 0xb6907400 Threw 0xa090e830 at /HUDSON/workspace/jdk7u40-2-build-linux-i586-product/jdk7u40/hotspot/src/share/vm/prims/jvm.cpp:1244
Event: 0,172 Thread 0xb6907400 Threw 0xa0911138 at /HUDSON/workspace/jdk7u40-2-build-linux-i586-product/jdk7u40/hotspot/src/share/vm/prims/jvm.cpp:1244
Event: 0,174 Thread 0xb6907400 Threw 0xa0913528 at /HUDSON/workspace/jdk7u40-2-build-linux-i586-product/jdk7u40/hotspot/src/share/vm/prims/jvm.cpp:1244
Event: 0,174 Thread 0xb6907400 Threw 0xa09139b8 at /HUDSON/workspace/jdk7u40-2-build-linux-i586-product/jdk7u40/hotspot/src/share/vm/prims/jvm.cpp:1244
Event: 0,194 Thread 0xb6907400 Threw 0xa09c3c90 at /HUDSON/workspace/jdk7u40-2-build-linux-i586-product/jdk7u40/hotspot/src/share/vm/prims/jvm.cpp:1244

Events (10 events):
Event: 0,174 loading class 0xa07840f0
Event: 0,174 loading class 0xa07840f0 done
Event: 0,174 loading class 0xa07840c8
Event: 0,174 loading class 0xa0784148
Event: 0,174 loading class 0xa0784148 done
Event: 0,174 loading class 0xa07840c8 done
Event: 0,174 loading class 0xb6997520
Event: 0,174 loading class 0xb6997520 done
Event: 0,194 loading class 0xb6997520
Event: 0,194 loading class 0xb6997520 done


Dynamic libraries:
08048000-08049000 r-xp 00000000 08:04 1717000    /usr/local/java/jdk1.7.0_40/bin/java
08049000-0804a000 rw-p 00000000 08:04 1717000    /usr/local/java/jdk1.7.0_40/bin/java
08436000-08457000 rw-p 00000000 00:00 0          [heap]
9fce4000-9fe2e000 rw-p 00000000 00:00 0 
9fe2e000-9fe2f000 ---p 00000000 00:00 0 
9fe2f000-9feaf000 rw-p 00000000 00:00 0          [stack:5809]
9feaf000-9feb2000 ---p 00000000 00:00 0 
9feb2000-9ff00000 rw-p 00000000 00:00 0          [stack:5808]
9ff00000-a0100000 r--p 00000000 08:04 1449933    /usr/lib/locale/locale-archive
a0100000-a0121000 rw-p 00000000 00:00 0 
a0121000-a0200000 ---p 00000000 00:00 0 
a0206000-a022e000 r--s 001f4000 08:04 1573851    /usr/share/maven2/lib/maven-debian-uber.jar
a022e000-a0231000 ---p 00000000 00:00 0 
a0231000-a02af000 rw-p 00000000 00:00 0          [stack:5807]
a02af000-a02b2000 ---p 00000000 00:00 0 
a02b2000-a0300000 rw-p 00000000 00:00 0          [stack:5806]
a0300000-a033c000 rw-p 00000000 00:00 0 
a033c000-a0400000 ---p 00000000 00:00 0 
a0403000-a0406000 ---p 00000000 00:00 0 
a0406000-a0454000 rw-p 00000000 00:00 0          [stack:5805]
a0454000-a0457000 ---p 00000000 00:00 0 
a0457000-a04a5000 rw-p 00000000 00:00 0          [stack:5804]
a04a5000-a04a6000 ---p 00000000 00:00 0 
a04a6000-a0571000 rw-p 00000000 00:00 0          [stack:5803]
a0571000-a072e000 r--s 039d3000 08:04 1717013    /usr/local/java/jdk1.7.0_40/jre/lib/rt.jar
a072e000-a078f000 rw-p 00000000 00:00 0 
a078f000-a07df000 rw-p 00000000 00:00 0 
a07df000-a07e2000 rw-p 00000000 00:00 0 
a07e2000-a0809000 rw-p 00000000 00:00 0 
a0809000-a080f000 rw-p 00000000 00:00 0 
a080f000-a085f000 rw-p 00000000 00:00 0 
a085f000-a0865000 rw-p 00000000 00:00 0 
a0865000-a087f000 rw-p 00000000 00:00 0 
a087f000-a0dd0000 rw-p 00000000 00:00 0 
a0dd0000-a5dd0000 rw-p 00000000 00:00 0 
a5dd0000-a6880000 rw-p 00000000 00:00 0 
a6880000-b0880000 rw-p 00000000 00:00 0 
b0880000-b1480000 rw-p 00000000 00:00 0 
b1480000-b4880000 rw-p 00000000 00:00 0 
b4880000-b4883000 rw-p 00000000 00:00 0 
b4883000-b4900000 rw-p 00000000 00:00 0 
b4900000-b4998000 rwxp 00000000 00:00 0 
b4998000-b69bf000 rw-p 00000000 00:00 0 
b69bf000-b6a00000 ---p 00000000 00:00 0 
b6a04000-b6a0b000 rw-p 00000000 00:00 0 
b6a0b000-b6a25000 rw-p 00000000 00:00 0 
b6a25000-b6a3c000 r-xp 00000000 08:04 1717575    /usr/local/java/jdk1.7.0_40/jre/lib/i386/libzip.so
b6a3c000-b6a3d000 rw-p 00017000 08:04 1717575    /usr/local/java/jdk1.7.0_40/jre/lib/i386/libzip.so
b6a3d000-b6a48000 r-xp 00000000 08:04 2496922    /lib/i386-linux-gnu/libnss_files-2.17.so
b6a48000-b6a49000 r--p 0000a000 08:04 2496922    /lib/i386-linux-gnu/libnss_files-2.17.so
b6a49000-b6a4a000 rw-p 0000b000 08:04 2496922    /lib/i386-linux-gnu/libnss_files-2.17.so
b6a4a000-b6a54000 r-xp 00000000 08:04 2496918    /lib/i386-linux-gnu/libnss_nis-2.17.so
b6a54000-b6a55000 r--p 00009000 08:04 2496918    /lib/i386-linux-gnu/libnss_nis-2.17.so
b6a55000-b6a56000 rw-p 0000a000 08:04 2496918    /lib/i386-linux-gnu/libnss_nis-2.17.so
b6a56000-b6a6b000 r-xp 00000000 08:04 2495691    /lib/i386-linux-gnu/libnsl-2.17.so
b6a6b000-b6a6c000 r--p 00014000 08:04 2495691    /lib/i386-linux-gnu/libnsl-2.17.so
b6a6c000-b6a6d000 rw-p 00015000 08:04 2495691    /lib/i386-linux-gnu/libnsl-2.17.so
b6a6d000-b6a6f000 rw-p 00000000 00:00 0 
b6a84000-b6a8c000 rw-s 00000000 08:04 5769823    /tmp/hsperfdata_guilherme/5800
b6a8c000-b6aaf000 r-xp 00000000 08:04 1717538    /usr/local/java/jdk1.7.0_40/jre/lib/i386/libjava.so
b6aaf000-b6ab0000 rw-p 00022000 08:04 1717538    /usr/local/java/jdk1.7.0_40/jre/lib/i386/libjava.so
b6ab0000-b6ab7000 r-xp 00000000 08:04 2491415    /lib/i386-linux-gnu/librt-2.17.so
b6ab7000-b6ab8000 r--p 00006000 08:04 2491415    /lib/i386-linux-gnu/librt-2.17.so
b6ab8000-b6ab9000 rw-p 00007000 08:04 2491415    /lib/i386-linux-gnu/librt-2.17.so
b6ab9000-b6abc000 ---p 00000000 00:00 0 
b6abc000-b6b0a000 rw-p 00000000 00:00 0          [stack:5802]
b6b0a000-b6b4b000 r-xp 00000000 08:04 2496916    /lib/i386-linux-gnu/libm-2.17.so
b6b4b000-b6b4c000 r--p 00040000 08:04 2496916    /lib/i386-linux-gnu/libm-2.17.so
b6b4c000-b6b4d000 rw-p 00041000 08:04 2496916    /lib/i386-linux-gnu/libm-2.17.so
b6b4d000-b70d3000 r-xp 00000000 08:04 1717533    /usr/local/java/jdk1.7.0_40/jre/lib/i386/client/libjvm.so
b70d3000-b70f4000 rw-p 00586000 08:04 1717533    /usr/local/java/jdk1.7.0_40/jre/lib/i386/client/libjvm.so
b70f4000-b7515000 rw-p 00000000 00:00 0 
b7515000-b76c3000 r-xp 00000000 08:04 2495698    /lib/i386-linux-gnu/libc-2.17.so
b76c3000-b76c5000 r--p 001ae000 08:04 2495698    /lib/i386-linux-gnu/libc-2.17.so
b76c5000-b76c6000 rw-p 001b0000 08:04 2495698    /lib/i386-linux-gnu/libc-2.17.so
b76c6000-b76c9000 rw-p 00000000 00:00 0 
b76c9000-b76cc000 r-xp 00000000 08:04 2495699    /lib/i386-linux-gnu/libdl-2.17.so
b76cc000-b76cd000 r--p 00002000 08:04 2495699    /lib/i386-linux-gnu/libdl-2.17.so
b76cd000-b76ce000 rw-p 00003000 08:04 2495699    /lib/i386-linux-gnu/libdl-2.17.so
b76ce000-b76cf000 rw-p 00000000 00:00 0 
b76cf000-b76e2000 r-xp 00000000 08:04 1717542    /usr/local/java/jdk1.7.0_40/jre/lib/i386/jli/libjli.so
b76e2000-b76e3000 rw-p 00012000 08:04 1717542    /usr/local/java/jdk1.7.0_40/jre/lib/i386/jli/libjli.so
b76e3000-b76fa000 r-xp 00000000 08:04 2496915    /lib/i386-linux-gnu/libpthread-2.17.so
b76fa000-b76fb000 r--p 00016000 08:04 2496915    /lib/i386-linux-gnu/libpthread-2.17.so
b76fb000-b76fc000 rw-p 00017000 08:04 2496915    /lib/i386-linux-gnu/libpthread-2.17.so
b76fc000-b76ff000 rw-p 00000000 00:00 0 
b76ff000-b7701000 rw-p 00000000 00:00 0 
b7701000-b7703000 r--s 00008000 08:04 1850180    /usr/share/java/classworlds-1.1.jar
b7703000-b7704000 r--p 005e0000 08:04 1449933    /usr/lib/locale/locale-archive
b7704000-b770b000 r-xp 00000000 08:04 2495701    /lib/i386-linux-gnu/libnss_compat-2.17.so
b770b000-b770c000 r--p 00006000 08:04 2495701    /lib/i386-linux-gnu/libnss_compat-2.17.so
b770c000-b770d000 rw-p 00007000 08:04 2495701    /lib/i386-linux-gnu/libnss_compat-2.17.so
b770d000-b770e000 rw-p 00000000 00:00 0 
b770e000-b770f000 r--p 00000000 00:00 0 
b770f000-b771a000 r-xp 00000000 08:04 1717520    /usr/local/java/jdk1.7.0_40/jre/lib/i386/libverify.so
b771a000-b771b000 rw-p 0000b000 08:04 1717520    /usr/local/java/jdk1.7.0_40/jre/lib/i386/libverify.so
b771b000-b771d000 rw-p 00000000 00:00 0 
b771d000-b771e000 r-xp 00000000 00:00 0          [vdso]
b771e000-b773e000 r-xp 00000000 08:04 2495694    /lib/i386-linux-gnu/ld-2.17.so
b773e000-b773f000 r--p 0001f000 08:04 2495694    /lib/i386-linux-gnu/ld-2.17.so
b773f000-b7740000 rw-p 00020000 08:04 2495694    /lib/i386-linux-gnu/ld-2.17.so
bf981000-bf9a3000 rw-p 00000000 00:00 0          [stack]

VM Arguments:
jvm_args: -Dclassworlds.conf=/usr/share/maven2/bin/m2.conf -Dmaven.home=/usr/share/maven2 
java_command: org.codehaus.classworlds.Launcher "package"
Launcher Type: SUN_STANDARD

Environment Variables:
JAVA_HOME=/usr/local/java/jdk1.7.0_40
JRE_HOME=/usr/local/java/jre1.7.0_40
PATH=/opt/SenchaSDKTools-2.0.0-beta3:/home/guilherme/bin/Sencha/Cmd/4.0.0.203:/usr/local/heroku/bin:/opt/SenchaSDKTools-2.0.0-beta3:/home/guilherme/bin/Sencha/Cmd/4.0.0.203:/home/guilherme/bin:/usr/lib/lightdm/lightdm:/usr/local/sbin:/usr/local/bin:/usr/sbin:/usr/bin:/sbin:/bin:/usr/games:/usr/local/games:/home/guilherme/bin:/usr/local/java/jdk1.7.0_40/bin:/home/guilherme/bin:/usr/local/java/jre1.7.0_40/bin
SHELL=/bin/bash
DISPLAY=:0

Signal Handlers:
SIGSEGV: [libjvm.so+0x503d90], sa_mask[0]=0x7ffbfeff, sa_flags=0x10000004
SIGBUS: [libjvm.so+0x503d90], sa_mask[0]=0x7ffbfeff, sa_flags=0x10000004
SIGFPE: [libjvm.so+0x3fbe80], sa_mask[0]=0x7ffbfeff, sa_flags=0x10000004
SIGPIPE: [libjvm.so+0x3fbe80], sa_mask[0]=0x7ffbfeff, sa_flags=0x10000004
SIGXFSZ: [libjvm.so+0x3fbe80], sa_mask[0]=0x7ffbfeff, sa_flags=0x10000004
SIGILL: [libjvm.so+0x3fbe80], sa_mask[0]=0x7ffbfeff, sa_flags=0x10000004
SIGUSR1: SIG_DFL, sa_mask[0]=0x00000000, sa_flags=0x00000000
SIGUSR2: [libjvm.so+0x3fd370], sa_mask[0]=0x00000000, sa_flags=0x10000004
SIGHUP: [libjvm.so+0x3fe4c0], sa_mask[0]=0x7ffbfeff, sa_flags=0x10000004
SIGINT: [libjvm.so+0x3fe4c0], sa_mask[0]=0x7ffbfeff, sa_flags=0x10000004
SIGTERM: [libjvm.so+0x3fe4c0], sa_mask[0]=0x7ffbfeff, sa_flags=0x10000004
SIGQUIT: [libjvm.so+0x3fe4c0], sa_mask[0]=0x7ffbfeff, sa_flags=0x10000004


---------------  S Y S T E M  ---------------

OS:wheezy/sid

uname:Linux 3.11.0-15-generic #23-Ubuntu SMP Mon Dec 9 18:16:27 UTC 2013 i686
libc:glibc 2.17 NPTL 2.17 
rlimit: STACK 8192k, CORE 0k, NPROC 24094, NOFILE 4096, AS infinity
load average:3,64 2,61 2,24

/proc/meminfo:
MemTotal:        3101640 kB
MemFree:         1623316 kB
Buffers:           54784 kB
Cached:           391024 kB
SwapCached:            0 kB
Active:          1067192 kB
Inactive:         312292 kB
Active(anon):     934024 kB
Inactive(anon):    42300 kB
Active(file):     133168 kB
Inactive(file):   269992 kB
Unevictable:          48 kB
Mlocked:              48 kB
HighTotal:       2231176 kB
HighFree:         878212 kB
LowTotal:         870464 kB
LowFree:          745104 kB
SwapTotal:       1999868 kB
SwapFree:        1999868 kB
Dirty:               196 kB
Writeback:             0 kB
AnonPages:        933876 kB
Mapped:           215656 kB
Shmem:             42652 kB
Slab:              38168 kB
SReclaimable:      17656 kB
SUnreclaim:        20512 kB
KernelStack:        4248 kB
PageTables:        14468 kB
NFS_Unstable:          0 kB
Bounce:                0 kB
WritebackTmp:          0 kB
CommitLimit:     3550688 kB
Committed_AS:    4464488 kB
VmallocTotal:     122880 kB
VmallocUsed:       47844 kB
VmallocChunk:      69396 kB
HardwareCorrupted:     0 kB
AnonHugePages:         0 kB
HugePages_Total:       0
HugePages_Free:        0
HugePages_Rsvd:        0
HugePages_Surp:        0
Hugepagesize:       2048 kB
DirectMap4k:       65528 kB
DirectMap2M:      847872 kB


CPU:total 2 (2 cores per cpu, 1 threads per core) family 15 model 6 stepping 5, cmov, cx8, fxsr, mmx, sse, sse2, sse3, tsc

/proc/cpuinfo:
processor	: 0
vendor_id	: GenuineIntel
cpu family	: 15
model		: 6
model name	: Intel(R) Pentium(R) D CPU 3.20GHz
stepping	: 5
microcode	: 0xb
cpu MHz		: 3200.000
cache size	: 2048 KB
physical id	: 0
siblings	: 2
core id		: 0
cpu cores	: 2
apicid		: 0
initial apicid	: 0
fdiv_bug	: no
f00f_bug	: no
coma_bug	: no
fpu		: yes
fpu_exception	: yes
cpuid level	: 6
wp		: yes
flags		: fpu vme de pse tsc msr pae mce cx8 apic sep mtrr pge mca cmov pat pse36 clflush dts acpi mmx fxsr sse sse2 ss ht tm pbe nx lm constant_tsc pebs bts pni dtes64 monitor ds_cpl est cid cx16 xtpr pdcm lahf_lm
bogomips	: 6399.59
clflush size	: 64
cache_alignment	: 128
address sizes	: 36 bits physical, 48 bits virtual
power management:

processor	: 1
vendor_id	: GenuineIntel
cpu family	: 15
model		: 6
model name	: Intel(R) Pentium(R) D CPU 3.20GHz
stepping	: 5
microcode	: 0xb
cpu MHz		: 3200.000
cache size	: 2048 KB
physical id	: 0
siblings	: 2
core id		: 1
cpu cores	: 2
apicid		: 1
initial apicid	: 1
fdiv_bug	: no
f00f_bug	: no
coma_bug	: no
fpu		: yes
fpu_exception	: yes
cpuid level	: 6
wp		: yes
flags		: fpu vme de pse tsc msr pae mce cx8 apic sep mtrr pge mca cmov pat pse36 clflush dts acpi mmx fxsr sse sse2 ss ht tm pbe nx lm constant_tsc pebs bts pni dtes64 monitor ds_cpl est cid cx16 xtpr pdcm lahf_lm
bogomips	: 6399.59
clflush size	: 64
cache_alignment	: 128
address sizes	: 36 bits physical, 48 bits virtual
power management:



Memory: 4k page, physical 3101640k(1623316k free), swap 1999868k(1999868k free)

vm_info: Java HotSpot(TM) Client VM (24.0-b56) for linux-x86 JRE (1.7.0_40-b43), built on Aug 26 2013 22:05:59 by "java_re" with gcc 4.3.0 20080428 (Red Hat 4.3.0-8)

time: Sun Jan 19 02:16:36 2014
elapsed time: 0 seconds

