#
# A fatal error has been detected by the Java Runtime Environment:
#
#  SIGILL (0x4) at pc=0xb6df2e10, pid=5473, tid=3065703232
#
# JRE version: Java(TM) SE Runtime Environment (7.0_40-b43) (build 1.7.0_40-b43)
# Java VM: Java HotSpot(TM) Client VM (24.0-b56 mixed mode linux-x86 )
# Problematic frame:
# V  [libjvm.so+0x200e10]  Events::log_exception(Thread*, char const*, ...)+0x20
#
# Failed to write core dump. Core dumps have been disabled. To enable core dumping, try "ulimit -c unlimited" before starting Java again
#
# If you would like to submit a bug report, please visit:
#   http://bugreport.sun.com/bugreport/crash.jsp
#

---------------  T H R E A D  ---------------

Current thread (0xb6a07400):  JavaThread "main" [_thread_in_vm, id=5475, stack(0xb6b5e000,0xb6baf000)]

siginfo:si_signo=SIGILL: si_errno=0, si_code=2 (ILL_ILLOPN), si_addr=0xb6df2e10

Registers:
EAX=0x00000000, EBX=0xb7186868, ECX=0xb6a02960, EDX=0x00000000
ESP=0xb6bac880, EBP=0xb6bac8a8, ESI=0xb6a02960, EDI=0xb6a02d18
EIP=0xb6df2e10, EFLAGS=0x00010282, CR2=0xb77b3100

Top of Stack: (sp=0xb6bac880)
0xb6bac880:   b6a07400 b4ab48e8 1094a2b9 401a3aac
0xb6bac890:   a07d0f58 b6a02960 b714a474 b7186868
0xb6bac8a0:   00000000 b095b600 b6bacba8 b6f1c80b
0xb6bac8b0:   b6a07400 b7137507 a0e4ab70 b714a474
0xb6bac8c0:   000004dc b6bacaec b6a07bdc b6a07bdc
0xb6bac8d0:   00640e2f b6bac8f8 b6a07400 b6a07bd0
0xb6bac8e0:   52db504c 000d410c b6a07bd4 b7186868
0xb6bac8f0:   00000000 00000000 b6bacc00 b4ab47e0 

Instructions: (pc=0xb6df2e10)
0xb6df2df0:   55 89 e5 57 56 53 83 ec 1c e8 00 00 00 00 5b 81
0xb6df2e00:   c3 6a 3a 39 00 8b 83 10 f2 ff ff 80 38 00 75 08
0xb6df2e10:   8d 65 f4 5b 5e 5f 5d c3 8b 83 d4 fa ff ff 8d 7d
0xb6df2e20:   10 8b 30 8b 83 3c ea ff ff 8b 00 85 c0 75 e1 e8 

Register to memory mapping:

EAX=0x00000000 is an unknown value
EBX=0xb7186868: <offset 0x594868> in /usr/local/java/jdk1.7.0_40/jre/lib/i386/client/libjvm.so at 0xb6bf2000
ECX=0xb6a02960 is an unknown value
EDX=0x00000000 is an unknown value
ESP=0xb6bac880 is pointing into the stack for thread: 0xb6a07400
EBP=0xb6bac8a8 is pointing into the stack for thread: 0xb6a07400
ESI=0xb6a02960 is an unknown value
EDI=0xb6a02d18 is an unknown value


Stack: [0xb6b5e000,0xb6baf000],  sp=0xb6bac880,  free space=314k
Native frames: (J=compiled Java code, j=interpreted, Vv=VM code, C=native code)
V  [libjvm.so+0x200e10]  Events::log_exception(Thread*, char const*, ...)+0x20
V  [libjvm.so+0x32a80b]  JVM_DoPrivileged+0x4eb
C  [libjava.so+0x9a4a]  Java_java_security_AccessController_doPrivileged__Ljava_security_PrivilegedExceptionAction_2Ljava_security_AccessControlContext_2+0x3a
J  java.security.AccessController.doPrivileged(Ljava/security/PrivilegedExceptionAction;Ljava/security/AccessControlContext;)Ljava/lang/Object;
J  java.net.URLClassLoader.findClass(Ljava/lang/String;)Ljava/lang/Class;
J  java.lang.ClassLoader.loadClass(Ljava/lang/String;)Ljava/lang/Class;
V  [libjvm.so+0x2a7875]  JavaCalls::call_helper(JavaValue*, methodHandle*, JavaCallArguments*, Thread*)+0x315
V  [libjvm.so+0x3fa1e9]  os::os_exception_wrapper(void (*)(JavaValue*, methodHandle*, JavaCallArguments*, Thread*), JavaValue*, methodHandle*, JavaCallArguments*, Thread*)+0x19
V  [libjvm.so+0x2a64ef]  JavaCalls::call(JavaValue*, methodHandle, JavaCallArguments*, Thread*)+0x2f
V  [libjvm.so+0x2a672a]  JavaCalls::call_virtual(JavaValue*, KlassHandle, Symbol*, Symbol*, JavaCallArguments*, Thread*)+0x10a
V  [libjvm.so+0x2a67f5]  JavaCalls::call_virtual(JavaValue*, Handle, KlassHandle, Symbol*, Symbol*, Handle, Thread*)+0x55
V  [libjvm.so+0x49e559]  SystemDictionary::load_instance_class(Symbol*, Handle, Thread*)+0x489
V  [libjvm.so+0x49cc52]  SystemDictionary::resolve_instance_class_or_null(Symbol*, Handle, Handle, Thread*)+0x742
V  [libjvm.so+0x49d0b9]  SystemDictionary::resolve_or_null(Symbol*, Handle, Handle, Thread*)+0x49
V  [libjvm.so+0x49e5d0]  SystemDictionary::resolve_or_fail(Symbol*, Handle, Handle, bool, Thread*)+0x30
V  [libjvm.so+0x1d5cfb]  constantPoolOopDesc::klass_at_impl(constantPoolHandle, int, Thread*)+0x1cb
V  [libjvm.so+0x390e98]  LinkResolver::resolve_invokevirtual(CallInfo&, Handle, constantPoolHandle, int, Thread*)+0x28
V  [libjvm.so+0x2a1e0a]  InterpreterRuntime::resolve_invoke(JavaThread*, Bytecodes::Code)+0x17a
j  org.apache.maven.archiver.MavenArchiver.createArchive(Lorg/apache/maven/execution/MavenSession;Lorg/apache/maven/project/MavenProject;Lorg/apache/maven/archiver/MavenArchiveConfiguration;)V+131
j  org.apache.maven.plugin.jar.AbstractJarMojo.createArchive()Ljava/io/File;+175
j  org.apache.maven.plugin.jar.AbstractJarMojo.execute()V+32
j  org.apache.maven.plugin.DefaultPluginManager.executeMojo(Lorg/apache/maven/project/MavenProject;Lorg/apache/maven/plugin/MojoExecution;Lorg/apache/maven/execution/MavenSession;)V+412
j  org.apache.maven.lifecycle.DefaultLifecycleExecutor.executeGoals(Ljava/util/List;Ljava/util/Stack;Lorg/apache/maven/execution/MavenSession;Lorg/apache/maven/project/MavenProject;)V+513
j  org.apache.maven.lifecycle.DefaultLifecycleExecutor.executeGoalWithLifecycle(Ljava/lang/String;Ljava/util/Stack;Lorg/apache/maven/execution/MavenSession;Ljava/util/Map;Lorg/apache/maven/project/MavenProject;Lorg/apache/maven/lifecycle/Lifecycle;)V+28
j  org.apache.maven.lifecycle.DefaultLifecycleExecutor.executeGoal(Ljava/lang/String;Lorg/apache/maven/execution/MavenSession;Lorg/apache/maven/project/MavenProject;)V+50
j  org.apache.maven.lifecycle.DefaultLifecycleExecutor.executeGoalAndHandleFailures(Ljava/lang/String;Lorg/apache/maven/execution/MavenSession;Lorg/apache/maven/project/MavenProject;Lorg/apache/maven/monitor/event/EventDispatcher;Ljava/lang/String;Lorg/apache/maven/execution/ReactorManager;JLjava/lang/String;)V+4
j  org.apache.maven.lifecycle.DefaultLifecycleExecutor.executeTaskSegments(Ljava/util/List;Lorg/apache/maven/execution/ReactorManager;Lorg/apache/maven/execution/MavenSession;Lorg/apache/maven/project/MavenProject;Lorg/apache/maven/monitor/event/EventDispatcher;)V+584
j  org.apache.maven.lifecycle.DefaultLifecycleExecutor.execute(Lorg/apache/maven/execution/MavenSession;Lorg/apache/maven/execution/ReactorManager;Lorg/apache/maven/monitor/event/EventDispatcher;)V+241
j  org.apache.maven.DefaultMaven.doExecute(Lorg/apache/maven/execution/MavenExecutionRequest;Lorg/apache/maven/monitor/event/EventDispatcher;)Lorg/apache/maven/execution/ReactorManager;+365
j  org.apache.maven.DefaultMaven.execute(Lorg/apache/maven/execution/MavenExecutionRequest;)V+26
j  org.apache.maven.cli.MavenCli.main([Ljava/lang/String;Lorg/codehaus/classworlds/ClassWorld;)I+1022
j  org.apache.maven.cli.compat.CompatibleMain.main([Ljava/lang/String;Lorg/codehaus/classworlds/ClassWorld;)I+81
v  ~StubRoutines::call_stub
V  [libjvm.so+0x2a7875]  JavaCalls::call_helper(JavaValue*, methodHandle*, JavaCallArguments*, Thread*)+0x315
V  [libjvm.so+0x3fa1e9]  os::os_exception_wrapper(void (*)(JavaValue*, methodHandle*, JavaCallArguments*, Thread*), JavaValue*, methodHandle*, JavaCallArguments*, Thread*)+0x19
V  [libjvm.so+0x2a64ef]  JavaCalls::call(JavaValue*, methodHandle, JavaCallArguments*, Thread*)+0x2f
V  [libjvm.so+0x43f97e]  Reflection::invoke(instanceKlassHandle, methodHandle, Handle, bool, objArrayHandle, BasicType, objArrayHandle, bool, Thread*)+0x3fe
V  [libjvm.so+0x44043a]  Reflection::invoke_method(oopDesc*, Handle, objArrayHandle, Thread*)+0x15a
V  [libjvm.so+0x328c19]  JVM_InvokeMethod+0x209
C  [libjava.so+0x15232]  Java_sun_reflect_NativeMethodAccessorImpl_invoke0+0x32
j  sun.reflect.NativeMethodAccessorImpl.invoke0(Ljava/lang/reflect/Method;Ljava/lang/Object;[Ljava/lang/Object;)Ljava/lang/Object;+0
j  sun.reflect.NativeMethodAccessorImpl.invoke(Ljava/lang/Object;[Ljava/lang/Object;)Ljava/lang/Object;+87
j  sun.reflect.DelegatingMethodAccessorImpl.invoke(Ljava/lang/Object;[Ljava/lang/Object;)Ljava/lang/Object;+6
j  java.lang.reflect.Method.invoke(Ljava/lang/Object;[Ljava/lang/Object;)Ljava/lang/Object;+57
j  org.codehaus.classworlds.Launcher.launchEnhanced([Ljava/lang/String;)V+50
j  org.codehaus.classworlds.Launcher.launch([Ljava/lang/String;)V+2
j  org.codehaus.classworlds.Launcher.mainWithExitCode([Ljava/lang/String;)I+99
j  org.codehaus.classworlds.Launcher.main([Ljava/lang/String;)V+1
v  ~StubRoutines::call_stub
V  [libjvm.so+0x2a7875]  JavaCalls::call_helper(JavaValue*, methodHandle*, JavaCallArguments*, Thread*)+0x315
V  [libjvm.so+0x3fa1e9]  os::os_exception_wrapper(void (*)(JavaValue*, methodHandle*, JavaCallArguments*, Thread*), JavaValue*, methodHandle*, JavaCallArguments*, Thread*)+0x19
V  [libjvm.so+0x2a64ef]  JavaCalls::call(JavaValue*, methodHandle, JavaCallArguments*, Thread*)+0x2f
V  [libjvm.so+0x2e28b2]  jni_invoke_static(JNIEnv_*, JavaValue*, _jobject*, JNICallType, _jmethodID*, JNI_ArgumentPusher*, Thread*)+0x242
V  [libjvm.so+0x2f8ada]  jni_CallStaticVoidMethod+0xca
C  [libjli.so+0x2e8d]  JavaMain+0x8bd
C  [libpthread.so.0+0x6d78]  start_thread+0xd8

Java frames: (J=compiled Java code, j=interpreted, Vv=VM code)
J  java.security.AccessController.doPrivileged(Ljava/security/PrivilegedExceptionAction;Ljava/security/AccessControlContext;)Ljava/lang/Object;
J  java.net.URLClassLoader.findClass(Ljava/lang/String;)Ljava/lang/Class;
J  java.lang.ClassLoader.loadClass(Ljava/lang/String;Z)Ljava/lang/Class;
J  org.codehaus.classworlds.RealmClassLoader.loadClassDirect(Ljava/lang/String;)Ljava/lang/Class;
J  org.codehaus.classworlds.DefaultClassRealm.loadClass(Ljava/lang/String;)Ljava/lang/Class;
j  org.codehaus.classworlds.RealmClassLoader.loadClass(Ljava/lang/String;Z)Ljava/lang/Class;+5
J  java.lang.ClassLoader.loadClass(Ljava/lang/String;)Ljava/lang/Class;
v  ~StubRoutines::call_stub
j  org.apache.maven.archiver.MavenArchiver.createArchive(Lorg/apache/maven/execution/MavenSession;Lorg/apache/maven/project/MavenProject;Lorg/apache/maven/archiver/MavenArchiveConfiguration;)V+131
j  org.apache.maven.plugin.jar.AbstractJarMojo.createArchive()Ljava/io/File;+175
j  org.apache.maven.plugin.jar.AbstractJarMojo.execute()V+32
j  org.apache.maven.plugin.DefaultPluginManager.executeMojo(Lorg/apache/maven/project/MavenProject;Lorg/apache/maven/plugin/MojoExecution;Lorg/apache/maven/execution/MavenSession;)V+412
j  org.apache.maven.lifecycle.DefaultLifecycleExecutor.executeGoals(Ljava/util/List;Ljava/util/Stack;Lorg/apache/maven/execution/MavenSession;Lorg/apache/maven/project/MavenProject;)V+513
j  org.apache.maven.lifecycle.DefaultLifecycleExecutor.executeGoalWithLifecycle(Ljava/lang/String;Ljava/util/Stack;Lorg/apache/maven/execution/MavenSession;Ljava/util/Map;Lorg/apache/maven/project/MavenProject;Lorg/apache/maven/lifecycle/Lifecycle;)V+28
j  org.apache.maven.lifecycle.DefaultLifecycleExecutor.executeGoal(Ljava/lang/String;Lorg/apache/maven/execution/MavenSession;Lorg/apache/maven/project/MavenProject;)V+50
j  org.apache.maven.lifecycle.DefaultLifecycleExecutor.executeGoalAndHandleFailures(Ljava/lang/String;Lorg/apache/maven/execution/MavenSession;Lorg/apache/maven/project/MavenProject;Lorg/apache/maven/monitor/event/EventDispatcher;Ljava/lang/String;Lorg/apache/maven/execution/ReactorManager;JLjava/lang/String;)V+4
j  org.apache.maven.lifecycle.DefaultLifecycleExecutor.executeTaskSegments(Ljava/util/List;Lorg/apache/maven/execution/ReactorManager;Lorg/apache/maven/execution/MavenSession;Lorg/apache/maven/project/MavenProject;Lorg/apache/maven/monitor/event/EventDispatcher;)V+584
j  org.apache.maven.lifecycle.DefaultLifecycleExecutor.execute(Lorg/apache/maven/execution/MavenSession;Lorg/apache/maven/execution/ReactorManager;Lorg/apache/maven/monitor/event/EventDispatcher;)V+241
j  org.apache.maven.DefaultMaven.doExecute(Lorg/apache/maven/execution/MavenExecutionRequest;Lorg/apache/maven/monitor/event/EventDispatcher;)Lorg/apache/maven/execution/ReactorManager;+365
j  org.apache.maven.DefaultMaven.execute(Lorg/apache/maven/execution/MavenExecutionRequest;)V+26
j  org.apache.maven.cli.MavenCli.main([Ljava/lang/String;Lorg/codehaus/classworlds/ClassWorld;)I+1022
j  org.apache.maven.cli.compat.CompatibleMain.main([Ljava/lang/String;Lorg/codehaus/classworlds/ClassWorld;)I+81
v  ~StubRoutines::call_stub
j  sun.reflect.NativeMethodAccessorImpl.invoke0(Ljava/lang/reflect/Method;Ljava/lang/Object;[Ljava/lang/Object;)Ljava/lang/Object;+0
j  sun.reflect.NativeMethodAccessorImpl.invoke(Ljava/lang/Object;[Ljava/lang/Object;)Ljava/lang/Object;+87
j  sun.reflect.DelegatingMethodAccessorImpl.invoke(Ljava/lang/Object;[Ljava/lang/Object;)Ljava/lang/Object;+6
j  java.lang.reflect.Method.invoke(Ljava/lang/Object;[Ljava/lang/Object;)Ljava/lang/Object;+57
j  org.codehaus.classworlds.Launcher.launchEnhanced([Ljava/lang/String;)V+50
j  org.codehaus.classworlds.Launcher.launch([Ljava/lang/String;)V+2
j  org.codehaus.classworlds.Launcher.mainWithExitCode([Ljava/lang/String;)I+99
j  org.codehaus.classworlds.Launcher.main([Ljava/lang/String;)V+1
v  ~StubRoutines::call_stub

---------------  P R O C E S S  ---------------

Java Threads: ( => current thread )
  0x9fda5400 JavaThread "pool-1-thread-5" [_thread_blocked, id=5490, stack(0x9f9bc000,0x9fa0d000)]
  0x9fdb8c00 JavaThread "pool-1-thread-4" [_thread_blocked, id=5489, stack(0x9fa0d000,0x9fa5e000)]
  0x9fc19400 JavaThread "pool-1-thread-3" [_thread_blocked, id=5488, stack(0x9fa5e000,0x9faaf000)]
  0x9fd76000 JavaThread "pool-1-thread-2" [_thread_blocked, id=5487, stack(0x9faaf000,0x9fb00000)]
  0x9fd75800 JavaThread "pool-1-thread-1" [_thread_blocked, id=5486, stack(0x9fe45000,0x9fe96000)]
  0xb6aea400 JavaThread "process reaper" daemon [_thread_blocked, id=5484, stack(0x9fe96000,0x9fead000)]
  0xb6a6f400 JavaThread "Service Thread" daemon [_thread_blocked, id=5481, stack(0x9ff2e000,0x9ff7f000)]
  0xb6a6d400 JavaThread "C1 CompilerThread0" daemon [_thread_blocked, id=5480, stack(0x9ff7f000,0xa0000000)]
  0xb6a6b800 JavaThread "Signal Dispatcher" daemon [_thread_blocked, id=5479, stack(0xa030d000,0xa035e000)]
  0xb6a5b400 JavaThread "Finalizer" daemon [_thread_blocked, id=5478, stack(0xa035e000,0xa03af000)]
  0xb6a58c00 JavaThread "Reference Handler" daemon [_thread_blocked, id=5477, stack(0xa03af000,0xa0400000)]
=>0xb6a07400 JavaThread "main" [_thread_in_vm, id=5475, stack(0xb6b5e000,0xb6baf000)]

Other Threads:
  0xb6a57400 VMThread [stack: 0xa0544000,0xa05c5000] [id=5476]
  0xb6a71800 WatcherThread [stack: 0x9fead000,0x9ff2e000] [id=5482]

VM state:not at safepoint (normal execution)

VM Mutex/Monitor currently owned by a thread: None

Heap
 def new generation   total 12032K, used 5867K [0xa0940000, 0xa1640000, 0xa5e90000)
  eden space 10752K,  49% used [0xa0940000, 0xa0e6f950, 0xa13c0000)
  from space 1280K,  43% used [0xa1500000, 0xa158b2d8, 0xa1640000)
  to   space 1280K,   0% used [0xa13c0000, 0xa13c0000, 0xa1500000)
 tenured generation   total 26584K, used 22507K [0xa5e90000, 0xa7886000, 0xb0940000)
   the space 26584K,  84% used [0xa5e90000, 0xa748af40, 0xa748b000, 0xa7886000)
 compacting perm gen  total 12288K, used 5658K [0xb0940000, 0xb1540000, 0xb4940000)
   the space 12288K,  46% used [0xb0940000, 0xb0ec6b08, 0xb0ec6c00, 0xb1540000)
No shared spaces configured.

Card table byte_map: [0xa089f000,0xa0940000] byte_map_base: 0xa039a600

Polling page: 0xb77b3000

Code Cache  [0xb49c2000, 0xb4c52000, 0xb69c2000)
 total_blobs=1375 nmethods=1226 adapters=85 free_code_cache=30159Kb largest_free_block=30883328

Compilation events (10 events):
Event: 6,508 Thread 0xb6a6d400 1223             java.util.jar.Attributes::get (11 bytes)
Event: 6,508 Thread 0xb6a6d400 nmethod 1223 0xb4c4d508 code [0xb4c4d610, 0xb4c4d6ac]
Event: 6,511 Thread 0xb6a6d400 1224             java.util.jar.Attributes::getValue (9 bytes)
Event: 6,511 Thread 0xb6a6d400 nmethod 1224 0xb4c4d708 code [0xb4c4d810, 0xb4c4d8cc]
Event: 6,525 Thread 0xb6a6d400 1225             java.io.FilterInputStream::<init> (10 bytes)
Event: 6,525 Thread 0xb6a6d400 nmethod 1225 0xb4c4dac8 code [0xb4c4dbc0, 0xb4c4dc70]
Event: 6,526 Thread 0xb6a6d400 1226             java.io.File::<init> (47 bytes)
Event: 6,527 Thread 0xb6a6d400 nmethod 1226 0xb4c4dd08 code [0xb4c4de30, 0xb4c4df94]
Event: 6,541 Thread 0xb6a6d400 1227             sun.misc.URLClassPath$JarLoader::access$500 (5 bytes)
Event: 6,541 Thread 0xb6a6d400 nmethod 1227 0xb4c4e048 code [0xb4c4e140, 0xb4c4e1b0]

GC Heap History (10 events):
Event: 5,492 GC heap before
{Heap before GC invocations=45 (full 2):
 def new generation   total 12032K, used 11244K [0xa0940000, 0xa1640000, 0xa5e90000)
  eden space 10752K, 100% used [0xa0940000, 0xa13c0000, 0xa13c0000)
  from space 1280K,  38% used [0xa13c0000, 0xa143b1b8, 0xa1500000)
  to   space 1280K,   0% used [0xa1500000, 0xa1500000, 0xa1640000)
 tenured generation   total 26584K, used 20542K [0xa5e90000, 0xa7886000, 0xb0940000)
   the space 26584K,  77% used [0xa5e90000, 0xa729fa48, 0xa729fc00, 0xa7886000)
 compacting perm gen  total 12288K, used 5256K [0xb0940000, 0xb1540000, 0xb4940000)
   the space 12288K,  42% used [0xb0940000, 0xb0e62130, 0xb0e62200, 0xb1540000)
No shared spaces configured.
Event: 5,505 GC heap after
Heap after GC invocations=46 (full 2):
 def new generation   total 12032K, used 1280K [0xa0940000, 0xa1640000, 0xa5e90000)
  eden space 10752K,   0% used [0xa0940000, 0xa0940000, 0xa13c0000)
  from space 1280K, 100% used [0xa1500000, 0xa1640000, 0xa1640000)
  to   space 1280K,   0% used [0xa13c0000, 0xa13c0000, 0xa1500000)
 tenured generation   total 26584K, used 20605K [0xa5e90000, 0xa7886000, 0xb0940000)
   the space 26584K,  77% used [0xa5e90000, 0xa72af608, 0xa72af800, 0xa7886000)
 compacting perm gen  total 12288K, used 5256K [0xb0940000, 0xb1540000, 0xb4940000)
   the space 12288K,  42% used [0xb0940000, 0xb0e62130, 0xb0e62200, 0xb1540000)
No shared spaces configured.
}
Event: 6,225 GC heap before
{Heap before GC invocations=46 (full 2):
 def new generation   total 12032K, used 12032K [0xa0940000, 0xa1640000, 0xa5e90000)
  eden space 10752K, 100% used [0xa0940000, 0xa13c0000, 0xa13c0000)
  from space 1280K, 100% used [0xa1500000, 0xa1640000, 0xa1640000)
  to   space 1280K,   0% used [0xa13c0000, 0xa13c0000, 0xa1500000)
 tenured generation   total 26584K, used 20605K [0xa5e90000, 0xa7886000, 0xb0940000)
   the space 26584K,  77% used [0xa5e90000, 0xa72af608, 0xa72af800, 0xa7886000)
 compacting perm gen  total 12288K, used 5374K [0xb0940000, 0xb1540000, 0xb4940000)
   the space 12288K,  43% used [0xb0940000, 0xb0e7f868, 0xb0e7fa00, 0xb1540000)
No shared spaces configured.
Event: 6,235 GC heap after
Heap after GC invocations=47 (full 2):
 def new generation   total 12032K, used 908K [0xa0940000, 0xa1640000, 0xa5e90000)
  eden space 10752K,   0% used [0xa0940000, 0xa0940000, 0xa13c0000)
  from space 1280K,  70% used [0xa13c0000, 0xa14a3238, 0xa1500000)
  to   space 1280K,   0% used [0xa1500000, 0xa1500000, 0xa1640000)
 tenured generation   total 26584K, used 21300K [0xa5e90000, 0xa7886000, 0xb0940000)
   the space 26584K,  80% used [0xa5e90000, 0xa735d088, 0xa735d200, 0xa7886000)
 compacting perm gen  total 12288K, used 5374K [0xb0940000, 0xb1540000, 0xb4940000)
   the space 12288K,  43% used [0xb0940000, 0xb0e7f868, 0xb0e7fa00, 0xb1540000)
No shared spaces configured.
}
Event: 6,324 GC heap before
{Heap before GC invocations=47 (full 2):
 def new generation   total 12032K, used 11660K [0xa0940000, 0xa1640000, 0xa5e90000)
  eden space 10752K, 100% used [0xa0940000, 0xa13c0000, 0xa13c0000)
  from space 1280K,  70% used [0xa13c0000, 0xa14a3238, 0xa1500000)
  to   space 1280K,   0% used [0xa1500000, 0xa1500000, 0xa1640000)
 tenured generation   total 26584K, used 21300K [0xa5e90000, 0xa7886000, 0xb0940000)
   the space 26584K,  80% used [0xa5e90000, 0xa735d088, 0xa735d200, 0xa7886000)
 compacting perm gen  total 12288K, used 5374K [0xb0940000, 0xb1540000, 0xb4940000)
   the space 12288K,  43% used [0xb0940000, 0xb0e7f878, 0xb0e7fa00, 0xb1540000)
No shared spaces configured.
Event: 6,333 GC heap after
Heap after GC invocations=48 (full 2):
 def new generation   total 12032K, used 645K [0xa0940000, 0xa1640000, 0xa5e90000)
  eden space 10752K,   0% used [0xa0940000, 0xa0940000, 0xa13c0000)
  from space 1280K,  50% used [0xa1500000, 0xa15a1418, 0xa1640000)
  to   space 1280K,   0% used [0xa13c0000, 0xa13c0000, 0xa1500000)
 tenured generation   total 26584K, used 22055K [0xa5e90000, 0xa7886000, 0xb0940000)
   the space 26584K,  82% used [0xa5e90000, 0xa7419c80, 0xa7419e00, 0xa7886000)
 compacting perm gen  total 12288K, used 5374K [0xb0940000, 0xb1540000, 0xb4940000)
   the space 12288K,  43% used [0xb0940000, 0xb0e7f878, 0xb0e7fa00, 0xb1540000)
No shared spaces configured.
}
Event: 6,394 GC heap before
{Heap before GC invocations=48 (full 2):
 def new generation   total 12032K, used 11397K [0xa0940000, 0xa1640000, 0xa5e90000)
  eden space 10752K, 100% used [0xa0940000, 0xa13c0000, 0xa13c0000)
  from space 1280K,  50% used [0xa1500000, 0xa15a1418, 0xa1640000)
  to   space 1280K,   0% used [0xa13c0000, 0xa13c0000, 0xa1500000)
 tenured generation   total 26584K, used 22055K [0xa5e90000, 0xa7886000, 0xb0940000)
   the space 26584K,  82% used [0xa5e90000, 0xa7419c80, 0xa7419e00, 0xa7886000)
 compacting perm gen  total 12288K, used 5374K [0xb0940000, 0xb1540000, 0xb4940000)
   the space 12288K,  43% used [0xb0940000, 0xb0e7f888, 0xb0e7fa00, 0xb1540000)
No shared spaces configured.
Event: 6,400 GC heap after
Heap after GC invocations=49 (full 2):
 def new generation   total 12032K, used 606K [0xa0940000, 0xa1640000, 0xa5e90000)
  eden space 10752K,   0% used [0xa0940000, 0xa0940000, 0xa13c0000)
  from space 1280K,  47% used [0xa13c0000, 0xa1457828, 0xa1500000)
  to   space 1280K,   0% used [0xa1500000, 0xa1500000, 0xa1640000)
 tenured generation   total 26584K, used 22507K [0xa5e90000, 0xa7886000, 0xb0940000)
   the space 26584K,  84% used [0xa5e90000, 0xa748af40, 0xa748b000, 0xa7886000)
 compacting perm gen  total 12288K, used 5374K [0xb0940000, 0xb1540000, 0xb4940000)
   the space 12288K,  43% used [0xb0940000, 0xb0e7f888, 0xb0e7fa00, 0xb1540000)
No shared spaces configured.
}
Event: 6,474 GC heap before
{Heap before GC invocations=49 (full 2):
 def new generation   total 12032K, used 11358K [0xa0940000, 0xa1640000, 0xa5e90000)
  eden space 10752K, 100% used [0xa0940000, 0xa13c0000, 0xa13c0000)
  from space 1280K,  47% used [0xa13c0000, 0xa1457828, 0xa1500000)
  to   space 1280K,   0% used [0xa1500000, 0xa1500000, 0xa1640000)
 tenured generation   total 26584K, used 22507K [0xa5e90000, 0xa7886000, 0xb0940000)
   the space 26584K,  84% used [0xa5e90000, 0xa748af40, 0xa748b000, 0xa7886000)
 compacting perm gen  total 12288K, used 5374K [0xb0940000, 0xb1540000, 0xb4940000)
   the space 12288K,  43% used [0xb0940000, 0xb0e7f888, 0xb0e7fa00, 0xb1540000)
No shared spaces configured.
Event: 6,476 GC heap after
Heap after GC invocations=50 (full 2):
 def new generation   total 12032K, used 556K [0xa0940000, 0xa1640000, 0xa5e90000)
  eden space 10752K,   0% used [0xa0940000, 0xa0940000, 0xa13c0000)
  from space 1280K,  43% used [0xa1500000, 0xa158b2d8, 0xa1640000)
  to   space 1280K,   0% used [0xa13c0000, 0xa13c0000, 0xa1500000)
 tenured generation   total 26584K, used 22507K [0xa5e90000, 0xa7886000, 0xb0940000)
   the space 26584K,  84% used [0xa5e90000, 0xa748af40, 0xa748b000, 0xa7886000)
 compacting perm gen  total 12288K, used 5374K [0xb0940000, 0xb1540000, 0xb4940000)
   the space 12288K,  43% used [0xb0940000, 0xb0e7f888, 0xb0e7fa00, 0xb1540000)
No shared spaces configured.
}

Deoptimization events (0 events):
No events

Internal exceptions (10 events):
Event: 6,524 Thread 0xb6a07400 Threw 0xa0d83ae8 at /HUDSON/workspace/jdk7u40-2-build-linux-i586-product/jdk7u40/hotspot/src/share/vm/prims/jvm.cpp:1244
Event: 6,524 Thread 0xb6a07400 Threw 0xa0d84100 at /HUDSON/workspace/jdk7u40-2-build-linux-i586-product/jdk7u40/hotspot/src/share/vm/prims/jvm.cpp:1244
Event: 6,524 Thread 0xb6a07400 Threw 0xa0d84890 at /HUDSON/workspace/jdk7u40-2-build-linux-i586-product/jdk7u40/hotspot/src/share/vm/prims/jvm.cpp:1244
Event: 6,536 Thread 0xb6a07400 Threw 0xa0de0020 at /HUDSON/workspace/jdk7u40-2-build-linux-i586-product/jdk7u40/hotspot/src/share/vm/prims/jvm.cpp:1244
Event: 6,536 Thread 0xb6a07400 Threw 0xa0de0630 at /HUDSON/workspace/jdk7u40-2-build-linux-i586-product/jdk7u40/hotspot/src/share/vm/prims/jvm.cpp:1244
Event: 6,536 Thread 0xb6a07400 Threw 0xa0de0c80 at /HUDSON/workspace/jdk7u40-2-build-linux-i586-product/jdk7u40/hotspot/src/share/vm/prims/jvm.cpp:1244
Event: 6,538 Thread 0xb6a07400 Threw 0xa0deef60 at /HUDSON/workspace/jdk7u40-2-build-linux-i586-product/jdk7u40/hotspot/src/share/vm/prims/jvm.cpp:1244
Event: 6,538 Thread 0xb6a07400 Threw 0xa0def458 at /HUDSON/workspace/jdk7u40-2-build-linux-i586-product/jdk7u40/hotspot/src/share/vm/prims/jvm.cpp:1244
Event: 6,538 Thread 0xb6a07400 Threw 0xa0def990 at /HUDSON/workspace/jdk7u40-2-build-linux-i586-product/jdk7u40/hotspot/src/share/vm/prims/jvm.cpp:1244
Event: 6,557 Thread 0xb6a07400 Threw 0xa0e4ab70 at /HUDSON/workspace/jdk7u40-2-build-linux-i586-product/jdk7u40/hotspot/src/share/vm/prims/jvm.cpp:1244

Events (10 events):
Event: 6,554 loading class 0x9f889e98
Event: 6,554 loading class 0x9f889e98 done
Event: 6,554 loading class 0x9f886738
Event: 6,554 loading class 0x9f886738 done
Event: 6,554 loading class 0x9f886800
Event: 6,554 loading class 0x9f886800 done
Event: 6,556 loading class 0xb6aa5f80
Event: 6,556 loading class 0xb6aa5f80 done
Event: 6,557 loading class 0xb6af87f8
Event: 6,557 loading class 0xb6af87f8 done


Dynamic libraries:
08048000-08049000 r-xp 00000000 08:04 1717000    /usr/local/java/jdk1.7.0_40/bin/java
08049000-0804a000 rw-p 00000000 08:04 1717000    /usr/local/java/jdk1.7.0_40/bin/java
0970b000-0972c000 rw-p 00000000 00:00 0          [heap]
9f518000-9f600000 rw-p 00000000 00:00 0 
9f600000-9f682000 rw-p 00000000 00:00 0 
9f682000-9f700000 ---p 00000000 00:00 0 
9f7af000-9f7b2000 ---p 00000000 00:00 0 
9f7b2000-9f800000 rw-p 00000000 00:00 0 
9f800000-9f8b0000 rw-p 00000000 00:00 0 
9f8b0000-9f900000 ---p 00000000 00:00 0 
9f91a000-9f91d000 ---p 00000000 00:00 0 
9f91d000-9f96b000 rw-p 00000000 00:00 0 
9f96b000-9f96e000 ---p 00000000 00:00 0 
9f96e000-9f9bc000 rw-p 00000000 00:00 0 
9f9bc000-9f9bf000 ---p 00000000 00:00 0 
9f9bf000-9fa0d000 rw-p 00000000 00:00 0          [stack:5490]
9fa0d000-9fa10000 ---p 00000000 00:00 0 
9fa10000-9fa5e000 rw-p 00000000 00:00 0          [stack:5489]
9fa5e000-9fa61000 ---p 00000000 00:00 0 
9fa61000-9faaf000 rw-p 00000000 00:00 0          [stack:5488]
9faaf000-9fab2000 ---p 00000000 00:00 0 
9fab2000-9fb00000 rw-p 00000000 00:00 0          [stack:5487]
9fb00000-9fbfa000 rw-p 00000000 00:00 0 
9fbfa000-9fc00000 ---p 00000000 00:00 0 
9fc00000-9fc49000 rw-p 00000000 00:00 0 
9fc49000-9fd00000 ---p 00000000 00:00 0 
9fd00000-9fdfa000 rw-p 00000000 00:00 0 
9fdfa000-9fe00000 ---p 00000000 00:00 0 
9fe25000-9fe27000 rw-p 00000000 00:00 0 
9fe27000-9fe2b000 r--s 0002f000 08:04 5506246    /home/guilherme/.m2/repository/commons-lang/commons-lang/2.1/commons-lang-2.1.jar
9fe2b000-9fe2d000 r--s 0000d000 08:04 5381719    /home/guilherme/.m2/repository/org/codehaus/plexus/plexus-interpolation/1.15/plexus-interpolation-1.15.jar
9fe2d000-9fe30000 r--s 0000c000 08:04 5381716    /home/guilherme/.m2/repository/org/codehaus/plexus/plexus-io/2.0.2/plexus-io-2.0.2.jar
9fe30000-9fe35000 r--s 00029000 08:04 4472334    /home/guilherme/.m2/repository/org/codehaus/plexus/plexus-archiver/2.1/plexus-archiver-2.1.jar
9fe35000-9fe37000 r--s 00004000 08:04 4472333    /home/guilherme/.m2/repository/org/apache/maven/maven-archiver/2.5/maven-archiver-2.5.jar
9fe37000-9fe3b000 r--s 00034000 08:04 4601900    /home/guilherme/.m2/repository/org/codehaus/plexus/plexus-utils/3.0/plexus-utils-3.0.jar
9fe3b000-9fe3d000 r--s 00006000 08:04 5769548    /home/guilherme/.m2/repository/org/apache/maven/shared/maven-common-artifact-filters/1.3/maven-common-artifact-filters-1.3.jar
9fe3d000-9fe40000 r--s 00034000 08:04 5769545    /home/guilherme/.m2/repository/org/codehaus/plexus/plexus-utils/2.1/plexus-utils-2.1.jar
9fe40000-9fe45000 r--s 00023000 08:04 4991628    /home/guilherme/.m2/repository/org/apache/maven/surefire/surefire-api/2.10/surefire-api-2.10.jar
9fe45000-9fe48000 ---p 00000000 00:00 0 
9fe48000-9fe96000 rw-p 00000000 00:00 0          [stack:5486]
9fe96000-9fe99000 ---p 00000000 00:00 0 
9fe99000-9fead000 rw-p 00000000 00:00 0          [stack:5484]
9fead000-9feae000 ---p 00000000 00:00 0 
9feae000-9ff2e000 rw-p 00000000 00:00 0          [stack:5482]
9ff2e000-9ff31000 ---p 00000000 00:00 0 
9ff31000-9ff7f000 rw-p 00000000 00:00 0          [stack:5481]
9ff7f000-9ff82000 ---p 00000000 00:00 0 
9ff82000-a0000000 rw-p 00000000 00:00 0          [stack:5480]
a0000000-a0200000 r--p 00000000 08:04 1449933    /usr/lib/locale/locale-archive
a0200000-a0221000 rw-p 00000000 00:00 0 
a0221000-a0300000 ---p 00000000 00:00 0 
a0300000-a0302000 r--s 0000d000 08:04 5251093    /home/guilherme/.m2/repository/org/apache/maven/surefire/maven-surefire-common/2.10/maven-surefire-common-2.10.jar
a0302000-a0304000 r--s 00007000 08:04 4727903    /home/guilherme/.m2/repository/org/apache/maven/surefire/surefire-booter/2.10/surefire-booter-2.10.jar
a0304000-a0306000 r--s 00000000 08:04 5376445    /home/guilherme/.m2/repository/org/codehaus/plexus/plexus-compiler-manager/1.5.3/plexus-compiler-manager-1.5.3.jar
a0306000-a0308000 r--s 00026000 08:04 4599818    /home/guilherme/.m2/repository/org/codehaus/plexus/plexus-utils/1.0.4/plexus-utils-1.0.4.jar
a0308000-a030d000 r--s 00039000 08:04 4854508    /home/guilherme/.m2/repository/org/codehaus/plexus/plexus-utils/1.5.6/plexus-utils-1.5.6.jar
a030d000-a0310000 ---p 00000000 00:00 0 
a0310000-a035e000 rw-p 00000000 00:00 0          [stack:5479]
a035e000-a0361000 ---p 00000000 00:00 0 
a0361000-a03af000 rw-p 00000000 00:00 0          [stack:5478]
a03af000-a03b2000 ---p 00000000 00:00 0 
a03b2000-a0400000 rw-p 00000000 00:00 0          [stack:5477]
a0400000-a04ff000 rw-p 00000000 00:00 0 
a04ff000-a0500000 ---p 00000000 00:00 0 
a0500000-a0501000 rw-p 00000000 00:00 0 
a0501000-a0503000 r--s 0000b000 08:04 5376409    /home/guilherme/.m2/repository/org/codehaus/plexus/plexus-interpolation/1.6/plexus-interpolation-1.6.jar
a0503000-a0507000 r--s 0002f000 08:04 4338695    /home/guilherme/.m2/repository/org/apache/maven/plugins/maven-assembly-plugin/2.2-beta-4/maven-assembly-plugin-2.2-beta-4.jar
a0507000-a051b000 r-xp 00000000 08:04 1717553    /usr/local/java/jdk1.7.0_40/jre/lib/i386/libnet.so
a051b000-a051c000 rw-p 00014000 08:04 1717553    /usr/local/java/jdk1.7.0_40/jre/lib/i386/libnet.so
a051c000-a0544000 r--s 001f4000 08:04 1573851    /usr/share/maven2/lib/maven-debian-uber.jar
a0544000-a0545000 ---p 00000000 00:00 0 
a0545000-a0610000 rw-p 00000000 00:00 0          [stack:5476]
a0610000-a07cd000 r--s 039d3000 08:04 1717013    /usr/local/java/jdk1.7.0_40/jre/lib/rt.jar
a07cd000-a082f000 rw-p 00000000 00:00 0 
a082f000-a0849000 rw-p 00000000 00:00 0 
a0849000-a0856000 rw-p 00000000 00:00 0 
a0856000-a089f000 rw-p 00000000 00:00 0 
a089f000-a08a6000 rw-p 00000000 00:00 0 
a08a6000-a08c9000 rw-p 00000000 00:00 0 
a08c9000-a08d7000 rw-p 00000000 00:00 0 
a08d7000-a091f000 rw-p 00000000 00:00 0 
a091f000-a0925000 rw-p 00000000 00:00 0 
a0925000-a093f000 rw-p 00000000 00:00 0 
a093f000-a1640000 rw-p 00000000 00:00 0 
a1640000-a5e90000 rw-p 00000000 00:00 0 
a5e90000-a7886000 rw-p 00000000 00:00 0 
a7886000-b0940000 rw-p 00000000 00:00 0 
b0940000-b1540000 rw-p 00000000 00:00 0 
b1540000-b4940000 rw-p 00000000 00:00 0 
b4940000-b4942000 r--s 00007000 08:04 4854509    /home/guilherme/.m2/repository/org/apache/maven/shared/maven-filtering/1.0-beta-2/maven-filtering-1.0-beta-2.jar
b4942000-b494d000 rw-p 00000000 00:00 0 
b494d000-b49c2000 rw-p 00000000 00:00 0 
b49c2000-b4c52000 rwxp 00000000 00:00 0 
b4c52000-b69c2000 rw-p 00000000 00:00 0 
b69c2000-b69d9000 r-xp 00000000 08:04 1717575    /usr/local/java/jdk1.7.0_40/jre/lib/i386/libzip.so
b69d9000-b69da000 rw-p 00017000 08:04 1717575    /usr/local/java/jdk1.7.0_40/jre/lib/i386/libzip.so
b69da000-b69e5000 r-xp 00000000 08:04 2496922    /lib/i386-linux-gnu/libnss_files-2.17.so
b69e5000-b69e6000 r--p 0000a000 08:04 2496922    /lib/i386-linux-gnu/libnss_files-2.17.so
b69e6000-b69e7000 rw-p 0000b000 08:04 2496922    /lib/i386-linux-gnu/libnss_files-2.17.so
b69e7000-b69fc000 r-xp 00000000 08:04 2495691    /lib/i386-linux-gnu/libnsl-2.17.so
b69fc000-b69fd000 r--p 00014000 08:04 2495691    /lib/i386-linux-gnu/libnsl-2.17.so
b69fd000-b69fe000 rw-p 00015000 08:04 2495691    /lib/i386-linux-gnu/libnsl-2.17.so
b69fe000-b6a00000 rw-p 00000000 00:00 0 
b6a00000-b6b00000 rw-p 00000000 00:00 0 
b6b00000-b6b01000 r--s 00003000 08:04 5376448    /home/guilherme/.m2/repository/org/codehaus/plexus/plexus-compiler-javac/1.5.3/plexus-compiler-javac-1.5.3.jar
b6b01000-b6b04000 r--s 0001e000 08:04 4196895    /home/guilherme/.m2/repository/org/apache/maven/plugins/maven-dependency-plugin/2.4/maven-dependency-plugin-2.4.jar
b6b04000-b6b06000 r--s 00007000 08:04 4335231    /home/guilherme/.m2/repository/org/apache/maven/plugins/maven-jar-plugin/2.4/maven-jar-plugin-2.4.jar
b6b06000-b6b08000 r--s 00006000 08:04 4203254    /home/guilherme/.m2/repository/org/apache/maven/plugins/maven-surefire-plugin/2.10/maven-surefire-plugin-2.10.jar
b6b08000-b6b12000 r-xp 00000000 08:04 2496918    /lib/i386-linux-gnu/libnss_nis-2.17.so
b6b12000-b6b13000 r--p 00009000 08:04 2496918    /lib/i386-linux-gnu/libnss_nis-2.17.so
b6b13000-b6b14000 rw-p 0000a000 08:04 2496918    /lib/i386-linux-gnu/libnss_nis-2.17.so
b6b14000-b6b15000 r--s 00004000 08:04 5376442    /home/guilherme/.m2/repository/org/codehaus/plexus/plexus-compiler-api/1.5.3/plexus-compiler-api-1.5.3.jar
b6b15000-b6b16000 r--s 00004000 08:04 4203245    /home/guilherme/.m2/repository/org/apache/maven/plugins/maven-compiler-plugin/2.0.2/maven-compiler-plugin-2.0.2.jar
b6b16000-b6b1a000 r--s 0008a000 08:04 1717584    /usr/local/java/jdk1.7.0_40/jre/lib/jsse.jar
b6b1a000-b6b28000 r-xp 00000000 08:04 1717562    /usr/local/java/jdk1.7.0_40/jre/lib/i386/libnio.so
b6b28000-b6b29000 rw-p 0000e000 08:04 1717562    /usr/local/java/jdk1.7.0_40/jre/lib/i386/libnio.so
b6b29000-b6b31000 rw-s 00000000 08:04 5769823    /tmp/hsperfdata_guilherme/5473
b6b31000-b6b54000 r-xp 00000000 08:04 1717538    /usr/local/java/jdk1.7.0_40/jre/lib/i386/libjava.so
b6b54000-b6b55000 rw-p 00022000 08:04 1717538    /usr/local/java/jdk1.7.0_40/jre/lib/i386/libjava.so
b6b55000-b6b5c000 r-xp 00000000 08:04 2491415    /lib/i386-linux-gnu/librt-2.17.so
b6b5c000-b6b5d000 r--p 00006000 08:04 2491415    /lib/i386-linux-gnu/librt-2.17.so
b6b5d000-b6b5e000 rw-p 00007000 08:04 2491415    /lib/i386-linux-gnu/librt-2.17.so
b6b5e000-b6b61000 ---p 00000000 00:00 0 
b6b61000-b6baf000 rw-p 00000000 00:00 0          [stack:5475]
b6baf000-b6bf0000 r-xp 00000000 08:04 2496916    /lib/i386-linux-gnu/libm-2.17.so
b6bf0000-b6bf1000 r--p 00040000 08:04 2496916    /lib/i386-linux-gnu/libm-2.17.so
b6bf1000-b6bf2000 rw-p 00041000 08:04 2496916    /lib/i386-linux-gnu/libm-2.17.so
b6bf2000-b7178000 r-xp 00000000 08:04 1717533    /usr/local/java/jdk1.7.0_40/jre/lib/i386/client/libjvm.so
b7178000-b7199000 rw-p 00586000 08:04 1717533    /usr/local/java/jdk1.7.0_40/jre/lib/i386/client/libjvm.so
b7199000-b75ba000 rw-p 00000000 00:00 0 
b75ba000-b7768000 r-xp 00000000 08:04 2495698    /lib/i386-linux-gnu/libc-2.17.so
b7768000-b776a000 r--p 001ae000 08:04 2495698    /lib/i386-linux-gnu/libc-2.17.so
b776a000-b776b000 rw-p 001b0000 08:04 2495698    /lib/i386-linux-gnu/libc-2.17.so
b776b000-b776e000 rw-p 00000000 00:00 0 
b776e000-b7771000 r-xp 00000000 08:04 2495699    /lib/i386-linux-gnu/libdl-2.17.so
b7771000-b7772000 r--p 00002000 08:04 2495699    /lib/i386-linux-gnu/libdl-2.17.so
b7772000-b7773000 rw-p 00003000 08:04 2495699    /lib/i386-linux-gnu/libdl-2.17.so
b7773000-b7774000 rw-p 00000000 00:00 0 
b7774000-b7787000 r-xp 00000000 08:04 1717542    /usr/local/java/jdk1.7.0_40/jre/lib/i386/jli/libjli.so
b7787000-b7788000 rw-p 00012000 08:04 1717542    /usr/local/java/jdk1.7.0_40/jre/lib/i386/jli/libjli.so
b7788000-b779f000 r-xp 00000000 08:04 2496915    /lib/i386-linux-gnu/libpthread-2.17.so
b779f000-b77a0000 r--p 00016000 08:04 2496915    /lib/i386-linux-gnu/libpthread-2.17.so
b77a0000-b77a1000 rw-p 00017000 08:04 2496915    /lib/i386-linux-gnu/libpthread-2.17.so
b77a1000-b77a3000 rw-p 00000000 00:00 0 
b77a3000-b77a5000 r--s 00004000 08:04 4202766    /home/guilherme/.m2/repository/org/apache/maven/plugins/maven-resources-plugin/2.3/maven-resources-plugin-2.3.jar
b77a5000-b77a6000 r--p 00000000 00:00 0 
b77a6000-b77a8000 r--s 00008000 08:04 1850180    /usr/share/java/classworlds-1.1.jar
b77a8000-b77a9000 r--p 005e0000 08:04 1449933    /usr/lib/locale/locale-archive
b77a9000-b77b0000 r-xp 00000000 08:04 2495701    /lib/i386-linux-gnu/libnss_compat-2.17.so
b77b0000-b77b1000 r--p 00006000 08:04 2495701    /lib/i386-linux-gnu/libnss_compat-2.17.so
b77b1000-b77b2000 rw-p 00007000 08:04 2495701    /lib/i386-linux-gnu/libnss_compat-2.17.so
b77b2000-b77b3000 rw-p 00000000 00:00 0 
b77b3000-b77b4000 r--p 00000000 00:00 0 
b77b4000-b77bf000 r-xp 00000000 08:04 1717520    /usr/local/java/jdk1.7.0_40/jre/lib/i386/libverify.so
b77bf000-b77c0000 rw-p 0000b000 08:04 1717520    /usr/local/java/jdk1.7.0_40/jre/lib/i386/libverify.so
b77c0000-b77c2000 rw-p 00000000 00:00 0 
b77c2000-b77c3000 r-xp 00000000 00:00 0          [vdso]
b77c3000-b77e3000 r-xp 00000000 08:04 2495694    /lib/i386-linux-gnu/ld-2.17.so
b77e3000-b77e4000 r--p 0001f000 08:04 2495694    /lib/i386-linux-gnu/ld-2.17.so
b77e4000-b77e5000 rw-p 00020000 08:04 2495694    /lib/i386-linux-gnu/ld-2.17.so
bf9d6000-bf9f8000 rw-p 00000000 00:00 0          [stack]

VM Arguments:
jvm_args: -Dclassworlds.conf=/usr/share/maven2/bin/m2.conf -Dmaven.home=/usr/share/maven2 
java_command: org.codehaus.classworlds.Launcher "package"
Launcher Type: SUN_STANDARD

Environment Variables:
JAVA_HOME=/usr/local/java/jdk1.7.0_40
JRE_HOME=/usr/local/java/jre1.7.0_40
PATH=/opt/SenchaSDKTools-2.0.0-beta3:/home/guilherme/bin/Sencha/Cmd/4.0.0.203:/usr/local/heroku/bin:/opt/SenchaSDKTools-2.0.0-beta3:/home/guilherme/bin/Sencha/Cmd/4.0.0.203:/home/guilherme/bin:/usr/lib/lightdm/lightdm:/usr/local/sbin:/usr/local/bin:/usr/sbin:/usr/bin:/sbin:/bin:/usr/games:/usr/local/games:/home/guilherme/bin:/usr/local/java/jdk1.7.0_40/bin:/home/guilherme/bin:/usr/local/java/jre1.7.0_40/bin
SHELL=/bin/bash
DISPLAY=:0

Signal Handlers:
SIGSEGV: [libjvm.so+0x503d90], sa_mask[0]=0x7ffbfeff, sa_flags=0x10000004
SIGBUS: [libjvm.so+0x503d90], sa_mask[0]=0x7ffbfeff, sa_flags=0x10000004
SIGFPE: [libjvm.so+0x3fbe80], sa_mask[0]=0x7ffbfeff, sa_flags=0x10000004
SIGPIPE: [libjvm.so+0x3fbe80], sa_mask[0]=0x7ffbfeff, sa_flags=0x10000004
SIGXFSZ: [libjvm.so+0x3fbe80], sa_mask[0]=0x7ffbfeff, sa_flags=0x10000004
SIGILL: [libjvm.so+0x3fbe80], sa_mask[0]=0x7ffbfeff, sa_flags=0x10000004
SIGUSR1: SIG_DFL, sa_mask[0]=0x00000000, sa_flags=0x00000000
SIGUSR2: [libjvm.so+0x3fd370], sa_mask[0]=0x00000000, sa_flags=0x10000004
SIGHUP: [libjvm.so+0x3fe4c0], sa_mask[0]=0x7ffbfeff, sa_flags=0x10000004
SIGINT: [libjvm.so+0x3fe4c0], sa_mask[0]=0x7ffbfeff, sa_flags=0x10000004
SIGTERM: [libjvm.so+0x3fe4c0], sa_mask[0]=0x7ffbfeff, sa_flags=0x10000004
SIGQUIT: [libjvm.so+0x3fe4c0], sa_mask[0]=0x7ffbfeff, sa_flags=0x10000004


---------------  S Y S T E M  ---------------

OS:wheezy/sid

uname:Linux 3.11.0-15-generic #23-Ubuntu SMP Mon Dec 9 18:16:27 UTC 2013 i686
libc:glibc 2.17 NPTL 2.17 
rlimit: STACK 8192k, CORE 0k, NPROC 24094, NOFILE 4096, AS infinity
load average:2,97 2,52 2,13

/proc/meminfo:
MemTotal:        3101640 kB
MemFree:         1728416 kB
Buffers:           49604 kB
Cached:           361704 kB
SwapCached:            0 kB
Active:           993720 kB
Inactive:         281216 kB
Active(anon):     863976 kB
Inactive(anon):    38864 kB
Active(file):     129744 kB
Inactive(file):   242352 kB
Unevictable:          48 kB
Mlocked:              48 kB
HighTotal:       2231176 kB
HighFree:         977100 kB
LowTotal:         870464 kB
LowFree:          751316 kB
SwapTotal:       1999868 kB
SwapFree:        1999868 kB
Dirty:               484 kB
Writeback:             0 kB
AnonPages:        863804 kB
Mapped:           212220 kB
Shmem:             39216 kB
Slab:              37444 kB
SReclaimable:      16924 kB
SUnreclaim:        20520 kB
KernelStack:        4296 kB
PageTables:        14308 kB
NFS_Unstable:          0 kB
Bounce:                0 kB
WritebackTmp:          0 kB
CommitLimit:     3550688 kB
Committed_AS:    4373176 kB
VmallocTotal:     122880 kB
VmallocUsed:       47844 kB
VmallocChunk:      69396 kB
HardwareCorrupted:     0 kB
AnonHugePages:         0 kB
HugePages_Total:       0
HugePages_Free:        0
HugePages_Rsvd:        0
HugePages_Surp:        0
Hugepagesize:       2048 kB
DirectMap4k:       65528 kB
DirectMap2M:      847872 kB


CPU:total 2 (2 cores per cpu, 1 threads per core) family 15 model 6 stepping 5, cmov, cx8, fxsr, mmx, sse, sse2, sse3, tsc

/proc/cpuinfo:
processor	: 0
vendor_id	: GenuineIntel
cpu family	: 15
model		: 6
model name	: Intel(R) Pentium(R) D CPU 3.20GHz
stepping	: 5
microcode	: 0xb
cpu MHz		: 3200.000
cache size	: 2048 KB
physical id	: 0
siblings	: 2
core id		: 0
cpu cores	: 2
apicid		: 0
initial apicid	: 0
fdiv_bug	: no
f00f_bug	: no
coma_bug	: no
fpu		: yes
fpu_exception	: yes
cpuid level	: 6
wp		: yes
flags		: fpu vme de pse tsc msr pae mce cx8 apic sep mtrr pge mca cmov pat pse36 clflush dts acpi mmx fxsr sse sse2 ss ht tm pbe nx lm constant_tsc pebs bts pni dtes64 monitor ds_cpl est cid cx16 xtpr pdcm lahf_lm
bogomips	: 6399.59
clflush size	: 64
cache_alignment	: 128
address sizes	: 36 bits physical, 48 bits virtual
power management:

processor	: 1
vendor_id	: GenuineIntel
cpu family	: 15
model		: 6
model name	: Intel(R) Pentium(R) D CPU 3.20GHz
stepping	: 5
microcode	: 0xb
cpu MHz		: 3200.000
cache size	: 2048 KB
physical id	: 0
siblings	: 2
core id		: 1
cpu cores	: 2
apicid		: 1
initial apicid	: 1
fdiv_bug	: no
f00f_bug	: no
coma_bug	: no
fpu		: yes
fpu_exception	: yes
cpuid level	: 6
wp		: yes
flags		: fpu vme de pse tsc msr pae mce cx8 apic sep mtrr pge mca cmov pat pse36 clflush dts acpi mmx fxsr sse sse2 ss ht tm pbe nx lm constant_tsc pebs bts pni dtes64 monitor ds_cpl est cid cx16 xtpr pdcm lahf_lm
bogomips	: 6399.59
clflush size	: 64
cache_alignment	: 128
address sizes	: 36 bits physical, 48 bits virtual
power management:



Memory: 4k page, physical 3101640k(1728416k free), swap 1999868k(1999868k free)

vm_info: Java HotSpot(TM) Client VM (24.0-b56) for linux-x86 JRE (1.7.0_40-b43), built on Aug 26 2013 22:05:59 by "java_re" with gcc 4.3.0 20080428 (Red Hat 4.3.0-8)

time: Sun Jan 19 02:10:52 2014
elapsed time: 6 seconds

