#
# A fatal error has been detected by the Java Runtime Environment:
#
#  SIGILL (0x4) at pc=0xb6e0ce10, pid=4827, tid=3065809728
#
# JRE version: Java(TM) SE Runtime Environment (7.0_40-b43) (build 1.7.0_40-b43)
# Java VM: Java HotSpot(TM) Client VM (24.0-b56 mixed mode linux-x86 )
# Problematic frame:
# V  [libjvm.so+0x200e10]  Events::log_exception(Thread*, char const*, ...)+0x20
#
# Failed to write core dump. Core dumps have been disabled. To enable core dumping, try "ulimit -c unlimited" before starting Java again
#
# If you would like to submit a bug report, please visit:
#   http://bugreport.sun.com/bugreport/crash.jsp
#

---------------  T H R E A D  ---------------

Current thread (0xb6a09400):  JavaThread "main" [_thread_in_vm, id=4828, stack(0xb6b78000,0xb6bc9000)]

siginfo:si_signo=SIGILL: si_errno=0, si_code=2 (ILL_ILLOPN), si_addr=0xb6e0ce10

Registers:
EAX=0x00000000, EBX=0xb71a0868, ECX=0xb6a048a8, EDX=0x00000000
ESP=0xb6bc5d50, EBP=0xb6bc5d78, ESI=0xb6a048a8, EDI=0xb6a04c60
EIP=0xb6e0ce10, EFLAGS=0x00010286, CR2=0x00000000

Top of Stack: (sp=0xb6bc5d50)
0xb6bc5d50:   b6a09400 00000000 0abb44e5 3ff0ff29
0xb6bc5d60:   a07e0f58 b6a048a8 b7164474 b71a0868
0xb6bc5d70:   00000000 b096a738 b6bc6078 b6f3680b
0xb6bc5d80:   b6a09400 b7151507 a09c21d0 b7164474
0xb6bc5d90:   000004dc b6bc5fbc b6a09d6c b6a09d6c
0xb6bc5da0:   b6bc5e30 b6bc5dc8 b6a09400 b6a09d60
0xb6bc5db0:   b6bc5e30 00000001 b6a09d64 b6fbda5e
0xb6bc5dc0:   b71a0868 07000000 b6bc60d8 b49de39a 

Instructions: (pc=0xb6e0ce10)
0xb6e0cdf0:   55 89 e5 57 56 53 83 ec 1c e8 00 00 00 00 5b 81
0xb6e0ce00:   c3 6a 3a 39 00 8b 83 10 f2 ff ff 80 38 00 75 08
0xb6e0ce10:   8d 65 f4 5b 5e 5f 5d c3 8b 83 d4 fa ff ff 8d 7d
0xb6e0ce20:   10 8b 30 8b 83 3c ea ff ff 8b 00 85 c0 75 e1 e8 

Register to memory mapping:

EAX=0x00000000 is an unknown value
EBX=0xb71a0868: <offset 0x594868> in /usr/local/java/jre1.7.0_40/lib/i386/client/libjvm.so at 0xb6c0c000
ECX=0xb6a048a8 is an unknown value
EDX=0x00000000 is an unknown value
ESP=0xb6bc5d50 is pointing into the stack for thread: 0xb6a09400
EBP=0xb6bc5d78 is pointing into the stack for thread: 0xb6a09400
ESI=0xb6a048a8 is an unknown value
EDI=0xb6a04c60 is an unknown value


Stack: [0xb6b78000,0xb6bc9000],  sp=0xb6bc5d50,  free space=311k
Native frames: (J=compiled Java code, j=interpreted, Vv=VM code, C=native code)
V  [libjvm.so+0x200e10]  Events::log_exception(Thread*, char const*, ...)+0x20
V  [libjvm.so+0x32a80b]  JVM_DoPrivileged+0x4eb
C  [libjava.so+0x9a4a]  Java_java_security_AccessController_doPrivileged__Ljava_security_PrivilegedExceptionAction_2Ljava_security_AccessControlContext_2+0x3a
j  java.security.AccessController.doPrivileged(Ljava/security/PrivilegedExceptionAction;Ljava/security/AccessControlContext;)Ljava/lang/Object;+0
j  java.net.URLClassLoader.findClass(Ljava/lang/String;)Ljava/lang/Class;+13
j  java.lang.ClassLoader.loadClass(Ljava/lang/String;Z)Ljava/lang/Class;+70
j  java.lang.ClassLoader.loadClass(Ljava/lang/String;Z)Ljava/lang/Class;+38
j  sun.misc.Launcher$AppClassLoader.loadClass(Ljava/lang/String;Z)Ljava/lang/Class;+36
j  java.lang.ClassLoader.loadClass(Ljava/lang/String;)Ljava/lang/Class;+3
v  ~StubRoutines::call_stub
V  [libjvm.so+0x2a7875]  JavaCalls::call_helper(JavaValue*, methodHandle*, JavaCallArguments*, Thread*)+0x315
V  [libjvm.so+0x3fa1e9]  os::os_exception_wrapper(void (*)(JavaValue*, methodHandle*, JavaCallArguments*, Thread*), JavaValue*, methodHandle*, JavaCallArguments*, Thread*)+0x19
V  [libjvm.so+0x2a64ef]  JavaCalls::call(JavaValue*, methodHandle, JavaCallArguments*, Thread*)+0x2f
V  [libjvm.so+0x2a672a]  JavaCalls::call_virtual(JavaValue*, KlassHandle, Symbol*, Symbol*, JavaCallArguments*, Thread*)+0x10a
V  [libjvm.so+0x2a67f5]  JavaCalls::call_virtual(JavaValue*, Handle, KlassHandle, Symbol*, Symbol*, Handle, Thread*)+0x55
V  [libjvm.so+0x49e559]  SystemDictionary::load_instance_class(Symbol*, Handle, Thread*)+0x489
V  [libjvm.so+0x49cc52]  SystemDictionary::resolve_instance_class_or_null(Symbol*, Handle, Handle, Thread*)+0x742
V  [libjvm.so+0x49d0b9]  SystemDictionary::resolve_or_null(Symbol*, Handle, Handle, Thread*)+0x49
V  [libjvm.so+0x49d488]  SystemDictionary::resolve_super_or_fail(Symbol*, Symbol*, Handle, Handle, bool, Thread*)+0x1a8
V  [libjvm.so+0x179415]  ClassFileParser::parseClassFile(Symbol*, Handle, Handle, KlassHandle, GrowableArray<Handle>*, TempNewSymbol&, bool, Thread*)+0x2525
V  [libjvm.so+0x49bb5a]  SystemDictionary::resolve_from_stream(Symbol*, Handle, Handle, ClassFileStream*, bool, Thread*)+0xda
V  [libjvm.so+0x32ae04]  jvm_define_class_common(JNIEnv_*, char const*, _jobject*, signed char const*, int, _jobject*, char const*, unsigned char, Thread*)+0x2a4
V  [libjvm.so+0x32b06c]  JVM_DefineClassWithSource+0x9c
C  [libjava.so+0xb1bf]  Java_java_lang_ClassLoader_defineClass1+0x2af
j  java.lang.ClassLoader.defineClass1(Ljava/lang/String;[BIILjava/security/ProtectionDomain;Ljava/lang/String;)Ljava/lang/Class;+0
j  java.lang.ClassLoader.defineClass(Ljava/lang/String;[BIILjava/security/ProtectionDomain;)Ljava/lang/Class;+30
j  java.security.SecureClassLoader.defineClass(Ljava/lang/String;[BIILjava/security/CodeSource;)Ljava/lang/Class;+12
j  java.net.URLClassLoader.defineClass(Ljava/lang/String;Lsun/misc/Resource;)Ljava/lang/Class;+220
j  java.net.URLClassLoader.access$100(Ljava/net/URLClassLoader;Ljava/lang/String;Lsun/misc/Resource;)Ljava/lang/Class;+3
j  java.net.URLClassLoader$1.run()Ljava/lang/Class;+43
j  java.net.URLClassLoader$1.run()Ljava/lang/Object;+1
v  ~StubRoutines::call_stub
V  [libjvm.so+0x2a7875]  JavaCalls::call_helper(JavaValue*, methodHandle*, JavaCallArguments*, Thread*)+0x315
V  [libjvm.so+0x3fa1e9]  os::os_exception_wrapper(void (*)(JavaValue*, methodHandle*, JavaCallArguments*, Thread*), JavaValue*, methodHandle*, JavaCallArguments*, Thread*)+0x19
V  [libjvm.so+0x2a64ef]  JavaCalls::call(JavaValue*, methodHandle, JavaCallArguments*, Thread*)+0x2f
V  [libjvm.so+0x32a569]  JVM_DoPrivileged+0x249
C  [libjava.so+0x9a4a]  Java_java_security_AccessController_doPrivileged__Ljava_security_PrivilegedExceptionAction_2Ljava_security_AccessControlContext_2+0x3a
j  java.security.AccessController.doPrivileged(Ljava/security/PrivilegedExceptionAction;Ljava/security/AccessControlContext;)Ljava/lang/Object;+0
j  java.net.URLClassLoader.findClass(Ljava/lang/String;)Ljava/lang/Class;+13
j  java.lang.ClassLoader.loadClass(Ljava/lang/String;Z)Ljava/lang/Class;+70
j  sun.misc.Launcher$AppClassLoader.loadClass(Ljava/lang/String;Z)Ljava/lang/Class;+36
j  java.lang.ClassLoader.loadClass(Ljava/lang/String;)Ljava/lang/Class;+3
v  ~StubRoutines::call_stub
V  [libjvm.so+0x2a7875]  JavaCalls::call_helper(JavaValue*, methodHandle*, JavaCallArguments*, Thread*)+0x315
V  [libjvm.so+0x3fa1e9]  os::os_exception_wrapper(void (*)(JavaValue*, methodHandle*, JavaCallArguments*, Thread*), JavaValue*, methodHandle*, JavaCallArguments*, Thread*)+0x19
V  [libjvm.so+0x2a64ef]  JavaCalls::call(JavaValue*, methodHandle, JavaCallArguments*, Thread*)+0x2f
V  [libjvm.so+0x2a672a]  JavaCalls::call_virtual(JavaValue*, KlassHandle, Symbol*, Symbol*, JavaCallArguments*, Thread*)+0x10a
V  [libjvm.so+0x2a67f5]  JavaCalls::call_virtual(JavaValue*, Handle, KlassHandle, Symbol*, Symbol*, Handle, Thread*)+0x55
V  [libjvm.so+0x49e559]  SystemDictionary::load_instance_class(Symbol*, Handle, Thread*)+0x489
V  [libjvm.so+0x49cc52]  SystemDictionary::resolve_instance_class_or_null(Symbol*, Handle, Handle, Thread*)+0x742
V  [libjvm.so+0x49d0b9]  SystemDictionary::resolve_or_null(Symbol*, Handle, Handle, Thread*)+0x49
V  [libjvm.so+0x49e5d0]  SystemDictionary::resolve_or_fail(Symbol*, Handle, Handle, bool, Thread*)+0x30
V  [libjvm.so+0x43f54a]  get_mirror_from_signature(methodHandle, SignatureStream*, Thread*)+0xca
V  [libjvm.so+0x4414a9]  Reflection::get_parameter_types(methodHandle, int, oopDesc**, Thread*)+0x189
V  [libjvm.so+0x441c42]  Reflection::new_method(methodHandle, bool, bool, Thread*)+0xf2
V  [libjvm.so+0x322532]  JVM_GetClassDeclaredMethods+0x422
j  java.lang.Class.getDeclaredMethods0(Z)[Ljava/lang/reflect/Method;+0
j  java.lang.Class.privateGetDeclaredMethods(Z)[Ljava/lang/reflect/Method;+67
j  java.lang.Class.getDeclaredMethods()[Ljava/lang/reflect/Method;+11
j  org.jvnet.hk2.component.InjectionManager.syncDoInject(Ljava/lang/Object;Lorg/jvnet/hk2/component/Inhabitant;Ljava/lang/Class;[Lcom/sun/hk2/component/InjectionResolver;)V+279
j  org.jvnet.hk2.component.InjectionManager.inject(Ljava/lang/Object;Lorg/jvnet/hk2/component/Inhabitant;Ljava/util/concurrent/ExecutorService;[Lcom/sun/hk2/component/InjectionResolver;)V+14
j  com.sun.hk2.component.AbstractCreatorImpl.inject(Lorg/jvnet/hk2/component/Habitat;Ljava/lang/Object;Lorg/jvnet/hk2/component/Inhabitant;)V+42
j  com.sun.hk2.component.ConstructorCreator.initialize(Ljava/lang/Object;Lorg/jvnet/hk2/component/Inhabitant;)V+64
j  com.sun.hk2.component.AbstractCreatorImpl.get(Lorg/jvnet/hk2/component/Inhabitant;)Ljava/lang/Object;+34
j  com.sun.hk2.component.SingletonInhabitant.get(Lorg/jvnet/hk2/component/Inhabitant;)Ljava/lang/Object;+37
j  com.sun.hk2.component.AbstractInhabitantImpl.get()Ljava/lang/Object;+15
j  org.jvnet.hk2.component.ContractLocatorImpl.get()Ljava/lang/Object;+14
j  org.glassfish.jersey.server.ApplicationBuilder.<init>(Lorg/glassfish/jersey/server/ResourceConfig;)V+150
j  org.glassfish.jersey.server.Application.builder(Lorg/glassfish/jersey/server/ResourceConfig;)Lorg/glassfish/jersey/server/Application$Builder;+5
j  br.org.base.server.BarServer.main([Ljava/lang/String;)V+65
v  ~StubRoutines::call_stub
V  [libjvm.so+0x2a7875]  JavaCalls::call_helper(JavaValue*, methodHandle*, JavaCallArguments*, Thread*)+0x315
V  [libjvm.so+0x3fa1e9]  os::os_exception_wrapper(void (*)(JavaValue*, methodHandle*, JavaCallArguments*, Thread*), JavaValue*, methodHandle*, JavaCallArguments*, Thread*)+0x19
V  [libjvm.so+0x2a64ef]  JavaCalls::call(JavaValue*, methodHandle, JavaCallArguments*, Thread*)+0x2f
V  [libjvm.so+0x2e28b2]  jni_invoke_static(JNIEnv_*, JavaValue*, _jobject*, JNICallType, _jmethodID*, JNI_ArgumentPusher*, Thread*)+0x242
V  [libjvm.so+0x2f8ada]  jni_CallStaticVoidMethod+0xca
C  [libjli.so+0x2e8d]  JavaMain+0x8bd
C  [libpthread.so.0+0x6d78]  start_thread+0xd8

Java frames: (J=compiled Java code, j=interpreted, Vv=VM code)
j  java.security.AccessController.doPrivileged(Ljava/security/PrivilegedExceptionAction;Ljava/security/AccessControlContext;)Ljava/lang/Object;+0
j  java.net.URLClassLoader.findClass(Ljava/lang/String;)Ljava/lang/Class;+13
j  java.lang.ClassLoader.loadClass(Ljava/lang/String;Z)Ljava/lang/Class;+70
j  java.lang.ClassLoader.loadClass(Ljava/lang/String;Z)Ljava/lang/Class;+38
j  sun.misc.Launcher$AppClassLoader.loadClass(Ljava/lang/String;Z)Ljava/lang/Class;+36
j  java.lang.ClassLoader.loadClass(Ljava/lang/String;)Ljava/lang/Class;+3
v  ~StubRoutines::call_stub
j  java.lang.ClassLoader.defineClass1(Ljava/lang/String;[BIILjava/security/ProtectionDomain;Ljava/lang/String;)Ljava/lang/Class;+0
j  java.lang.ClassLoader.defineClass(Ljava/lang/String;[BIILjava/security/ProtectionDomain;)Ljava/lang/Class;+30
j  java.security.SecureClassLoader.defineClass(Ljava/lang/String;[BIILjava/security/CodeSource;)Ljava/lang/Class;+12
j  java.net.URLClassLoader.defineClass(Ljava/lang/String;Lsun/misc/Resource;)Ljava/lang/Class;+220
j  java.net.URLClassLoader.access$100(Ljava/net/URLClassLoader;Ljava/lang/String;Lsun/misc/Resource;)Ljava/lang/Class;+3
j  java.net.URLClassLoader$1.run()Ljava/lang/Class;+43
j  java.net.URLClassLoader$1.run()Ljava/lang/Object;+1
v  ~StubRoutines::call_stub
j  java.security.AccessController.doPrivileged(Ljava/security/PrivilegedExceptionAction;Ljava/security/AccessControlContext;)Ljava/lang/Object;+0
j  java.net.URLClassLoader.findClass(Ljava/lang/String;)Ljava/lang/Class;+13
j  java.lang.ClassLoader.loadClass(Ljava/lang/String;Z)Ljava/lang/Class;+70
j  sun.misc.Launcher$AppClassLoader.loadClass(Ljava/lang/String;Z)Ljava/lang/Class;+36
j  java.lang.ClassLoader.loadClass(Ljava/lang/String;)Ljava/lang/Class;+3
v  ~StubRoutines::call_stub
j  java.lang.Class.getDeclaredMethods0(Z)[Ljava/lang/reflect/Method;+0
j  java.lang.Class.privateGetDeclaredMethods(Z)[Ljava/lang/reflect/Method;+67
j  java.lang.Class.getDeclaredMethods()[Ljava/lang/reflect/Method;+11
j  org.jvnet.hk2.component.InjectionManager.syncDoInject(Ljava/lang/Object;Lorg/jvnet/hk2/component/Inhabitant;Ljava/lang/Class;[Lcom/sun/hk2/component/InjectionResolver;)V+279
j  org.jvnet.hk2.component.InjectionManager.inject(Ljava/lang/Object;Lorg/jvnet/hk2/component/Inhabitant;Ljava/util/concurrent/ExecutorService;[Lcom/sun/hk2/component/InjectionResolver;)V+14
j  com.sun.hk2.component.AbstractCreatorImpl.inject(Lorg/jvnet/hk2/component/Habitat;Ljava/lang/Object;Lorg/jvnet/hk2/component/Inhabitant;)V+42
j  com.sun.hk2.component.ConstructorCreator.initialize(Ljava/lang/Object;Lorg/jvnet/hk2/component/Inhabitant;)V+64
j  com.sun.hk2.component.AbstractCreatorImpl.get(Lorg/jvnet/hk2/component/Inhabitant;)Ljava/lang/Object;+34
j  com.sun.hk2.component.SingletonInhabitant.get(Lorg/jvnet/hk2/component/Inhabitant;)Ljava/lang/Object;+37
j  com.sun.hk2.component.AbstractInhabitantImpl.get()Ljava/lang/Object;+15
j  org.jvnet.hk2.component.ContractLocatorImpl.get()Ljava/lang/Object;+14
j  org.glassfish.jersey.server.ApplicationBuilder.<init>(Lorg/glassfish/jersey/server/ResourceConfig;)V+150
j  org.glassfish.jersey.server.Application.builder(Lorg/glassfish/jersey/server/ResourceConfig;)Lorg/glassfish/jersey/server/Application$Builder;+5
j  br.org.base.server.BarServer.main([Ljava/lang/String;)V+65
v  ~StubRoutines::call_stub

---------------  P R O C E S S  ---------------

Java Threads: ( => current thread )
  0xb6a70000 JavaThread "Service Thread" daemon [_thread_blocked, id=4834, stack(0xa030d000,0xa035e000)]
  0xb6a6e400 JavaThread "C1 CompilerThread0" daemon [_thread_blocked, id=4833, stack(0x9ff7f000,0xa0000000)]
  0xb6a6c800 JavaThread "Signal Dispatcher" daemon [_thread_blocked, id=4832, stack(0xa035e000,0xa03af000)]
  0xb6a5c400 JavaThread "Finalizer" daemon [_thread_blocked, id=4831, stack(0xa03af000,0xa0400000)]
  0xb6a5ac00 JavaThread "Reference Handler" daemon [_thread_blocked, id=4830, stack(0xa0503000,0xa0554000)]
=>0xb6a09400 JavaThread "main" [_thread_in_vm, id=4828, stack(0xb6b78000,0xb6bc9000)]

Other Threads:
  0xb6a59400 VMThread [stack: 0xa0554000,0xa05d5000] [id=4829]
  0xb6a7a800 WatcherThread [stack: 0x9fefe000,0x9ff7f000] [id=4835]

VM state:not at safepoint (normal execution)

VM Mutex/Monitor currently owned by a thread: None

Heap
 def new generation   total 4928K, used 1056K [0xa0950000, 0xa0ea0000, 0xa5ea0000)
  eden space 4416K,  12% used [0xa0950000, 0xa09d81a0, 0xa0da0000)
  from space 512K, 100% used [0xa0e20000, 0xa0ea0000, 0xa0ea0000)
  to   space 512K,   0% used [0xa0da0000, 0xa0da0000, 0xa0e20000)
 tenured generation   total 10944K, used 1623K [0xa5ea0000, 0xa6950000, 0xb0950000)
   the space 10944K,  14% used [0xa5ea0000, 0xa6035f98, 0xa6036000, 0xa6950000)
 compacting perm gen  total 12288K, used 3667K [0xb0950000, 0xb1550000, 0xb4950000)
   the space 12288K,  29% used [0xb0950000, 0xb0ce4ce8, 0xb0ce4e00, 0xb1550000)
No shared spaces configured.

Card table byte_map: [0xa08af000,0xa0950000] byte_map_base: 0xa03aa580

Polling page: 0xb77cd000

Code Cache  [0xb49db000, 0xb4ac3000, 0xb69db000)
 total_blobs=380 nmethods=244 adapters=73 free_code_cache=31875Kb largest_free_block=32631488

Compilation events (10 events):
Event: 1,039 Thread 0xb6a6e400  242             java.util.Collections$UnmodifiableSet::<init> (6 bytes)
Event: 1,040 Thread 0xb6a6e400 nmethod 242 0xb4a92108 code [0xb4a92210, 0xb4a9230c]
Event: 1,040 Thread 0xb6a6e400  243             java.util.HashMap::keySet (28 bytes)
Event: 1,040 Thread 0xb6a6e400 nmethod 243 0xb4a91ec8 code [0xb4a91fc0, 0xb4a920b0]
Event: 1,040 Thread 0xb6a6e400  244             java.util.HashMap$KeySet::iterator (8 bytes)
Event: 1,041 Thread 0xb6a6e400 nmethod 244 0xb4a91cc8 code [0xb4a91dd0, 0xb4a91e6c]
Event: 1,060 Thread 0xb6a6e400  245             sun.misc.ProxyGenerator$ConstantPool::addEntry (46 bytes)
Event: 1,061 Thread 0xb6a6e400 nmethod 245 0xb4a91948 code [0xb4a91a80, 0xb4a91be0]
Event: 1,061 Thread 0xb6a6e400  246             java.util.concurrent.CopyOnWriteArrayList$COWIterator::hasNext (18 bytes)
Event: 1,061 Thread 0xb6a6e400 nmethod 246 0xb4a91748 code [0xb4a91840, 0xb4a918e0]

GC Heap History (10 events):
Event: 0,407 GC heap before
{Heap before GC invocations=0 (full 0):
 def new generation   total 4928K, used 4416K [0xa0950000, 0xa0ea0000, 0xa5ea0000)
  eden space 4416K, 100% used [0xa0950000, 0xa0da0000, 0xa0da0000)
  from space 512K,   0% used [0xa0da0000, 0xa0da0000, 0xa0e20000)
  to   space 512K,   0% used [0xa0e20000, 0xa0e20000, 0xa0ea0000)
 tenured generation   total 10944K, used 0K [0xa5ea0000, 0xa6950000, 0xb0950000)
   the space 10944K,   0% used [0xa5ea0000, 0xa5ea0000, 0xa5ea0200, 0xa6950000)
 compacting perm gen  total 12288K, used 2146K [0xb0950000, 0xb1550000, 0xb4950000)
   the space 12288K,  17% used [0xb0950000, 0xb0b68ad0, 0xb0b68c00, 0xb1550000)
No shared spaces configured.
Event: 0,417 GC heap after
Heap after GC invocations=1 (full 0):
 def new generation   total 4928K, used 512K [0xa0950000, 0xa0ea0000, 0xa5ea0000)
  eden space 4416K,   0% used [0xa0950000, 0xa0950000, 0xa0da0000)
  from space 512K, 100% used [0xa0e20000, 0xa0ea0000, 0xa0ea0000)
  to   space 512K,   0% used [0xa0da0000, 0xa0da0000, 0xa0e20000)
 tenured generation   total 10944K, used 537K [0xa5ea0000, 0xa6950000, 0xb0950000)
   the space 10944K,   4% used [0xa5ea0000, 0xa5f26788, 0xa5f26800, 0xa6950000)
 compacting perm gen  total 12288K, used 2146K [0xb0950000, 0xb1550000, 0xb4950000)
   the space 12288K,  17% used [0xb0950000, 0xb0b68ad0, 0xb0b68c00, 0xb1550000)
No shared spaces configured.
}
Event: 0,523 GC heap before
{Heap before GC invocations=1 (full 0):
 def new generation   total 4928K, used 4928K [0xa0950000, 0xa0ea0000, 0xa5ea0000)
  eden space 4416K, 100% used [0xa0950000, 0xa0da0000, 0xa0da0000)
  from space 512K, 100% used [0xa0e20000, 0xa0ea0000, 0xa0ea0000)
  to   space 512K,   0% used [0xa0da0000, 0xa0da0000, 0xa0e20000)
 tenured generation   total 10944K, used 537K [0xa5ea0000, 0xa6950000, 0xb0950000)
   the space 10944K,   4% used [0xa5ea0000, 0xa5f26788, 0xa5f26800, 0xa6950000)
 compacting perm gen  total 12288K, used 2422K [0xb0950000, 0xb1550000, 0xb4950000)
   the space 12288K,  19% used [0xb0950000, 0xb0badba0, 0xb0badc00, 0xb1550000)
No shared spaces configured.
Event: 0,531 GC heap after
Heap after GC invocations=2 (full 0):
 def new generation   total 4928K, used 448K [0xa0950000, 0xa0ea0000, 0xa5ea0000)
  eden space 4416K,   0% used [0xa0950000, 0xa0950000, 0xa0da0000)
  from space 512K,  87% used [0xa0da0000, 0xa0e10050, 0xa0e20000)
  to   space 512K,   0% used [0xa0e20000, 0xa0e20000, 0xa0ea0000)
 tenured generation   total 10944K, used 1046K [0xa5ea0000, 0xa6950000, 0xb0950000)
   the space 10944K,   9% used [0xa5ea0000, 0xa5fa5858, 0xa5fa5a00, 0xa6950000)
 compacting perm gen  total 12288K, used 2422K [0xb0950000, 0xb1550000, 0xb4950000)
   the space 12288K,  19% used [0xb0950000, 0xb0badba0, 0xb0badc00, 0xb1550000)
No shared spaces configured.
}
Event: 0,684 GC heap before
{Heap before GC invocations=2 (full 0):
 def new generation   total 4928K, used 4864K [0xa0950000, 0xa0ea0000, 0xa5ea0000)
  eden space 4416K, 100% used [0xa0950000, 0xa0da0000, 0xa0da0000)
  from space 512K,  87% used [0xa0da0000, 0xa0e10050, 0xa0e20000)
  to   space 512K,   0% used [0xa0e20000, 0xa0e20000, 0xa0ea0000)
 tenured generation   total 10944K, used 1046K [0xa5ea0000, 0xa6950000, 0xb0950000)
   the space 10944K,   9% used [0xa5ea0000, 0xa5fa5858, 0xa5fa5a00, 0xa6950000)
 compacting perm gen  total 12288K, used 2879K [0xb0950000, 0xb1550000, 0xb4950000)
   the space 12288K,  23% used [0xb0950000, 0xb0c1ff10, 0xb0c20000, 0xb1550000)
No shared spaces configured.
Event: 0,691 GC heap after
Heap after GC invocations=3 (full 0):
 def new generation   total 4928K, used 512K [0xa0950000, 0xa0ea0000, 0xa5ea0000)
  eden space 4416K,   0% used [0xa0950000, 0xa0950000, 0xa0da0000)
  from space 512K, 100% used [0xa0e20000, 0xa0ea0000, 0xa0ea0000)
  to   space 512K,   0% used [0xa0da0000, 0xa0da0000, 0xa0e20000)
 tenured generation   total 10944K, used 1178K [0xa5ea0000, 0xa6950000, 0xb0950000)
   the space 10944K,  10% used [0xa5ea0000, 0xa5fc6968, 0xa5fc6a00, 0xa6950000)
 compacting perm gen  total 12288K, used 2879K [0xb0950000, 0xb1550000, 0xb4950000)
   the space 12288K,  23% used [0xb0950000, 0xb0c1ff10, 0xb0c20000, 0xb1550000)
No shared spaces configured.
}
Event: 0,806 GC heap before
{Heap before GC invocations=3 (full 0):
 def new generation   total 4928K, used 4928K [0xa0950000, 0xa0ea0000, 0xa5ea0000)
  eden space 4416K, 100% used [0xa0950000, 0xa0da0000, 0xa0da0000)
  from space 512K, 100% used [0xa0e20000, 0xa0ea0000, 0xa0ea0000)
  to   space 512K,   0% used [0xa0da0000, 0xa0da0000, 0xa0e20000)
 tenured generation   total 10944K, used 1178K [0xa5ea0000, 0xa6950000, 0xb0950000)
   the space 10944K,  10% used [0xa5ea0000, 0xa5fc6968, 0xa5fc6a00, 0xa6950000)
 compacting perm gen  total 12288K, used 3251K [0xb0950000, 0xb1550000, 0xb4950000)
   the space 12288K,  26% used [0xb0950000, 0xb0c7cfc8, 0xb0c7d000, 0xb1550000)
No shared spaces configured.
Event: 0,810 GC heap after
Heap after GC invocations=4 (full 0):
 def new generation   total 4928K, used 512K [0xa0950000, 0xa0ea0000, 0xa5ea0000)
  eden space 4416K,   0% used [0xa0950000, 0xa0950000, 0xa0da0000)
  from space 512K, 100% used [0xa0da0000, 0xa0e20000, 0xa0e20000)
  to   space 512K,   0% used [0xa0e20000, 0xa0e20000, 0xa0ea0000)
 tenured generation   total 10944K, used 1331K [0xa5ea0000, 0xa6950000, 0xb0950000)
   the space 10944K,  12% used [0xa5ea0000, 0xa5fece70, 0xa5fed000, 0xa6950000)
 compacting perm gen  total 12288K, used 3251K [0xb0950000, 0xb1550000, 0xb4950000)
   the space 12288K,  26% used [0xb0950000, 0xb0c7cfc8, 0xb0c7d000, 0xb1550000)
No shared spaces configured.
}
Event: 1,023 GC heap before
{Heap before GC invocations=4 (full 0):
 def new generation   total 4928K, used 4928K [0xa0950000, 0xa0ea0000, 0xa5ea0000)
  eden space 4416K, 100% used [0xa0950000, 0xa0da0000, 0xa0da0000)
  from space 512K, 100% used [0xa0da0000, 0xa0e20000, 0xa0e20000)
  to   space 512K,   0% used [0xa0e20000, 0xa0e20000, 0xa0ea0000)
 tenured generation   total 10944K, used 1331K [0xa5ea0000, 0xa6950000, 0xb0950000)
   the space 10944K,  12% used [0xa5ea0000, 0xa5fece70, 0xa5fed000, 0xa6950000)
 compacting perm gen  total 12288K, used 3641K [0xb0950000, 0xb1550000, 0xb4950000)
   the space 12288K,  29% used [0xb0950000, 0xb0cde4a0, 0xb0cde600, 0xb1550000)
No shared spaces configured.
Event: 1,029 GC heap after
Heap after GC invocations=5 (full 0):
 def new generation   total 4928K, used 512K [0xa0950000, 0xa0ea0000, 0xa5ea0000)
  eden space 4416K,   0% used [0xa0950000, 0xa0950000, 0xa0da0000)
  from space 512K, 100% used [0xa0e20000, 0xa0ea0000, 0xa0ea0000)
  to   space 512K,   0% used [0xa0da0000, 0xa0da0000, 0xa0e20000)
 tenured generation   total 10944K, used 1623K [0xa5ea0000, 0xa6950000, 0xb0950000)
   the space 10944K,  14% used [0xa5ea0000, 0xa6035f98, 0xa6036000, 0xa6950000)
 compacting perm gen  total 12288K, used 3641K [0xb0950000, 0xb1550000, 0xb4950000)
   the space 12288K,  29% used [0xb0950000, 0xb0cde4a0, 0xb0cde600, 0xb1550000)
No shared spaces configured.
}

Deoptimization events (0 events):
No events

Internal exceptions (10 events):
Event: 1,032 Thread 0xb6a09400 Threw 0xa095abe0 at /HUDSON/workspace/jdk7u40-2-build-linux-i586-product/jdk7u40/hotspot/src/share/vm/prims/jvm.cpp:1244
Event: 1,041 Thread 0xb6a09400 Threw 0xa0973400 at /HUDSON/workspace/jdk7u40-2-build-linux-i586-product/jdk7u40/hotspot/src/share/vm/prims/jvm.cpp:1244
Event: 1,042 Thread 0xb6a09400 Threw 0xa0979120 at /HUDSON/workspace/jdk7u40-2-build-linux-i586-product/jdk7u40/hotspot/src/share/vm/prims/jvm.cpp:1244
Event: 1,056 Thread 0xb6a09400 Threw 0xa0994dc0 at /HUDSON/workspace/jdk7u40-2-build-linux-i586-product/jdk7u40/hotspot/src/share/vm/prims/jvm.cpp:1244
Event: 1,057 Thread 0xb6a09400 Threw 0xa09a2808 at /HUDSON/workspace/jdk7u40-2-build-linux-i586-product/jdk7u40/hotspot/src/share/vm/prims/jvm.cpp:1244
Event: 1,059 Thread 0xb6a09400 Threw 0xa09add58 at /HUDSON/workspace/jdk7u40-2-build-linux-i586-product/jdk7u40/hotspot/src/share/vm/prims/jvm.cpp:1244
Event: 1,059 Thread 0xb6a09400 Threw 0xa09b4408 at /HUDSON/workspace/jdk7u40-2-build-linux-i586-product/jdk7u40/hotspot/src/share/vm/prims/jvm.cpp:1244
Event: 1,059 Thread 0xb6a09400 Threw 0xa09b7728 at /HUDSON/workspace/jdk7u40-2-build-linux-i586-product/jdk7u40/hotspot/src/share/vm/prims/jvm.cpp:1244
Event: 1,060 Thread 0xb6a09400 Threw 0xa09bc188 at /HUDSON/workspace/jdk7u40-2-build-linux-i586-product/jdk7u40/hotspot/src/share/vm/prims/jvm.cpp:1244
Event: 1,062 Thread 0xb6a09400 Threw 0xa09c21d0 at /HUDSON/workspace/jdk7u40-2-build-linux-i586-product/jdk7u40/hotspot/src/share/vm/prims/jvm.cpp:1244

Events (10 events):
Event: 1,059 loading class 0x9f91d9d0
Event: 1,059 loading class 0x9f91d9d0 done
Event: 1,059 loading class 0x9f928298
Event: 1,059 loading class 0x9f928298 done
Event: 1,059 loading class 0x9f97f4c0
Event: 1,059 loading class 0x9f97f4c0 done
Event: 1,060 loading class 0x9f927638
Event: 1,060 loading class 0x9f927638 done
Event: 1,062 loading class 0x9f9273c0
Event: 1,062 loading class 0x9f9273c0 done


Dynamic libraries:
08048000-08049000 r-xp 00000000 08:04 1715931    /usr/local/java/jre1.7.0_40/bin/java
08049000-0804a000 rw-p 00000000 08:04 1715931    /usr/local/java/jre1.7.0_40/bin/java
08ffb000-0901c000 rw-p 00000000 00:00 0          [heap]
9f900000-9f9f7000 rw-p 00000000 00:00 0 
9f9f7000-9fa00000 ---p 00000000 00:00 0 
9fa18000-9fb00000 rw-p 00000000 00:00 0 
9fb00000-9fbe6000 rw-p 00000000 00:00 0 
9fbe6000-9fc00000 ---p 00000000 00:00 0 
9fc78000-9fc7b000 rw-p 00000000 00:00 0 
9fc7b000-9fc7f000 r--s 00027000 08:04 3421943    /home/guilherme/projects/grizzlyboilerplate/target/dependency/plexus-archiver-1.0-alpha-10.jar
9fc7f000-9fc80000 r--s 00004000 08:04 3421756    /home/guilherme/projects/grizzlyboilerplate/target/dependency/jackson-jaxrs-1.9.2.jar
9fc80000-9fc87000 r--s 0004a000 08:04 3421662    /home/guilherme/projects/grizzlyboilerplate/target/dependency/auto-depends-1.6.32.jar
9fc87000-9fc89000 r--s 00005000 08:04 3421875    /home/guilherme/projects/grizzlyboilerplate/target/dependency/maven-common-artifact-filters-1.0.jar
9fc89000-9fc8e000 r--s 00047000 08:04 3421946    /home/guilherme/projects/grizzlyboilerplate/target/dependency/asm-all-repackaged-1.6.32.jar
9fc8e000-9fc91000 r--s 00014000 08:04 3421885    /home/guilherme/projects/grizzlyboilerplate/target/dependency/mongo-jackson-mapper-1.4.1.jar
9fc91000-9fc93000 r--s 00008000 08:04 3421874    /home/guilherme/projects/grizzlyboilerplate/target/dependency/maven-shared-io-1.1.jar
9fc93000-9fc97000 r--s 0002b000 08:04 3421883    /home/guilherme/projects/grizzlyboilerplate/target/dependency/maven-assembly-plugin-2.2-beta-2.jar
9fc97000-9fcb7000 r--s 00173000 08:04 3421932    /home/guilherme/projects/grizzlyboilerplate/target/dependency/guava-11.0.1.jar
9fcb7000-9fcba000 r--s 0001a000 08:04 3421948    /home/guilherme/projects/grizzlyboilerplate/target/dependency/jsch-0.1.23.jar
9fcba000-9fcc1000 r--s 00036000 08:04 3421876    /home/guilherme/projects/grizzlyboilerplate/target/dependency/httpclient-4.0-alpha4.jar
9fcc1000-9fcc2000 r--s 00002000 08:04 3421907    /home/guilherme/projects/grizzlyboilerplate/target/dependency/maven-error-diagnostics-2.0.jar
9fcc2000-9fcc6000 r--s 0002f000 08:04 3421947    /home/guilherme/projects/grizzlyboilerplate/target/dependency/jackson-core-2.1.3.jar
9fcc6000-9fccb000 r--s 00025000 08:04 3421880    /home/guilherme/projects/grizzlyboilerplate/target/dependency/httpcore-4.0-beta1.jar
9fccb000-9fccc000 r--s 00001000 08:04 3420187    /home/guilherme/projects/grizzlyboilerplate/target/dependency/wagon-http-lightweight-1.0-alpha-5.jar
9fccc000-9fcce000 r--s 00004000 08:04 3421751    /home/guilherme/projects/grizzlyboilerplate/target/dependency/stax-api-1.0-2.jar
9fcce000-9fcd3000 r--s 0003b000 08:04 3421909    /home/guilherme/projects/grizzlyboilerplate/target/dependency/grizzly-http-2.2.4.jar
9fcd3000-9fcd5000 r--s 00004000 08:04 3421950    /home/guilherme/projects/grizzlyboilerplate/target/dependency/plexus-active-collections-1.0-beta-2.jar
9fcd5000-9fcd6000 r--s 00004000 08:04 3421644    /home/guilherme/projects/grizzlyboilerplate/target/dependency/maven-repository-metadata-2.0.2.jar
9fcd6000-9fcd7000 r--s 00001000 08:04 3421895    /home/guilherme/projects/grizzlyboilerplate/target/dependency/maven-reporting-api-2.0.jar
9fcd7000-9fcdb000 r--s 00034000 08:04 3421891    /home/guilherme/projects/grizzlyboilerplate/target/dependency/jackson-core-asl-1.9.2.jar
9fcdb000-9fce1000 r--s 00059000 08:04 3420197    /home/guilherme/projects/grizzlyboilerplate/target/dependency/mail-1.4.jar
9fce1000-9fce5000 r--s 00020000 08:04 3421913    /home/guilherme/projects/grizzlyboilerplate/target/dependency/jersey-media-json-2.0-m02.jar
9fce5000-9fce8000 r--s 00018000 08:04 3421829    /home/guilherme/projects/grizzlyboilerplate/target/dependency/maven-project-2.0.4.jar
9fce8000-9fcf0000 r--s 0005f000 08:04 3421805    /home/guilherme/projects/grizzlyboilerplate/target/dependency/mongo-java-driver-2.11.3.jar
9fcf0000-9fd00000 r--s 000d2000 08:04 3421798    /home/guilherme/projects/grizzlyboilerplate/target/dependency/jackson-databind-2.1.3.jar
9fd00000-9fdfc000 rw-p 00000000 00:00 0 
9fdfc000-9fe00000 ---p 00000000 00:00 0 
9fe00000-9fe02000 r--s 00006000 08:04 3421469    /home/guilherme/projects/grizzlyboilerplate/target/dependency/file-management-1.1.jar
9fe02000-9fe04000 r--s 0000a000 08:04 3421926    /home/guilherme/projects/grizzlyboilerplate/target/dependency/json-20090211.jar
9fe04000-9fe05000 r--s 00006000 08:04 3421781    /home/guilherme/projects/grizzlyboilerplate/target/dependency/jackson-xc-1.9.2.jar
9fe05000-9fe07000 r--s 00001000 08:04 3421933    /home/guilherme/projects/grizzlyboilerplate/target/dependency/slf4j-log4j12-1.7.5.jar
9fe07000-9fe08000 r--s 00001000 08:04 3420192    /home/guilherme/projects/grizzlyboilerplate/target/dependency/wagon-file-1.0-alpha-5.jar
9fe08000-9fe0a000 r--s 00001000 08:04 3420214    /home/guilherme/projects/grizzlyboilerplate/target/dependency/maven-plugin-api-2.0.4.jar
9fe0a000-9fe0e000 r--s 0001e000 08:04 3421779    /home/guilherme/projects/grizzlyboilerplate/target/dependency/maven-core-2.0.jar
9fe0e000-9fe10000 r--s 00003000 08:04 3420422    /home/guilherme/projects/grizzlyboilerplate/target/dependency/maven-plugin-parameter-documenter-2.0.jar
9fe10000-9fe12000 r--s 00002000 08:04 3421896    /home/guilherme/projects/grizzlyboilerplate/target/dependency/jersey-container-grizzly2-http-2.0-m02.jar
9fe12000-9fe14000 r--s 00005000 08:04 3421899    /home/guilherme/projects/grizzlyboilerplate/target/dependency/maven-plugin-registry-2.0.jar
9fe14000-9fe23000 r--s 0007f000 08:04 3421873    /home/guilherme/projects/grizzlyboilerplate/target/dependency/joda-time-2.3.jar
9fe23000-9fe25000 r--s 00009000 08:04 3421790    /home/guilherme/projects/grizzlyboilerplate/target/dependency/wagon-provider-api-1.0-alpha-6.jar
9fe25000-9fe2a000 r--s 0002a000 08:04 3421949    /home/guilherme/projects/grizzlyboilerplate/target/dependency/gson-2.2.4.jar
9fe2a000-9fe30000 r--s 00033000 08:04 3421868    /home/guilherme/projects/grizzlyboilerplate/target/dependency/snakeyaml-1.6.jar
9fe30000-9fe32000 r--s 00004000 08:04 3421877    /home/guilherme/projects/grizzlyboilerplate/target/dependency/gmbal-api-only-3.0.0-b023.jar
9fe32000-9fe34000 r--s 00006000 08:04 3421795    /home/guilherme/projects/grizzlyboilerplate/target/dependency/plexus-io-1.0-alpha-2.jar
9fe34000-9fe36000 r--s 00012000 08:04 3421859    /home/guilherme/projects/grizzlyboilerplate/target/dependency/maven-model-2.0.4.jar
9fe36000-9fe38000 r--s 00000000 08:04 3421938    /home/guilherme/projects/grizzlyboilerplate/target/dependency/doxia-sink-api-1.0-alpha-4.jar
9fe38000-9fe3a000 r--s 00006000 08:04 3421755    /home/guilherme/projects/grizzlyboilerplate/target/dependency/jcommander-1.12.jar
9fe3a000-9fe3c000 r--s 0000e000 08:04 3421888    /home/guilherme/projects/grizzlyboilerplate/target/dependency/activation-1.1.jar
9fe3c000-9fe45000 r--s 0006f000 08:04 3421884    /home/guilherme/projects/grizzlyboilerplate/target/dependency/log4j-1.2.17.jar
9fe45000-9fe47000 r--s 00005000 08:04 3421757    /home/guilherme/projects/grizzlyboilerplate/target/dependency/slf4j-api-1.7.5.jar
9fe47000-9fe55000 r--s 000ad000 08:04 3421750    /home/guilherme/projects/grizzlyboilerplate/target/dependency/jackson-mapper-asl-1.9.2.jar
9fe55000-9fe57000 r--s 00019000 08:04 3421892    /home/guilherme/projects/grizzlyboilerplate/target/dependency/htmlcleaner-2.2.jar
9fe57000-9fe59000 r--s 00007000 08:04 3421789    /home/guilherme/projects/grizzlyboilerplate/target/dependency/jackson-annotations-2.1.2.jar
9fe59000-9fe5b000 r--s 0000a000 08:04 3421858    /home/guilherme/projects/grizzlyboilerplate/target/dependency/commons-codec-1.3.jar
9fe5b000-9fe62000 r--s 00029000 08:04 3421780    /home/guilherme/projects/grizzlyboilerplate/target/dependency/plexus-container-default-1.0-alpha-9-stable-1.jar
9fe62000-9fe65000 r--s 00023000 08:04 3421771    /home/guilherme/projects/grizzlyboilerplate/target/dependency/jdom-1.1.jar
9fe65000-9fe68000 r--s 00011000 08:04 3421881    /home/guilherme/projects/grizzlyboilerplate/target/dependency/maven-artifact-2.0.4.jar
9fe68000-9fe6a000 r--s 00006000 08:04 3425319    /home/guilherme/projects/grizzlyboilerplate/target/dependency/maven-profile-2.0.4.jar
9fe6a000-9fe74000 r--s 00087000 08:04 3421759    /home/guilherme/projects/grizzlyboilerplate/target/dependency/testng-6.1.1.jar
9fe74000-9fe76000 r--s 00008000 08:04 3421928    /home/guilherme/projects/grizzlyboilerplate/target/dependency/classworlds-1.1-alpha-2.jar
9fe76000-9fe77000 r--s 00005000 08:04 3421758    /home/guilherme/projects/grizzlyboilerplate/target/dependency/maven-repository-builder-1.0-alpha-2.jar
9fe77000-9fe79000 r--s 00006000 08:04 3420198    /home/guilherme/projects/grizzlyboilerplate/target/dependency/hk2-api-1.6.32.jar
9fe79000-9fe7b000 r--s 0000a000 08:04 3421650    /home/guilherme/projects/grizzlyboilerplate/target/dependency/jsr311-api-1.1.1.jar
9fe7b000-9fe8e000 r--s 00128000 08:04 3421887    /home/guilherme/projects/grizzlyboilerplate/target/dependency/ant-1.7.0.jar
9fe8e000-9fe90000 r--s 00002000 08:04 3421931    /home/guilherme/projects/grizzlyboilerplate/target/dependency/plexus-interactivity-api-1.0-alpha-4.jar
9fe90000-9fe93000 r--s 00017000 08:04 3421904    /home/guilherme/projects/grizzlyboilerplate/target/dependency/jaxb-api-2.2.2.jar
9fe93000-9fe96000 r--s 00014000 08:04 3421861    /home/guilherme/projects/grizzlyboilerplate/target/dependency/barbecue-1.5-beta1.jar
9fe96000-9fe98000 r--s 00007000 08:04 3421916    /home/guilherme/projects/grizzlyboilerplate/target/dependency/wagon-ssh-1.0-alpha-5.jar
9fe98000-9fe9b000 r--s 0000b000 08:04 3421761    /home/guilherme/projects/grizzlyboilerplate/target/dependency/persistence-api-1.0.2.jar
9fe9b000-9fe9e000 r--s 0000a000 08:04 3421754    /home/guilherme/projects/grizzlyboilerplate/target/dependency/maven-artifact-manager-2.0.2.jar
9fe9e000-9feac000 r--s 000a6000 08:04 3421898    /home/guilherme/projects/grizzlyboilerplate/target/dependency/grizzly-framework-2.2.4.jar
9feac000-9feaf000 r--s 00018000 08:04 3421860    /home/guilherme/projects/grizzlyboilerplate/target/dependency/mongojack-2.0.0-RC5.jar
9feaf000-9feba000 r--s 0006c000 08:04 3420202    /home/guilherme/projects/grizzlyboilerplate/target/dependency/jersey-common-2.0-m02.jar
9feba000-9fec2000 r--s 00028000 08:04 3420201    /home/guilherme/projects/grizzlyboilerplate/target/dependency/xml-apis-1.3.04.jar
9fec2000-9fec3000 r--s 00002000 08:04 3421936    /home/guilherme/projects/grizzlyboilerplate/target/dependency/maven-archiver-2.2.jar
9fec3000-9fec6000 r--s 00012000 08:04 3421788    /home/guilherme/projects/grizzlyboilerplate/target/dependency/javax.ws.rs-api-2.0-m03.jar
9fec6000-9fed9000 r--s 000c7000 08:04 3421853    /home/guilherme/projects/grizzlyboilerplate/target/dependency/jaxb-impl-2.2.3-1.jar
9fed9000-9fefe000 r--s 002e3000 08:04 3421890    /home/guilherme/projects/grizzlyboilerplate/target/dependency/xalan-2.7.1.jar
9fefe000-9feff000 ---p 00000000 00:00 0 
9feff000-9ff7f000 rw-p 00000000 00:00 0          [stack:4835]
9ff7f000-9ff82000 ---p 00000000 00:00 0 
9ff82000-a0000000 rw-p 00000000 00:00 0          [stack:4833]
a0000000-a0200000 r--p 00000000 08:04 1449933    /usr/lib/locale/locale-archive
a0200000-a0221000 rw-p 00000000 00:00 0 
a0221000-a0300000 ---p 00000000 00:00 0 
a0300000-a0302000 r--s 00009000 08:04 3421935    /home/guilherme/projects/grizzlyboilerplate/target/dependency/management-api-3.0.0-b012.jar
a0302000-a0303000 r--s 00002000 08:04 3421739    /home/guilherme/projects/grizzlyboilerplate/target/dependency/ant-launcher-1.7.0.jar
a0303000-a0307000 r--s 00030000 08:04 3420210    /home/guilherme/projects/grizzlyboilerplate/target/dependency/plexus-utils-1.5.1.jar
a0307000-a0309000 r--s 0000d000 08:04 3421879    /home/guilherme/projects/grizzlyboilerplate/target/dependency/commons-logging-1.1.1.jar
a0309000-a030a000 r--s 00001000 08:04 3421940    /home/guilherme/projects/grizzlyboilerplate/target/dependency/maven-monitor-2.0.jar
a030a000-a030b000 r--s 00004000 08:04 3420206    /home/guilherme/projects/grizzlyboilerplate/target/dependency/osgi-resource-locator-1.0.1.jar
a030b000-a030d000 r--s 00006000 08:04 3421872    /home/guilherme/projects/grizzlyboilerplate/target/dependency/commons-cli-1.0.jar
a030d000-a0310000 ---p 00000000 00:00 0 
a0310000-a035e000 rw-p 00000000 00:00 0          [stack:4834]
a035e000-a0361000 ---p 00000000 00:00 0 
a0361000-a03af000 rw-p 00000000 00:00 0          [stack:4832]
a03af000-a03b2000 ---p 00000000 00:00 0 
a03b2000-a0400000 rw-p 00000000 00:00 0          [stack:4831]
a0400000-a04a2000 rw-p 00000000 00:00 0 
a04a2000-a0500000 ---p 00000000 00:00 0 
a0500000-a0502000 r--s 0000f000 08:04 3421774    /home/guilherme/projects/grizzlyboilerplate/target/dependency/jettison-1.1.jar
a0502000-a0503000 r--s 00007000 08:04 3421244    /home/guilherme/projects/grizzlyboilerplate/target/dependency/maven-plugin-testing-harness-1.1.jar
a0503000-a0506000 ---p 00000000 00:00 0 
a0506000-a0554000 rw-p 00000000 00:00 0          [stack:4830]
a0554000-a0555000 ---p 00000000 00:00 0 
a0555000-a0620000 rw-p 00000000 00:00 0          [stack:4829]
a0620000-a07dd000 r--s 031b5000 08:04 1715126    /usr/local/java/jre1.7.0_40/lib/rt.jar
a07dd000-a083f000 rw-p 00000000 00:00 0 
a083f000-a0859000 rw-p 00000000 00:00 0 
a0859000-a085f000 rw-p 00000000 00:00 0 
a085f000-a08af000 rw-p 00000000 00:00 0 
a08af000-a08b2000 rw-p 00000000 00:00 0 
a08b2000-a08d9000 rw-p 00000000 00:00 0 
a08d9000-a08df000 rw-p 00000000 00:00 0 
a08df000-a092f000 rw-p 00000000 00:00 0 
a092f000-a0935000 rw-p 00000000 00:00 0 
a0935000-a094f000 rw-p 00000000 00:00 0 
a094f000-a0ea0000 rw-p 00000000 00:00 0 
a0ea0000-a5ea0000 rw-p 00000000 00:00 0 
a5ea0000-a6950000 rw-p 00000000 00:00 0 
a6950000-b0950000 rw-p 00000000 00:00 0 
b0950000-b1550000 rw-p 00000000 00:00 0 
b1550000-b4950000 rw-p 00000000 00:00 0 
b4950000-b4952000 r--s 00007000 08:04 3421889    /home/guilherme/projects/grizzlyboilerplate/target/dependency/maven-plugin-descriptor-2.0.jar
b4952000-b4955000 r--s 00041000 08:04 3421905    /home/guilherme/projects/grizzlyboilerplate/target/dependency/serializer-2.7.1.jar
b4955000-b4957000 r--s 0000c000 08:04 3421857    /home/guilherme/projects/grizzlyboilerplate/target/dependency/bson4jackson-1.3.0.jar
b4957000-b495b000 r--s 0002a000 08:04 3421797    /home/guilherme/projects/grizzlyboilerplate/target/dependency/commons-io-2.4.jar
b495b000-b495f000 rw-p 00000000 00:00 0 
b495f000-b49db000 rw-p 00000000 00:00 0 
b49db000-b4ac3000 rwxp 00000000 00:00 0 
b4ac3000-b69db000 rw-p 00000000 00:00 0 
b69db000-b69f2000 r-xp 00000000 08:04 1715686    /usr/local/java/jre1.7.0_40/lib/i386/libzip.so
b69f2000-b69f3000 rw-p 00017000 08:04 1715686    /usr/local/java/jre1.7.0_40/lib/i386/libzip.so
b69f3000-b69fe000 r-xp 00000000 08:04 2496922    /lib/i386-linux-gnu/libnss_files-2.17.so
b69fe000-b69ff000 r--p 0000a000 08:04 2496922    /lib/i386-linux-gnu/libnss_files-2.17.so
b69ff000-b6a00000 rw-p 0000b000 08:04 2496922    /lib/i386-linux-gnu/libnss_files-2.17.so
b6a00000-b6aff000 rw-p 00000000 00:00 0 
b6aff000-b6b00000 ---p 00000000 00:00 0 
b6b00000-b6b09000 r--s 00042000 08:04 3421902    /home/guilherme/projects/grizzlyboilerplate/target/dependency/jersey-server-2.0-m02.jar
b6b09000-b6b13000 r-xp 00000000 08:04 2496918    /lib/i386-linux-gnu/libnss_nis-2.17.so
b6b13000-b6b14000 r--p 00009000 08:04 2496918    /lib/i386-linux-gnu/libnss_nis-2.17.so
b6b14000-b6b15000 rw-p 0000a000 08:04 2496918    /lib/i386-linux-gnu/libnss_nis-2.17.so
b6b15000-b6b2a000 r-xp 00000000 08:04 2495691    /lib/i386-linux-gnu/libnsl-2.17.so
b6b2a000-b6b2b000 r--p 00014000 08:04 2495691    /lib/i386-linux-gnu/libnsl-2.17.so
b6b2b000-b6b2c000 rw-p 00015000 08:04 2495691    /lib/i386-linux-gnu/libnsl-2.17.so
b6b2c000-b6b2e000 rw-p 00000000 00:00 0 
b6b2e000-b6b30000 r--s 00003000 08:04 3421882    /home/guilherme/projects/grizzlyboilerplate/target/dependency/tiger-types-1.4.jar
b6b30000-b6b31000 r--s 00001000 08:04 3421893    /home/guilherme/projects/grizzlyboilerplate/target/dependency/grizzly-rcm-2.2.4.jar
b6b31000-b6b33000 r--s 00009000 08:04 3425670    /home/guilherme/projects/grizzlyboilerplate/target/dependency/maven-settings-2.0.4.jar
b6b33000-b6b36000 r--s 0001b000 08:04 3421878    /home/guilherme/projects/grizzlyboilerplate/target/dependency/junit-3.8.1.jar
b6b36000-b6b39000 r--s 00006000 08:04 3421894    /home/guilherme/projects/grizzlyboilerplate/target/dependency/jsr305-1.3.9.jar
b6b39000-b6b3e000 r--s 00018000 08:04 3421794    /home/guilherme/projects/grizzlyboilerplate/target/dependency/aspectjrt-1.5.3.jar
b6b3e000-b6b43000 r--s 00040000 08:04 3421791    /home/guilherme/projects/grizzlyboilerplate/target/dependency/bsh-2.0b4.jar
b6b43000-b6b4b000 rw-s 00000000 08:04 5769823    /tmp/hsperfdata_guilherme/4827
b6b4b000-b6b6e000 r-xp 00000000 08:04 1715650    /usr/local/java/jre1.7.0_40/lib/i386/libjava.so
b6b6e000-b6b6f000 rw-p 00022000 08:04 1715650    /usr/local/java/jre1.7.0_40/lib/i386/libjava.so
b6b6f000-b6b76000 r-xp 00000000 08:04 2491415    /lib/i386-linux-gnu/librt-2.17.so
b6b76000-b6b77000 r--p 00006000 08:04 2491415    /lib/i386-linux-gnu/librt-2.17.so
b6b77000-b6b78000 rw-p 00007000 08:04 2491415    /lib/i386-linux-gnu/librt-2.17.so
b6b78000-b6b7b000 ---p 00000000 00:00 0 
b6b7b000-b6bc9000 rw-p 00000000 00:00 0          [stack:4828]
b6bc9000-b6c0a000 r-xp 00000000 08:04 2496916    /lib/i386-linux-gnu/libm-2.17.so
b6c0a000-b6c0b000 r--p 00040000 08:04 2496916    /lib/i386-linux-gnu/libm-2.17.so
b6c0b000-b6c0c000 rw-p 00041000 08:04 2496916    /lib/i386-linux-gnu/libm-2.17.so
b6c0c000-b7192000 r-xp 00000000 08:04 1715645    /usr/local/java/jre1.7.0_40/lib/i386/client/libjvm.so
b7192000-b71b3000 rw-p 00586000 08:04 1715645    /usr/local/java/jre1.7.0_40/lib/i386/client/libjvm.so
b71b3000-b75d4000 rw-p 00000000 00:00 0 
b75d4000-b7782000 r-xp 00000000 08:04 2495698    /lib/i386-linux-gnu/libc-2.17.so
b7782000-b7784000 r--p 001ae000 08:04 2495698    /lib/i386-linux-gnu/libc-2.17.so
b7784000-b7785000 rw-p 001b0000 08:04 2495698    /lib/i386-linux-gnu/libc-2.17.so
b7785000-b7788000 rw-p 00000000 00:00 0 
b7788000-b778b000 r-xp 00000000 08:04 2495699    /lib/i386-linux-gnu/libdl-2.17.so
b778b000-b778c000 r--p 00002000 08:04 2495699    /lib/i386-linux-gnu/libdl-2.17.so
b778c000-b778d000 rw-p 00003000 08:04 2495699    /lib/i386-linux-gnu/libdl-2.17.so
b778d000-b778e000 rw-p 00000000 00:00 0 
b778e000-b77a1000 r-xp 00000000 08:04 1715654    /usr/local/java/jre1.7.0_40/lib/i386/jli/libjli.so
b77a1000-b77a2000 rw-p 00012000 08:04 1715654    /usr/local/java/jre1.7.0_40/lib/i386/jli/libjli.so
b77a2000-b77b9000 r-xp 00000000 08:04 2496915    /lib/i386-linux-gnu/libpthread-2.17.so
b77b9000-b77ba000 r--p 00016000 08:04 2496915    /lib/i386-linux-gnu/libpthread-2.17.so
b77ba000-b77bb000 rw-p 00017000 08:04 2496915    /lib/i386-linux-gnu/libpthread-2.17.so
b77bb000-b77bd000 rw-p 00000000 00:00 0 
b77bd000-b77be000 r--s 00001000 08:04 3425618    /home/guilherme/projects/grizzlyboilerplate/target/dependency/javax.inject-1.6.32.jar
b77be000-b77c2000 r--s 00030000 08:04 3421900    /home/guilherme/projects/grizzlyboilerplate/target/dependency/grizzly-http-server-2.2.4.jar
b77c2000-b77c3000 r--p 005e0000 08:04 1449933    /usr/lib/locale/locale-archive
b77c3000-b77ca000 r-xp 00000000 08:04 2495701    /lib/i386-linux-gnu/libnss_compat-2.17.so
b77ca000-b77cb000 r--p 00006000 08:04 2495701    /lib/i386-linux-gnu/libnss_compat-2.17.so
b77cb000-b77cc000 rw-p 00007000 08:04 2495701    /lib/i386-linux-gnu/libnss_compat-2.17.so
b77cc000-b77cd000 rw-p 00000000 00:00 0 
b77cd000-b77ce000 r--p 00000000 00:00 0 
b77ce000-b77d9000 r-xp 00000000 08:04 1715632    /usr/local/java/jre1.7.0_40/lib/i386/libverify.so
b77d9000-b77da000 rw-p 0000b000 08:04 1715632    /usr/local/java/jre1.7.0_40/lib/i386/libverify.so
b77da000-b77dc000 rw-p 00000000 00:00 0 
b77dc000-b77dd000 r-xp 00000000 00:00 0          [vdso]
b77dd000-b77fd000 r-xp 00000000 08:04 2495694    /lib/i386-linux-gnu/ld-2.17.so
b77fd000-b77fe000 r--p 0001f000 08:04 2495694    /lib/i386-linux-gnu/ld-2.17.so
b77fe000-b77ff000 rw-p 00020000 08:04 2495694    /lib/i386-linux-gnu/ld-2.17.so
bf83d000-bf85e000 rw-p 00000000 00:00 0          [stack]

VM Arguments:
java_command: br.org.base.server.BarServer
Launcher Type: SUN_STANDARD

Environment Variables:
JAVA_HOME=/usr/local/java/jdk1.7.0_40
JRE_HOME=/usr/local/java/jre1.7.0_40
PATH=/opt/SenchaSDKTools-2.0.0-beta3:/home/guilherme/bin/Sencha/Cmd/4.0.0.203:/usr/local/heroku/bin:/opt/SenchaSDKTools-2.0.0-beta3:/home/guilherme/bin/Sencha/Cmd/4.0.0.203:/home/guilherme/bin:/usr/lib/lightdm/lightdm:/usr/local/sbin:/usr/local/bin:/usr/sbin:/usr/bin:/sbin:/bin:/usr/games:/usr/local/games:/home/guilherme/bin:/usr/local/java/jdk1.7.0_40/bin:/home/guilherme/bin:/usr/local/java/jre1.7.0_40/bin
SHELL=/bin/bash
DISPLAY=:0

Signal Handlers:
SIGSEGV: [libjvm.so+0x503d90], sa_mask[0]=0x7ffbfeff, sa_flags=0x10000004
SIGBUS: [libjvm.so+0x503d90], sa_mask[0]=0x7ffbfeff, sa_flags=0x10000004
SIGFPE: [libjvm.so+0x3fbe80], sa_mask[0]=0x7ffbfeff, sa_flags=0x10000004
SIGPIPE: [libjvm.so+0x3fbe80], sa_mask[0]=0x7ffbfeff, sa_flags=0x10000004
SIGXFSZ: [libjvm.so+0x3fbe80], sa_mask[0]=0x7ffbfeff, sa_flags=0x10000004
SIGILL: [libjvm.so+0x3fbe80], sa_mask[0]=0x7ffbfeff, sa_flags=0x10000004
SIGUSR1: SIG_DFL, sa_mask[0]=0x00000000, sa_flags=0x00000000
SIGUSR2: [libjvm.so+0x3fd370], sa_mask[0]=0x00000000, sa_flags=0x10000004
SIGHUP: [libjvm.so+0x3fe4c0], sa_mask[0]=0x7ffbfeff, sa_flags=0x10000004
SIGINT: [libjvm.so+0x3fe4c0], sa_mask[0]=0x7ffbfeff, sa_flags=0x10000004
SIGTERM: [libjvm.so+0x3fe4c0], sa_mask[0]=0x7ffbfeff, sa_flags=0x10000004
SIGQUIT: [libjvm.so+0x3fe4c0], sa_mask[0]=0x7ffbfeff, sa_flags=0x10000004


---------------  S Y S T E M  ---------------

OS:wheezy/sid

uname:Linux 3.11.0-15-generic #23-Ubuntu SMP Mon Dec 9 18:16:27 UTC 2013 i686
libc:glibc 2.17 NPTL 2.17 
rlimit: STACK 8192k, CORE 0k, NPROC 24094, NOFILE 4096, AS infinity
load average:1,79 1,80 1,60

/proc/meminfo:
MemTotal:        3101640 kB
MemFree:         1573268 kB
Buffers:           74708 kB
Cached:           626296 kB
SwapCached:            0 kB
Active:           943352 kB
Inactive:         477456 kB
Active(anon):     719920 kB
Inactive(anon):    34204 kB
Active(file):     223432 kB
Inactive(file):   443252 kB
Unevictable:          48 kB
Mlocked:              48 kB
HighTotal:       2231176 kB
HighFree:         856760 kB
LowTotal:         870464 kB
LowFree:          716508 kB
SwapTotal:       1999868 kB
SwapFree:        1999868 kB
Dirty:              3956 kB
Writeback:             0 kB
AnonPages:        719864 kB
Mapped:           209228 kB
Shmem:             34456 kB
Slab:              46556 kB
SReclaimable:      26056 kB
SUnreclaim:        20500 kB
KernelStack:        4304 kB
PageTables:        14752 kB
NFS_Unstable:          0 kB
Bounce:                0 kB
WritebackTmp:          0 kB
CommitLimit:     3550688 kB
Committed_AS:    4283948 kB
VmallocTotal:     122880 kB
VmallocUsed:       47844 kB
VmallocChunk:      69396 kB
HardwareCorrupted:     0 kB
AnonHugePages:         0 kB
HugePages_Total:       0
HugePages_Free:        0
HugePages_Rsvd:        0
HugePages_Surp:        0
Hugepagesize:       2048 kB
DirectMap4k:       65528 kB
DirectMap2M:      847872 kB


CPU:total 2 (2 cores per cpu, 1 threads per core) family 15 model 6 stepping 5, cmov, cx8, fxsr, mmx, sse, sse2, sse3, tsc

/proc/cpuinfo:
processor	: 0
vendor_id	: GenuineIntel
cpu family	: 15
model		: 6
model name	: Intel(R) Pentium(R) D CPU 3.20GHz
stepping	: 5
microcode	: 0xb
cpu MHz		: 3200.000
cache size	: 2048 KB
physical id	: 0
siblings	: 2
core id		: 0
cpu cores	: 2
apicid		: 0
initial apicid	: 0
fdiv_bug	: no
f00f_bug	: no
coma_bug	: no
fpu		: yes
fpu_exception	: yes
cpuid level	: 6
wp		: yes
flags		: fpu vme de pse tsc msr pae mce cx8 apic sep mtrr pge mca cmov pat pse36 clflush dts acpi mmx fxsr sse sse2 ss ht tm pbe nx lm constant_tsc pebs bts pni dtes64 monitor ds_cpl est cid cx16 xtpr pdcm lahf_lm
bogomips	: 6399.59
clflush size	: 64
cache_alignment	: 128
address sizes	: 36 bits physical, 48 bits virtual
power management:

processor	: 1
vendor_id	: GenuineIntel
cpu family	: 15
model		: 6
model name	: Intel(R) Pentium(R) D CPU 3.20GHz
stepping	: 5
microcode	: 0xb
cpu MHz		: 2400.000
cache size	: 2048 KB
physical id	: 0
siblings	: 2
core id		: 1
cpu cores	: 2
apicid		: 1
initial apicid	: 1
fdiv_bug	: no
f00f_bug	: no
coma_bug	: no
fpu		: yes
fpu_exception	: yes
cpuid level	: 6
wp		: yes
flags		: fpu vme de pse tsc msr pae mce cx8 apic sep mtrr pge mca cmov pat pse36 clflush dts acpi mmx fxsr sse sse2 ss ht tm pbe nx lm constant_tsc pebs bts pni dtes64 monitor ds_cpl est cid cx16 xtpr pdcm lahf_lm
bogomips	: 6399.59
clflush size	: 64
cache_alignment	: 128
address sizes	: 36 bits physical, 48 bits virtual
power management:



Memory: 4k page, physical 3101640k(1573268k free), swap 1999868k(1999868k free)

vm_info: Java HotSpot(TM) Client VM (24.0-b56) for linux-x86 JRE (1.7.0_40-b43), built on Aug 26 2013 22:05:59 by "java_re" with gcc 4.3.0 20080428 (Red Hat 4.3.0-8)

time: Sun Jan 19 01:34:36 2014
elapsed time: 1 seconds

